[0.020s] Invoking command in '/home/bhavin-avina/avu_robot/build/pymoveit2': CMAKE_PREFIX_PATH=${CMAKE_PREFIX_PATH}:/opt/ros/jazzy DEBUGINFOD_URLS=https://debuginfod.ubuntu.com /usr/bin/cmake --build /home/bhavin-avina/avu_robot/build/pymoveit2 -- -j4 -l4
[0.113s] Built target ament_cmake_python_copy_pymoveit2
[0.524s] running egg_info
[0.568s] writing pymoveit2.egg-info/PKG-INFO
[0.568s] writing dependency_links to pymoveit2.egg-info/dependency_links.txt
[0.569s] writing top-level names to pymoveit2.egg-info/top_level.txt
[0.686s] reading manifest file 'pymoveit2.egg-info/SOURCES.txt'
[0.687s] writing manifest file 'pymoveit2.egg-info/SOURCES.txt'
[0.736s] Built target ament_cmake_python_build_pymoveit2_egg
[0.750s] Invoked command in '/home/bhavin-avina/avu_robot/build/pymoveit2' returned '0': CMAKE_PREFIX_PATH=${CMAKE_PREFIX_PATH}:/opt/ros/jazzy DEBUGINFOD_URLS=https://debuginfod.ubuntu.com /usr/bin/cmake --build /home/bhavin-avina/avu_robot/build/pymoveit2 -- -j4 -l4
[0.751s] Invoking command in '/home/bhavin-avina/avu_robot/build/pymoveit2': CMAKE_PREFIX_PATH=${CMAKE_PREFIX_PATH}:/opt/ros/jazzy DEBUGINFOD_URLS=https://debuginfod.ubuntu.com /usr/bin/cmake --install /home/bhavin-avina/avu_robot/build/pymoveit2
[0.765s] -- Install configuration: ""
[0.766s] -- Up-to-date: /home/bhavin-avina/avu_robot/install/pymoveit2/share/pymoveit2/environment/pythonpath.sh
[0.766s] -- Up-to-date: /home/bhavin-avina/avu_robot/install/pymoveit2/share/pymoveit2/environment/pythonpath.dsv
[0.766s] -- Up-to-date: /home/bhavin-avina/avu_robot/install/pymoveit2/lib/python3.12/site-packages/pymoveit2-4.2.0-py3.12.egg-info
[0.766s] -- Installing: /home/bhavin-avina/avu_robot/install/pymoveit2/lib/python3.12/site-packages/pymoveit2-4.2.0-py3.12.egg-info/dependency_links.txt
[0.766s] -- Installing: /home/bhavin-avina/avu_robot/install/pymoveit2/lib/python3.12/site-packages/pymoveit2-4.2.0-py3.12.egg-info/top_level.txt
[0.766s] -- Installing: /home/bhavin-avina/avu_robot/install/pymoveit2/lib/python3.12/site-packages/pymoveit2-4.2.0-py3.12.egg-info/SOURCES.txt
[0.766s] -- Installing: /home/bhavin-avina/avu_robot/install/pymoveit2/lib/python3.12/site-packages/pymoveit2-4.2.0-py3.12.egg-info/PKG-INFO
[0.767s] -- Up-to-date: /home/bhavin-avina/avu_robot/install/pymoveit2/lib/python3.12/site-packages/pymoveit2
[0.767s] -- Up-to-date: /home/bhavin-avina/avu_robot/install/pymoveit2/lib/python3.12/site-packages/pymoveit2/utils.py
[0.767s] -- Up-to-date: /home/bhavin-avina/avu_robot/install/pymoveit2/lib/python3.12/site-packages/pymoveit2/__init__.py
[0.767s] -- Up-to-date: /home/bhavin-avina/avu_robot/install/pymoveit2/lib/python3.12/site-packages/pymoveit2/moveit2_servo.py
[0.767s] -- Up-to-date: /home/bhavin-avina/avu_robot/install/pymoveit2/lib/python3.12/site-packages/pymoveit2/moveit2_gripper.py
[0.767s] -- Up-to-date: /home/bhavin-avina/avu_robot/install/pymoveit2/lib/python3.12/site-packages/pymoveit2/gripper_command.py
[0.773s] -- Up-to-date: /home/bhavin-avina/avu_robot/install/pymoveit2/lib/python3.12/site-packages/pymoveit2/moveit2.py
[0.774s] -- Up-to-date: /home/bhavin-avina/avu_robot/install/pymoveit2/lib/python3.12/site-packages/pymoveit2/robots
[0.774s] -- Up-to-date: /home/bhavin-avina/avu_robot/install/pymoveit2/lib/python3.12/site-packages/pymoveit2/robots/kinova.py
[0.774s] -- Up-to-date: /home/bhavin-avina/avu_robot/install/pymoveit2/lib/python3.12/site-packages/pymoveit2/robots/lbr.py
[0.774s] -- Up-to-date: /home/bhavin-avina/avu_robot/install/pymoveit2/lib/python3.12/site-packages/pymoveit2/robots/__init__.py
[0.775s] -- Up-to-date: /home/bhavin-avina/avu_robot/install/pymoveit2/lib/python3.12/site-packages/pymoveit2/robots/panda.py
[0.775s] -- Up-to-date: /home/bhavin-avina/avu_robot/install/pymoveit2/lib/python3.12/site-packages/pymoveit2/robots/ur.py
[0.777s] -- Up-to-date: /home/bhavin-avina/avu_robot/install/pymoveit2/lib/python3.12/site-packages/pymoveit2/robots/crane_x7.py
[0.777s] -- Up-to-date: /home/bhavin-avina/avu_robot/install/pymoveit2/lib/python3.12/site-packages/pymoveit2/robots/phantomx_pincher.py
[0.777s] -- Up-to-date: /home/bhavin-avina/avu_robot/install/pymoveit2/lib/python3.12/site-packages/pymoveit2/gripper_interface.py
[0.863s] Listing '/home/bhavin-avina/avu_robot/install/pymoveit2/lib/python3.12/site-packages/pymoveit2'...
[0.863s] Listing '/home/bhavin-avina/avu_robot/install/pymoveit2/lib/python3.12/site-packages/pymoveit2/robots'...
[0.872s] -- Up-to-date: /home/bhavin-avina/avu_robot/install/pymoveit2/lib/pymoveit2/ex_allow_collisions.py
[0.872s] -- Up-to-date: /home/bhavin-avina/avu_robot/install/pymoveit2/lib/pymoveit2/ex_clear_planning_scene.py
[0.872s] -- Up-to-date: /home/bhavin-avina/avu_robot/install/pymoveit2/lib/pymoveit2/ex_collision_mesh.py
[0.872s] -- Up-to-date: /home/bhavin-avina/avu_robot/install/pymoveit2/lib/pymoveit2/ex_collision_primitive.py
[0.874s] -- Up-to-date: /home/bhavin-avina/avu_robot/install/pymoveit2/lib/pymoveit2/ex_fk.py
[0.874s] -- Up-to-date: /home/bhavin-avina/avu_robot/install/pymoveit2/lib/pymoveit2/ex_gripper.py
[0.875s] -- Up-to-date: /home/bhavin-avina/avu_robot/install/pymoveit2/lib/pymoveit2/ex_ik.py
[0.875s] -- Up-to-date: /home/bhavin-avina/avu_robot/install/pymoveit2/lib/pymoveit2/ex_joint_goal.py
[0.875s] -- Up-to-date: /home/bhavin-avina/avu_robot/install/pymoveit2/lib/pymoveit2/ex_orientation_path_constraint.py
[0.875s] -- Up-to-date: /home/bhavin-avina/avu_robot/install/pymoveit2/lib/pymoveit2/ex_pose_goal.py
[0.875s] -- Up-to-date: /home/bhavin-avina/avu_robot/install/pymoveit2/lib/pymoveit2/ex_servo.py
[0.875s] -- Installing: /home/bhavin-avina/avu_robot/install/pymoveit2/lib/pymoveit2/pick_and_place.py
[0.875s] -- Up-to-date: /home/bhavin-avina/avu_robot/install/pymoveit2/lib/pymoveit2/color_detector.py
[0.875s] -- Up-to-date: /home/bhavin-avina/avu_robot/install/pymoveit2/share/ament_index/resource_index/package_run_dependencies/pymoveit2
[0.876s] -- Up-to-date: /home/bhavin-avina/avu_robot/install/pymoveit2/share/ament_index/resource_index/parent_prefix_path/pymoveit2
[0.876s] -- Up-to-date: /home/bhavin-avina/avu_robot/install/pymoveit2/share/pymoveit2/environment/ament_prefix_path.sh
[0.876s] -- Up-to-date: /home/bhavin-avina/avu_robot/install/pymoveit2/share/pymoveit2/environment/ament_prefix_path.dsv
[0.876s] -- Up-to-date: /home/bhavin-avina/avu_robot/install/pymoveit2/share/pymoveit2/environment/path.sh
[0.876s] -- Up-to-date: /home/bhavin-avina/avu_robot/install/pymoveit2/share/pymoveit2/environment/path.dsv
[0.877s] -- Up-to-date: /home/bhavin-avina/avu_robot/install/pymoveit2/share/pymoveit2/local_setup.bash
[0.877s] -- Up-to-date: /home/bhavin-avina/avu_robot/install/pymoveit2/share/pymoveit2/local_setup.sh
[0.877s] -- Up-to-date: /home/bhavin-avina/avu_robot/install/pymoveit2/share/pymoveit2/local_setup.zsh
[0.877s] -- Up-to-date: /home/bhavin-avina/avu_robot/install/pymoveit2/share/pymoveit2/local_setup.dsv
[0.877s] -- Installing: /home/bhavin-avina/avu_robot/install/pymoveit2/share/pymoveit2/package.dsv
[0.877s] -- Up-to-date: /home/bhavin-avina/avu_robot/install/pymoveit2/share/ament_index/resource_index/packages/pymoveit2
[0.877s] -- Up-to-date: /home/bhavin-avina/avu_robot/install/pymoveit2/share/pymoveit2/cmake/pymoveit2Config.cmake
[0.878s] -- Up-to-date: /home/bhavin-avina/avu_robot/install/pymoveit2/share/pymoveit2/cmake/pymoveit2Config-version.cmake
[0.878s] -- Up-to-date: /home/bhavin-avina/avu_robot/install/pymoveit2/share/pymoveit2/package.xml
[0.879s] Invoked command in '/home/bhavin-avina/avu_robot/build/pymoveit2' returned '0': CMAKE_PREFIX_PATH=${CMAKE_PREFIX_PATH}:/opt/ros/jazzy DEBUGINFOD_URLS=https://debuginfod.ubuntu.com /usr/bin/cmake --install /home/bhavin-avina/avu_robot/build/pymoveit2
