[0.035s] Invoking command in '/home/bhavin-avina/avu_robot/build/pymoveit2': CMAKE_PREFIX_PATH=${CMAKE_PREFIX_PATH}:/opt/ros/jazzy DEBUGINFOD_URLS=https://debuginfod.ubuntu.com /usr/bin/cmake /home/bhavin-avina/avu_robot/src/pymoveit2 -DCMAKE_INSTALL_PREFIX=/home/bhavin-avina/avu_robot/install/pymoveit2
[0.181s] -- The C compiler identification is GNU 13.3.0
[0.312s] -- The CXX compiler identification is GNU 13.3.0
[0.337s] -- Detecting C compiler ABI info
[0.450s] -- Detecting C compiler ABI info - done
[0.464s] -- Check for working C compiler: /usr/bin/cc - skipped
[0.466s] -- Detecting C compile features
[0.467s] -- Detecting C compile features - done
[0.484s] -- Detecting CXX compiler ABI info
[0.609s] -- Detecting CXX compiler ABI info - done
[0.630s] -- Check for working CXX compiler: /usr/bin/c++ - skipped
[0.631s] -- Detecting CXX compile features
[0.632s] -- Detecting CXX compile features - done
[0.651s] -- Found ament_cmake: 2.5.4 (/opt/ros/jazzy/share/ament_cmake/cmake)
[0.885s] -- Found Python3: /usr/bin/python3 (found version "3.12.3") found components: Interpreter 
[1.434s] -- Configuring done (1.4s)
[1.441s] -- Generating done (0.0s)
[1.442s] -- Build files have been written to: /home/bhavin-avina/avu_robot/build/pymoveit2
[1.452s] Invoked command in '/home/bhavin-avina/avu_robot/build/pymoveit2' returned '0': CMAKE_PREFIX_PATH=${CMAKE_PREFIX_PATH}:/opt/ros/jazzy DEBUGINFOD_URLS=https://debuginfod.ubuntu.com /usr/bin/cmake /home/bhavin-avina/avu_robot/src/pymoveit2 -DCMAKE_INSTALL_PREFIX=/home/bhavin-avina/avu_robot/install/pymoveit2
[1.453s] Invoking command in '/home/bhavin-avina/avu_robot/build/pymoveit2': CMAKE_PREFIX_PATH=${CMAKE_PREFIX_PATH}:/opt/ros/jazzy DEBUGINFOD_URLS=https://debuginfod.ubuntu.com /usr/bin/cmake --build /home/bhavin-avina/avu_robot/build/pymoveit2 -- -j4 -l4
[1.537s] Built target ament_cmake_python_copy_pymoveit2
[1.913s] running egg_info
[1.914s] creating pymoveit2.egg-info
[1.955s] writing pymoveit2.egg-info/PKG-INFO
[1.955s] writing dependency_links to pymoveit2.egg-info/dependency_links.txt
[1.955s] writing top-level names to pymoveit2.egg-info/top_level.txt
[1.955s] writing manifest file 'pymoveit2.egg-info/SOURCES.txt'
[2.070s] reading manifest file 'pymoveit2.egg-info/SOURCES.txt'
[2.070s] writing manifest file 'pymoveit2.egg-info/SOURCES.txt'
[2.103s] Built target ament_cmake_python_build_pymoveit2_egg
[2.116s] Invoked command in '/home/bhavin-avina/avu_robot/build/pymoveit2' returned '0': CMAKE_PREFIX_PATH=${CMAKE_PREFIX_PATH}:/opt/ros/jazzy DEBUGINFOD_URLS=https://debuginfod.ubuntu.com /usr/bin/cmake --build /home/bhavin-avina/avu_robot/build/pymoveit2 -- -j4 -l4
[2.118s] Invoking command in '/home/bhavin-avina/avu_robot/build/pymoveit2': CMAKE_PREFIX_PATH=${CMAKE_PREFIX_PATH}:/opt/ros/jazzy DEBUGINFOD_URLS=https://debuginfod.ubuntu.com /usr/bin/cmake --install /home/bhavin-avina/avu_robot/build/pymoveit2
[2.128s] -- Install configuration: ""
[2.128s] -- Installing: /home/bhavin-avina/avu_robot/install/pymoveit2/share/pymoveit2/environment/pythonpath.sh
[2.128s] -- Installing: /home/bhavin-avina/avu_robot/install/pymoveit2/share/pymoveit2/environment/pythonpath.dsv
[2.128s] -- Installing: /home/bhavin-avina/avu_robot/install/pymoveit2/lib/python3.12/site-packages/pymoveit2-4.2.0-py3.12.egg-info
[2.128s] -- Installing: /home/bhavin-avina/avu_robot/install/pymoveit2/lib/python3.12/site-packages/pymoveit2-4.2.0-py3.12.egg-info/dependency_links.txt
[2.129s] -- Installing: /home/bhavin-avina/avu_robot/install/pymoveit2/lib/python3.12/site-packages/pymoveit2-4.2.0-py3.12.egg-info/top_level.txt
[2.129s] -- Installing: /home/bhavin-avina/avu_robot/install/pymoveit2/lib/python3.12/site-packages/pymoveit2-4.2.0-py3.12.egg-info/SOURCES.txt
[2.129s] -- Installing: /home/bhavin-avina/avu_robot/install/pymoveit2/lib/python3.12/site-packages/pymoveit2-4.2.0-py3.12.egg-info/PKG-INFO
[2.129s] -- Installing: /home/bhavin-avina/avu_robot/install/pymoveit2/lib/python3.12/site-packages/pymoveit2
[2.129s] -- Installing: /home/bhavin-avina/avu_robot/install/pymoveit2/lib/python3.12/site-packages/pymoveit2/utils.py
[2.129s] -- Installing: /home/bhavin-avina/avu_robot/install/pymoveit2/lib/python3.12/site-packages/pymoveit2/__init__.py
[2.129s] -- Installing: /home/bhavin-avina/avu_robot/install/pymoveit2/lib/python3.12/site-packages/pymoveit2/moveit2_servo.py
[2.130s] -- Installing: /home/bhavin-avina/avu_robot/install/pymoveit2/lib/python3.12/site-packages/pymoveit2/moveit2_gripper.py
[2.130s] -- Installing: /home/bhavin-avina/avu_robot/install/pymoveit2/lib/python3.12/site-packages/pymoveit2/gripper_command.py
[2.130s] -- Installing: /home/bhavin-avina/avu_robot/install/pymoveit2/lib/python3.12/site-packages/pymoveit2/moveit2.py
[2.130s] -- Installing: /home/bhavin-avina/avu_robot/install/pymoveit2/lib/python3.12/site-packages/pymoveit2/robots
[2.130s] -- Installing: /home/bhavin-avina/avu_robot/install/pymoveit2/lib/python3.12/site-packages/pymoveit2/robots/kinova.py
[2.130s] -- Installing: /home/bhavin-avina/avu_robot/install/pymoveit2/lib/python3.12/site-packages/pymoveit2/robots/lbr.py
[2.130s] -- Installing: /home/bhavin-avina/avu_robot/install/pymoveit2/lib/python3.12/site-packages/pymoveit2/robots/__init__.py
[2.130s] -- Installing: /home/bhavin-avina/avu_robot/install/pymoveit2/lib/python3.12/site-packages/pymoveit2/robots/panda.py
[2.131s] -- Installing: /home/bhavin-avina/avu_robot/install/pymoveit2/lib/python3.12/site-packages/pymoveit2/robots/ur.py
[2.131s] -- Installing: /home/bhavin-avina/avu_robot/install/pymoveit2/lib/python3.12/site-packages/pymoveit2/robots/crane_x7.py
[2.131s] -- Installing: /home/bhavin-avina/avu_robot/install/pymoveit2/lib/python3.12/site-packages/pymoveit2/robots/phantomx_pincher.py
[2.131s] -- Installing: /home/bhavin-avina/avu_robot/install/pymoveit2/lib/python3.12/site-packages/pymoveit2/gripper_interface.py
[2.206s] Listing '/home/bhavin-avina/avu_robot/install/pymoveit2/lib/python3.12/site-packages/pymoveit2'...
[2.206s] Compiling '/home/bhavin-avina/avu_robot/install/pymoveit2/lib/python3.12/site-packages/pymoveit2/__init__.py'...
[2.206s] Compiling '/home/bhavin-avina/avu_robot/install/pymoveit2/lib/python3.12/site-packages/pymoveit2/gripper_command.py'...
[2.206s] Compiling '/home/bhavin-avina/avu_robot/install/pymoveit2/lib/python3.12/site-packages/pymoveit2/gripper_interface.py'...
[2.206s] Compiling '/home/bhavin-avina/avu_robot/install/pymoveit2/lib/python3.12/site-packages/pymoveit2/moveit2.py'...
[2.207s] Compiling '/home/bhavin-avina/avu_robot/install/pymoveit2/lib/python3.12/site-packages/pymoveit2/moveit2_gripper.py'...
[2.207s] Compiling '/home/bhavin-avina/avu_robot/install/pymoveit2/lib/python3.12/site-packages/pymoveit2/moveit2_servo.py'...
[2.207s] Listing '/home/bhavin-avina/avu_robot/install/pymoveit2/lib/python3.12/site-packages/pymoveit2/robots'...
[2.207s] Compiling '/home/bhavin-avina/avu_robot/install/pymoveit2/lib/python3.12/site-packages/pymoveit2/robots/__init__.py'...
[2.207s] Compiling '/home/bhavin-avina/avu_robot/install/pymoveit2/lib/python3.12/site-packages/pymoveit2/robots/crane_x7.py'...
[2.207s] Compiling '/home/bhavin-avina/avu_robot/install/pymoveit2/lib/python3.12/site-packages/pymoveit2/robots/kinova.py'...
[2.207s] Compiling '/home/bhavin-avina/avu_robot/install/pymoveit2/lib/python3.12/site-packages/pymoveit2/robots/lbr.py'...
[2.207s] Compiling '/home/bhavin-avina/avu_robot/install/pymoveit2/lib/python3.12/site-packages/pymoveit2/robots/panda.py'...
[2.207s] Compiling '/home/bhavin-avina/avu_robot/install/pymoveit2/lib/python3.12/site-packages/pymoveit2/robots/phantomx_pincher.py'...
[2.208s] Compiling '/home/bhavin-avina/avu_robot/install/pymoveit2/lib/python3.12/site-packages/pymoveit2/robots/ur.py'...
[2.208s] Compiling '/home/bhavin-avina/avu_robot/install/pymoveit2/lib/python3.12/site-packages/pymoveit2/utils.py'...
[2.213s] -- Installing: /home/bhavin-avina/avu_robot/install/pymoveit2/lib/pymoveit2/ex_allow_collisions.py
[2.214s] -- Installing: /home/bhavin-avina/avu_robot/install/pymoveit2/lib/pymoveit2/ex_clear_planning_scene.py
[2.214s] -- Installing: /home/bhavin-avina/avu_robot/install/pymoveit2/lib/pymoveit2/ex_collision_mesh.py
[2.214s] -- Installing: /home/bhavin-avina/avu_robot/install/pymoveit2/lib/pymoveit2/ex_collision_primitive.py
[2.214s] -- Installing: /home/bhavin-avina/avu_robot/install/pymoveit2/lib/pymoveit2/ex_fk.py
[2.214s] -- Installing: /home/bhavin-avina/avu_robot/install/pymoveit2/lib/pymoveit2/ex_gripper.py
[2.214s] -- Installing: /home/bhavin-avina/avu_robot/install/pymoveit2/lib/pymoveit2/ex_ik.py
[2.214s] -- Installing: /home/bhavin-avina/avu_robot/install/pymoveit2/lib/pymoveit2/ex_joint_goal.py
[2.215s] -- Installing: /home/bhavin-avina/avu_robot/install/pymoveit2/lib/pymoveit2/ex_orientation_path_constraint.py
[2.215s] -- Installing: /home/bhavin-avina/avu_robot/install/pymoveit2/lib/pymoveit2/ex_pose_goal.py
[2.215s] -- Installing: /home/bhavin-avina/avu_robot/install/pymoveit2/lib/pymoveit2/ex_servo.py
[2.215s] -- Installing: /home/bhavin-avina/avu_robot/install/pymoveit2/share/ament_index/resource_index/package_run_dependencies/pymoveit2
[2.215s] -- Installing: /home/bhavin-avina/avu_robot/install/pymoveit2/share/ament_index/resource_index/parent_prefix_path/pymoveit2
[2.215s] -- Installing: /home/bhavin-avina/avu_robot/install/pymoveit2/share/pymoveit2/environment/ament_prefix_path.sh
[2.215s] -- Installing: /home/bhavin-avina/avu_robot/install/pymoveit2/share/pymoveit2/environment/ament_prefix_path.dsv
[2.216s] -- Installing: /home/bhavin-avina/avu_robot/install/pymoveit2/share/pymoveit2/environment/path.sh
[2.216s] -- Installing: /home/bhavin-avina/avu_robot/install/pymoveit2/share/pymoveit2/environment/path.dsv
[2.216s] -- Installing: /home/bhavin-avina/avu_robot/install/pymoveit2/share/pymoveit2/local_setup.bash
[2.216s] -- Installing: /home/bhavin-avina/avu_robot/install/pymoveit2/share/pymoveit2/local_setup.sh
[2.216s] -- Installing: /home/bhavin-avina/avu_robot/install/pymoveit2/share/pymoveit2/local_setup.zsh
[2.216s] -- Installing: /home/bhavin-avina/avu_robot/install/pymoveit2/share/pymoveit2/local_setup.dsv
[2.216s] -- Installing: /home/bhavin-avina/avu_robot/install/pymoveit2/share/pymoveit2/package.dsv
[2.217s] -- Installing: /home/bhavin-avina/avu_robot/install/pymoveit2/share/ament_index/resource_index/packages/pymoveit2
[2.217s] -- Installing: /home/bhavin-avina/avu_robot/install/pymoveit2/share/pymoveit2/cmake/pymoveit2Config.cmake
[2.217s] -- Installing: /home/bhavin-avina/avu_robot/install/pymoveit2/share/pymoveit2/cmake/pymoveit2Config-version.cmake
[2.217s] -- Installing: /home/bhavin-avina/avu_robot/install/pymoveit2/share/pymoveit2/package.xml
[2.219s] Invoked command in '/home/bhavin-avina/avu_robot/build/pymoveit2' returned '0': CMAKE_PREFIX_PATH=${CMAKE_PREFIX_PATH}:/opt/ros/jazzy DEBUGINFOD_URLS=https://debuginfod.ubuntu.com /usr/bin/cmake --install /home/bhavin-avina/avu_robot/build/pymoveit2
