[0.015s] Invoking command in '/home/bhavin-avina/avu_robot/build/avu_controller': CMAKE_PREFIX_PATH=${CMAKE_PREFIX_PATH}:/opt/ros/jazzy DEBUGINFOD_URLS=https://debuginfod.ubuntu.com /usr/bin/cmake --build /home/bhavin-avina/avu_robot/build/avu_controller -- -j4 -l4
[0.048s] -- Found ament_cmake: 2.5.4 (/opt/ros/jazzy/share/ament_cmake/cmake)
[0.343s] -- Found ament_lint_auto: 0.17.2 (/opt/ros/jazzy/share/ament_lint_auto/cmake)
[0.476s] -- Added test 'flake8' to check Python code syntax and style conventions
[0.476s] -- Configured 'flake8' exclude dirs and/or files: 
[0.479s] -- Added test 'lint_cmake' to check CMake code style
[0.480s] -- Added test 'pep257' to check Python code against some of the docstring style conventions in PEP 257
[0.484s] -- Added test 'xmllint' to check XML markup files
[0.487s] -- Configuring done (0.4s)
[0.492s] -- Generating done (0.0s)
[0.494s] -- Build files have been written to: /home/bhavin-avina/avu_robot/build/avu_controller
[0.526s] Invoked command in '/home/bhavin-avina/avu_robot/build/avu_controller' returned '0': CMAKE_PREFIX_PATH=${CMAKE_PREFIX_PATH}:/opt/ros/jazzy DEBUGINFOD_URLS=https://debuginfod.ubuntu.com /usr/bin/cmake --build /home/bhavin-avina/avu_robot/build/avu_controller -- -j4 -l4
[0.527s] Invoking command in '/home/bhavin-avina/avu_robot/build/avu_controller': CMAKE_PREFIX_PATH=${CMAKE_PREFIX_PATH}:/opt/ros/jazzy DEBUGINFOD_URLS=https://debuginfod.ubuntu.com /usr/bin/cmake --install /home/bhavin-avina/avu_robot/build/avu_controller
[0.540s] -- Install configuration: ""
[0.540s] -- Installing: /home/bhavin-avina/avu_robot/install/avu_controller/share/avu_controller/launch
[0.540s] -- Installing: /home/bhavin-avina/avu_robot/install/avu_controller/share/avu_controller/launch/controller.launch.py
[0.541s] -- Installing: /home/bhavin-avina/avu_robot/install/avu_controller/share/avu_controller/config
[0.541s] -- Installing: /home/bhavin-avina/avu_robot/install/avu_controller/share/avu_controller/config/avu_controllers.yaml
[0.542s] -- Installing: /home/bhavin-avina/avu_robot/install/avu_controller/share/ament_index/resource_index/package_run_dependencies/avu_controller
[0.542s] -- Installing: /home/bhavin-avina/avu_robot/install/avu_controller/share/ament_index/resource_index/parent_prefix_path/avu_controller
[0.542s] -- Up-to-date: /home/bhavin-avina/avu_robot/install/avu_controller/share/avu_controller/environment/ament_prefix_path.sh
[0.543s] -- Up-to-date: /home/bhavin-avina/avu_robot/install/avu_controller/share/avu_controller/environment/ament_prefix_path.dsv
[0.543s] -- Up-to-date: /home/bhavin-avina/avu_robot/install/avu_controller/share/avu_controller/environment/path.sh
[0.543s] -- Up-to-date: /home/bhavin-avina/avu_robot/install/avu_controller/share/avu_controller/environment/path.dsv
[0.543s] -- Up-to-date: /home/bhavin-avina/avu_robot/install/avu_controller/share/avu_controller/local_setup.bash
[0.543s] -- Up-to-date: /home/bhavin-avina/avu_robot/install/avu_controller/share/avu_controller/local_setup.sh
[0.543s] -- Up-to-date: /home/bhavin-avina/avu_robot/install/avu_controller/share/avu_controller/local_setup.zsh
[0.544s] -- Up-to-date: /home/bhavin-avina/avu_robot/install/avu_controller/share/avu_controller/local_setup.dsv
[0.544s] -- Up-to-date: /home/bhavin-avina/avu_robot/install/avu_controller/share/avu_controller/package.dsv
[0.544s] -- Up-to-date: /home/bhavin-avina/avu_robot/install/avu_controller/share/ament_index/resource_index/packages/avu_controller
[0.545s] -- Up-to-date: /home/bhavin-avina/avu_robot/install/avu_controller/share/avu_controller/cmake/avu_controllerConfig.cmake
[0.545s] -- Up-to-date: /home/bhavin-avina/avu_robot/install/avu_controller/share/avu_controller/cmake/avu_controllerConfig-version.cmake
[0.546s] -- Installing: /home/bhavin-avina/avu_robot/install/avu_controller/share/avu_controller/package.xml
[0.546s] Invoked command in '/home/bhavin-avina/avu_robot/build/avu_controller' returned '0': CMAKE_PREFIX_PATH=${CMAKE_PREFIX_PATH}:/opt/ros/jazzy DEBUGINFOD_URLS=https://debuginfod.ubuntu.com /usr/bin/cmake --install /home/bhavin-avina/avu_robot/build/avu_controller
