[0.137s] DEBUG:colcon:Command line arguments: ['/usr/bin/colcon', 'build']
[0.137s] DEBUG:colcon:Parsed command line arguments: Namespace(log_base=None, log_level=None, verb_name='build', build_base='build', install_base='install', merge_install=False, symlink_install=False, test_result_base=None, continue_on_error=False, executor='parallel', parallel_workers=4, event_handlers=None, ignore_user_meta=False, metas=['./colcon.meta'], base_paths=['.'], packages_ignore=None, packages_ignore_regex=None, paths=None, packages_up_to=None, packages_up_to_regex=None, packages_above=None, packages_above_and_dependencies=None, packages_above_depth=None, packages_select_by_dep=None, packages_skip_by_dep=None, packages_skip_up_to=None, packages_select_build_failed=False, packages_skip_build_finished=False, packages_select_test_failures=False, packages_skip_test_passed=False, packages_select=None, packages_skip=None, packages_select_regex=None, packages_skip_regex=None, packages_start=None, packages_end=None, allow_overriding=[], cmake_args=None, cmake_target=None, cmake_target_skip_unavailable=False, cmake_clean_cache=False, cmake_clean_first=False, cmake_force_configure=False, ament_cmake_args=None, catkin_cmake_args=None, catkin_skip_building_tests=False, mixin_files=None, mixin=None, verb_parser=<colcon_mixin.mixin.mixin_argument.MixinArgumentDecorator object at 0x7282748ab6b0>, verb_extension=<colcon_core.verb.build.BuildVerb object at 0x7282748ab050>, main=<bound method BuildVerb.main of <colcon_core.verb.build.BuildVerb object at 0x7282748ab050>>, mixin_verb=('build',))
[0.182s] Level 1:colcon.colcon_core.package_discovery:discover_packages(colcon_meta) check parameters
[0.182s] Level 1:colcon.colcon_core.package_discovery:discover_packages(recursive) check parameters
[0.182s] Level 1:colcon.colcon_core.package_discovery:discover_packages(ignore) check parameters
[0.182s] Level 1:colcon.colcon_core.package_discovery:discover_packages(path) check parameters
[0.182s] Level 1:colcon.colcon_core.package_discovery:discover_packages(colcon_meta) discover
[0.182s] Level 1:colcon.colcon_core.package_discovery:discover_packages(recursive) discover
[0.182s] INFO:colcon.colcon_core.package_discovery:Crawling recursively for packages in '/home/bhavin-avina/avu_robot'
[0.182s] Level 1:colcon.colcon_core.package_identification:_identify(.) by extensions ['ignore', 'ignore_ament_install']
[0.182s] Level 1:colcon.colcon_core.package_identification:_identify(.) by extension 'ignore'
[0.182s] Level 1:colcon.colcon_core.package_identification:_identify(.) by extension 'ignore_ament_install'
[0.182s] Level 1:colcon.colcon_core.package_identification:_identify(.) by extensions ['colcon_pkg']
[0.182s] Level 1:colcon.colcon_core.package_identification:_identify(.) by extension 'colcon_pkg'
[0.182s] Level 1:colcon.colcon_core.package_identification:_identify(.) by extensions ['colcon_meta']
[0.183s] Level 1:colcon.colcon_core.package_identification:_identify(.) by extension 'colcon_meta'
[0.183s] Level 1:colcon.colcon_core.package_identification:_identify(.) by extensions ['ros']
[0.183s] Level 1:colcon.colcon_core.package_identification:_identify(.) by extension 'ros'
[0.211s] Level 1:colcon.colcon_core.package_identification:_identify(.) by extensions ['cmake', 'python']
[0.211s] Level 1:colcon.colcon_core.package_identification:_identify(.) by extension 'cmake'
[0.211s] Level 1:colcon.colcon_core.package_identification:_identify(.) by extension 'python'
[0.211s] Level 1:colcon.colcon_core.package_identification:_identify(.) by extensions ['python_setup_py']
[0.218s] Level 1:colcon.colcon_core.package_identification:_identify(.) by extension 'python_setup_py'
[0.218s] Level 1:colcon.colcon_core.package_identification:_identify(build) by extensions ['ignore', 'ignore_ament_install']
[0.218s] Level 1:colcon.colcon_core.package_identification:_identify(build) by extension 'ignore'
[0.218s] Level 1:colcon.colcon_core.package_identification:_identify(build) ignored
[0.218s] Level 1:colcon.colcon_core.package_identification:_identify(episode_data) by extensions ['ignore', 'ignore_ament_install']
[0.219s] Level 1:colcon.colcon_core.package_identification:_identify(episode_data) by extension 'ignore'
[0.219s] Level 1:colcon.colcon_core.package_identification:_identify(episode_data) by extension 'ignore_ament_install'
[0.219s] Level 1:colcon.colcon_core.package_identification:_identify(episode_data) by extensions ['colcon_pkg']
[0.219s] Level 1:colcon.colcon_core.package_identification:_identify(episode_data) by extension 'colcon_pkg'
[0.219s] Level 1:colcon.colcon_core.package_identification:_identify(episode_data) by extensions ['colcon_meta']
[0.219s] Level 1:colcon.colcon_core.package_identification:_identify(episode_data) by extension 'colcon_meta'
[0.219s] Level 1:colcon.colcon_core.package_identification:_identify(episode_data) by extensions ['ros']
[0.219s] Level 1:colcon.colcon_core.package_identification:_identify(episode_data) by extension 'ros'
[0.219s] Level 1:colcon.colcon_core.package_identification:_identify(episode_data) by extensions ['cmake', 'python']
[0.219s] Level 1:colcon.colcon_core.package_identification:_identify(episode_data) by extension 'cmake'
[0.219s] Level 1:colcon.colcon_core.package_identification:_identify(episode_data) by extension 'python'
[0.219s] Level 1:colcon.colcon_core.package_identification:_identify(episode_data) by extensions ['python_setup_py']
[0.219s] Level 1:colcon.colcon_core.package_identification:_identify(episode_data) by extension 'python_setup_py'
[0.219s] Level 1:colcon.colcon_core.package_identification:_identify(episode_data/episode_10) by extensions ['ignore', 'ignore_ament_install']
[0.220s] Level 1:colcon.colcon_core.package_identification:_identify(episode_data/episode_10) by extension 'ignore'
[0.220s] Level 1:colcon.colcon_core.package_identification:_identify(episode_data/episode_10) by extension 'ignore_ament_install'
[0.220s] Level 1:colcon.colcon_core.package_identification:_identify(episode_data/episode_10) by extensions ['colcon_pkg']
[0.220s] Level 1:colcon.colcon_core.package_identification:_identify(episode_data/episode_10) by extension 'colcon_pkg'
[0.220s] Level 1:colcon.colcon_core.package_identification:_identify(episode_data/episode_10) by extensions ['colcon_meta']
[0.220s] Level 1:colcon.colcon_core.package_identification:_identify(episode_data/episode_10) by extension 'colcon_meta'
[0.220s] Level 1:colcon.colcon_core.package_identification:_identify(episode_data/episode_10) by extensions ['ros']
[0.220s] Level 1:colcon.colcon_core.package_identification:_identify(episode_data/episode_10) by extension 'ros'
[0.220s] Level 1:colcon.colcon_core.package_identification:_identify(episode_data/episode_10) by extensions ['cmake', 'python']
[0.220s] Level 1:colcon.colcon_core.package_identification:_identify(episode_data/episode_10) by extension 'cmake'
[0.220s] Level 1:colcon.colcon_core.package_identification:_identify(episode_data/episode_10) by extension 'python'
[0.220s] Level 1:colcon.colcon_core.package_identification:_identify(episode_data/episode_10) by extensions ['python_setup_py']
[0.220s] Level 1:colcon.colcon_core.package_identification:_identify(episode_data/episode_10) by extension 'python_setup_py'
[0.220s] Level 1:colcon.colcon_core.package_identification:_identify(episode_data/episode_11) by extensions ['ignore', 'ignore_ament_install']
[0.220s] Level 1:colcon.colcon_core.package_identification:_identify(episode_data/episode_11) by extension 'ignore'
[0.221s] Level 1:colcon.colcon_core.package_identification:_identify(episode_data/episode_11) by extension 'ignore_ament_install'
[0.221s] Level 1:colcon.colcon_core.package_identification:_identify(episode_data/episode_11) by extensions ['colcon_pkg']
[0.221s] Level 1:colcon.colcon_core.package_identification:_identify(episode_data/episode_11) by extension 'colcon_pkg'
[0.221s] Level 1:colcon.colcon_core.package_identification:_identify(episode_data/episode_11) by extensions ['colcon_meta']
[0.221s] Level 1:colcon.colcon_core.package_identification:_identify(episode_data/episode_11) by extension 'colcon_meta'
[0.221s] Level 1:colcon.colcon_core.package_identification:_identify(episode_data/episode_11) by extensions ['ros']
[0.221s] Level 1:colcon.colcon_core.package_identification:_identify(episode_data/episode_11) by extension 'ros'
[0.221s] Level 1:colcon.colcon_core.package_identification:_identify(episode_data/episode_11) by extensions ['cmake', 'python']
[0.221s] Level 1:colcon.colcon_core.package_identification:_identify(episode_data/episode_11) by extension 'cmake'
[0.221s] Level 1:colcon.colcon_core.package_identification:_identify(episode_data/episode_11) by extension 'python'
[0.221s] Level 1:colcon.colcon_core.package_identification:_identify(episode_data/episode_11) by extensions ['python_setup_py']
[0.221s] Level 1:colcon.colcon_core.package_identification:_identify(episode_data/episode_11) by extension 'python_setup_py'
[0.221s] Level 1:colcon.colcon_core.package_identification:_identify(episode_data/episode_12) by extensions ['ignore', 'ignore_ament_install']
[0.221s] Level 1:colcon.colcon_core.package_identification:_identify(episode_data/episode_12) by extension 'ignore'
[0.222s] Level 1:colcon.colcon_core.package_identification:_identify(episode_data/episode_12) by extension 'ignore_ament_install'
[0.222s] Level 1:colcon.colcon_core.package_identification:_identify(episode_data/episode_12) by extensions ['colcon_pkg']
[0.222s] Level 1:colcon.colcon_core.package_identification:_identify(episode_data/episode_12) by extension 'colcon_pkg'
[0.222s] Level 1:colcon.colcon_core.package_identification:_identify(episode_data/episode_12) by extensions ['colcon_meta']
[0.222s] Level 1:colcon.colcon_core.package_identification:_identify(episode_data/episode_12) by extension 'colcon_meta'
[0.222s] Level 1:colcon.colcon_core.package_identification:_identify(episode_data/episode_12) by extensions ['ros']
[0.222s] Level 1:colcon.colcon_core.package_identification:_identify(episode_data/episode_12) by extension 'ros'
[0.222s] Level 1:colcon.colcon_core.package_identification:_identify(episode_data/episode_12) by extensions ['cmake', 'python']
[0.222s] Level 1:colcon.colcon_core.package_identification:_identify(episode_data/episode_12) by extension 'cmake'
[0.222s] Level 1:colcon.colcon_core.package_identification:_identify(episode_data/episode_12) by extension 'python'
[0.222s] Level 1:colcon.colcon_core.package_identification:_identify(episode_data/episode_12) by extensions ['python_setup_py']
[0.222s] Level 1:colcon.colcon_core.package_identification:_identify(episode_data/episode_12) by extension 'python_setup_py'
[0.222s] Level 1:colcon.colcon_core.package_identification:_identify(episode_data/episode_8) by extensions ['ignore', 'ignore_ament_install']
[0.222s] Level 1:colcon.colcon_core.package_identification:_identify(episode_data/episode_8) by extension 'ignore'
[0.222s] Level 1:colcon.colcon_core.package_identification:_identify(episode_data/episode_8) by extension 'ignore_ament_install'
[0.223s] Level 1:colcon.colcon_core.package_identification:_identify(episode_data/episode_8) by extensions ['colcon_pkg']
[0.223s] Level 1:colcon.colcon_core.package_identification:_identify(episode_data/episode_8) by extension 'colcon_pkg'
[0.223s] Level 1:colcon.colcon_core.package_identification:_identify(episode_data/episode_8) by extensions ['colcon_meta']
[0.223s] Level 1:colcon.colcon_core.package_identification:_identify(episode_data/episode_8) by extension 'colcon_meta'
[0.223s] Level 1:colcon.colcon_core.package_identification:_identify(episode_data/episode_8) by extensions ['ros']
[0.223s] Level 1:colcon.colcon_core.package_identification:_identify(episode_data/episode_8) by extension 'ros'
[0.223s] Level 1:colcon.colcon_core.package_identification:_identify(episode_data/episode_8) by extensions ['cmake', 'python']
[0.223s] Level 1:colcon.colcon_core.package_identification:_identify(episode_data/episode_8) by extension 'cmake'
[0.223s] Level 1:colcon.colcon_core.package_identification:_identify(episode_data/episode_8) by extension 'python'
[0.223s] Level 1:colcon.colcon_core.package_identification:_identify(episode_data/episode_8) by extensions ['python_setup_py']
[0.223s] Level 1:colcon.colcon_core.package_identification:_identify(episode_data/episode_8) by extension 'python_setup_py'
[0.223s] Level 1:colcon.colcon_core.package_identification:_identify(episode_data/episode_9) by extensions ['ignore', 'ignore_ament_install']
[0.223s] Level 1:colcon.colcon_core.package_identification:_identify(episode_data/episode_9) by extension 'ignore'
[0.223s] Level 1:colcon.colcon_core.package_identification:_identify(episode_data/episode_9) by extension 'ignore_ament_install'
[0.223s] Level 1:colcon.colcon_core.package_identification:_identify(episode_data/episode_9) by extensions ['colcon_pkg']
[0.224s] Level 1:colcon.colcon_core.package_identification:_identify(episode_data/episode_9) by extension 'colcon_pkg'
[0.224s] Level 1:colcon.colcon_core.package_identification:_identify(episode_data/episode_9) by extensions ['colcon_meta']
[0.224s] Level 1:colcon.colcon_core.package_identification:_identify(episode_data/episode_9) by extension 'colcon_meta'
[0.224s] Level 1:colcon.colcon_core.package_identification:_identify(episode_data/episode_9) by extensions ['ros']
[0.224s] Level 1:colcon.colcon_core.package_identification:_identify(episode_data/episode_9) by extension 'ros'
[0.224s] Level 1:colcon.colcon_core.package_identification:_identify(episode_data/episode_9) by extensions ['cmake', 'python']
[0.224s] Level 1:colcon.colcon_core.package_identification:_identify(episode_data/episode_9) by extension 'cmake'
[0.224s] Level 1:colcon.colcon_core.package_identification:_identify(episode_data/episode_9) by extension 'python'
[0.224s] Level 1:colcon.colcon_core.package_identification:_identify(episode_data/episode_9) by extensions ['python_setup_py']
[0.224s] Level 1:colcon.colcon_core.package_identification:_identify(episode_data/episode_9) by extension 'python_setup_py'
[0.224s] Level 1:colcon.colcon_core.package_identification:_identify(install) by extensions ['ignore', 'ignore_ament_install']
[0.224s] Level 1:colcon.colcon_core.package_identification:_identify(install) by extension 'ignore'
[0.224s] Level 1:colcon.colcon_core.package_identification:_identify(install) ignored
[0.225s] Level 1:colcon.colcon_core.package_identification:_identify(log) by extensions ['ignore', 'ignore_ament_install']
[0.225s] Level 1:colcon.colcon_core.package_identification:_identify(log) by extension 'ignore'
[0.225s] Level 1:colcon.colcon_core.package_identification:_identify(log) ignored
[0.225s] Level 1:colcon.colcon_core.package_identification:_identify(src) by extensions ['ignore', 'ignore_ament_install']
[0.225s] Level 1:colcon.colcon_core.package_identification:_identify(src) by extension 'ignore'
[0.225s] Level 1:colcon.colcon_core.package_identification:_identify(src) by extension 'ignore_ament_install'
[0.225s] Level 1:colcon.colcon_core.package_identification:_identify(src) by extensions ['colcon_pkg']
[0.225s] Level 1:colcon.colcon_core.package_identification:_identify(src) by extension 'colcon_pkg'
[0.225s] Level 1:colcon.colcon_core.package_identification:_identify(src) by extensions ['colcon_meta']
[0.225s] Level 1:colcon.colcon_core.package_identification:_identify(src) by extension 'colcon_meta'
[0.225s] Level 1:colcon.colcon_core.package_identification:_identify(src) by extensions ['ros']
[0.225s] Level 1:colcon.colcon_core.package_identification:_identify(src) by extension 'ros'
[0.225s] Level 1:colcon.colcon_core.package_identification:_identify(src) by extensions ['cmake', 'python']
[0.226s] Level 1:colcon.colcon_core.package_identification:_identify(src) by extension 'cmake'
[0.226s] Level 1:colcon.colcon_core.package_identification:_identify(src) by extension 'python'
[0.226s] Level 1:colcon.colcon_core.package_identification:_identify(src) by extensions ['python_setup_py']
[0.226s] Level 1:colcon.colcon_core.package_identification:_identify(src) by extension 'python_setup_py'
[0.226s] Level 1:colcon.colcon_core.package_identification:_identify(src/avu_controller) by extensions ['ignore', 'ignore_ament_install']
[0.226s] Level 1:colcon.colcon_core.package_identification:_identify(src/avu_controller) by extension 'ignore'
[0.226s] Level 1:colcon.colcon_core.package_identification:_identify(src/avu_controller) by extension 'ignore_ament_install'
[0.226s] Level 1:colcon.colcon_core.package_identification:_identify(src/avu_controller) by extensions ['colcon_pkg']
[0.226s] Level 1:colcon.colcon_core.package_identification:_identify(src/avu_controller) by extension 'colcon_pkg'
[0.226s] Level 1:colcon.colcon_core.package_identification:_identify(src/avu_controller) by extensions ['colcon_meta']
[0.226s] Level 1:colcon.colcon_core.package_identification:_identify(src/avu_controller) by extension 'colcon_meta'
[0.226s] Level 1:colcon.colcon_core.package_identification:_identify(src/avu_controller) by extensions ['ros']
[0.226s] Level 1:colcon.colcon_core.package_identification:_identify(src/avu_controller) by extension 'ros'
[0.229s] DEBUG:colcon.colcon_core.package_identification:Package 'src/avu_controller' with type 'ros.ament_cmake' and name 'avu_controller'
[0.229s] Level 1:colcon.colcon_core.package_identification:_identify(src/avu_description) by extensions ['ignore', 'ignore_ament_install']
[0.229s] Level 1:colcon.colcon_core.package_identification:_identify(src/avu_description) by extension 'ignore'
[0.229s] Level 1:colcon.colcon_core.package_identification:_identify(src/avu_description) by extension 'ignore_ament_install'
[0.229s] Level 1:colcon.colcon_core.package_identification:_identify(src/avu_description) by extensions ['colcon_pkg']
[0.230s] Level 1:colcon.colcon_core.package_identification:_identify(src/avu_description) by extension 'colcon_pkg'
[0.230s] Level 1:colcon.colcon_core.package_identification:_identify(src/avu_description) by extensions ['colcon_meta']
[0.230s] Level 1:colcon.colcon_core.package_identification:_identify(src/avu_description) by extension 'colcon_meta'
[0.230s] Level 1:colcon.colcon_core.package_identification:_identify(src/avu_description) by extensions ['ros']
[0.230s] Level 1:colcon.colcon_core.package_identification:_identify(src/avu_description) by extension 'ros'
[0.230s] DEBUG:colcon.colcon_core.package_identification:Package 'src/avu_description' with type 'ros.ament_cmake' and name 'avu_description'
[0.230s] Level 1:colcon.colcon_core.package_identification:_identify(src/avu_moveit) by extensions ['ignore', 'ignore_ament_install']
[0.231s] Level 1:colcon.colcon_core.package_identification:_identify(src/avu_moveit) by extension 'ignore'
[0.231s] Level 1:colcon.colcon_core.package_identification:_identify(src/avu_moveit) by extension 'ignore_ament_install'
[0.231s] Level 1:colcon.colcon_core.package_identification:_identify(src/avu_moveit) by extensions ['colcon_pkg']
[0.231s] Level 1:colcon.colcon_core.package_identification:_identify(src/avu_moveit) by extension 'colcon_pkg'
[0.231s] Level 1:colcon.colcon_core.package_identification:_identify(src/avu_moveit) by extensions ['colcon_meta']
[0.231s] Level 1:colcon.colcon_core.package_identification:_identify(src/avu_moveit) by extension 'colcon_meta'
[0.231s] Level 1:colcon.colcon_core.package_identification:_identify(src/avu_moveit) by extensions ['ros']
[0.231s] Level 1:colcon.colcon_core.package_identification:_identify(src/avu_moveit) by extension 'ros'
[0.232s] DEBUG:colcon.colcon_core.package_identification:Package 'src/avu_moveit' with type 'ros.ament_cmake' and name 'avu_moveit'
[0.232s] Level 1:colcon.colcon_core.package_identification:_identify(src/pymoveit2) by extensions ['ignore', 'ignore_ament_install']
[0.232s] Level 1:colcon.colcon_core.package_identification:_identify(src/pymoveit2) by extension 'ignore'
[0.233s] Level 1:colcon.colcon_core.package_identification:_identify(src/pymoveit2) by extension 'ignore_ament_install'
[0.233s] Level 1:colcon.colcon_core.package_identification:_identify(src/pymoveit2) by extensions ['colcon_pkg']
[0.233s] Level 1:colcon.colcon_core.package_identification:_identify(src/pymoveit2) by extension 'colcon_pkg'
[0.233s] Level 1:colcon.colcon_core.package_identification:_identify(src/pymoveit2) by extensions ['colcon_meta']
[0.233s] Level 1:colcon.colcon_core.package_identification:_identify(src/pymoveit2) by extension 'colcon_meta'
[0.233s] Level 1:colcon.colcon_core.package_identification:_identify(src/pymoveit2) by extensions ['ros']
[0.233s] Level 1:colcon.colcon_core.package_identification:_identify(src/pymoveit2) by extension 'ros'
[0.233s] DEBUG:colcon.colcon_core.package_identification:Package 'src/pymoveit2' with type 'ros.ament_cmake' and name 'pymoveit2'
[0.234s] Level 1:colcon.colcon_core.package_discovery:discover_packages(recursive) using defaults
[0.234s] Level 1:colcon.colcon_core.package_discovery:discover_packages(ignore) discover
[0.234s] Level 1:colcon.colcon_core.package_discovery:discover_packages(ignore) using defaults
[0.234s] Level 1:colcon.colcon_core.package_discovery:discover_packages(path) discover
[0.234s] Level 1:colcon.colcon_core.package_discovery:discover_packages(path) using defaults
[0.255s] Level 1:colcon.colcon_core.package_discovery:discover_packages(prefix_path) check parameters
[0.255s] Level 1:colcon.colcon_core.package_discovery:discover_packages(prefix_path) discover
[0.256s] WARNING:colcon.colcon_core.prefix_path.colcon:The path '/home/bhavin-avina/mobile_robot/install' in the environment variable COLCON_PREFIX_PATH doesn't exist
[0.256s] WARNING:colcon.colcon_core.prefix_path.colcon:The path '/home/bhavin-avina/automation_ws/install' in the environment variable COLCON_PREFIX_PATH doesn't exist
[0.256s] WARNING:colcon.colcon_ros.prefix_path.ament:The path '/home/bhavin-avina/mobile_robot/install/human_simulator' in the environment variable AMENT_PREFIX_PATH doesn't exist
[0.257s] WARNING:colcon.colcon_ros.prefix_path.ament:The path '/home/bhavin-avina/mobile_robot/install/amr_slam' in the environment variable AMENT_PREFIX_PATH doesn't exist
[0.257s] WARNING:colcon.colcon_ros.prefix_path.ament:The path '/home/bhavin-avina/mobile_robot/install/amr_perception' in the environment variable AMENT_PREFIX_PATH doesn't exist
[0.257s] WARNING:colcon.colcon_ros.prefix_path.ament:The path '/home/bhavin-avina/mobile_robot/install/amr_drl_navigation' in the environment variable AMENT_PREFIX_PATH doesn't exist
[0.257s] WARNING:colcon.colcon_ros.prefix_path.ament:The path '/home/bhavin-avina/mobile_robot/install/amr_description' in the environment variable AMENT_PREFIX_PATH doesn't exist
[0.257s] WARNING:colcon.colcon_ros.prefix_path.ament:The path '/home/bhavin-avina/mobile_robot/install/amr_controller' in the environment variable AMENT_PREFIX_PATH doesn't exist
[0.257s] WARNING:colcon.colcon_ros.prefix_path.ament:The path '/home/bhavin-avina/automation_ws/install/conveyor_belt' in the environment variable AMENT_PREFIX_PATH doesn't exist
[0.257s] WARNING:colcon.colcon_ros.prefix_path.ament:The path '/home/bhavin-avina/automation_ws/install/conveyorbelt_msgs' in the environment variable AMENT_PREFIX_PATH doesn't exist
[0.257s] WARNING:colcon.colcon_ros.prefix_path.ament:The path '/home/bhavin-avina/automation_ws/install/conveyorbelt_gazebo' in the environment variable AMENT_PREFIX_PATH doesn't exist
[0.257s] WARNING:colcon.colcon_ros.prefix_path.catkin:The path '/home/bhavin-avina/mobile_robot/install/human_simulator' in the environment variable CMAKE_PREFIX_PATH doesn't exist
[0.257s] WARNING:colcon.colcon_ros.prefix_path.catkin:The path '/home/bhavin-avina/mobile_robot/install/amr_slam' in the environment variable CMAKE_PREFIX_PATH doesn't exist
[0.257s] WARNING:colcon.colcon_ros.prefix_path.catkin:The path '/home/bhavin-avina/mobile_robot/install/amr_perception' in the environment variable CMAKE_PREFIX_PATH doesn't exist
[0.257s] WARNING:colcon.colcon_ros.prefix_path.catkin:The path '/home/bhavin-avina/mobile_robot/install/amr_drl_navigation' in the environment variable CMAKE_PREFIX_PATH doesn't exist
[0.257s] WARNING:colcon.colcon_ros.prefix_path.catkin:The path '/home/bhavin-avina/mobile_robot/install/amr_description' in the environment variable CMAKE_PREFIX_PATH doesn't exist
[0.257s] WARNING:colcon.colcon_ros.prefix_path.catkin:The path '/home/bhavin-avina/mobile_robot/install/amr_controller' in the environment variable CMAKE_PREFIX_PATH doesn't exist
[0.257s] WARNING:colcon.colcon_ros.prefix_path.catkin:The path '/home/bhavin-avina/automation_ws/install/conveyor_belt' in the environment variable CMAKE_PREFIX_PATH doesn't exist
[0.258s] WARNING:colcon.colcon_ros.prefix_path.catkin:The path '/home/bhavin-avina/automation_ws/install/conveyorbelt_msgs' in the environment variable CMAKE_PREFIX_PATH doesn't exist
[0.258s] WARNING:colcon.colcon_ros.prefix_path.catkin:The path '/home/bhavin-avina/automation_ws/install/conveyorbelt_gazebo' in the environment variable CMAKE_PREFIX_PATH doesn't exist
[0.259s] DEBUG:colcon.colcon_installed_package_information.package_discovery:Found 5 installed packages in /home/bhavin-avina/avu_robot/install
[0.263s] DEBUG:colcon.colcon_installed_package_information.package_discovery:Found 485 installed packages in /opt/ros/jazzy
[0.265s] Level 1:colcon.colcon_core.package_discovery:discover_packages(prefix_path) using defaults
[0.356s] Level 5:colcon.colcon_core.verb:set package 'avu_description' build argument 'cmake_args' from command line to 'None'
[0.356s] Level 5:colcon.colcon_core.verb:set package 'avu_description' build argument 'cmake_target' from command line to 'None'
[0.356s] Level 5:colcon.colcon_core.verb:set package 'avu_description' build argument 'cmake_target_skip_unavailable' from command line to 'False'
[0.356s] Level 5:colcon.colcon_core.verb:set package 'avu_description' build argument 'cmake_clean_cache' from command line to 'False'
[0.356s] Level 5:colcon.colcon_core.verb:set package 'avu_description' build argument 'cmake_clean_first' from command line to 'False'
[0.356s] Level 5:colcon.colcon_core.verb:set package 'avu_description' build argument 'cmake_force_configure' from command line to 'False'
[0.356s] Level 5:colcon.colcon_core.verb:set package 'avu_description' build argument 'ament_cmake_args' from command line to 'None'
[0.356s] Level 5:colcon.colcon_core.verb:set package 'avu_description' build argument 'catkin_cmake_args' from command line to 'None'
[0.356s] Level 5:colcon.colcon_core.verb:set package 'avu_description' build argument 'catkin_skip_building_tests' from command line to 'False'
[0.356s] DEBUG:colcon.colcon_core.verb:Building package 'avu_description' with the following arguments: {'ament_cmake_args': None, 'build_base': '/home/bhavin-avina/avu_robot/build/avu_description', 'catkin_cmake_args': None, 'catkin_skip_building_tests': False, 'cmake_args': None, 'cmake_clean_cache': False, 'cmake_clean_first': False, 'cmake_force_configure': False, 'cmake_target': None, 'cmake_target_skip_unavailable': False, 'install_base': '/home/bhavin-avina/avu_robot/install/avu_description', 'merge_install': False, 'path': '/home/bhavin-avina/avu_robot/src/avu_description', 'symlink_install': False, 'test_result_base': None}
[0.357s] Level 5:colcon.colcon_core.verb:set package 'pymoveit2' build argument 'cmake_args' from command line to 'None'
[0.357s] Level 5:colcon.colcon_core.verb:set package 'pymoveit2' build argument 'cmake_target' from command line to 'None'
[0.357s] Level 5:colcon.colcon_core.verb:set package 'pymoveit2' build argument 'cmake_target_skip_unavailable' from command line to 'False'
[0.357s] Level 5:colcon.colcon_core.verb:set package 'pymoveit2' build argument 'cmake_clean_cache' from command line to 'False'
[0.357s] Level 5:colcon.colcon_core.verb:set package 'pymoveit2' build argument 'cmake_clean_first' from command line to 'False'
[0.357s] Level 5:colcon.colcon_core.verb:set package 'pymoveit2' build argument 'cmake_force_configure' from command line to 'False'
[0.357s] Level 5:colcon.colcon_core.verb:set package 'pymoveit2' build argument 'ament_cmake_args' from command line to 'None'
[0.357s] Level 5:colcon.colcon_core.verb:set package 'pymoveit2' build argument 'catkin_cmake_args' from command line to 'None'
[0.357s] Level 5:colcon.colcon_core.verb:set package 'pymoveit2' build argument 'catkin_skip_building_tests' from command line to 'False'
[0.357s] DEBUG:colcon.colcon_core.verb:Building package 'pymoveit2' with the following arguments: {'ament_cmake_args': None, 'build_base': '/home/bhavin-avina/avu_robot/build/pymoveit2', 'catkin_cmake_args': None, 'catkin_skip_building_tests': False, 'cmake_args': None, 'cmake_clean_cache': False, 'cmake_clean_first': False, 'cmake_force_configure': False, 'cmake_target': None, 'cmake_target_skip_unavailable': False, 'install_base': '/home/bhavin-avina/avu_robot/install/pymoveit2', 'merge_install': False, 'path': '/home/bhavin-avina/avu_robot/src/pymoveit2', 'symlink_install': False, 'test_result_base': None}
[0.358s] Level 5:colcon.colcon_core.verb:set package 'avu_controller' build argument 'cmake_args' from command line to 'None'
[0.358s] Level 5:colcon.colcon_core.verb:set package 'avu_controller' build argument 'cmake_target' from command line to 'None'
[0.358s] Level 5:colcon.colcon_core.verb:set package 'avu_controller' build argument 'cmake_target_skip_unavailable' from command line to 'False'
[0.358s] Level 5:colcon.colcon_core.verb:set package 'avu_controller' build argument 'cmake_clean_cache' from command line to 'False'
[0.358s] Level 5:colcon.colcon_core.verb:set package 'avu_controller' build argument 'cmake_clean_first' from command line to 'False'
[0.358s] Level 5:colcon.colcon_core.verb:set package 'avu_controller' build argument 'cmake_force_configure' from command line to 'False'
[0.358s] Level 5:colcon.colcon_core.verb:set package 'avu_controller' build argument 'ament_cmake_args' from command line to 'None'
[0.358s] Level 5:colcon.colcon_core.verb:set package 'avu_controller' build argument 'catkin_cmake_args' from command line to 'None'
[0.358s] Level 5:colcon.colcon_core.verb:set package 'avu_controller' build argument 'catkin_skip_building_tests' from command line to 'False'
[0.358s] DEBUG:colcon.colcon_core.verb:Building package 'avu_controller' with the following arguments: {'ament_cmake_args': None, 'build_base': '/home/bhavin-avina/avu_robot/build/avu_controller', 'catkin_cmake_args': None, 'catkin_skip_building_tests': False, 'cmake_args': None, 'cmake_clean_cache': False, 'cmake_clean_first': False, 'cmake_force_configure': False, 'cmake_target': None, 'cmake_target_skip_unavailable': False, 'install_base': '/home/bhavin-avina/avu_robot/install/avu_controller', 'merge_install': False, 'path': '/home/bhavin-avina/avu_robot/src/avu_controller', 'symlink_install': False, 'test_result_base': None}
[0.358s] Level 5:colcon.colcon_core.verb:set package 'avu_moveit' build argument 'cmake_args' from command line to 'None'
[0.358s] Level 5:colcon.colcon_core.verb:set package 'avu_moveit' build argument 'cmake_target' from command line to 'None'
[0.358s] Level 5:colcon.colcon_core.verb:set package 'avu_moveit' build argument 'cmake_target_skip_unavailable' from command line to 'False'
[0.358s] Level 5:colcon.colcon_core.verb:set package 'avu_moveit' build argument 'cmake_clean_cache' from command line to 'False'
[0.358s] Level 5:colcon.colcon_core.verb:set package 'avu_moveit' build argument 'cmake_clean_first' from command line to 'False'
[0.358s] Level 5:colcon.colcon_core.verb:set package 'avu_moveit' build argument 'cmake_force_configure' from command line to 'False'
[0.358s] Level 5:colcon.colcon_core.verb:set package 'avu_moveit' build argument 'ament_cmake_args' from command line to 'None'
[0.358s] Level 5:colcon.colcon_core.verb:set package 'avu_moveit' build argument 'catkin_cmake_args' from command line to 'None'
[0.358s] Level 5:colcon.colcon_core.verb:set package 'avu_moveit' build argument 'catkin_skip_building_tests' from command line to 'False'
[0.359s] DEBUG:colcon.colcon_core.verb:Building package 'avu_moveit' with the following arguments: {'ament_cmake_args': None, 'build_base': '/home/bhavin-avina/avu_robot/build/avu_moveit', 'catkin_cmake_args': None, 'catkin_skip_building_tests': False, 'cmake_args': None, 'cmake_clean_cache': False, 'cmake_clean_first': False, 'cmake_force_configure': False, 'cmake_target': None, 'cmake_target_skip_unavailable': False, 'install_base': '/home/bhavin-avina/avu_robot/install/avu_moveit', 'merge_install': False, 'path': '/home/bhavin-avina/avu_robot/src/avu_moveit', 'symlink_install': False, 'test_result_base': None}
[0.359s] INFO:colcon.colcon_core.executor:Executing jobs using 'parallel' executor
[0.360s] DEBUG:colcon.colcon_parallel_executor.executor.parallel:run_until_complete
[0.360s] INFO:colcon.colcon_ros.task.ament_cmake.build:Building ROS package in '/home/bhavin-avina/avu_robot/src/avu_description' with build type 'ament_cmake'
[0.360s] INFO:colcon.colcon_cmake.task.cmake.build:Building CMake package in '/home/bhavin-avina/avu_robot/src/avu_description'
[0.363s] INFO:colcon.colcon_core.plugin_system:Skipping extension 'colcon_core.shell.bat': Not used on non-Windows systems
[0.363s] INFO:colcon.colcon_core.shell:Skip shell extension 'powershell' for command environment: Not usable outside of PowerShell
[0.363s] DEBUG:colcon.colcon_core.shell:Skip shell extension 'dsv' for command environment
[0.370s] INFO:colcon.colcon_ros.task.ament_cmake.build:Building ROS package in '/home/bhavin-avina/avu_robot/src/pymoveit2' with build type 'ament_cmake'
[0.370s] INFO:colcon.colcon_cmake.task.cmake.build:Building CMake package in '/home/bhavin-avina/avu_robot/src/pymoveit2'
[0.370s] INFO:colcon.colcon_core.shell:Skip shell extension 'powershell' for command environment: Not usable outside of PowerShell
[0.370s] DEBUG:colcon.colcon_core.shell:Skip shell extension 'dsv' for command environment
[0.381s] DEBUG:colcon.colcon_core.event_handler.log_command:Invoking command in '/home/bhavin-avina/avu_robot/build/avu_description': CMAKE_PREFIX_PATH=${CMAKE_PREFIX_PATH}:/opt/ros/jazzy DEBUGINFOD_URLS=https://debuginfod.ubuntu.com /usr/bin/cmake --build /home/bhavin-avina/avu_robot/build/avu_description -- -j4 -l4
[0.404s] DEBUG:colcon.colcon_core.event_handler.log_command:Invoking command in '/home/bhavin-avina/avu_robot/build/pymoveit2': CMAKE_PREFIX_PATH=${CMAKE_PREFIX_PATH}:/opt/ros/jazzy DEBUGINFOD_URLS=https://debuginfod.ubuntu.com /usr/bin/cmake --build /home/bhavin-avina/avu_robot/build/pymoveit2 -- -j4 -l4
[0.429s] DEBUG:colcon.colcon_core.event_handler.log_command:Invoked command in '/home/bhavin-avina/avu_robot/build/avu_description' returned '0': CMAKE_PREFIX_PATH=${CMAKE_PREFIX_PATH}:/opt/ros/jazzy DEBUGINFOD_URLS=https://debuginfod.ubuntu.com /usr/bin/cmake --build /home/bhavin-avina/avu_robot/build/avu_description -- -j4 -l4
[0.441s] DEBUG:colcon.colcon_core.event_handler.log_command:Invoking command in '/home/bhavin-avina/avu_robot/build/avu_description': CMAKE_PREFIX_PATH=${CMAKE_PREFIX_PATH}:/opt/ros/jazzy DEBUGINFOD_URLS=https://debuginfod.ubuntu.com /usr/bin/cmake --install /home/bhavin-avina/avu_robot/build/avu_description
[0.454s] Level 1:colcon.colcon_core.environment:create_environment_scripts_only(avu_description)
[0.461s] Level 1:colcon.colcon_core.environment:checking '/home/bhavin-avina/avu_robot/install/avu_description' for CMake module files
[0.462s] Level 1:colcon.colcon_core.environment:checking '/home/bhavin-avina/avu_robot/install/avu_description' for CMake config files
[0.462s] DEBUG:colcon.colcon_core.event_handler.log_command:Invoked command in '/home/bhavin-avina/avu_robot/build/avu_description' returned '0': CMAKE_PREFIX_PATH=${CMAKE_PREFIX_PATH}:/opt/ros/jazzy DEBUGINFOD_URLS=https://debuginfod.ubuntu.com /usr/bin/cmake --install /home/bhavin-avina/avu_robot/build/avu_description
[0.463s] Level 1:colcon.colcon_core.shell:create_environment_hook('avu_description', 'cmake_prefix_path')
[0.463s] INFO:colcon.colcon_core.shell:Creating environment hook '/home/bhavin-avina/avu_robot/install/avu_description/share/avu_description/hook/cmake_prefix_path.ps1'
[0.464s] INFO:colcon.colcon_core.shell:Creating environment descriptor '/home/bhavin-avina/avu_robot/install/avu_description/share/avu_description/hook/cmake_prefix_path.dsv'
[0.464s] INFO:colcon.colcon_core.shell:Creating environment hook '/home/bhavin-avina/avu_robot/install/avu_description/share/avu_description/hook/cmake_prefix_path.sh'
[0.465s] Level 1:colcon.colcon_core.environment:checking '/home/bhavin-avina/avu_robot/install/avu_description/bin'
[0.465s] Level 1:colcon.colcon_core.environment:checking '/home/bhavin-avina/avu_robot/install/avu_description/lib/pkgconfig/avu_description.pc'
[0.466s] Level 1:colcon.colcon_core.environment:checking '/home/bhavin-avina/avu_robot/install/avu_description/lib/python3.12/site-packages'
[0.466s] Level 1:colcon.colcon_core.environment:checking '/home/bhavin-avina/avu_robot/install/avu_description/bin'
[0.466s] INFO:colcon.colcon_core.shell:Creating package script '/home/bhavin-avina/avu_robot/install/avu_description/share/avu_description/package.ps1'
[0.467s] INFO:colcon.colcon_core.shell:Creating package descriptor '/home/bhavin-avina/avu_robot/install/avu_description/share/avu_description/package.dsv'
[0.468s] INFO:colcon.colcon_core.shell:Creating package script '/home/bhavin-avina/avu_robot/install/avu_description/share/avu_description/package.sh'
[0.469s] INFO:colcon.colcon_core.shell:Creating package script '/home/bhavin-avina/avu_robot/install/avu_description/share/avu_description/package.bash'
[0.469s] INFO:colcon.colcon_core.shell:Creating package script '/home/bhavin-avina/avu_robot/install/avu_description/share/avu_description/package.zsh'
[0.470s] Level 1:colcon.colcon_core.environment:create_file_with_runtime_dependencies(/home/bhavin-avina/avu_robot/install/avu_description/share/colcon-core/packages/avu_description)
[0.471s] Level 1:colcon.colcon_core.environment:create_environment_scripts_only(avu_description)
[0.471s] Level 1:colcon.colcon_core.environment:checking '/home/bhavin-avina/avu_robot/install/avu_description' for CMake module files
[0.471s] Level 1:colcon.colcon_core.environment:checking '/home/bhavin-avina/avu_robot/install/avu_description' for CMake config files
[0.472s] Level 1:colcon.colcon_core.shell:create_environment_hook('avu_description', 'cmake_prefix_path')
[0.472s] INFO:colcon.colcon_core.shell:Creating environment hook '/home/bhavin-avina/avu_robot/install/avu_description/share/avu_description/hook/cmake_prefix_path.ps1'
[0.473s] INFO:colcon.colcon_core.shell:Creating environment descriptor '/home/bhavin-avina/avu_robot/install/avu_description/share/avu_description/hook/cmake_prefix_path.dsv'
[0.473s] INFO:colcon.colcon_core.shell:Creating environment hook '/home/bhavin-avina/avu_robot/install/avu_description/share/avu_description/hook/cmake_prefix_path.sh'
[0.474s] Level 1:colcon.colcon_core.environment:checking '/home/bhavin-avina/avu_robot/install/avu_description/bin'
[0.474s] Level 1:colcon.colcon_core.environment:checking '/home/bhavin-avina/avu_robot/install/avu_description/lib/pkgconfig/avu_description.pc'
[0.474s] Level 1:colcon.colcon_core.environment:checking '/home/bhavin-avina/avu_robot/install/avu_description/lib/python3.12/site-packages'
[0.475s] Level 1:colcon.colcon_core.environment:checking '/home/bhavin-avina/avu_robot/install/avu_description/bin'
[0.475s] INFO:colcon.colcon_core.shell:Creating package script '/home/bhavin-avina/avu_robot/install/avu_description/share/avu_description/package.ps1'
[0.475s] INFO:colcon.colcon_core.shell:Creating package descriptor '/home/bhavin-avina/avu_robot/install/avu_description/share/avu_description/package.dsv'
[0.476s] INFO:colcon.colcon_core.shell:Creating package script '/home/bhavin-avina/avu_robot/install/avu_description/share/avu_description/package.sh'
[0.477s] INFO:colcon.colcon_core.shell:Creating package script '/home/bhavin-avina/avu_robot/install/avu_description/share/avu_description/package.bash'
[0.477s] INFO:colcon.colcon_core.shell:Creating package script '/home/bhavin-avina/avu_robot/install/avu_description/share/avu_description/package.zsh'
[0.477s] Level 1:colcon.colcon_core.environment:create_file_with_runtime_dependencies(/home/bhavin-avina/avu_robot/install/avu_description/share/colcon-core/packages/avu_description)
[0.478s] INFO:colcon.colcon_ros.task.ament_cmake.build:Building ROS package in '/home/bhavin-avina/avu_robot/src/avu_controller' with build type 'ament_cmake'
[0.478s] INFO:colcon.colcon_cmake.task.cmake.build:Building CMake package in '/home/bhavin-avina/avu_robot/src/avu_controller'
[0.478s] INFO:colcon.colcon_core.shell:Skip shell extension 'powershell' for command environment: Not usable outside of PowerShell
[0.479s] DEBUG:colcon.colcon_core.shell:Skip shell extension 'dsv' for command environment
[0.486s] INFO:colcon.colcon_ros.task.ament_cmake.build:Building ROS package in '/home/bhavin-avina/avu_robot/src/avu_moveit' with build type 'ament_cmake'
[0.486s] INFO:colcon.colcon_cmake.task.cmake.build:Building CMake package in '/home/bhavin-avina/avu_robot/src/avu_moveit'
[0.486s] INFO:colcon.colcon_core.shell:Skip shell extension 'powershell' for command environment: Not usable outside of PowerShell
[0.486s] DEBUG:colcon.colcon_core.shell:Skip shell extension 'dsv' for command environment
[0.496s] DEBUG:colcon.colcon_core.event_handler.log_command:Invoking command in '/home/bhavin-avina/avu_robot/build/avu_controller': CMAKE_PREFIX_PATH=/home/bhavin-avina/avu_robot/install/avu_description:/home/bhavin-avina/avu_robot/install/pymoveit2:/home/bhavin-avina/avu_robot/install/moveit2:/home/bhavin-avina/avu_robot/install/avu_moveit:/home/bhavin-avina/avu_robot/install/avu_controller:/home/bhavin-avina/mobile_robot/install/human_simulator:/home/bhavin-avina/mobile_robot/install/amr_slam:/home/bhavin-avina/mobile_robot/install/amr_perception:/home/bhavin-avina/mobile_robot/install/amr_drl_navigation:/home/bhavin-avina/mobile_robot/install/amr_description:/home/bhavin-avina/mobile_robot/install/amr_controller:/home/bhavin-avina/automation_ws/install/conveyor_belt:/home/bhavin-avina/automation_ws/install/conveyorbelt_msgs:/home/bhavin-avina/automation_ws/install/conveyorbelt_gazebo:/opt/ros/jazzy/opt/gz_sim_vendor:/opt/ros/jazzy/opt/gz_sensors_vendor:/opt/ros/jazzy/opt/gz_physics_vendor:/opt/ros/jazzy/opt/sdformat_vendor:/opt/ros/jazzy/opt/gz_gui_vendor:/opt/ros/jazzy/opt/gz_transport_vendor:/opt/ros/jazzy/opt/gz_rendering_vendor:/opt/ros/jazzy/opt/gz_plugin_vendor:/opt/ros/jazzy/opt/gz_fuel_tools_vendor:/opt/ros/jazzy/opt/gz_msgs_vendor:/opt/ros/jazzy/opt/gz_common_vendor:/opt/ros/jazzy/opt/gz_math_vendor:/opt/ros/jazzy/opt/gz_utils_vendor:/opt/ros/jazzy/opt/gz_tools_vendor:/opt/ros/jazzy/opt/gz_ogre_next_vendor:/opt/ros/jazzy/opt/gz_dartsim_vendor:/opt/ros/jazzy/opt/gz_cmake_vendor:/opt/ros/jazzy DEBUGINFOD_URLS=https://debuginfod.ubuntu.com /usr/bin/cmake --build /home/bhavin-avina/avu_robot/build/avu_controller -- -j4 -l4
[0.502s] DEBUG:colcon.colcon_core.event_handler.log_command:Invoking command in '/home/bhavin-avina/avu_robot/build/avu_moveit': CMAKE_PREFIX_PATH=/home/bhavin-avina/avu_robot/install/avu_description:/home/bhavin-avina/avu_robot/install/pymoveit2:/home/bhavin-avina/avu_robot/install/moveit2:/home/bhavin-avina/avu_robot/install/avu_moveit:/home/bhavin-avina/avu_robot/install/avu_controller:/home/bhavin-avina/mobile_robot/install/human_simulator:/home/bhavin-avina/mobile_robot/install/amr_slam:/home/bhavin-avina/mobile_robot/install/amr_perception:/home/bhavin-avina/mobile_robot/install/amr_drl_navigation:/home/bhavin-avina/mobile_robot/install/amr_description:/home/bhavin-avina/mobile_robot/install/amr_controller:/home/bhavin-avina/automation_ws/install/conveyor_belt:/home/bhavin-avina/automation_ws/install/conveyorbelt_msgs:/home/bhavin-avina/automation_ws/install/conveyorbelt_gazebo:/opt/ros/jazzy/opt/gz_sim_vendor:/opt/ros/jazzy/opt/gz_sensors_vendor:/opt/ros/jazzy/opt/gz_physics_vendor:/opt/ros/jazzy/opt/sdformat_vendor:/opt/ros/jazzy/opt/gz_gui_vendor:/opt/ros/jazzy/opt/gz_transport_vendor:/opt/ros/jazzy/opt/gz_rendering_vendor:/opt/ros/jazzy/opt/gz_plugin_vendor:/opt/ros/jazzy/opt/gz_fuel_tools_vendor:/opt/ros/jazzy/opt/gz_msgs_vendor:/opt/ros/jazzy/opt/gz_common_vendor:/opt/ros/jazzy/opt/gz_math_vendor:/opt/ros/jazzy/opt/gz_utils_vendor:/opt/ros/jazzy/opt/gz_tools_vendor:/opt/ros/jazzy/opt/gz_ogre_next_vendor:/opt/ros/jazzy/opt/gz_dartsim_vendor:/opt/ros/jazzy/opt/gz_cmake_vendor:/opt/ros/jazzy DEBUGINFOD_URLS=https://debuginfod.ubuntu.com /usr/bin/cmake --build /home/bhavin-avina/avu_robot/build/avu_moveit -- -j4 -l4
[0.542s] DEBUG:colcon.colcon_core.event_handler.log_command:Invoked command in '/home/bhavin-avina/avu_robot/build/avu_controller' returned '0': CMAKE_PREFIX_PATH=/home/bhavin-avina/avu_robot/install/avu_description:/home/bhavin-avina/avu_robot/install/pymoveit2:/home/bhavin-avina/avu_robot/install/moveit2:/home/bhavin-avina/avu_robot/install/avu_moveit:/home/bhavin-avina/avu_robot/install/avu_controller:/home/bhavin-avina/mobile_robot/install/human_simulator:/home/bhavin-avina/mobile_robot/install/amr_slam:/home/bhavin-avina/mobile_robot/install/amr_perception:/home/bhavin-avina/mobile_robot/install/amr_drl_navigation:/home/bhavin-avina/mobile_robot/install/amr_description:/home/bhavin-avina/mobile_robot/install/amr_controller:/home/bhavin-avina/automation_ws/install/conveyor_belt:/home/bhavin-avina/automation_ws/install/conveyorbelt_msgs:/home/bhavin-avina/automation_ws/install/conveyorbelt_gazebo:/opt/ros/jazzy/opt/gz_sim_vendor:/opt/ros/jazzy/opt/gz_sensors_vendor:/opt/ros/jazzy/opt/gz_physics_vendor:/opt/ros/jazzy/opt/sdformat_vendor:/opt/ros/jazzy/opt/gz_gui_vendor:/opt/ros/jazzy/opt/gz_transport_vendor:/opt/ros/jazzy/opt/gz_rendering_vendor:/opt/ros/jazzy/opt/gz_plugin_vendor:/opt/ros/jazzy/opt/gz_fuel_tools_vendor:/opt/ros/jazzy/opt/gz_msgs_vendor:/opt/ros/jazzy/opt/gz_common_vendor:/opt/ros/jazzy/opt/gz_math_vendor:/opt/ros/jazzy/opt/gz_utils_vendor:/opt/ros/jazzy/opt/gz_tools_vendor:/opt/ros/jazzy/opt/gz_ogre_next_vendor:/opt/ros/jazzy/opt/gz_dartsim_vendor:/opt/ros/jazzy/opt/gz_cmake_vendor:/opt/ros/jazzy DEBUGINFOD_URLS=https://debuginfod.ubuntu.com /usr/bin/cmake --build /home/bhavin-avina/avu_robot/build/avu_controller -- -j4 -l4
[0.544s] DEBUG:colcon.colcon_core.event_handler.log_command:Invoking command in '/home/bhavin-avina/avu_robot/build/avu_controller': CMAKE_PREFIX_PATH=/home/bhavin-avina/avu_robot/install/avu_description:/home/bhavin-avina/avu_robot/install/pymoveit2:/home/bhavin-avina/avu_robot/install/moveit2:/home/bhavin-avina/avu_robot/install/avu_moveit:/home/bhavin-avina/avu_robot/install/avu_controller:/home/bhavin-avina/mobile_robot/install/human_simulator:/home/bhavin-avina/mobile_robot/install/amr_slam:/home/bhavin-avina/mobile_robot/install/amr_perception:/home/bhavin-avina/mobile_robot/install/amr_drl_navigation:/home/bhavin-avina/mobile_robot/install/amr_description:/home/bhavin-avina/mobile_robot/install/amr_controller:/home/bhavin-avina/automation_ws/install/conveyor_belt:/home/bhavin-avina/automation_ws/install/conveyorbelt_msgs:/home/bhavin-avina/automation_ws/install/conveyorbelt_gazebo:/opt/ros/jazzy/opt/gz_sim_vendor:/opt/ros/jazzy/opt/gz_sensors_vendor:/opt/ros/jazzy/opt/gz_physics_vendor:/opt/ros/jazzy/opt/sdformat_vendor:/opt/ros/jazzy/opt/gz_gui_vendor:/opt/ros/jazzy/opt/gz_transport_vendor:/opt/ros/jazzy/opt/gz_rendering_vendor:/opt/ros/jazzy/opt/gz_plugin_vendor:/opt/ros/jazzy/opt/gz_fuel_tools_vendor:/opt/ros/jazzy/opt/gz_msgs_vendor:/opt/ros/jazzy/opt/gz_common_vendor:/opt/ros/jazzy/opt/gz_math_vendor:/opt/ros/jazzy/opt/gz_utils_vendor:/opt/ros/jazzy/opt/gz_tools_vendor:/opt/ros/jazzy/opt/gz_ogre_next_vendor:/opt/ros/jazzy/opt/gz_dartsim_vendor:/opt/ros/jazzy/opt/gz_cmake_vendor:/opt/ros/jazzy DEBUGINFOD_URLS=https://debuginfod.ubuntu.com /usr/bin/cmake --install /home/bhavin-avina/avu_robot/build/avu_controller
[0.557s] Level 1:colcon.colcon_core.environment:create_environment_scripts_only(avu_controller)
[0.558s] Level 1:colcon.colcon_core.environment:checking '/home/bhavin-avina/avu_robot/install/avu_controller' for CMake module files
[0.558s] DEBUG:colcon.colcon_core.event_handler.log_command:Invoked command in '/home/bhavin-avina/avu_robot/build/avu_controller' returned '0': CMAKE_PREFIX_PATH=/home/bhavin-avina/avu_robot/install/avu_description:/home/bhavin-avina/avu_robot/install/pymoveit2:/home/bhavin-avina/avu_robot/install/moveit2:/home/bhavin-avina/avu_robot/install/avu_moveit:/home/bhavin-avina/avu_robot/install/avu_controller:/home/bhavin-avina/mobile_robot/install/human_simulator:/home/bhavin-avina/mobile_robot/install/amr_slam:/home/bhavin-avina/mobile_robot/install/amr_perception:/home/bhavin-avina/mobile_robot/install/amr_drl_navigation:/home/bhavin-avina/mobile_robot/install/amr_description:/home/bhavin-avina/mobile_robot/install/amr_controller:/home/bhavin-avina/automation_ws/install/conveyor_belt:/home/bhavin-avina/automation_ws/install/conveyorbelt_msgs:/home/bhavin-avina/automation_ws/install/conveyorbelt_gazebo:/opt/ros/jazzy/opt/gz_sim_vendor:/opt/ros/jazzy/opt/gz_sensors_vendor:/opt/ros/jazzy/opt/gz_physics_vendor:/opt/ros/jazzy/opt/sdformat_vendor:/opt/ros/jazzy/opt/gz_gui_vendor:/opt/ros/jazzy/opt/gz_transport_vendor:/opt/ros/jazzy/opt/gz_rendering_vendor:/opt/ros/jazzy/opt/gz_plugin_vendor:/opt/ros/jazzy/opt/gz_fuel_tools_vendor:/opt/ros/jazzy/opt/gz_msgs_vendor:/opt/ros/jazzy/opt/gz_common_vendor:/opt/ros/jazzy/opt/gz_math_vendor:/opt/ros/jazzy/opt/gz_utils_vendor:/opt/ros/jazzy/opt/gz_tools_vendor:/opt/ros/jazzy/opt/gz_ogre_next_vendor:/opt/ros/jazzy/opt/gz_dartsim_vendor:/opt/ros/jazzy/opt/gz_cmake_vendor:/opt/ros/jazzy DEBUGINFOD_URLS=https://debuginfod.ubuntu.com /usr/bin/cmake --install /home/bhavin-avina/avu_robot/build/avu_controller
[0.559s] Level 1:colcon.colcon_core.environment:checking '/home/bhavin-avina/avu_robot/install/avu_controller' for CMake config files
[0.559s] Level 1:colcon.colcon_core.shell:create_environment_hook('avu_controller', 'cmake_prefix_path')
[0.559s] INFO:colcon.colcon_core.shell:Creating environment hook '/home/bhavin-avina/avu_robot/install/avu_controller/share/avu_controller/hook/cmake_prefix_path.ps1'
[0.560s] INFO:colcon.colcon_core.shell:Creating environment descriptor '/home/bhavin-avina/avu_robot/install/avu_controller/share/avu_controller/hook/cmake_prefix_path.dsv'
[0.560s] INFO:colcon.colcon_core.shell:Creating environment hook '/home/bhavin-avina/avu_robot/install/avu_controller/share/avu_controller/hook/cmake_prefix_path.sh'
[0.561s] Level 1:colcon.colcon_core.environment:checking '/home/bhavin-avina/avu_robot/install/avu_controller/bin'
[0.561s] Level 1:colcon.colcon_core.environment:checking '/home/bhavin-avina/avu_robot/install/avu_controller/lib/pkgconfig/avu_controller.pc'
[0.561s] Level 1:colcon.colcon_core.environment:checking '/home/bhavin-avina/avu_robot/install/avu_controller/lib/python3.12/site-packages'
[0.562s] Level 1:colcon.colcon_core.environment:checking '/home/bhavin-avina/avu_robot/install/avu_controller/bin'
[0.562s] INFO:colcon.colcon_core.shell:Creating package script '/home/bhavin-avina/avu_robot/install/avu_controller/share/avu_controller/package.ps1'
[0.564s] INFO:colcon.colcon_core.shell:Creating package descriptor '/home/bhavin-avina/avu_robot/install/avu_controller/share/avu_controller/package.dsv'
[0.565s] INFO:colcon.colcon_core.shell:Creating package script '/home/bhavin-avina/avu_robot/install/avu_controller/share/avu_controller/package.sh'
[0.566s] INFO:colcon.colcon_core.shell:Creating package script '/home/bhavin-avina/avu_robot/install/avu_controller/share/avu_controller/package.bash'
[0.566s] INFO:colcon.colcon_core.shell:Creating package script '/home/bhavin-avina/avu_robot/install/avu_controller/share/avu_controller/package.zsh'
[0.566s] Level 1:colcon.colcon_core.environment:create_file_with_runtime_dependencies(/home/bhavin-avina/avu_robot/install/avu_controller/share/colcon-core/packages/avu_controller)
[0.567s] Level 1:colcon.colcon_core.environment:create_environment_scripts_only(avu_controller)
[0.567s] Level 1:colcon.colcon_core.environment:checking '/home/bhavin-avina/avu_robot/install/avu_controller' for CMake module files
[0.568s] Level 1:colcon.colcon_core.environment:checking '/home/bhavin-avina/avu_robot/install/avu_controller' for CMake config files
[0.568s] Level 1:colcon.colcon_core.shell:create_environment_hook('avu_controller', 'cmake_prefix_path')
[0.568s] INFO:colcon.colcon_core.shell:Creating environment hook '/home/bhavin-avina/avu_robot/install/avu_controller/share/avu_controller/hook/cmake_prefix_path.ps1'
[0.569s] INFO:colcon.colcon_core.shell:Creating environment descriptor '/home/bhavin-avina/avu_robot/install/avu_controller/share/avu_controller/hook/cmake_prefix_path.dsv'
[0.569s] INFO:colcon.colcon_core.shell:Creating environment hook '/home/bhavin-avina/avu_robot/install/avu_controller/share/avu_controller/hook/cmake_prefix_path.sh'
[0.570s] Level 1:colcon.colcon_core.environment:checking '/home/bhavin-avina/avu_robot/install/avu_controller/bin'
[0.570s] Level 1:colcon.colcon_core.environment:checking '/home/bhavin-avina/avu_robot/install/avu_controller/lib/pkgconfig/avu_controller.pc'
[0.570s] Level 1:colcon.colcon_core.environment:checking '/home/bhavin-avina/avu_robot/install/avu_controller/lib/python3.12/site-packages'
[0.570s] Level 1:colcon.colcon_core.environment:checking '/home/bhavin-avina/avu_robot/install/avu_controller/bin'
[0.571s] INFO:colcon.colcon_core.shell:Creating package script '/home/bhavin-avina/avu_robot/install/avu_controller/share/avu_controller/package.ps1'
[0.571s] INFO:colcon.colcon_core.shell:Creating package descriptor '/home/bhavin-avina/avu_robot/install/avu_controller/share/avu_controller/package.dsv'
[0.572s] INFO:colcon.colcon_core.shell:Creating package script '/home/bhavin-avina/avu_robot/install/avu_controller/share/avu_controller/package.sh'
[0.572s] INFO:colcon.colcon_core.shell:Creating package script '/home/bhavin-avina/avu_robot/install/avu_controller/share/avu_controller/package.bash'
[0.573s] INFO:colcon.colcon_core.shell:Creating package script '/home/bhavin-avina/avu_robot/install/avu_controller/share/avu_controller/package.zsh'
[0.573s] Level 1:colcon.colcon_core.environment:create_file_with_runtime_dependencies(/home/bhavin-avina/avu_robot/install/avu_controller/share/colcon-core/packages/avu_controller)
[0.575s] DEBUG:colcon.colcon_core.event_handler.log_command:Invoked command in '/home/bhavin-avina/avu_robot/build/avu_moveit' returned '0': CMAKE_PREFIX_PATH=/home/bhavin-avina/avu_robot/install/avu_description:/home/bhavin-avina/avu_robot/install/pymoveit2:/home/bhavin-avina/avu_robot/install/moveit2:/home/bhavin-avina/avu_robot/install/avu_moveit:/home/bhavin-avina/avu_robot/install/avu_controller:/home/bhavin-avina/mobile_robot/install/human_simulator:/home/bhavin-avina/mobile_robot/install/amr_slam:/home/bhavin-avina/mobile_robot/install/amr_perception:/home/bhavin-avina/mobile_robot/install/amr_drl_navigation:/home/bhavin-avina/mobile_robot/install/amr_description:/home/bhavin-avina/mobile_robot/install/amr_controller:/home/bhavin-avina/automation_ws/install/conveyor_belt:/home/bhavin-avina/automation_ws/install/conveyorbelt_msgs:/home/bhavin-avina/automation_ws/install/conveyorbelt_gazebo:/opt/ros/jazzy/opt/gz_sim_vendor:/opt/ros/jazzy/opt/gz_sensors_vendor:/opt/ros/jazzy/opt/gz_physics_vendor:/opt/ros/jazzy/opt/sdformat_vendor:/opt/ros/jazzy/opt/gz_gui_vendor:/opt/ros/jazzy/opt/gz_transport_vendor:/opt/ros/jazzy/opt/gz_rendering_vendor:/opt/ros/jazzy/opt/gz_plugin_vendor:/opt/ros/jazzy/opt/gz_fuel_tools_vendor:/opt/ros/jazzy/opt/gz_msgs_vendor:/opt/ros/jazzy/opt/gz_common_vendor:/opt/ros/jazzy/opt/gz_math_vendor:/opt/ros/jazzy/opt/gz_utils_vendor:/opt/ros/jazzy/opt/gz_tools_vendor:/opt/ros/jazzy/opt/gz_ogre_next_vendor:/opt/ros/jazzy/opt/gz_dartsim_vendor:/opt/ros/jazzy/opt/gz_cmake_vendor:/opt/ros/jazzy DEBUGINFOD_URLS=https://debuginfod.ubuntu.com /usr/bin/cmake --build /home/bhavin-avina/avu_robot/build/avu_moveit -- -j4 -l4
[0.576s] DEBUG:colcon.colcon_core.event_handler.log_command:Invoking command in '/home/bhavin-avina/avu_robot/build/avu_moveit': CMAKE_PREFIX_PATH=/home/bhavin-avina/avu_robot/install/avu_description:/home/bhavin-avina/avu_robot/install/pymoveit2:/home/bhavin-avina/avu_robot/install/moveit2:/home/bhavin-avina/avu_robot/install/avu_moveit:/home/bhavin-avina/avu_robot/install/avu_controller:/home/bhavin-avina/mobile_robot/install/human_simulator:/home/bhavin-avina/mobile_robot/install/amr_slam:/home/bhavin-avina/mobile_robot/install/amr_perception:/home/bhavin-avina/mobile_robot/install/amr_drl_navigation:/home/bhavin-avina/mobile_robot/install/amr_description:/home/bhavin-avina/mobile_robot/install/amr_controller:/home/bhavin-avina/automation_ws/install/conveyor_belt:/home/bhavin-avina/automation_ws/install/conveyorbelt_msgs:/home/bhavin-avina/automation_ws/install/conveyorbelt_gazebo:/opt/ros/jazzy/opt/gz_sim_vendor:/opt/ros/jazzy/opt/gz_sensors_vendor:/opt/ros/jazzy/opt/gz_physics_vendor:/opt/ros/jazzy/opt/sdformat_vendor:/opt/ros/jazzy/opt/gz_gui_vendor:/opt/ros/jazzy/opt/gz_transport_vendor:/opt/ros/jazzy/opt/gz_rendering_vendor:/opt/ros/jazzy/opt/gz_plugin_vendor:/opt/ros/jazzy/opt/gz_fuel_tools_vendor:/opt/ros/jazzy/opt/gz_msgs_vendor:/opt/ros/jazzy/opt/gz_common_vendor:/opt/ros/jazzy/opt/gz_math_vendor:/opt/ros/jazzy/opt/gz_utils_vendor:/opt/ros/jazzy/opt/gz_tools_vendor:/opt/ros/jazzy/opt/gz_ogre_next_vendor:/opt/ros/jazzy/opt/gz_dartsim_vendor:/opt/ros/jazzy/opt/gz_cmake_vendor:/opt/ros/jazzy DEBUGINFOD_URLS=https://debuginfod.ubuntu.com /usr/bin/cmake --install /home/bhavin-avina/avu_robot/build/avu_moveit
[0.589s] Level 1:colcon.colcon_core.environment:create_environment_scripts_only(avu_moveit)
[0.590s] Level 1:colcon.colcon_core.environment:checking '/home/bhavin-avina/avu_robot/install/avu_moveit' for CMake module files
[0.591s] Level 1:colcon.colcon_core.environment:checking '/home/bhavin-avina/avu_robot/install/avu_moveit' for CMake config files
[0.592s] DEBUG:colcon.colcon_core.event_handler.log_command:Invoked command in '/home/bhavin-avina/avu_robot/build/avu_moveit' returned '0': CMAKE_PREFIX_PATH=/home/bhavin-avina/avu_robot/install/avu_description:/home/bhavin-avina/avu_robot/install/pymoveit2:/home/bhavin-avina/avu_robot/install/moveit2:/home/bhavin-avina/avu_robot/install/avu_moveit:/home/bhavin-avina/avu_robot/install/avu_controller:/home/bhavin-avina/mobile_robot/install/human_simulator:/home/bhavin-avina/mobile_robot/install/amr_slam:/home/bhavin-avina/mobile_robot/install/amr_perception:/home/bhavin-avina/mobile_robot/install/amr_drl_navigation:/home/bhavin-avina/mobile_robot/install/amr_description:/home/bhavin-avina/mobile_robot/install/amr_controller:/home/bhavin-avina/automation_ws/install/conveyor_belt:/home/bhavin-avina/automation_ws/install/conveyorbelt_msgs:/home/bhavin-avina/automation_ws/install/conveyorbelt_gazebo:/opt/ros/jazzy/opt/gz_sim_vendor:/opt/ros/jazzy/opt/gz_sensors_vendor:/opt/ros/jazzy/opt/gz_physics_vendor:/opt/ros/jazzy/opt/sdformat_vendor:/opt/ros/jazzy/opt/gz_gui_vendor:/opt/ros/jazzy/opt/gz_transport_vendor:/opt/ros/jazzy/opt/gz_rendering_vendor:/opt/ros/jazzy/opt/gz_plugin_vendor:/opt/ros/jazzy/opt/gz_fuel_tools_vendor:/opt/ros/jazzy/opt/gz_msgs_vendor:/opt/ros/jazzy/opt/gz_common_vendor:/opt/ros/jazzy/opt/gz_math_vendor:/opt/ros/jazzy/opt/gz_utils_vendor:/opt/ros/jazzy/opt/gz_tools_vendor:/opt/ros/jazzy/opt/gz_ogre_next_vendor:/opt/ros/jazzy/opt/gz_dartsim_vendor:/opt/ros/jazzy/opt/gz_cmake_vendor:/opt/ros/jazzy DEBUGINFOD_URLS=https://debuginfod.ubuntu.com /usr/bin/cmake --install /home/bhavin-avina/avu_robot/build/avu_moveit
[0.592s] Level 1:colcon.colcon_core.shell:create_environment_hook('avu_moveit', 'cmake_prefix_path')
[0.593s] INFO:colcon.colcon_core.shell:Creating environment hook '/home/bhavin-avina/avu_robot/install/avu_moveit/share/avu_moveit/hook/cmake_prefix_path.ps1'
[0.593s] INFO:colcon.colcon_core.shell:Creating environment descriptor '/home/bhavin-avina/avu_robot/install/avu_moveit/share/avu_moveit/hook/cmake_prefix_path.dsv'
[0.594s] INFO:colcon.colcon_core.shell:Creating environment hook '/home/bhavin-avina/avu_robot/install/avu_moveit/share/avu_moveit/hook/cmake_prefix_path.sh'
[0.594s] Level 1:colcon.colcon_core.environment:checking '/home/bhavin-avina/avu_robot/install/avu_moveit/bin'
[0.594s] Level 1:colcon.colcon_core.environment:checking '/home/bhavin-avina/avu_robot/install/avu_moveit/lib/pkgconfig/avu_moveit.pc'
[0.594s] Level 1:colcon.colcon_core.environment:checking '/home/bhavin-avina/avu_robot/install/avu_moveit/lib/python3.12/site-packages'
[0.595s] Level 1:colcon.colcon_core.environment:checking '/home/bhavin-avina/avu_robot/install/avu_moveit/bin'
[0.595s] INFO:colcon.colcon_core.shell:Creating package script '/home/bhavin-avina/avu_robot/install/avu_moveit/share/avu_moveit/package.ps1'
[0.595s] INFO:colcon.colcon_core.shell:Creating package descriptor '/home/bhavin-avina/avu_robot/install/avu_moveit/share/avu_moveit/package.dsv'
[0.596s] INFO:colcon.colcon_core.shell:Creating package script '/home/bhavin-avina/avu_robot/install/avu_moveit/share/avu_moveit/package.sh'
[0.596s] INFO:colcon.colcon_core.shell:Creating package script '/home/bhavin-avina/avu_robot/install/avu_moveit/share/avu_moveit/package.bash'
[0.597s] INFO:colcon.colcon_core.shell:Creating package script '/home/bhavin-avina/avu_robot/install/avu_moveit/share/avu_moveit/package.zsh'
[0.597s] Level 1:colcon.colcon_core.environment:create_file_with_runtime_dependencies(/home/bhavin-avina/avu_robot/install/avu_moveit/share/colcon-core/packages/avu_moveit)
[0.598s] Level 1:colcon.colcon_core.environment:create_environment_scripts_only(avu_moveit)
[0.598s] Level 1:colcon.colcon_core.environment:checking '/home/bhavin-avina/avu_robot/install/avu_moveit' for CMake module files
[0.599s] Level 1:colcon.colcon_core.environment:checking '/home/bhavin-avina/avu_robot/install/avu_moveit' for CMake config files
[0.599s] Level 1:colcon.colcon_core.shell:create_environment_hook('avu_moveit', 'cmake_prefix_path')
[0.599s] INFO:colcon.colcon_core.shell:Creating environment hook '/home/bhavin-avina/avu_robot/install/avu_moveit/share/avu_moveit/hook/cmake_prefix_path.ps1'
[0.600s] INFO:colcon.colcon_core.shell:Creating environment descriptor '/home/bhavin-avina/avu_robot/install/avu_moveit/share/avu_moveit/hook/cmake_prefix_path.dsv'
[0.600s] INFO:colcon.colcon_core.shell:Creating environment hook '/home/bhavin-avina/avu_robot/install/avu_moveit/share/avu_moveit/hook/cmake_prefix_path.sh'
[0.601s] Level 1:colcon.colcon_core.environment:checking '/home/bhavin-avina/avu_robot/install/avu_moveit/bin'
[0.601s] Level 1:colcon.colcon_core.environment:checking '/home/bhavin-avina/avu_robot/install/avu_moveit/lib/pkgconfig/avu_moveit.pc'
[0.601s] Level 1:colcon.colcon_core.environment:checking '/home/bhavin-avina/avu_robot/install/avu_moveit/lib/python3.12/site-packages'
[0.601s] Level 1:colcon.colcon_core.environment:checking '/home/bhavin-avina/avu_robot/install/avu_moveit/bin'
[0.602s] INFO:colcon.colcon_core.shell:Creating package script '/home/bhavin-avina/avu_robot/install/avu_moveit/share/avu_moveit/package.ps1'
[0.602s] INFO:colcon.colcon_core.shell:Creating package descriptor '/home/bhavin-avina/avu_robot/install/avu_moveit/share/avu_moveit/package.dsv'
[0.603s] INFO:colcon.colcon_core.shell:Creating package script '/home/bhavin-avina/avu_robot/install/avu_moveit/share/avu_moveit/package.sh'
[0.603s] INFO:colcon.colcon_core.shell:Creating package script '/home/bhavin-avina/avu_robot/install/avu_moveit/share/avu_moveit/package.bash'
[0.604s] INFO:colcon.colcon_core.shell:Creating package script '/home/bhavin-avina/avu_robot/install/avu_moveit/share/avu_moveit/package.zsh'
[0.604s] Level 1:colcon.colcon_core.environment:create_file_with_runtime_dependencies(/home/bhavin-avina/avu_robot/install/avu_moveit/share/colcon-core/packages/avu_moveit)
[1.006s] DEBUG:colcon.colcon_core.event_handler.log_command:Invoked command in '/home/bhavin-avina/avu_robot/build/pymoveit2' returned '0': CMAKE_PREFIX_PATH=${CMAKE_PREFIX_PATH}:/opt/ros/jazzy DEBUGINFOD_URLS=https://debuginfod.ubuntu.com /usr/bin/cmake --build /home/bhavin-avina/avu_robot/build/pymoveit2 -- -j4 -l4
[1.008s] DEBUG:colcon.colcon_core.event_handler.log_command:Invoking command in '/home/bhavin-avina/avu_robot/build/pymoveit2': CMAKE_PREFIX_PATH=${CMAKE_PREFIX_PATH}:/opt/ros/jazzy DEBUGINFOD_URLS=https://debuginfod.ubuntu.com /usr/bin/cmake --install /home/bhavin-avina/avu_robot/build/pymoveit2
[1.075s] Level 1:colcon.colcon_core.environment:create_environment_scripts_only(pymoveit2)
[1.075s] Level 1:colcon.colcon_core.environment:checking '/home/bhavin-avina/avu_robot/install/pymoveit2' for CMake module files
[1.076s] DEBUG:colcon.colcon_core.event_handler.log_command:Invoked command in '/home/bhavin-avina/avu_robot/build/pymoveit2' returned '0': CMAKE_PREFIX_PATH=${CMAKE_PREFIX_PATH}:/opt/ros/jazzy DEBUGINFOD_URLS=https://debuginfod.ubuntu.com /usr/bin/cmake --install /home/bhavin-avina/avu_robot/build/pymoveit2
[1.076s] Level 1:colcon.colcon_core.environment:checking '/home/bhavin-avina/avu_robot/install/pymoveit2' for CMake config files
[1.077s] Level 1:colcon.colcon_core.shell:create_environment_hook('pymoveit2', 'cmake_prefix_path')
[1.077s] INFO:colcon.colcon_core.shell:Creating environment hook '/home/bhavin-avina/avu_robot/install/pymoveit2/share/pymoveit2/hook/cmake_prefix_path.ps1'
[1.078s] INFO:colcon.colcon_core.shell:Creating environment descriptor '/home/bhavin-avina/avu_robot/install/pymoveit2/share/pymoveit2/hook/cmake_prefix_path.dsv'
[1.078s] INFO:colcon.colcon_core.shell:Creating environment hook '/home/bhavin-avina/avu_robot/install/pymoveit2/share/pymoveit2/hook/cmake_prefix_path.sh'
[1.079s] Level 1:colcon.colcon_core.environment:checking '/home/bhavin-avina/avu_robot/install/pymoveit2/lib'
[1.079s] Level 1:colcon.colcon_core.environment:checking '/home/bhavin-avina/avu_robot/install/pymoveit2/bin'
[1.079s] Level 1:colcon.colcon_core.environment:checking '/home/bhavin-avina/avu_robot/install/pymoveit2/lib/pkgconfig/pymoveit2.pc'
[1.079s] Level 1:colcon.colcon_core.environment:checking '/home/bhavin-avina/avu_robot/install/pymoveit2/lib/python3.12/site-packages'
[1.079s] Level 1:colcon.colcon_core.shell:create_environment_hook('pymoveit2', 'pythonpath')
[1.080s] INFO:colcon.colcon_core.shell:Creating environment hook '/home/bhavin-avina/avu_robot/install/pymoveit2/share/pymoveit2/hook/pythonpath.ps1'
[1.080s] INFO:colcon.colcon_core.shell:Creating environment descriptor '/home/bhavin-avina/avu_robot/install/pymoveit2/share/pymoveit2/hook/pythonpath.dsv'
[1.080s] INFO:colcon.colcon_core.shell:Creating environment hook '/home/bhavin-avina/avu_robot/install/pymoveit2/share/pymoveit2/hook/pythonpath.sh'
[1.081s] Level 1:colcon.colcon_core.environment:checking '/home/bhavin-avina/avu_robot/install/pymoveit2/bin'
[1.081s] INFO:colcon.colcon_core.shell:Creating package script '/home/bhavin-avina/avu_robot/install/pymoveit2/share/pymoveit2/package.ps1'
[1.082s] INFO:colcon.colcon_core.shell:Creating package descriptor '/home/bhavin-avina/avu_robot/install/pymoveit2/share/pymoveit2/package.dsv'
[1.082s] INFO:colcon.colcon_core.shell:Creating package script '/home/bhavin-avina/avu_robot/install/pymoveit2/share/pymoveit2/package.sh'
[1.083s] INFO:colcon.colcon_core.shell:Creating package script '/home/bhavin-avina/avu_robot/install/pymoveit2/share/pymoveit2/package.bash'
[1.083s] INFO:colcon.colcon_core.shell:Creating package script '/home/bhavin-avina/avu_robot/install/pymoveit2/share/pymoveit2/package.zsh'
[1.084s] Level 1:colcon.colcon_core.environment:create_file_with_runtime_dependencies(/home/bhavin-avina/avu_robot/install/pymoveit2/share/colcon-core/packages/pymoveit2)
[1.084s] Level 1:colcon.colcon_core.environment:create_environment_scripts_only(pymoveit2)
[1.084s] Level 1:colcon.colcon_core.environment:checking '/home/bhavin-avina/avu_robot/install/pymoveit2' for CMake module files
[1.085s] Level 1:colcon.colcon_core.environment:checking '/home/bhavin-avina/avu_robot/install/pymoveit2' for CMake config files
[1.086s] Level 1:colcon.colcon_core.shell:create_environment_hook('pymoveit2', 'cmake_prefix_path')
[1.086s] INFO:colcon.colcon_core.shell:Creating environment hook '/home/bhavin-avina/avu_robot/install/pymoveit2/share/pymoveit2/hook/cmake_prefix_path.ps1'
[1.086s] INFO:colcon.colcon_core.shell:Creating environment descriptor '/home/bhavin-avina/avu_robot/install/pymoveit2/share/pymoveit2/hook/cmake_prefix_path.dsv'
[1.087s] INFO:colcon.colcon_core.shell:Creating environment hook '/home/bhavin-avina/avu_robot/install/pymoveit2/share/pymoveit2/hook/cmake_prefix_path.sh'
[1.087s] Level 1:colcon.colcon_core.environment:checking '/home/bhavin-avina/avu_robot/install/pymoveit2/lib'
[1.087s] Level 1:colcon.colcon_core.environment:checking '/home/bhavin-avina/avu_robot/install/pymoveit2/bin'
[1.087s] Level 1:colcon.colcon_core.environment:checking '/home/bhavin-avina/avu_robot/install/pymoveit2/lib/pkgconfig/pymoveit2.pc'
[1.088s] Level 1:colcon.colcon_core.environment:checking '/home/bhavin-avina/avu_robot/install/pymoveit2/lib/python3.12/site-packages'
[1.088s] Level 1:colcon.colcon_core.shell:create_environment_hook('pymoveit2', 'pythonpath')
[1.088s] INFO:colcon.colcon_core.shell:Creating environment hook '/home/bhavin-avina/avu_robot/install/pymoveit2/share/pymoveit2/hook/pythonpath.ps1'
[1.088s] INFO:colcon.colcon_core.shell:Creating environment descriptor '/home/bhavin-avina/avu_robot/install/pymoveit2/share/pymoveit2/hook/pythonpath.dsv'
[1.089s] INFO:colcon.colcon_core.shell:Creating environment hook '/home/bhavin-avina/avu_robot/install/pymoveit2/share/pymoveit2/hook/pythonpath.sh'
[1.089s] Level 1:colcon.colcon_core.environment:checking '/home/bhavin-avina/avu_robot/install/pymoveit2/bin'
[1.090s] INFO:colcon.colcon_core.shell:Creating package script '/home/bhavin-avina/avu_robot/install/pymoveit2/share/pymoveit2/package.ps1'
[1.090s] INFO:colcon.colcon_core.shell:Creating package descriptor '/home/bhavin-avina/avu_robot/install/pymoveit2/share/pymoveit2/package.dsv'
[1.091s] INFO:colcon.colcon_core.shell:Creating package script '/home/bhavin-avina/avu_robot/install/pymoveit2/share/pymoveit2/package.sh'
[1.091s] INFO:colcon.colcon_core.shell:Creating package script '/home/bhavin-avina/avu_robot/install/pymoveit2/share/pymoveit2/package.bash'
[1.092s] INFO:colcon.colcon_core.shell:Creating package script '/home/bhavin-avina/avu_robot/install/pymoveit2/share/pymoveit2/package.zsh'
[1.092s] Level 1:colcon.colcon_core.environment:create_file_with_runtime_dependencies(/home/bhavin-avina/avu_robot/install/pymoveit2/share/colcon-core/packages/pymoveit2)
[1.093s] DEBUG:colcon.colcon_parallel_executor.executor.parallel:closing loop
[1.093s] DEBUG:colcon.colcon_parallel_executor.executor.parallel:loop closed
[1.093s] DEBUG:colcon.colcon_parallel_executor.executor.parallel:run_until_complete finished with '0'
[1.093s] DEBUG:colcon.colcon_core.event_reactor:joining thread
[1.100s] INFO:colcon.colcon_core.plugin_system:Skipping extension 'colcon_notification.desktop_notification.terminal_notifier': Not used on non-Darwin systems
[1.100s] INFO:colcon.colcon_core.plugin_system:Skipping extension 'colcon_notification.desktop_notification.win32': Not used on non-Windows systems
[1.100s] INFO:colcon.colcon_notification.desktop_notification:Sending desktop notification using 'notify2'
[1.124s] DEBUG:colcon.colcon_core.event_reactor:joined thread
[1.124s] INFO:colcon.colcon_core.shell:Creating prefix script '/home/bhavin-avina/avu_robot/install/local_setup.ps1'
[1.126s] INFO:colcon.colcon_core.shell:Creating prefix util module '/home/bhavin-avina/avu_robot/install/_local_setup_util_ps1.py'
[1.127s] INFO:colcon.colcon_core.shell:Creating prefix chain script '/home/bhavin-avina/avu_robot/install/setup.ps1'
[1.129s] INFO:colcon.colcon_core.shell:Creating prefix script '/home/bhavin-avina/avu_robot/install/local_setup.sh'
[1.130s] INFO:colcon.colcon_core.shell:Creating prefix util module '/home/bhavin-avina/avu_robot/install/_local_setup_util_sh.py'
[1.131s] INFO:colcon.colcon_core.shell:Creating prefix chain script '/home/bhavin-avina/avu_robot/install/setup.sh'
[1.133s] INFO:colcon.colcon_core.shell:Creating prefix script '/home/bhavin-avina/avu_robot/install/local_setup.bash'
[1.133s] INFO:colcon.colcon_core.shell:Creating prefix chain script '/home/bhavin-avina/avu_robot/install/setup.bash'
[1.135s] INFO:colcon.colcon_core.shell:Creating prefix script '/home/bhavin-avina/avu_robot/install/local_setup.zsh'
[1.136s] INFO:colcon.colcon_core.shell:Creating prefix chain script '/home/bhavin-avina/avu_robot/install/setup.zsh'
