[0.164s] DEBUG:colcon:Command line arguments: ['/usr/bin/colcon', 'build']
[0.164s] DEBUG:colcon:Parsed command line arguments: Namespace(log_base=None, log_level=None, verb_name='build', build_base='build', install_base='install', merge_install=False, symlink_install=False, test_result_base=None, continue_on_error=False, executor='parallel', parallel_workers=4, event_handlers=None, ignore_user_meta=False, metas=['./colcon.meta'], base_paths=['.'], packages_ignore=None, packages_ignore_regex=None, paths=None, packages_up_to=None, packages_up_to_regex=None, packages_above=None, packages_above_and_dependencies=None, packages_above_depth=None, packages_select_by_dep=None, packages_skip_by_dep=None, packages_skip_up_to=None, packages_select_build_failed=False, packages_skip_build_finished=False, packages_select_test_failures=False, packages_skip_test_passed=False, packages_select=None, packages_skip=None, packages_select_regex=None, packages_skip_regex=None, packages_start=None, packages_end=None, allow_overriding=[], cmake_args=None, cmake_target=None, cmake_target_skip_unavailable=False, cmake_clean_cache=False, cmake_clean_first=False, cmake_force_configure=False, ament_cmake_args=None, catkin_cmake_args=None, catkin_skip_building_tests=False, mixin_files=None, mixin=None, verb_parser=<colcon_mixin.mixin.mixin_argument.MixinArgumentDecorator object at 0x70f4017ae600>, verb_extension=<colcon_core.verb.build.BuildVerb object at 0x70f4017adeb0>, main=<bound method BuildVerb.main of <colcon_core.verb.build.BuildVerb object at 0x70f4017adeb0>>, mixin_verb=('build',))
[0.216s] Level 1:colcon.colcon_core.package_discovery:discover_packages(colcon_meta) check parameters
[0.216s] Level 1:colcon.colcon_core.package_discovery:discover_packages(recursive) check parameters
[0.216s] Level 1:colcon.colcon_core.package_discovery:discover_packages(ignore) check parameters
[0.216s] Level 1:colcon.colcon_core.package_discovery:discover_packages(path) check parameters
[0.216s] Level 1:colcon.colcon_core.package_discovery:discover_packages(colcon_meta) discover
[0.216s] Level 1:colcon.colcon_core.package_discovery:discover_packages(recursive) discover
[0.216s] INFO:colcon.colcon_core.package_discovery:Crawling recursively for packages in '/home/bhavin-avina/avu_robot'
[0.216s] Level 1:colcon.colcon_core.package_identification:_identify(.) by extensions ['ignore', 'ignore_ament_install']
[0.217s] Level 1:colcon.colcon_core.package_identification:_identify(.) by extension 'ignore'
[0.217s] Level 1:colcon.colcon_core.package_identification:_identify(.) by extension 'ignore_ament_install'
[0.217s] Level 1:colcon.colcon_core.package_identification:_identify(.) by extensions ['colcon_pkg']
[0.217s] Level 1:colcon.colcon_core.package_identification:_identify(.) by extension 'colcon_pkg'
[0.217s] Level 1:colcon.colcon_core.package_identification:_identify(.) by extensions ['colcon_meta']
[0.217s] Level 1:colcon.colcon_core.package_identification:_identify(.) by extension 'colcon_meta'
[0.217s] Level 1:colcon.colcon_core.package_identification:_identify(.) by extensions ['ros']
[0.217s] Level 1:colcon.colcon_core.package_identification:_identify(.) by extension 'ros'
[0.254s] Level 1:colcon.colcon_core.package_identification:_identify(.) by extensions ['cmake', 'python']
[0.254s] Level 1:colcon.colcon_core.package_identification:_identify(.) by extension 'cmake'
[0.254s] Level 1:colcon.colcon_core.package_identification:_identify(.) by extension 'python'
[0.254s] Level 1:colcon.colcon_core.package_identification:_identify(.) by extensions ['python_setup_py']
[0.254s] Level 1:colcon.colcon_core.package_identification:_identify(.) by extension 'python_setup_py'
[0.254s] Level 1:colcon.colcon_core.package_identification:_identify(build) by extensions ['ignore', 'ignore_ament_install']
[0.254s] Level 1:colcon.colcon_core.package_identification:_identify(build) by extension 'ignore'
[0.254s] Level 1:colcon.colcon_core.package_identification:_identify(build) ignored
[0.254s] Level 1:colcon.colcon_core.package_identification:_identify(episode_data1) by extensions ['ignore', 'ignore_ament_install']
[0.255s] Level 1:colcon.colcon_core.package_identification:_identify(episode_data1) by extension 'ignore'
[0.255s] Level 1:colcon.colcon_core.package_identification:_identify(episode_data1) by extension 'ignore_ament_install'
[0.255s] Level 1:colcon.colcon_core.package_identification:_identify(episode_data1) by extensions ['colcon_pkg']
[0.255s] Level 1:colcon.colcon_core.package_identification:_identify(episode_data1) by extension 'colcon_pkg'
[0.255s] Level 1:colcon.colcon_core.package_identification:_identify(episode_data1) by extensions ['colcon_meta']
[0.255s] Level 1:colcon.colcon_core.package_identification:_identify(episode_data1) by extension 'colcon_meta'
[0.255s] Level 1:colcon.colcon_core.package_identification:_identify(episode_data1) by extensions ['ros']
[0.255s] Level 1:colcon.colcon_core.package_identification:_identify(episode_data1) by extension 'ros'
[0.255s] Level 1:colcon.colcon_core.package_identification:_identify(episode_data1) by extensions ['cmake', 'python']
[0.255s] Level 1:colcon.colcon_core.package_identification:_identify(episode_data1) by extension 'cmake'
[0.255s] Level 1:colcon.colcon_core.package_identification:_identify(episode_data1) by extension 'python'
[0.255s] Level 1:colcon.colcon_core.package_identification:_identify(episode_data1) by extensions ['python_setup_py']
[0.255s] Level 1:colcon.colcon_core.package_identification:_identify(episode_data1) by extension 'python_setup_py'
[0.255s] Level 1:colcon.colcon_core.package_identification:_identify(episode_data1/episode_1) by extensions ['ignore', 'ignore_ament_install']
[0.256s] Level 1:colcon.colcon_core.package_identification:_identify(episode_data1/episode_1) by extension 'ignore'
[0.256s] Level 1:colcon.colcon_core.package_identification:_identify(episode_data1/episode_1) by extension 'ignore_ament_install'
[0.256s] Level 1:colcon.colcon_core.package_identification:_identify(episode_data1/episode_1) by extensions ['colcon_pkg']
[0.256s] Level 1:colcon.colcon_core.package_identification:_identify(episode_data1/episode_1) by extension 'colcon_pkg'
[0.256s] Level 1:colcon.colcon_core.package_identification:_identify(episode_data1/episode_1) by extensions ['colcon_meta']
[0.256s] Level 1:colcon.colcon_core.package_identification:_identify(episode_data1/episode_1) by extension 'colcon_meta'
[0.256s] Level 1:colcon.colcon_core.package_identification:_identify(episode_data1/episode_1) by extensions ['ros']
[0.256s] Level 1:colcon.colcon_core.package_identification:_identify(episode_data1/episode_1) by extension 'ros'
[0.256s] Level 1:colcon.colcon_core.package_identification:_identify(episode_data1/episode_1) by extensions ['cmake', 'python']
[0.256s] Level 1:colcon.colcon_core.package_identification:_identify(episode_data1/episode_1) by extension 'cmake'
[0.256s] Level 1:colcon.colcon_core.package_identification:_identify(episode_data1/episode_1) by extension 'python'
[0.256s] Level 1:colcon.colcon_core.package_identification:_identify(episode_data1/episode_1) by extensions ['python_setup_py']
[0.256s] Level 1:colcon.colcon_core.package_identification:_identify(episode_data1/episode_1) by extension 'python_setup_py'
[0.256s] Level 1:colcon.colcon_core.package_identification:_identify(install) by extensions ['ignore', 'ignore_ament_install']
[0.257s] Level 1:colcon.colcon_core.package_identification:_identify(install) by extension 'ignore'
[0.257s] Level 1:colcon.colcon_core.package_identification:_identify(install) ignored
[0.257s] Level 1:colcon.colcon_core.package_identification:_identify(log) by extensions ['ignore', 'ignore_ament_install']
[0.257s] Level 1:colcon.colcon_core.package_identification:_identify(log) by extension 'ignore'
[0.257s] Level 1:colcon.colcon_core.package_identification:_identify(log) ignored
[0.257s] Level 1:colcon.colcon_core.package_identification:_identify(src) by extensions ['ignore', 'ignore_ament_install']
[0.257s] Level 1:colcon.colcon_core.package_identification:_identify(src) by extension 'ignore'
[0.258s] Level 1:colcon.colcon_core.package_identification:_identify(src) by extension 'ignore_ament_install'
[0.258s] Level 1:colcon.colcon_core.package_identification:_identify(src) by extensions ['colcon_pkg']
[0.258s] Level 1:colcon.colcon_core.package_identification:_identify(src) by extension 'colcon_pkg'
[0.258s] Level 1:colcon.colcon_core.package_identification:_identify(src) by extensions ['colcon_meta']
[0.258s] Level 1:colcon.colcon_core.package_identification:_identify(src) by extension 'colcon_meta'
[0.258s] Level 1:colcon.colcon_core.package_identification:_identify(src) by extensions ['ros']
[0.258s] Level 1:colcon.colcon_core.package_identification:_identify(src) by extension 'ros'
[0.258s] Level 1:colcon.colcon_core.package_identification:_identify(src) by extensions ['cmake', 'python']
[0.258s] Level 1:colcon.colcon_core.package_identification:_identify(src) by extension 'cmake'
[0.258s] Level 1:colcon.colcon_core.package_identification:_identify(src) by extension 'python'
[0.258s] Level 1:colcon.colcon_core.package_identification:_identify(src) by extensions ['python_setup_py']
[0.258s] Level 1:colcon.colcon_core.package_identification:_identify(src) by extension 'python_setup_py'
[0.258s] Level 1:colcon.colcon_core.package_identification:_identify(src/avu_controller) by extensions ['ignore', 'ignore_ament_install']
[0.258s] Level 1:colcon.colcon_core.package_identification:_identify(src/avu_controller) by extension 'ignore'
[0.259s] Level 1:colcon.colcon_core.package_identification:_identify(src/avu_controller) by extension 'ignore_ament_install'
[0.259s] Level 1:colcon.colcon_core.package_identification:_identify(src/avu_controller) by extensions ['colcon_pkg']
[0.259s] Level 1:colcon.colcon_core.package_identification:_identify(src/avu_controller) by extension 'colcon_pkg'
[0.259s] Level 1:colcon.colcon_core.package_identification:_identify(src/avu_controller) by extensions ['colcon_meta']
[0.259s] Level 1:colcon.colcon_core.package_identification:_identify(src/avu_controller) by extension 'colcon_meta'
[0.259s] Level 1:colcon.colcon_core.package_identification:_identify(src/avu_controller) by extensions ['ros']
[0.259s] Level 1:colcon.colcon_core.package_identification:_identify(src/avu_controller) by extension 'ros'
[0.262s] DEBUG:colcon.colcon_core.package_identification:Package 'src/avu_controller' with type 'ros.ament_cmake' and name 'avu_controller'
[0.262s] Level 1:colcon.colcon_core.package_identification:_identify(src/avu_description) by extensions ['ignore', 'ignore_ament_install']
[0.262s] Level 1:colcon.colcon_core.package_identification:_identify(src/avu_description) by extension 'ignore'
[0.262s] Level 1:colcon.colcon_core.package_identification:_identify(src/avu_description) by extension 'ignore_ament_install'
[0.262s] Level 1:colcon.colcon_core.package_identification:_identify(src/avu_description) by extensions ['colcon_pkg']
[0.262s] Level 1:colcon.colcon_core.package_identification:_identify(src/avu_description) by extension 'colcon_pkg'
[0.263s] Level 1:colcon.colcon_core.package_identification:_identify(src/avu_description) by extensions ['colcon_meta']
[0.263s] Level 1:colcon.colcon_core.package_identification:_identify(src/avu_description) by extension 'colcon_meta'
[0.263s] Level 1:colcon.colcon_core.package_identification:_identify(src/avu_description) by extensions ['ros']
[0.263s] Level 1:colcon.colcon_core.package_identification:_identify(src/avu_description) by extension 'ros'
[0.264s] DEBUG:colcon.colcon_core.package_identification:Package 'src/avu_description' with type 'ros.ament_cmake' and name 'avu_description'
[0.264s] Level 1:colcon.colcon_core.package_identification:_identify(src/avu_moveit) by extensions ['ignore', 'ignore_ament_install']
[0.264s] Level 1:colcon.colcon_core.package_identification:_identify(src/avu_moveit) by extension 'ignore'
[0.264s] Level 1:colcon.colcon_core.package_identification:_identify(src/avu_moveit) by extension 'ignore_ament_install'
[0.264s] Level 1:colcon.colcon_core.package_identification:_identify(src/avu_moveit) by extensions ['colcon_pkg']
[0.264s] Level 1:colcon.colcon_core.package_identification:_identify(src/avu_moveit) by extension 'colcon_pkg'
[0.264s] Level 1:colcon.colcon_core.package_identification:_identify(src/avu_moveit) by extensions ['colcon_meta']
[0.264s] Level 1:colcon.colcon_core.package_identification:_identify(src/avu_moveit) by extension 'colcon_meta'
[0.264s] Level 1:colcon.colcon_core.package_identification:_identify(src/avu_moveit) by extensions ['ros']
[0.264s] Level 1:colcon.colcon_core.package_identification:_identify(src/avu_moveit) by extension 'ros'
[0.266s] DEBUG:colcon.colcon_core.package_identification:Package 'src/avu_moveit' with type 'ros.ament_cmake' and name 'avu_moveit'
[0.266s] Level 1:colcon.colcon_core.package_identification:_identify(src/pymoveit2) by extensions ['ignore', 'ignore_ament_install']
[0.266s] Level 1:colcon.colcon_core.package_identification:_identify(src/pymoveit2) by extension 'ignore'
[0.266s] Level 1:colcon.colcon_core.package_identification:_identify(src/pymoveit2) by extension 'ignore_ament_install'
[0.266s] Level 1:colcon.colcon_core.package_identification:_identify(src/pymoveit2) by extensions ['colcon_pkg']
[0.266s] Level 1:colcon.colcon_core.package_identification:_identify(src/pymoveit2) by extension 'colcon_pkg'
[0.266s] Level 1:colcon.colcon_core.package_identification:_identify(src/pymoveit2) by extensions ['colcon_meta']
[0.267s] Level 1:colcon.colcon_core.package_identification:_identify(src/pymoveit2) by extension 'colcon_meta'
[0.267s] Level 1:colcon.colcon_core.package_identification:_identify(src/pymoveit2) by extensions ['ros']
[0.267s] Level 1:colcon.colcon_core.package_identification:_identify(src/pymoveit2) by extension 'ros'
[0.267s] DEBUG:colcon.colcon_core.package_identification:Package 'src/pymoveit2' with type 'ros.ament_cmake' and name 'pymoveit2'
[0.267s] Level 1:colcon.colcon_core.package_discovery:discover_packages(recursive) using defaults
[0.268s] Level 1:colcon.colcon_core.package_discovery:discover_packages(ignore) discover
[0.268s] Level 1:colcon.colcon_core.package_discovery:discover_packages(ignore) using defaults
[0.268s] Level 1:colcon.colcon_core.package_discovery:discover_packages(path) discover
[0.268s] Level 1:colcon.colcon_core.package_discovery:discover_packages(path) using defaults
[0.291s] Level 1:colcon.colcon_core.package_discovery:discover_packages(prefix_path) check parameters
[0.291s] Level 1:colcon.colcon_core.package_discovery:discover_packages(prefix_path) discover
[0.294s] DEBUG:colcon.colcon_installed_package_information.package_discovery:Found 5 installed packages in /home/bhavin-avina/avu_robot/install
[0.297s] DEBUG:colcon.colcon_installed_package_information.package_discovery:Found 485 installed packages in /opt/ros/jazzy
[0.302s] Level 1:colcon.colcon_core.package_discovery:discover_packages(prefix_path) using defaults
[0.398s] Level 5:colcon.colcon_core.verb:set package 'avu_description' build argument 'cmake_args' from command line to 'None'
[0.398s] Level 5:colcon.colcon_core.verb:set package 'avu_description' build argument 'cmake_target' from command line to 'None'
[0.399s] Level 5:colcon.colcon_core.verb:set package 'avu_description' build argument 'cmake_target_skip_unavailable' from command line to 'False'
[0.399s] Level 5:colcon.colcon_core.verb:set package 'avu_description' build argument 'cmake_clean_cache' from command line to 'False'
[0.399s] Level 5:colcon.colcon_core.verb:set package 'avu_description' build argument 'cmake_clean_first' from command line to 'False'
[0.399s] Level 5:colcon.colcon_core.verb:set package 'avu_description' build argument 'cmake_force_configure' from command line to 'False'
[0.399s] Level 5:colcon.colcon_core.verb:set package 'avu_description' build argument 'ament_cmake_args' from command line to 'None'
[0.399s] Level 5:colcon.colcon_core.verb:set package 'avu_description' build argument 'catkin_cmake_args' from command line to 'None'
[0.399s] Level 5:colcon.colcon_core.verb:set package 'avu_description' build argument 'catkin_skip_building_tests' from command line to 'False'
[0.399s] DEBUG:colcon.colcon_core.verb:Building package 'avu_description' with the following arguments: {'ament_cmake_args': None, 'build_base': '/home/bhavin-avina/avu_robot/build/avu_description', 'catkin_cmake_args': None, 'catkin_skip_building_tests': False, 'cmake_args': None, 'cmake_clean_cache': False, 'cmake_clean_first': False, 'cmake_force_configure': False, 'cmake_target': None, 'cmake_target_skip_unavailable': False, 'install_base': '/home/bhavin-avina/avu_robot/install/avu_description', 'merge_install': False, 'path': '/home/bhavin-avina/avu_robot/src/avu_description', 'symlink_install': False, 'test_result_base': None}
[0.399s] Level 5:colcon.colcon_core.verb:set package 'pymoveit2' build argument 'cmake_args' from command line to 'None'
[0.399s] Level 5:colcon.colcon_core.verb:set package 'pymoveit2' build argument 'cmake_target' from command line to 'None'
[0.399s] Level 5:colcon.colcon_core.verb:set package 'pymoveit2' build argument 'cmake_target_skip_unavailable' from command line to 'False'
[0.399s] Level 5:colcon.colcon_core.verb:set package 'pymoveit2' build argument 'cmake_clean_cache' from command line to 'False'
[0.399s] Level 5:colcon.colcon_core.verb:set package 'pymoveit2' build argument 'cmake_clean_first' from command line to 'False'
[0.399s] Level 5:colcon.colcon_core.verb:set package 'pymoveit2' build argument 'cmake_force_configure' from command line to 'False'
[0.400s] Level 5:colcon.colcon_core.verb:set package 'pymoveit2' build argument 'ament_cmake_args' from command line to 'None'
[0.400s] Level 5:colcon.colcon_core.verb:set package 'pymoveit2' build argument 'catkin_cmake_args' from command line to 'None'
[0.400s] Level 5:colcon.colcon_core.verb:set package 'pymoveit2' build argument 'catkin_skip_building_tests' from command line to 'False'
[0.400s] DEBUG:colcon.colcon_core.verb:Building package 'pymoveit2' with the following arguments: {'ament_cmake_args': None, 'build_base': '/home/bhavin-avina/avu_robot/build/pymoveit2', 'catkin_cmake_args': None, 'catkin_skip_building_tests': False, 'cmake_args': None, 'cmake_clean_cache': False, 'cmake_clean_first': False, 'cmake_force_configure': False, 'cmake_target': None, 'cmake_target_skip_unavailable': False, 'install_base': '/home/bhavin-avina/avu_robot/install/pymoveit2', 'merge_install': False, 'path': '/home/bhavin-avina/avu_robot/src/pymoveit2', 'symlink_install': False, 'test_result_base': None}
[0.400s] Level 5:colcon.colcon_core.verb:set package 'avu_controller' build argument 'cmake_args' from command line to 'None'
[0.400s] Level 5:colcon.colcon_core.verb:set package 'avu_controller' build argument 'cmake_target' from command line to 'None'
[0.400s] Level 5:colcon.colcon_core.verb:set package 'avu_controller' build argument 'cmake_target_skip_unavailable' from command line to 'False'
[0.400s] Level 5:colcon.colcon_core.verb:set package 'avu_controller' build argument 'cmake_clean_cache' from command line to 'False'
[0.400s] Level 5:colcon.colcon_core.verb:set package 'avu_controller' build argument 'cmake_clean_first' from command line to 'False'
[0.400s] Level 5:colcon.colcon_core.verb:set package 'avu_controller' build argument 'cmake_force_configure' from command line to 'False'
[0.400s] Level 5:colcon.colcon_core.verb:set package 'avu_controller' build argument 'ament_cmake_args' from command line to 'None'
[0.400s] Level 5:colcon.colcon_core.verb:set package 'avu_controller' build argument 'catkin_cmake_args' from command line to 'None'
[0.400s] Level 5:colcon.colcon_core.verb:set package 'avu_controller' build argument 'catkin_skip_building_tests' from command line to 'False'
[0.400s] DEBUG:colcon.colcon_core.verb:Building package 'avu_controller' with the following arguments: {'ament_cmake_args': None, 'build_base': '/home/bhavin-avina/avu_robot/build/avu_controller', 'catkin_cmake_args': None, 'catkin_skip_building_tests': False, 'cmake_args': None, 'cmake_clean_cache': False, 'cmake_clean_first': False, 'cmake_force_configure': False, 'cmake_target': None, 'cmake_target_skip_unavailable': False, 'install_base': '/home/bhavin-avina/avu_robot/install/avu_controller', 'merge_install': False, 'path': '/home/bhavin-avina/avu_robot/src/avu_controller', 'symlink_install': False, 'test_result_base': None}
[0.401s] Level 5:colcon.colcon_core.verb:set package 'avu_moveit' build argument 'cmake_args' from command line to 'None'
[0.401s] Level 5:colcon.colcon_core.verb:set package 'avu_moveit' build argument 'cmake_target' from command line to 'None'
[0.401s] Level 5:colcon.colcon_core.verb:set package 'avu_moveit' build argument 'cmake_target_skip_unavailable' from command line to 'False'
[0.401s] Level 5:colcon.colcon_core.verb:set package 'avu_moveit' build argument 'cmake_clean_cache' from command line to 'False'
[0.401s] Level 5:colcon.colcon_core.verb:set package 'avu_moveit' build argument 'cmake_clean_first' from command line to 'False'
[0.401s] Level 5:colcon.colcon_core.verb:set package 'avu_moveit' build argument 'cmake_force_configure' from command line to 'False'
[0.401s] Level 5:colcon.colcon_core.verb:set package 'avu_moveit' build argument 'ament_cmake_args' from command line to 'None'
[0.401s] Level 5:colcon.colcon_core.verb:set package 'avu_moveit' build argument 'catkin_cmake_args' from command line to 'None'
[0.401s] Level 5:colcon.colcon_core.verb:set package 'avu_moveit' build argument 'catkin_skip_building_tests' from command line to 'False'
[0.401s] DEBUG:colcon.colcon_core.verb:Building package 'avu_moveit' with the following arguments: {'ament_cmake_args': None, 'build_base': '/home/bhavin-avina/avu_robot/build/avu_moveit', 'catkin_cmake_args': None, 'catkin_skip_building_tests': False, 'cmake_args': None, 'cmake_clean_cache': False, 'cmake_clean_first': False, 'cmake_force_configure': False, 'cmake_target': None, 'cmake_target_skip_unavailable': False, 'install_base': '/home/bhavin-avina/avu_robot/install/avu_moveit', 'merge_install': False, 'path': '/home/bhavin-avina/avu_robot/src/avu_moveit', 'symlink_install': False, 'test_result_base': None}
[0.401s] INFO:colcon.colcon_core.executor:Executing jobs using 'parallel' executor
[0.403s] DEBUG:colcon.colcon_parallel_executor.executor.parallel:run_until_complete
[0.403s] INFO:colcon.colcon_ros.task.ament_cmake.build:Building ROS package in '/home/bhavin-avina/avu_robot/src/avu_description' with build type 'ament_cmake'
[0.403s] INFO:colcon.colcon_cmake.task.cmake.build:Building CMake package in '/home/bhavin-avina/avu_robot/src/avu_description'
[0.412s] INFO:colcon.colcon_core.plugin_system:Skipping extension 'colcon_core.shell.bat': Not used on non-Windows systems
[0.413s] INFO:colcon.colcon_core.shell:Skip shell extension 'powershell' for command environment: Not usable outside of PowerShell
[0.413s] DEBUG:colcon.colcon_core.shell:Skip shell extension 'dsv' for command environment
[0.421s] INFO:colcon.colcon_ros.task.ament_cmake.build:Building ROS package in '/home/bhavin-avina/avu_robot/src/pymoveit2' with build type 'ament_cmake'
[0.421s] INFO:colcon.colcon_cmake.task.cmake.build:Building CMake package in '/home/bhavin-avina/avu_robot/src/pymoveit2'
[0.421s] INFO:colcon.colcon_core.shell:Skip shell extension 'powershell' for command environment: Not usable outside of PowerShell
[0.422s] DEBUG:colcon.colcon_core.shell:Skip shell extension 'dsv' for command environment
[0.433s] DEBUG:colcon.colcon_core.event_handler.log_command:Invoking command in '/home/bhavin-avina/avu_robot/build/avu_description': CMAKE_PREFIX_PATH=${CMAKE_PREFIX_PATH}:/opt/ros/jazzy DEBUGINFOD_URLS=https://debuginfod.ubuntu.com /usr/bin/cmake --build /home/bhavin-avina/avu_robot/build/avu_description -- -j4 -l4
[0.464s] DEBUG:colcon.colcon_core.event_handler.log_command:Invoking command in '/home/bhavin-avina/avu_robot/build/pymoveit2': CMAKE_PREFIX_PATH=${CMAKE_PREFIX_PATH}:/opt/ros/jazzy DEBUGINFOD_URLS=https://debuginfod.ubuntu.com /usr/bin/cmake --build /home/bhavin-avina/avu_robot/build/pymoveit2 -- -j4 -l4
[0.495s] DEBUG:colcon.colcon_core.event_handler.log_command:Invoked command in '/home/bhavin-avina/avu_robot/build/avu_description' returned '0': CMAKE_PREFIX_PATH=${CMAKE_PREFIX_PATH}:/opt/ros/jazzy DEBUGINFOD_URLS=https://debuginfod.ubuntu.com /usr/bin/cmake --build /home/bhavin-avina/avu_robot/build/avu_description -- -j4 -l4
[0.509s] DEBUG:colcon.colcon_core.event_handler.log_command:Invoking command in '/home/bhavin-avina/avu_robot/build/avu_description': CMAKE_PREFIX_PATH=${CMAKE_PREFIX_PATH}:/opt/ros/jazzy DEBUGINFOD_URLS=https://debuginfod.ubuntu.com /usr/bin/cmake --install /home/bhavin-avina/avu_robot/build/avu_description
[0.524s] Level 1:colcon.colcon_core.environment:create_environment_scripts_only(avu_description)
[0.530s] Level 1:colcon.colcon_core.environment:checking '/home/bhavin-avina/avu_robot/install/avu_description' for CMake module files
[0.530s] Level 1:colcon.colcon_core.environment:checking '/home/bhavin-avina/avu_robot/install/avu_description' for CMake config files
[0.531s] Level 1:colcon.colcon_core.shell:create_environment_hook('avu_description', 'cmake_prefix_path')
[0.531s] INFO:colcon.colcon_core.shell:Creating environment hook '/home/bhavin-avina/avu_robot/install/avu_description/share/avu_description/hook/cmake_prefix_path.ps1'
[0.532s] INFO:colcon.colcon_core.shell:Creating environment descriptor '/home/bhavin-avina/avu_robot/install/avu_description/share/avu_description/hook/cmake_prefix_path.dsv'
[0.535s] DEBUG:colcon.colcon_core.event_handler.log_command:Invoked command in '/home/bhavin-avina/avu_robot/build/avu_description' returned '0': CMAKE_PREFIX_PATH=${CMAKE_PREFIX_PATH}:/opt/ros/jazzy DEBUGINFOD_URLS=https://debuginfod.ubuntu.com /usr/bin/cmake --install /home/bhavin-avina/avu_robot/build/avu_description
[0.535s] INFO:colcon.colcon_core.shell:Creating environment hook '/home/bhavin-avina/avu_robot/install/avu_description/share/avu_description/hook/cmake_prefix_path.sh'
[0.537s] Level 1:colcon.colcon_core.environment:checking '/home/bhavin-avina/avu_robot/install/avu_description/bin'
[0.537s] Level 1:colcon.colcon_core.environment:checking '/home/bhavin-avina/avu_robot/install/avu_description/lib/pkgconfig/avu_description.pc'
[0.537s] Level 1:colcon.colcon_core.environment:checking '/home/bhavin-avina/avu_robot/install/avu_description/lib/python3.12/site-packages'
[0.537s] Level 1:colcon.colcon_core.environment:checking '/home/bhavin-avina/avu_robot/install/avu_description/bin'
[0.538s] INFO:colcon.colcon_core.shell:Creating package script '/home/bhavin-avina/avu_robot/install/avu_description/share/avu_description/package.ps1'
[0.539s] INFO:colcon.colcon_core.shell:Creating package descriptor '/home/bhavin-avina/avu_robot/install/avu_description/share/avu_description/package.dsv'
[0.539s] INFO:colcon.colcon_core.shell:Creating package script '/home/bhavin-avina/avu_robot/install/avu_description/share/avu_description/package.sh'
[0.540s] INFO:colcon.colcon_core.shell:Creating package script '/home/bhavin-avina/avu_robot/install/avu_description/share/avu_description/package.bash'
[0.541s] INFO:colcon.colcon_core.shell:Creating package script '/home/bhavin-avina/avu_robot/install/avu_description/share/avu_description/package.zsh'
[0.542s] Level 1:colcon.colcon_core.environment:create_file_with_runtime_dependencies(/home/bhavin-avina/avu_robot/install/avu_description/share/colcon-core/packages/avu_description)
[0.542s] Level 1:colcon.colcon_core.environment:create_environment_scripts_only(avu_description)
[0.543s] Level 1:colcon.colcon_core.environment:checking '/home/bhavin-avina/avu_robot/install/avu_description' for CMake module files
[0.543s] Level 1:colcon.colcon_core.environment:checking '/home/bhavin-avina/avu_robot/install/avu_description' for CMake config files
[0.544s] Level 1:colcon.colcon_core.shell:create_environment_hook('avu_description', 'cmake_prefix_path')
[0.544s] INFO:colcon.colcon_core.shell:Creating environment hook '/home/bhavin-avina/avu_robot/install/avu_description/share/avu_description/hook/cmake_prefix_path.ps1'
[0.544s] INFO:colcon.colcon_core.shell:Creating environment descriptor '/home/bhavin-avina/avu_robot/install/avu_description/share/avu_description/hook/cmake_prefix_path.dsv'
[0.545s] INFO:colcon.colcon_core.shell:Creating environment hook '/home/bhavin-avina/avu_robot/install/avu_description/share/avu_description/hook/cmake_prefix_path.sh'
[0.546s] Level 1:colcon.colcon_core.environment:checking '/home/bhavin-avina/avu_robot/install/avu_description/bin'
[0.546s] Level 1:colcon.colcon_core.environment:checking '/home/bhavin-avina/avu_robot/install/avu_description/lib/pkgconfig/avu_description.pc'
[0.546s] Level 1:colcon.colcon_core.environment:checking '/home/bhavin-avina/avu_robot/install/avu_description/lib/python3.12/site-packages'
[0.546s] Level 1:colcon.colcon_core.environment:checking '/home/bhavin-avina/avu_robot/install/avu_description/bin'
[0.546s] INFO:colcon.colcon_core.shell:Creating package script '/home/bhavin-avina/avu_robot/install/avu_description/share/avu_description/package.ps1'
[0.547s] INFO:colcon.colcon_core.shell:Creating package descriptor '/home/bhavin-avina/avu_robot/install/avu_description/share/avu_description/package.dsv'
[0.548s] INFO:colcon.colcon_core.shell:Creating package script '/home/bhavin-avina/avu_robot/install/avu_description/share/avu_description/package.sh'
[0.548s] INFO:colcon.colcon_core.shell:Creating package script '/home/bhavin-avina/avu_robot/install/avu_description/share/avu_description/package.bash'
[0.549s] INFO:colcon.colcon_core.shell:Creating package script '/home/bhavin-avina/avu_robot/install/avu_description/share/avu_description/package.zsh'
[0.549s] Level 1:colcon.colcon_core.environment:create_file_with_runtime_dependencies(/home/bhavin-avina/avu_robot/install/avu_description/share/colcon-core/packages/avu_description)
[0.550s] INFO:colcon.colcon_ros.task.ament_cmake.build:Building ROS package in '/home/bhavin-avina/avu_robot/src/avu_controller' with build type 'ament_cmake'
[0.550s] INFO:colcon.colcon_cmake.task.cmake.build:Building CMake package in '/home/bhavin-avina/avu_robot/src/avu_controller'
[0.550s] INFO:colcon.colcon_core.shell:Skip shell extension 'powershell' for command environment: Not usable outside of PowerShell
[0.550s] DEBUG:colcon.colcon_core.shell:Skip shell extension 'dsv' for command environment
[0.564s] INFO:colcon.colcon_ros.task.ament_cmake.build:Building ROS package in '/home/bhavin-avina/avu_robot/src/avu_moveit' with build type 'ament_cmake'
[0.564s] INFO:colcon.colcon_cmake.task.cmake.build:Building CMake package in '/home/bhavin-avina/avu_robot/src/avu_moveit'
[0.565s] INFO:colcon.colcon_core.shell:Skip shell extension 'powershell' for command environment: Not usable outside of PowerShell
[0.565s] DEBUG:colcon.colcon_core.shell:Skip shell extension 'dsv' for command environment
[0.578s] DEBUG:colcon.colcon_core.event_handler.log_command:Invoking command in '/home/bhavin-avina/avu_robot/build/avu_controller': CMAKE_PREFIX_PATH=/home/bhavin-avina/avu_robot/install/avu_description:/home/bhavin-avina/avu_robot/install/pymoveit2:/home/bhavin-avina/avu_robot/install/moveit2:/home/bhavin-avina/avu_robot/install/avu_moveit:/home/bhavin-avina/avu_robot/install/avu_controller:/opt/ros/jazzy/opt/gz_sim_vendor:/opt/ros/jazzy/opt/gz_sensors_vendor:/opt/ros/jazzy/opt/gz_physics_vendor:/opt/ros/jazzy/opt/sdformat_vendor:/opt/ros/jazzy/opt/gz_gui_vendor:/opt/ros/jazzy/opt/gz_transport_vendor:/opt/ros/jazzy/opt/gz_rendering_vendor:/opt/ros/jazzy/opt/gz_plugin_vendor:/opt/ros/jazzy/opt/gz_fuel_tools_vendor:/opt/ros/jazzy/opt/gz_msgs_vendor:/opt/ros/jazzy/opt/gz_common_vendor:/opt/ros/jazzy/opt/gz_math_vendor:/opt/ros/jazzy/opt/gz_utils_vendor:/opt/ros/jazzy/opt/gz_tools_vendor:/opt/ros/jazzy/opt/gz_ogre_next_vendor:/opt/ros/jazzy/opt/gz_dartsim_vendor:/opt/ros/jazzy/opt/gz_cmake_vendor:/opt/ros/jazzy DEBUGINFOD_URLS=https://debuginfod.ubuntu.com /usr/bin/cmake --build /home/bhavin-avina/avu_robot/build/avu_controller -- -j4 -l4
[0.592s] DEBUG:colcon.colcon_core.event_handler.log_command:Invoking command in '/home/bhavin-avina/avu_robot/build/avu_moveit': CMAKE_PREFIX_PATH=/home/bhavin-avina/avu_robot/install/avu_description:/home/bhavin-avina/avu_robot/install/pymoveit2:/home/bhavin-avina/avu_robot/install/moveit2:/home/bhavin-avina/avu_robot/install/avu_moveit:/home/bhavin-avina/avu_robot/install/avu_controller:/opt/ros/jazzy/opt/gz_sim_vendor:/opt/ros/jazzy/opt/gz_sensors_vendor:/opt/ros/jazzy/opt/gz_physics_vendor:/opt/ros/jazzy/opt/sdformat_vendor:/opt/ros/jazzy/opt/gz_gui_vendor:/opt/ros/jazzy/opt/gz_transport_vendor:/opt/ros/jazzy/opt/gz_rendering_vendor:/opt/ros/jazzy/opt/gz_plugin_vendor:/opt/ros/jazzy/opt/gz_fuel_tools_vendor:/opt/ros/jazzy/opt/gz_msgs_vendor:/opt/ros/jazzy/opt/gz_common_vendor:/opt/ros/jazzy/opt/gz_math_vendor:/opt/ros/jazzy/opt/gz_utils_vendor:/opt/ros/jazzy/opt/gz_tools_vendor:/opt/ros/jazzy/opt/gz_ogre_next_vendor:/opt/ros/jazzy/opt/gz_dartsim_vendor:/opt/ros/jazzy/opt/gz_cmake_vendor:/opt/ros/jazzy DEBUGINFOD_URLS=https://debuginfod.ubuntu.com /usr/bin/cmake --build /home/bhavin-avina/avu_robot/build/avu_moveit -- -j4 -l4
[0.674s] DEBUG:colcon.colcon_core.event_handler.log_command:Invoked command in '/home/bhavin-avina/avu_robot/build/avu_controller' returned '0': CMAKE_PREFIX_PATH=/home/bhavin-avina/avu_robot/install/avu_description:/home/bhavin-avina/avu_robot/install/pymoveit2:/home/bhavin-avina/avu_robot/install/moveit2:/home/bhavin-avina/avu_robot/install/avu_moveit:/home/bhavin-avina/avu_robot/install/avu_controller:/opt/ros/jazzy/opt/gz_sim_vendor:/opt/ros/jazzy/opt/gz_sensors_vendor:/opt/ros/jazzy/opt/gz_physics_vendor:/opt/ros/jazzy/opt/sdformat_vendor:/opt/ros/jazzy/opt/gz_gui_vendor:/opt/ros/jazzy/opt/gz_transport_vendor:/opt/ros/jazzy/opt/gz_rendering_vendor:/opt/ros/jazzy/opt/gz_plugin_vendor:/opt/ros/jazzy/opt/gz_fuel_tools_vendor:/opt/ros/jazzy/opt/gz_msgs_vendor:/opt/ros/jazzy/opt/gz_common_vendor:/opt/ros/jazzy/opt/gz_math_vendor:/opt/ros/jazzy/opt/gz_utils_vendor:/opt/ros/jazzy/opt/gz_tools_vendor:/opt/ros/jazzy/opt/gz_ogre_next_vendor:/opt/ros/jazzy/opt/gz_dartsim_vendor:/opt/ros/jazzy/opt/gz_cmake_vendor:/opt/ros/jazzy DEBUGINFOD_URLS=https://debuginfod.ubuntu.com /usr/bin/cmake --build /home/bhavin-avina/avu_robot/build/avu_controller -- -j4 -l4
[0.675s] DEBUG:colcon.colcon_core.event_handler.log_command:Invoking command in '/home/bhavin-avina/avu_robot/build/avu_controller': CMAKE_PREFIX_PATH=/home/bhavin-avina/avu_robot/install/avu_description:/home/bhavin-avina/avu_robot/install/pymoveit2:/home/bhavin-avina/avu_robot/install/moveit2:/home/bhavin-avina/avu_robot/install/avu_moveit:/home/bhavin-avina/avu_robot/install/avu_controller:/opt/ros/jazzy/opt/gz_sim_vendor:/opt/ros/jazzy/opt/gz_sensors_vendor:/opt/ros/jazzy/opt/gz_physics_vendor:/opt/ros/jazzy/opt/sdformat_vendor:/opt/ros/jazzy/opt/gz_gui_vendor:/opt/ros/jazzy/opt/gz_transport_vendor:/opt/ros/jazzy/opt/gz_rendering_vendor:/opt/ros/jazzy/opt/gz_plugin_vendor:/opt/ros/jazzy/opt/gz_fuel_tools_vendor:/opt/ros/jazzy/opt/gz_msgs_vendor:/opt/ros/jazzy/opt/gz_common_vendor:/opt/ros/jazzy/opt/gz_math_vendor:/opt/ros/jazzy/opt/gz_utils_vendor:/opt/ros/jazzy/opt/gz_tools_vendor:/opt/ros/jazzy/opt/gz_ogre_next_vendor:/opt/ros/jazzy/opt/gz_dartsim_vendor:/opt/ros/jazzy/opt/gz_cmake_vendor:/opt/ros/jazzy DEBUGINFOD_URLS=https://debuginfod.ubuntu.com /usr/bin/cmake --install /home/bhavin-avina/avu_robot/build/avu_controller
[0.680s] DEBUG:colcon.colcon_core.event_handler.log_command:Invoked command in '/home/bhavin-avina/avu_robot/build/avu_moveit' returned '0': CMAKE_PREFIX_PATH=/home/bhavin-avina/avu_robot/install/avu_description:/home/bhavin-avina/avu_robot/install/pymoveit2:/home/bhavin-avina/avu_robot/install/moveit2:/home/bhavin-avina/avu_robot/install/avu_moveit:/home/bhavin-avina/avu_robot/install/avu_controller:/opt/ros/jazzy/opt/gz_sim_vendor:/opt/ros/jazzy/opt/gz_sensors_vendor:/opt/ros/jazzy/opt/gz_physics_vendor:/opt/ros/jazzy/opt/sdformat_vendor:/opt/ros/jazzy/opt/gz_gui_vendor:/opt/ros/jazzy/opt/gz_transport_vendor:/opt/ros/jazzy/opt/gz_rendering_vendor:/opt/ros/jazzy/opt/gz_plugin_vendor:/opt/ros/jazzy/opt/gz_fuel_tools_vendor:/opt/ros/jazzy/opt/gz_msgs_vendor:/opt/ros/jazzy/opt/gz_common_vendor:/opt/ros/jazzy/opt/gz_math_vendor:/opt/ros/jazzy/opt/gz_utils_vendor:/opt/ros/jazzy/opt/gz_tools_vendor:/opt/ros/jazzy/opt/gz_ogre_next_vendor:/opt/ros/jazzy/opt/gz_dartsim_vendor:/opt/ros/jazzy/opt/gz_cmake_vendor:/opt/ros/jazzy DEBUGINFOD_URLS=https://debuginfod.ubuntu.com /usr/bin/cmake --build /home/bhavin-avina/avu_robot/build/avu_moveit -- -j4 -l4
[0.680s] DEBUG:colcon.colcon_core.event_handler.log_command:Invoking command in '/home/bhavin-avina/avu_robot/build/avu_moveit': CMAKE_PREFIX_PATH=/home/bhavin-avina/avu_robot/install/avu_description:/home/bhavin-avina/avu_robot/install/pymoveit2:/home/bhavin-avina/avu_robot/install/moveit2:/home/bhavin-avina/avu_robot/install/avu_moveit:/home/bhavin-avina/avu_robot/install/avu_controller:/opt/ros/jazzy/opt/gz_sim_vendor:/opt/ros/jazzy/opt/gz_sensors_vendor:/opt/ros/jazzy/opt/gz_physics_vendor:/opt/ros/jazzy/opt/sdformat_vendor:/opt/ros/jazzy/opt/gz_gui_vendor:/opt/ros/jazzy/opt/gz_transport_vendor:/opt/ros/jazzy/opt/gz_rendering_vendor:/opt/ros/jazzy/opt/gz_plugin_vendor:/opt/ros/jazzy/opt/gz_fuel_tools_vendor:/opt/ros/jazzy/opt/gz_msgs_vendor:/opt/ros/jazzy/opt/gz_common_vendor:/opt/ros/jazzy/opt/gz_math_vendor:/opt/ros/jazzy/opt/gz_utils_vendor:/opt/ros/jazzy/opt/gz_tools_vendor:/opt/ros/jazzy/opt/gz_ogre_next_vendor:/opt/ros/jazzy/opt/gz_dartsim_vendor:/opt/ros/jazzy/opt/gz_cmake_vendor:/opt/ros/jazzy DEBUGINFOD_URLS=https://debuginfod.ubuntu.com /usr/bin/cmake --install /home/bhavin-avina/avu_robot/build/avu_moveit
[0.722s] Level 1:colcon.colcon_core.environment:create_environment_scripts_only(avu_controller)
[0.722s] Level 1:colcon.colcon_core.environment:checking '/home/bhavin-avina/avu_robot/install/avu_controller' for CMake module files
[0.723s] Level 1:colcon.colcon_core.environment:checking '/home/bhavin-avina/avu_robot/install/avu_controller' for CMake config files
[0.723s] Level 1:colcon.colcon_core.shell:create_environment_hook('avu_controller', 'cmake_prefix_path')
[0.724s] INFO:colcon.colcon_core.shell:Creating environment hook '/home/bhavin-avina/avu_robot/install/avu_controller/share/avu_controller/hook/cmake_prefix_path.ps1'
[0.727s] INFO:colcon.colcon_core.shell:Creating environment descriptor '/home/bhavin-avina/avu_robot/install/avu_controller/share/avu_controller/hook/cmake_prefix_path.dsv'
[0.728s] INFO:colcon.colcon_core.shell:Creating environment hook '/home/bhavin-avina/avu_robot/install/avu_controller/share/avu_controller/hook/cmake_prefix_path.sh'
[0.729s] DEBUG:colcon.colcon_core.event_handler.log_command:Invoked command in '/home/bhavin-avina/avu_robot/build/avu_controller' returned '0': CMAKE_PREFIX_PATH=/home/bhavin-avina/avu_robot/install/avu_description:/home/bhavin-avina/avu_robot/install/pymoveit2:/home/bhavin-avina/avu_robot/install/moveit2:/home/bhavin-avina/avu_robot/install/avu_moveit:/home/bhavin-avina/avu_robot/install/avu_controller:/opt/ros/jazzy/opt/gz_sim_vendor:/opt/ros/jazzy/opt/gz_sensors_vendor:/opt/ros/jazzy/opt/gz_physics_vendor:/opt/ros/jazzy/opt/sdformat_vendor:/opt/ros/jazzy/opt/gz_gui_vendor:/opt/ros/jazzy/opt/gz_transport_vendor:/opt/ros/jazzy/opt/gz_rendering_vendor:/opt/ros/jazzy/opt/gz_plugin_vendor:/opt/ros/jazzy/opt/gz_fuel_tools_vendor:/opt/ros/jazzy/opt/gz_msgs_vendor:/opt/ros/jazzy/opt/gz_common_vendor:/opt/ros/jazzy/opt/gz_math_vendor:/opt/ros/jazzy/opt/gz_utils_vendor:/opt/ros/jazzy/opt/gz_tools_vendor:/opt/ros/jazzy/opt/gz_ogre_next_vendor:/opt/ros/jazzy/opt/gz_dartsim_vendor:/opt/ros/jazzy/opt/gz_cmake_vendor:/opt/ros/jazzy DEBUGINFOD_URLS=https://debuginfod.ubuntu.com /usr/bin/cmake --install /home/bhavin-avina/avu_robot/build/avu_controller
[0.730s] Level 1:colcon.colcon_core.environment:checking '/home/bhavin-avina/avu_robot/install/avu_controller/bin'
[0.730s] Level 1:colcon.colcon_core.environment:checking '/home/bhavin-avina/avu_robot/install/avu_controller/lib/pkgconfig/avu_controller.pc'
[0.735s] Level 1:colcon.colcon_core.environment:checking '/home/bhavin-avina/avu_robot/install/avu_controller/lib/python3.12/site-packages'
[0.736s] Level 1:colcon.colcon_core.environment:checking '/home/bhavin-avina/avu_robot/install/avu_controller/bin'
[0.736s] INFO:colcon.colcon_core.shell:Creating package script '/home/bhavin-avina/avu_robot/install/avu_controller/share/avu_controller/package.ps1'
[0.739s] INFO:colcon.colcon_core.shell:Creating package descriptor '/home/bhavin-avina/avu_robot/install/avu_controller/share/avu_controller/package.dsv'
[0.741s] INFO:colcon.colcon_core.shell:Creating package script '/home/bhavin-avina/avu_robot/install/avu_controller/share/avu_controller/package.sh'
[0.743s] INFO:colcon.colcon_core.shell:Creating package script '/home/bhavin-avina/avu_robot/install/avu_controller/share/avu_controller/package.bash'
[0.744s] INFO:colcon.colcon_core.shell:Creating package script '/home/bhavin-avina/avu_robot/install/avu_controller/share/avu_controller/package.zsh'
[0.747s] Level 1:colcon.colcon_core.environment:create_file_with_runtime_dependencies(/home/bhavin-avina/avu_robot/install/avu_controller/share/colcon-core/packages/avu_controller)
[0.752s] Level 1:colcon.colcon_core.environment:create_environment_scripts_only(avu_controller)
[0.753s] Level 1:colcon.colcon_core.environment:checking '/home/bhavin-avina/avu_robot/install/avu_controller' for CMake module files
[0.754s] Level 1:colcon.colcon_core.environment:checking '/home/bhavin-avina/avu_robot/install/avu_controller' for CMake config files
[0.754s] Level 1:colcon.colcon_core.shell:create_environment_hook('avu_controller', 'cmake_prefix_path')
[0.754s] INFO:colcon.colcon_core.shell:Creating environment hook '/home/bhavin-avina/avu_robot/install/avu_controller/share/avu_controller/hook/cmake_prefix_path.ps1'
[0.756s] INFO:colcon.colcon_core.shell:Creating environment descriptor '/home/bhavin-avina/avu_robot/install/avu_controller/share/avu_controller/hook/cmake_prefix_path.dsv'
[0.757s] INFO:colcon.colcon_core.shell:Creating environment hook '/home/bhavin-avina/avu_robot/install/avu_controller/share/avu_controller/hook/cmake_prefix_path.sh'
[0.760s] Level 1:colcon.colcon_core.environment:checking '/home/bhavin-avina/avu_robot/install/avu_controller/bin'
[0.761s] Level 1:colcon.colcon_core.environment:checking '/home/bhavin-avina/avu_robot/install/avu_controller/lib/pkgconfig/avu_controller.pc'
[0.762s] Level 1:colcon.colcon_core.environment:checking '/home/bhavin-avina/avu_robot/install/avu_controller/lib/python3.12/site-packages'
[0.763s] Level 1:colcon.colcon_core.environment:checking '/home/bhavin-avina/avu_robot/install/avu_controller/bin'
[0.766s] INFO:colcon.colcon_core.shell:Creating package script '/home/bhavin-avina/avu_robot/install/avu_controller/share/avu_controller/package.ps1'
[0.768s] INFO:colcon.colcon_core.shell:Creating package descriptor '/home/bhavin-avina/avu_robot/install/avu_controller/share/avu_controller/package.dsv'
[0.770s] INFO:colcon.colcon_core.shell:Creating package script '/home/bhavin-avina/avu_robot/install/avu_controller/share/avu_controller/package.sh'
[0.771s] INFO:colcon.colcon_core.shell:Creating package script '/home/bhavin-avina/avu_robot/install/avu_controller/share/avu_controller/package.bash'
[0.771s] INFO:colcon.colcon_core.shell:Creating package script '/home/bhavin-avina/avu_robot/install/avu_controller/share/avu_controller/package.zsh'
[0.772s] Level 1:colcon.colcon_core.environment:create_file_with_runtime_dependencies(/home/bhavin-avina/avu_robot/install/avu_controller/share/colcon-core/packages/avu_controller)
[0.775s] Level 1:colcon.colcon_core.environment:create_environment_scripts_only(avu_moveit)
[0.777s] Level 1:colcon.colcon_core.environment:checking '/home/bhavin-avina/avu_robot/install/avu_moveit' for CMake module files
[0.778s] DEBUG:colcon.colcon_core.event_handler.log_command:Invoked command in '/home/bhavin-avina/avu_robot/build/avu_moveit' returned '0': CMAKE_PREFIX_PATH=/home/bhavin-avina/avu_robot/install/avu_description:/home/bhavin-avina/avu_robot/install/pymoveit2:/home/bhavin-avina/avu_robot/install/moveit2:/home/bhavin-avina/avu_robot/install/avu_moveit:/home/bhavin-avina/avu_robot/install/avu_controller:/opt/ros/jazzy/opt/gz_sim_vendor:/opt/ros/jazzy/opt/gz_sensors_vendor:/opt/ros/jazzy/opt/gz_physics_vendor:/opt/ros/jazzy/opt/sdformat_vendor:/opt/ros/jazzy/opt/gz_gui_vendor:/opt/ros/jazzy/opt/gz_transport_vendor:/opt/ros/jazzy/opt/gz_rendering_vendor:/opt/ros/jazzy/opt/gz_plugin_vendor:/opt/ros/jazzy/opt/gz_fuel_tools_vendor:/opt/ros/jazzy/opt/gz_msgs_vendor:/opt/ros/jazzy/opt/gz_common_vendor:/opt/ros/jazzy/opt/gz_math_vendor:/opt/ros/jazzy/opt/gz_utils_vendor:/opt/ros/jazzy/opt/gz_tools_vendor:/opt/ros/jazzy/opt/gz_ogre_next_vendor:/opt/ros/jazzy/opt/gz_dartsim_vendor:/opt/ros/jazzy/opt/gz_cmake_vendor:/opt/ros/jazzy DEBUGINFOD_URLS=https://debuginfod.ubuntu.com /usr/bin/cmake --install /home/bhavin-avina/avu_robot/build/avu_moveit
[0.778s] Level 1:colcon.colcon_core.environment:checking '/home/bhavin-avina/avu_robot/install/avu_moveit' for CMake config files
[0.779s] Level 1:colcon.colcon_core.shell:create_environment_hook('avu_moveit', 'cmake_prefix_path')
[0.779s] INFO:colcon.colcon_core.shell:Creating environment hook '/home/bhavin-avina/avu_robot/install/avu_moveit/share/avu_moveit/hook/cmake_prefix_path.ps1'
[0.783s] INFO:colcon.colcon_core.shell:Creating environment descriptor '/home/bhavin-avina/avu_robot/install/avu_moveit/share/avu_moveit/hook/cmake_prefix_path.dsv'
[0.783s] INFO:colcon.colcon_core.shell:Creating environment hook '/home/bhavin-avina/avu_robot/install/avu_moveit/share/avu_moveit/hook/cmake_prefix_path.sh'
[0.784s] Level 1:colcon.colcon_core.environment:checking '/home/bhavin-avina/avu_robot/install/avu_moveit/bin'
[0.784s] Level 1:colcon.colcon_core.environment:checking '/home/bhavin-avina/avu_robot/install/avu_moveit/lib/pkgconfig/avu_moveit.pc'
[0.789s] Level 1:colcon.colcon_core.environment:checking '/home/bhavin-avina/avu_robot/install/avu_moveit/lib/python3.12/site-packages'
[0.789s] Level 1:colcon.colcon_core.environment:checking '/home/bhavin-avina/avu_robot/install/avu_moveit/bin'
[0.789s] INFO:colcon.colcon_core.shell:Creating package script '/home/bhavin-avina/avu_robot/install/avu_moveit/share/avu_moveit/package.ps1'
[0.790s] INFO:colcon.colcon_core.shell:Creating package descriptor '/home/bhavin-avina/avu_robot/install/avu_moveit/share/avu_moveit/package.dsv'
[0.791s] INFO:colcon.colcon_core.shell:Creating package script '/home/bhavin-avina/avu_robot/install/avu_moveit/share/avu_moveit/package.sh'
[0.791s] INFO:colcon.colcon_core.shell:Creating package script '/home/bhavin-avina/avu_robot/install/avu_moveit/share/avu_moveit/package.bash'
[0.798s] INFO:colcon.colcon_core.shell:Creating package script '/home/bhavin-avina/avu_robot/install/avu_moveit/share/avu_moveit/package.zsh'
[0.798s] Level 1:colcon.colcon_core.environment:create_file_with_runtime_dependencies(/home/bhavin-avina/avu_robot/install/avu_moveit/share/colcon-core/packages/avu_moveit)
[0.799s] Level 1:colcon.colcon_core.environment:create_environment_scripts_only(avu_moveit)
[0.799s] Level 1:colcon.colcon_core.environment:checking '/home/bhavin-avina/avu_robot/install/avu_moveit' for CMake module files
[0.800s] Level 1:colcon.colcon_core.environment:checking '/home/bhavin-avina/avu_robot/install/avu_moveit' for CMake config files
[0.806s] Level 1:colcon.colcon_core.shell:create_environment_hook('avu_moveit', 'cmake_prefix_path')
[0.807s] INFO:colcon.colcon_core.shell:Creating environment hook '/home/bhavin-avina/avu_robot/install/avu_moveit/share/avu_moveit/hook/cmake_prefix_path.ps1'
[0.809s] INFO:colcon.colcon_core.shell:Creating environment descriptor '/home/bhavin-avina/avu_robot/install/avu_moveit/share/avu_moveit/hook/cmake_prefix_path.dsv'
[0.809s] INFO:colcon.colcon_core.shell:Creating environment hook '/home/bhavin-avina/avu_robot/install/avu_moveit/share/avu_moveit/hook/cmake_prefix_path.sh'
[0.811s] Level 1:colcon.colcon_core.environment:checking '/home/bhavin-avina/avu_robot/install/avu_moveit/bin'
[0.811s] Level 1:colcon.colcon_core.environment:checking '/home/bhavin-avina/avu_robot/install/avu_moveit/lib/pkgconfig/avu_moveit.pc'
[0.811s] Level 1:colcon.colcon_core.environment:checking '/home/bhavin-avina/avu_robot/install/avu_moveit/lib/python3.12/site-packages'
[0.812s] Level 1:colcon.colcon_core.environment:checking '/home/bhavin-avina/avu_robot/install/avu_moveit/bin'
[0.812s] INFO:colcon.colcon_core.shell:Creating package script '/home/bhavin-avina/avu_robot/install/avu_moveit/share/avu_moveit/package.ps1'
[0.814s] INFO:colcon.colcon_core.shell:Creating package descriptor '/home/bhavin-avina/avu_robot/install/avu_moveit/share/avu_moveit/package.dsv'
[0.815s] INFO:colcon.colcon_core.shell:Creating package script '/home/bhavin-avina/avu_robot/install/avu_moveit/share/avu_moveit/package.sh'
[0.816s] INFO:colcon.colcon_core.shell:Creating package script '/home/bhavin-avina/avu_robot/install/avu_moveit/share/avu_moveit/package.bash'
[0.816s] INFO:colcon.colcon_core.shell:Creating package script '/home/bhavin-avina/avu_robot/install/avu_moveit/share/avu_moveit/package.zsh'
[0.818s] Level 1:colcon.colcon_core.environment:create_file_with_runtime_dependencies(/home/bhavin-avina/avu_robot/install/avu_moveit/share/colcon-core/packages/avu_moveit)
[1.241s] DEBUG:colcon.colcon_core.event_handler.log_command:Invoked command in '/home/bhavin-avina/avu_robot/build/pymoveit2' returned '0': CMAKE_PREFIX_PATH=${CMAKE_PREFIX_PATH}:/opt/ros/jazzy DEBUGINFOD_URLS=https://debuginfod.ubuntu.com /usr/bin/cmake --build /home/bhavin-avina/avu_robot/build/pymoveit2 -- -j4 -l4
[1.243s] DEBUG:colcon.colcon_core.event_handler.log_command:Invoking command in '/home/bhavin-avina/avu_robot/build/pymoveit2': CMAKE_PREFIX_PATH=${CMAKE_PREFIX_PATH}:/opt/ros/jazzy DEBUGINFOD_URLS=https://debuginfod.ubuntu.com /usr/bin/cmake --install /home/bhavin-avina/avu_robot/build/pymoveit2
[1.319s] Level 1:colcon.colcon_core.environment:create_environment_scripts_only(pymoveit2)
[1.319s] Level 1:colcon.colcon_core.environment:checking '/home/bhavin-avina/avu_robot/install/pymoveit2' for CMake module files
[1.320s] Level 1:colcon.colcon_core.environment:checking '/home/bhavin-avina/avu_robot/install/pymoveit2' for CMake config files
[1.321s] Level 1:colcon.colcon_core.shell:create_environment_hook('pymoveit2', 'cmake_prefix_path')
[1.322s] INFO:colcon.colcon_core.shell:Creating environment hook '/home/bhavin-avina/avu_robot/install/pymoveit2/share/pymoveit2/hook/cmake_prefix_path.ps1'
[1.322s] DEBUG:colcon.colcon_core.event_handler.log_command:Invoked command in '/home/bhavin-avina/avu_robot/build/pymoveit2' returned '0': CMAKE_PREFIX_PATH=${CMAKE_PREFIX_PATH}:/opt/ros/jazzy DEBUGINFOD_URLS=https://debuginfod.ubuntu.com /usr/bin/cmake --install /home/bhavin-avina/avu_robot/build/pymoveit2
[1.323s] INFO:colcon.colcon_core.shell:Creating environment descriptor '/home/bhavin-avina/avu_robot/install/pymoveit2/share/pymoveit2/hook/cmake_prefix_path.dsv'
[1.323s] INFO:colcon.colcon_core.shell:Creating environment hook '/home/bhavin-avina/avu_robot/install/pymoveit2/share/pymoveit2/hook/cmake_prefix_path.sh'
[1.324s] Level 1:colcon.colcon_core.environment:checking '/home/bhavin-avina/avu_robot/install/pymoveit2/lib'
[1.325s] Level 1:colcon.colcon_core.environment:checking '/home/bhavin-avina/avu_robot/install/pymoveit2/bin'
[1.325s] Level 1:colcon.colcon_core.environment:checking '/home/bhavin-avina/avu_robot/install/pymoveit2/lib/pkgconfig/pymoveit2.pc'
[1.325s] Level 1:colcon.colcon_core.environment:checking '/home/bhavin-avina/avu_robot/install/pymoveit2/lib/python3.12/site-packages'
[1.325s] Level 1:colcon.colcon_core.shell:create_environment_hook('pymoveit2', 'pythonpath')
[1.326s] INFO:colcon.colcon_core.shell:Creating environment hook '/home/bhavin-avina/avu_robot/install/pymoveit2/share/pymoveit2/hook/pythonpath.ps1'
[1.326s] INFO:colcon.colcon_core.shell:Creating environment descriptor '/home/bhavin-avina/avu_robot/install/pymoveit2/share/pymoveit2/hook/pythonpath.dsv'
[1.327s] INFO:colcon.colcon_core.shell:Creating environment hook '/home/bhavin-avina/avu_robot/install/pymoveit2/share/pymoveit2/hook/pythonpath.sh'
[1.327s] Level 1:colcon.colcon_core.environment:checking '/home/bhavin-avina/avu_robot/install/pymoveit2/bin'
[1.328s] INFO:colcon.colcon_core.shell:Creating package script '/home/bhavin-avina/avu_robot/install/pymoveit2/share/pymoveit2/package.ps1'
[1.328s] INFO:colcon.colcon_core.shell:Creating package descriptor '/home/bhavin-avina/avu_robot/install/pymoveit2/share/pymoveit2/package.dsv'
[1.329s] INFO:colcon.colcon_core.shell:Creating package script '/home/bhavin-avina/avu_robot/install/pymoveit2/share/pymoveit2/package.sh'
[1.329s] INFO:colcon.colcon_core.shell:Creating package script '/home/bhavin-avina/avu_robot/install/pymoveit2/share/pymoveit2/package.bash'
[1.330s] INFO:colcon.colcon_core.shell:Creating package script '/home/bhavin-avina/avu_robot/install/pymoveit2/share/pymoveit2/package.zsh'
[1.330s] Level 1:colcon.colcon_core.environment:create_file_with_runtime_dependencies(/home/bhavin-avina/avu_robot/install/pymoveit2/share/colcon-core/packages/pymoveit2)
[1.331s] Level 1:colcon.colcon_core.environment:create_environment_scripts_only(pymoveit2)
[1.331s] Level 1:colcon.colcon_core.environment:checking '/home/bhavin-avina/avu_robot/install/pymoveit2' for CMake module files
[1.332s] Level 1:colcon.colcon_core.environment:checking '/home/bhavin-avina/avu_robot/install/pymoveit2' for CMake config files
[1.332s] Level 1:colcon.colcon_core.shell:create_environment_hook('pymoveit2', 'cmake_prefix_path')
[1.333s] INFO:colcon.colcon_core.shell:Creating environment hook '/home/bhavin-avina/avu_robot/install/pymoveit2/share/pymoveit2/hook/cmake_prefix_path.ps1'
[1.333s] INFO:colcon.colcon_core.shell:Creating environment descriptor '/home/bhavin-avina/avu_robot/install/pymoveit2/share/pymoveit2/hook/cmake_prefix_path.dsv'
[1.334s] INFO:colcon.colcon_core.shell:Creating environment hook '/home/bhavin-avina/avu_robot/install/pymoveit2/share/pymoveit2/hook/cmake_prefix_path.sh'
[1.334s] Level 1:colcon.colcon_core.environment:checking '/home/bhavin-avina/avu_robot/install/pymoveit2/lib'
[1.335s] Level 1:colcon.colcon_core.environment:checking '/home/bhavin-avina/avu_robot/install/pymoveit2/bin'
[1.335s] Level 1:colcon.colcon_core.environment:checking '/home/bhavin-avina/avu_robot/install/pymoveit2/lib/pkgconfig/pymoveit2.pc'
[1.335s] Level 1:colcon.colcon_core.environment:checking '/home/bhavin-avina/avu_robot/install/pymoveit2/lib/python3.12/site-packages'
[1.335s] Level 1:colcon.colcon_core.shell:create_environment_hook('pymoveit2', 'pythonpath')
[1.335s] INFO:colcon.colcon_core.shell:Creating environment hook '/home/bhavin-avina/avu_robot/install/pymoveit2/share/pymoveit2/hook/pythonpath.ps1'
[1.336s] INFO:colcon.colcon_core.shell:Creating environment descriptor '/home/bhavin-avina/avu_robot/install/pymoveit2/share/pymoveit2/hook/pythonpath.dsv'
[1.336s] INFO:colcon.colcon_core.shell:Creating environment hook '/home/bhavin-avina/avu_robot/install/pymoveit2/share/pymoveit2/hook/pythonpath.sh'
[1.337s] Level 1:colcon.colcon_core.environment:checking '/home/bhavin-avina/avu_robot/install/pymoveit2/bin'
[1.338s] INFO:colcon.colcon_core.shell:Creating package script '/home/bhavin-avina/avu_robot/install/pymoveit2/share/pymoveit2/package.ps1'
[1.338s] INFO:colcon.colcon_core.shell:Creating package descriptor '/home/bhavin-avina/avu_robot/install/pymoveit2/share/pymoveit2/package.dsv'
[1.339s] INFO:colcon.colcon_core.shell:Creating package script '/home/bhavin-avina/avu_robot/install/pymoveit2/share/pymoveit2/package.sh'
[1.340s] INFO:colcon.colcon_core.shell:Creating package script '/home/bhavin-avina/avu_robot/install/pymoveit2/share/pymoveit2/package.bash'
[1.340s] INFO:colcon.colcon_core.shell:Creating package script '/home/bhavin-avina/avu_robot/install/pymoveit2/share/pymoveit2/package.zsh'
[1.341s] Level 1:colcon.colcon_core.environment:create_file_with_runtime_dependencies(/home/bhavin-avina/avu_robot/install/pymoveit2/share/colcon-core/packages/pymoveit2)
[1.341s] DEBUG:colcon.colcon_parallel_executor.executor.parallel:closing loop
[1.342s] DEBUG:colcon.colcon_parallel_executor.executor.parallel:loop closed
[1.342s] DEBUG:colcon.colcon_parallel_executor.executor.parallel:run_until_complete finished with '0'
[1.342s] DEBUG:colcon.colcon_core.event_reactor:joining thread
[1.349s] INFO:colcon.colcon_core.plugin_system:Skipping extension 'colcon_notification.desktop_notification.terminal_notifier': Not used on non-Darwin systems
[1.349s] INFO:colcon.colcon_core.plugin_system:Skipping extension 'colcon_notification.desktop_notification.win32': Not used on non-Windows systems
[1.349s] INFO:colcon.colcon_notification.desktop_notification:Sending desktop notification using 'notify2'
[1.386s] DEBUG:colcon.colcon_core.event_reactor:joined thread
[1.386s] INFO:colcon.colcon_core.shell:Creating prefix script '/home/bhavin-avina/avu_robot/install/local_setup.ps1'
[1.387s] INFO:colcon.colcon_core.shell:Creating prefix util module '/home/bhavin-avina/avu_robot/install/_local_setup_util_ps1.py'
[1.390s] INFO:colcon.colcon_core.shell:Creating prefix chain script '/home/bhavin-avina/avu_robot/install/setup.ps1'
[1.392s] INFO:colcon.colcon_core.shell:Creating prefix script '/home/bhavin-avina/avu_robot/install/local_setup.sh'
[1.393s] INFO:colcon.colcon_core.shell:Creating prefix util module '/home/bhavin-avina/avu_robot/install/_local_setup_util_sh.py'
[1.394s] INFO:colcon.colcon_core.shell:Creating prefix chain script '/home/bhavin-avina/avu_robot/install/setup.sh'
[1.396s] INFO:colcon.colcon_core.shell:Creating prefix script '/home/bhavin-avina/avu_robot/install/local_setup.bash'
[1.396s] INFO:colcon.colcon_core.shell:Creating prefix chain script '/home/bhavin-avina/avu_robot/install/setup.bash'
[1.398s] INFO:colcon.colcon_core.shell:Creating prefix script '/home/bhavin-avina/avu_robot/install/local_setup.zsh'
[1.399s] INFO:colcon.colcon_core.shell:Creating prefix chain script '/home/bhavin-avina/avu_robot/install/setup.zsh'
