[0.017s] Invoking command in '/home/bhavin-avina/avu_robot/build/avu_description': CMAKE_PREFIX_PATH=${CMAKE_PREFIX_PATH}:/opt/ros/jazzy DEBUGINFOD_URLS=https://debuginfod.ubuntu.com /usr/bin/cmake --build /home/bhavin-avina/avu_robot/build/avu_description -- -j4 -l4
[0.063s] Invoked command in '/home/bhavin-avina/avu_robot/build/avu_description' returned '0': CMAKE_PREFIX_PATH=${CMAKE_PREFIX_PATH}:/opt/ros/jazzy DEBUGINFOD_URLS=https://debuginfod.ubuntu.com /usr/bin/cmake --build /home/bhavin-avina/avu_robot/build/avu_description -- -j4 -l4
[0.075s] Invoking command in '/home/bhavin-avina/avu_robot/build/avu_description': CMAKE_PREFIX_PATH=${CMAKE_PREFIX_PATH}:/opt/ros/jazzy DEBUGINFOD_URLS=https://debuginfod.ubuntu.com /usr/bin/cmake --install /home/bhavin-avina/avu_robot/build/avu_description
[0.099s] -- Install configuration: ""
[0.099s] -- Up-to-date: /home/bhavin-avina/avu_robot/install/avu_description/share/avu_description/launch
[0.100s] -- Up-to-date: /home/bhavin-avina/avu_robot/install/avu_description/share/avu_description/launch/display.launch.py
[0.101s] -- Up-to-date: /home/bhavin-avina/avu_robot/install/avu_description/share/avu_description/meshes
[0.101s] -- Up-to-date: /home/bhavin-avina/avu_robot/install/avu_description/share/avu_description/meshes/link4.dae
[0.102s] -- Up-to-date: /home/bhavin-avina/avu_robot/install/avu_description/share/avu_description/meshes/link3.dae
[0.102s] -- Up-to-date: /home/bhavin-avina/avu_robot/install/avu_description/share/avu_description/meshes/link7.dae
[0.102s] -- Up-to-date: /home/bhavin-avina/avu_robot/install/avu_description/share/avu_description/meshes/link2.dae
[0.103s] -- Up-to-date: /home/bhavin-avina/avu_robot/install/avu_description/share/avu_description/meshes/link1.dae
[0.103s] -- Up-to-date: /home/bhavin-avina/avu_robot/install/avu_description/share/avu_description/meshes/link5.dae
[0.103s] -- Up-to-date: /home/bhavin-avina/avu_robot/install/avu_description/share/avu_description/meshes/link6.dae
[0.103s] -- Up-to-date: /home/bhavin-avina/avu_robot/install/avu_description/share/avu_description/meshes/base_link.dae
[0.103s] -- Up-to-date: /home/bhavin-avina/avu_robot/install/avu_description/share/avu_description/urdf
[0.103s] -- Installing: /home/bhavin-avina/avu_robot/install/avu_description/share/avu_description/urdf/avu.urdf.xacro
[0.104s] -- Up-to-date: /home/bhavin-avina/avu_robot/install/avu_description/share/ament_index/resource_index/package_run_dependencies/avu_description
[0.104s] -- Up-to-date: /home/bhavin-avina/avu_robot/install/avu_description/share/ament_index/resource_index/parent_prefix_path/avu_description
[0.104s] -- Up-to-date: /home/bhavin-avina/avu_robot/install/avu_description/share/avu_description/environment/ament_prefix_path.sh
[0.104s] -- Up-to-date: /home/bhavin-avina/avu_robot/install/avu_description/share/avu_description/environment/ament_prefix_path.dsv
[0.104s] -- Up-to-date: /home/bhavin-avina/avu_robot/install/avu_description/share/avu_description/environment/path.sh
[0.105s] -- Up-to-date: /home/bhavin-avina/avu_robot/install/avu_description/share/avu_description/environment/path.dsv
[0.105s] -- Up-to-date: /home/bhavin-avina/avu_robot/install/avu_description/share/avu_description/local_setup.bash
[0.105s] -- Up-to-date: /home/bhavin-avina/avu_robot/install/avu_description/share/avu_description/local_setup.sh
[0.105s] -- Up-to-date: /home/bhavin-avina/avu_robot/install/avu_description/share/avu_description/local_setup.zsh
[0.106s] -- Up-to-date: /home/bhavin-avina/avu_robot/install/avu_description/share/avu_description/local_setup.dsv
[0.106s] -- Installing: /home/bhavin-avina/avu_robot/install/avu_description/share/avu_description/package.dsv
[0.106s] -- Up-to-date: /home/bhavin-avina/avu_robot/install/avu_description/share/ament_index/resource_index/packages/avu_description
[0.106s] -- Up-to-date: /home/bhavin-avina/avu_robot/install/avu_description/share/avu_description/cmake/avu_descriptionConfig.cmake
[0.107s] -- Up-to-date: /home/bhavin-avina/avu_robot/install/avu_description/share/avu_description/cmake/avu_descriptionConfig-version.cmake
[0.107s] -- Up-to-date: /home/bhavin-avina/avu_robot/install/avu_description/share/avu_description/package.xml
[0.107s] Invoked command in '/home/bhavin-avina/avu_robot/build/avu_description' returned '0': CMAKE_PREFIX_PATH=${CMAKE_PREFIX_PATH}:/opt/ros/jazzy DEBUGINFOD_URLS=https://debuginfod.ubuntu.com /usr/bin/cmake --install /home/bhavin-avina/avu_robot/build/avu_description
