[0.023s] Invoking command in '/home/bhavin-avina/avu_robot/build/avu_controller': CMAKE_PREFIX_PATH=${CMAKE_PREFIX_PATH}:/opt/ros/jazzy DEBUGINFOD_URLS=https://debuginfod.ubuntu.com /usr/bin/cmake /home/bhavin-avina/avu_robot/src/avu_controller -DCMAKE_INSTALL_PREFIX=/home/bhavin-avina/avu_robot/install/avu_controller
[0.165s] -- The C compiler identification is GNU 13.3.0
[0.314s] -- The CXX compiler identification is GNU 13.3.0
[0.350s] -- Detecting C compiler ABI info
[0.465s] -- Detecting C compiler ABI info - done
[0.477s] -- Check for working C compiler: /usr/bin/cc - skipped
[0.480s] -- Detecting C compile features
[0.481s] -- Detecting C compile features - done
[0.496s] -- Detecting CXX compiler ABI info
[0.626s] -- Detecting CXX compiler ABI info - done
[0.652s] -- Check for working CXX compiler: /usr/bin/c++ - skipped
[0.652s] -- Detecting CXX compile features
[0.654s] -- Detecting CXX compile features - done
[0.674s] -- Found ament_cmake: 2.5.4 (/opt/ros/jazzy/share/ament_cmake/cmake)
[0.892s] -- Found Python3: /usr/bin/python3 (found version "3.12.3") found components: Interpreter 
[1.104s] -- Found ament_lint_auto: 0.17.2 (/opt/ros/jazzy/share/ament_lint_auto/cmake)
[1.282s] -- Added test 'lint_cmake' to check CMake code style
[1.285s] -- Added test 'xmllint' to check XML markup files
[1.292s] -- Configuring done (1.3s)
[1.299s] -- Generating done (0.0s)
[1.299s] -- Build files have been written to: /home/bhavin-avina/avu_robot/build/avu_controller
[1.309s] Invoked command in '/home/bhavin-avina/avu_robot/build/avu_controller' returned '0': CMAKE_PREFIX_PATH=${CMAKE_PREFIX_PATH}:/opt/ros/jazzy DEBUGINFOD_URLS=https://debuginfod.ubuntu.com /usr/bin/cmake /home/bhavin-avina/avu_robot/src/avu_controller -DCMAKE_INSTALL_PREFIX=/home/bhavin-avina/avu_robot/install/avu_controller
[1.309s] Invoking command in '/home/bhavin-avina/avu_robot/build/avu_controller': CMAKE_PREFIX_PATH=${CMAKE_PREFIX_PATH}:/opt/ros/jazzy DEBUGINFOD_URLS=https://debuginfod.ubuntu.com /usr/bin/cmake --build /home/bhavin-avina/avu_robot/build/avu_controller -- -j4 -l4
[1.362s] Invoked command in '/home/bhavin-avina/avu_robot/build/avu_controller' returned '0': CMAKE_PREFIX_PATH=${CMAKE_PREFIX_PATH}:/opt/ros/jazzy DEBUGINFOD_URLS=https://debuginfod.ubuntu.com /usr/bin/cmake --build /home/bhavin-avina/avu_robot/build/avu_controller -- -j4 -l4
[1.363s] Invoking command in '/home/bhavin-avina/avu_robot/build/avu_controller': CMAKE_PREFIX_PATH=${CMAKE_PREFIX_PATH}:/opt/ros/jazzy DEBUGINFOD_URLS=https://debuginfod.ubuntu.com /usr/bin/cmake --install /home/bhavin-avina/avu_robot/build/avu_controller
[1.374s] -- Install configuration: ""
[1.374s] -- Installing: /home/bhavin-avina/avu_robot/install/avu_controller/share/ament_index/resource_index/package_run_dependencies/avu_controller
[1.375s] -- Installing: /home/bhavin-avina/avu_robot/install/avu_controller/share/ament_index/resource_index/parent_prefix_path/avu_controller
[1.375s] -- Installing: /home/bhavin-avina/avu_robot/install/avu_controller/share/avu_controller/environment/ament_prefix_path.sh
[1.375s] -- Installing: /home/bhavin-avina/avu_robot/install/avu_controller/share/avu_controller/environment/ament_prefix_path.dsv
[1.375s] -- Installing: /home/bhavin-avina/avu_robot/install/avu_controller/share/avu_controller/environment/path.sh
[1.376s] -- Installing: /home/bhavin-avina/avu_robot/install/avu_controller/share/avu_controller/environment/path.dsv
[1.376s] -- Installing: /home/bhavin-avina/avu_robot/install/avu_controller/share/avu_controller/local_setup.bash
[1.376s] -- Installing: /home/bhavin-avina/avu_robot/install/avu_controller/share/avu_controller/local_setup.sh
[1.376s] -- Installing: /home/bhavin-avina/avu_robot/install/avu_controller/share/avu_controller/local_setup.zsh
[1.376s] -- Installing: /home/bhavin-avina/avu_robot/install/avu_controller/share/avu_controller/local_setup.dsv
[1.376s] -- Installing: /home/bhavin-avina/avu_robot/install/avu_controller/share/avu_controller/package.dsv
[1.377s] -- Installing: /home/bhavin-avina/avu_robot/install/avu_controller/share/ament_index/resource_index/packages/avu_controller
[1.377s] -- Installing: /home/bhavin-avina/avu_robot/install/avu_controller/share/avu_controller/cmake/avu_controllerConfig.cmake
[1.377s] -- Installing: /home/bhavin-avina/avu_robot/install/avu_controller/share/avu_controller/cmake/avu_controllerConfig-version.cmake
[1.379s] -- Installing: /home/bhavin-avina/avu_robot/install/avu_controller/share/avu_controller/package.xml
[1.381s] Invoked command in '/home/bhavin-avina/avu_robot/build/avu_controller' returned '0': CMAKE_PREFIX_PATH=${CMAKE_PREFIX_PATH}:/opt/ros/jazzy DEBUGINFOD_URLS=https://debuginfod.ubuntu.com /usr/bin/cmake --install /home/bhavin-avina/avu_robot/build/avu_controller
