[0.024s] Invoking command in '/home/bhavin-avina/avu_robot/build/avu_description': CMAKE_PREFIX_PATH=${CMAKE_PREFIX_PATH}:/opt/ros/jazzy DEBUGINFOD_URLS=https://debuginfod.ubuntu.com /usr/bin/cmake --build /home/bhavin-avina/avu_robot/build/avu_description -- -j4 -l4
[0.094s] Invoked command in '/home/bhavin-avina/avu_robot/build/avu_description' returned '0': CMAKE_PREFIX_PATH=${CMAKE_PREFIX_PATH}:/opt/ros/jazzy DEBUGINFOD_URLS=https://debuginfod.ubuntu.com /usr/bin/cmake --build /home/bhavin-avina/avu_robot/build/avu_description -- -j4 -l4
[0.108s] Invoking command in '/home/bhavin-avina/avu_robot/build/avu_description': CMAKE_PREFIX_PATH=${CMAKE_PREFIX_PATH}:/opt/ros/jazzy DEBUGINFOD_URLS=https://debuginfod.ubuntu.com /usr/bin/cmake --install /home/bhavin-avina/avu_robot/build/avu_description
[0.119s] -- Install configuration: ""
[0.120s] -- Up-to-date: /home/bhavin-avina/avu_robot/install/avu_description/share/avu_description/launch
[0.120s] -- Up-to-date: /home/bhavin-avina/avu_robot/install/avu_description/share/avu_description/launch/bringup.launch.py
[0.120s] -- Up-to-date: /home/bhavin-avina/avu_robot/install/avu_description/share/avu_description/launch/gazebo.launch.py
[0.120s] -- Up-to-date: /home/bhavin-avina/avu_robot/install/avu_description/share/avu_description/launch/display.launch.py
[0.120s] -- Up-to-date: /home/bhavin-avina/avu_robot/install/avu_description/share/avu_description/meshes
[0.121s] -- Up-to-date: /home/bhavin-avina/avu_robot/install/avu_description/share/avu_description/meshes/link4.dae
[0.121s] -- Up-to-date: /home/bhavin-avina/avu_robot/install/avu_description/share/avu_description/meshes/link3.dae
[0.121s] -- Up-to-date: /home/bhavin-avina/avu_robot/install/avu_description/share/avu_description/meshes/link3.png
[0.121s] -- Up-to-date: /home/bhavin-avina/avu_robot/install/avu_description/share/avu_description/meshes/link7.dae
[0.121s] -- Up-to-date: /home/bhavin-avina/avu_robot/install/avu_description/share/avu_description/meshes/gripper_right1.dae
[0.121s] -- Up-to-date: /home/bhavin-avina/avu_robot/install/avu_description/share/avu_description/meshes/link1.png
[0.122s] -- Up-to-date: /home/bhavin-avina/avu_robot/install/avu_description/share/avu_description/meshes/link6.png
[0.122s] -- Up-to-date: /home/bhavin-avina/avu_robot/install/avu_description/share/avu_description/meshes/gripper_left3.dae
[0.122s] -- Up-to-date: /home/bhavin-avina/avu_robot/install/avu_description/share/avu_description/meshes/link2.dae
[0.122s] -- Up-to-date: /home/bhavin-avina/avu_robot/install/avu_description/share/avu_description/meshes/gripper_right3.dae
[0.122s] -- Up-to-date: /home/bhavin-avina/avu_robot/install/avu_description/share/avu_description/meshes/d435.stl
[0.122s] -- Up-to-date: /home/bhavin-avina/avu_robot/install/avu_description/share/avu_description/meshes/gripper_base.dae
[0.122s] -- Up-to-date: /home/bhavin-avina/avu_robot/install/avu_description/share/avu_description/meshes/link4.png
[0.122s] -- Up-to-date: /home/bhavin-avina/avu_robot/install/avu_description/share/avu_description/meshes/gripper_right2.dae
[0.123s] -- Up-to-date: /home/bhavin-avina/avu_robot/install/avu_description/share/avu_description/meshes/link1.dae
[0.123s] -- Up-to-date: /home/bhavin-avina/avu_robot/install/avu_description/share/avu_description/meshes/link5.dae
[0.123s] -- Up-to-date: /home/bhavin-avina/avu_robot/install/avu_description/share/avu_description/meshes/Cup.stl
[0.123s] -- Up-to-date: /home/bhavin-avina/avu_robot/install/avu_description/share/avu_description/meshes/gripper_left1.dae
[0.123s] -- Up-to-date: /home/bhavin-avina/avu_robot/install/avu_description/share/avu_description/meshes/link6.dae
[0.124s] -- Up-to-date: /home/bhavin-avina/avu_robot/install/avu_description/share/avu_description/meshes/link5.png
[0.124s] -- Up-to-date: /home/bhavin-avina/avu_robot/install/avu_description/share/avu_description/meshes/link7.png
[0.124s] -- Up-to-date: /home/bhavin-avina/avu_robot/install/avu_description/share/avu_description/meshes/link2.png
[0.125s] -- Up-to-date: /home/bhavin-avina/avu_robot/install/avu_description/share/avu_description/meshes/base_link.dae
[0.125s] -- Up-to-date: /home/bhavin-avina/avu_robot/install/avu_description/share/avu_description/meshes/gripper_left2.dae
[0.125s] -- Up-to-date: /home/bhavin-avina/avu_robot/install/avu_description/share/avu_description/urdf
[0.125s] -- Up-to-date: /home/bhavin-avina/avu_robot/install/avu_description/share/avu_description/urdf/blue_sphere.sdf
[0.125s] -- Installing: /home/bhavin-avina/avu_robot/install/avu_description/share/avu_description/urdf/avu_gazebo.xacro
[0.126s] -- Up-to-date: /home/bhavin-avina/avu_robot/install/avu_description/share/avu_description/urdf/blue_cube.sdf
[0.126s] -- Up-to-date: /home/bhavin-avina/avu_robot/install/avu_description/share/avu_description/urdf/avu.urdf.xacro
[0.126s] -- Up-to-date: /home/bhavin-avina/avu_robot/install/avu_description/share/avu_description/urdf/red_cube.sdf
[0.126s] -- Up-to-date: /home/bhavin-avina/avu_robot/install/avu_description/share/avu_description/urdf/cup.sdf
[0.126s] -- Up-to-date: /home/bhavin-avina/avu_robot/install/avu_description/share/avu_description/urdf/avu_ros_control.xacro
[0.126s] -- Up-to-date: /home/bhavin-avina/avu_robot/install/avu_description/share/avu_description/urdf/red_sphere.sdf
[0.127s] -- Up-to-date: /home/bhavin-avina/avu_robot/install/avu_description/share/ament_index/resource_index/package_run_dependencies/avu_description
[0.127s] -- Up-to-date: /home/bhavin-avina/avu_robot/install/avu_description/share/ament_index/resource_index/parent_prefix_path/avu_description
[0.127s] -- Up-to-date: /home/bhavin-avina/avu_robot/install/avu_description/share/avu_description/environment/ament_prefix_path.sh
[0.127s] -- Up-to-date: /home/bhavin-avina/avu_robot/install/avu_description/share/avu_description/environment/ament_prefix_path.dsv
[0.127s] -- Up-to-date: /home/bhavin-avina/avu_robot/install/avu_description/share/avu_description/environment/path.sh
[0.127s] -- Up-to-date: /home/bhavin-avina/avu_robot/install/avu_description/share/avu_description/environment/path.dsv
[0.128s] -- Up-to-date: /home/bhavin-avina/avu_robot/install/avu_description/share/avu_description/local_setup.bash
[0.128s] -- Up-to-date: /home/bhavin-avina/avu_robot/install/avu_description/share/avu_description/local_setup.sh
[0.128s] -- Up-to-date: /home/bhavin-avina/avu_robot/install/avu_description/share/avu_description/local_setup.zsh
[0.128s] -- Up-to-date: /home/bhavin-avina/avu_robot/install/avu_description/share/avu_description/local_setup.dsv
[0.129s] -- Installing: /home/bhavin-avina/avu_robot/install/avu_description/share/avu_description/package.dsv
[0.129s] -- Up-to-date: /home/bhavin-avina/avu_robot/install/avu_description/share/ament_index/resource_index/packages/avu_description
[0.129s] -- Up-to-date: /home/bhavin-avina/avu_robot/install/avu_description/share/avu_description/cmake/avu_descriptionConfig.cmake
[0.129s] -- Up-to-date: /home/bhavin-avina/avu_robot/install/avu_description/share/avu_description/cmake/avu_descriptionConfig-version.cmake
[0.129s] -- Up-to-date: /home/bhavin-avina/avu_robot/install/avu_description/share/avu_description/package.xml
[0.130s] Invoked command in '/home/bhavin-avina/avu_robot/build/avu_description' returned '0': CMAKE_PREFIX_PATH=${CMAKE_PREFIX_PATH}:/opt/ros/jazzy DEBUGINFOD_URLS=https://debuginfod.ubuntu.com /usr/bin/cmake --install /home/bhavin-avina/avu_robot/build/avu_description
