[0.015s] Invoking command in '/home/bhavin-avina/avu_robot/build/avu_controller': CMAKE_PREFIX_PATH=${CMAKE_PREFIX_PATH}:/opt/ros/jazzy DEBUGINFOD_URLS=https://debuginfod.ubuntu.com /usr/bin/cmake --build /home/bhavin-avina/avu_robot/build/avu_controller -- -j4 -l4
[0.066s] Invoked command in '/home/bhavin-avina/avu_robot/build/avu_controller' returned '0': CMAKE_PREFIX_PATH=${CMAKE_PREFIX_PATH}:/opt/ros/jazzy DEBUGINFOD_URLS=https://debuginfod.ubuntu.com /usr/bin/cmake --build /home/bhavin-avina/avu_robot/build/avu_controller -- -j4 -l4
[0.068s] Invoking command in '/home/bhavin-avina/avu_robot/build/avu_controller': CMAKE_PREFIX_PATH=${CMAKE_PREFIX_PATH}:/opt/ros/jazzy DEBUGINFOD_URLS=https://debuginfod.ubuntu.com /usr/bin/cmake --install /home/bhavin-avina/avu_robot/build/avu_controller
[0.079s] -- Install configuration: ""
[0.080s] -- Up-to-date: /home/bhavin-avina/avu_robot/install/avu_controller/share/avu_controller/launch
[0.080s] -- Up-to-date: /home/bhavin-avina/avu_robot/install/avu_controller/share/avu_controller/launch/controller.launch.py
[0.080s] -- Up-to-date: /home/bhavin-avina/avu_robot/install/avu_controller/share/avu_controller/config
[0.080s] -- Up-to-date: /home/bhavin-avina/avu_robot/install/avu_controller/share/avu_controller/config/avu_controllers.yaml
[0.080s] -- Up-to-date: /home/bhavin-avina/avu_robot/install/avu_controller/share/ament_index/resource_index/package_run_dependencies/avu_controller
[0.080s] -- Up-to-date: /home/bhavin-avina/avu_robot/install/avu_controller/share/ament_index/resource_index/parent_prefix_path/avu_controller
[0.081s] -- Up-to-date: /home/bhavin-avina/avu_robot/install/avu_controller/share/avu_controller/environment/ament_prefix_path.sh
[0.081s] -- Up-to-date: /home/bhavin-avina/avu_robot/install/avu_controller/share/avu_controller/environment/ament_prefix_path.dsv
[0.081s] -- Up-to-date: /home/bhavin-avina/avu_robot/install/avu_controller/share/avu_controller/environment/path.sh
[0.081s] -- Up-to-date: /home/bhavin-avina/avu_robot/install/avu_controller/share/avu_controller/environment/path.dsv
[0.081s] -- Up-to-date: /home/bhavin-avina/avu_robot/install/avu_controller/share/avu_controller/local_setup.bash
[0.081s] -- Up-to-date: /home/bhavin-avina/avu_robot/install/avu_controller/share/avu_controller/local_setup.sh
[0.081s] -- Up-to-date: /home/bhavin-avina/avu_robot/install/avu_controller/share/avu_controller/local_setup.zsh
[0.081s] -- Up-to-date: /home/bhavin-avina/avu_robot/install/avu_controller/share/avu_controller/local_setup.dsv
[0.082s] -- Installing: /home/bhavin-avina/avu_robot/install/avu_controller/share/avu_controller/package.dsv
[0.082s] -- Up-to-date: /home/bhavin-avina/avu_robot/install/avu_controller/share/ament_index/resource_index/packages/avu_controller
[0.082s] -- Up-to-date: /home/bhavin-avina/avu_robot/install/avu_controller/share/avu_controller/cmake/avu_controllerConfig.cmake
[0.082s] -- Up-to-date: /home/bhavin-avina/avu_robot/install/avu_controller/share/avu_controller/cmake/avu_controllerConfig-version.cmake
[0.083s] -- Up-to-date: /home/bhavin-avina/avu_robot/install/avu_controller/share/avu_controller/package.xml
[0.084s] Invoked command in '/home/bhavin-avina/avu_robot/build/avu_controller' returned '0': CMAKE_PREFIX_PATH=${CMAKE_PREFIX_PATH}:/opt/ros/jazzy DEBUGINFOD_URLS=https://debuginfod.ubuntu.com /usr/bin/cmake --install /home/bhavin-avina/avu_robot/build/avu_controller
