[0.034s] Invoking command in '/home/bhavin-avina/avu_robot/build/moveit2': CMAKE_PREFIX_PATH=${CMAKE_PREFIX_PATH}:/opt/ros/jazzy DEBUGINFOD_URLS=https://debuginfod.ubuntu.com /usr/bin/cmake --build /home/bhavin-avina/avu_robot/build/moveit2 -- -j4 -l4
[0.080s] Invoked command in '/home/bhavin-avina/avu_robot/build/moveit2' returned '0': CMAKE_PREFIX_PATH=${CMAKE_PREFIX_PATH}:/opt/ros/jazzy DEBUGINFOD_URLS=https://debuginfod.ubuntu.com /usr/bin/cmake --build /home/bhavin-avina/avu_robot/build/moveit2 -- -j4 -l4
[0.081s] Invoking command in '/home/bhavin-avina/avu_robot/build/moveit2': CMAKE_PREFIX_PATH=${CMAKE_PREFIX_PATH}:/opt/ros/jazzy DEBUGINFOD_URLS=https://debuginfod.ubuntu.com /usr/bin/cmake --install /home/bhavin-avina/avu_robot/build/moveit2
[0.099s] -- Install configuration: ""
[0.099s] -- Up-to-date: /home/bhavin-avina/avu_robot/install/moveit2/share/ament_index/resource_index/package_run_dependencies/moveit2
[0.099s] -- Up-to-date: /home/bhavin-avina/avu_robot/install/moveit2/share/ament_index/resource_index/parent_prefix_path/moveit2
[0.100s] -- Up-to-date: /home/bhavin-avina/avu_robot/install/moveit2/share/moveit2/environment/ament_prefix_path.sh
[0.100s] -- Up-to-date: /home/bhavin-avina/avu_robot/install/moveit2/share/moveit2/environment/ament_prefix_path.dsv
[0.100s] -- Up-to-date: /home/bhavin-avina/avu_robot/install/moveit2/share/moveit2/environment/path.sh
[0.101s] -- Up-to-date: /home/bhavin-avina/avu_robot/install/moveit2/share/moveit2/environment/path.dsv
[0.101s] -- Up-to-date: /home/bhavin-avina/avu_robot/install/moveit2/share/moveit2/local_setup.bash
[0.101s] -- Up-to-date: /home/bhavin-avina/avu_robot/install/moveit2/share/moveit2/local_setup.sh
[0.102s] -- Up-to-date: /home/bhavin-avina/avu_robot/install/moveit2/share/moveit2/local_setup.zsh
[0.102s] -- Up-to-date: /home/bhavin-avina/avu_robot/install/moveit2/share/moveit2/local_setup.dsv
[0.104s] -- Installing: /home/bhavin-avina/avu_robot/install/moveit2/share/moveit2/package.dsv
[0.104s] -- Up-to-date: /home/bhavin-avina/avu_robot/install/moveit2/share/ament_index/resource_index/packages/moveit2
[0.104s] -- Up-to-date: /home/bhavin-avina/avu_robot/install/moveit2/share/moveit2/cmake/moveit2Config.cmake
[0.105s] -- Up-to-date: /home/bhavin-avina/avu_robot/install/moveit2/share/moveit2/cmake/moveit2Config-version.cmake
[0.105s] -- Up-to-date: /home/bhavin-avina/avu_robot/install/moveit2/share/moveit2/package.xml
[0.133s] Invoked command in '/home/bhavin-avina/avu_robot/build/moveit2' returned '0': CMAKE_PREFIX_PATH=${CMAKE_PREFIX_PATH}:/opt/ros/jazzy DEBUGINFOD_URLS=https://debuginfod.ubuntu.com /usr/bin/cmake --install /home/bhavin-avina/avu_robot/build/moveit2
