[0.040s] Invoking command in '/home/bhavin-avina/avu_robot/build/pymoveit2': CMAKE_PREFIX_PATH=${CMAKE_PREFIX_PATH}:/opt/ros/jazzy DEBUGINFOD_URLS=https://debuginfod.ubuntu.com /usr/bin/cmake --build /home/bhavin-avina/avu_robot/build/pymoveit2 -- -j4 -l4
[0.126s] Built target ament_cmake_python_copy_pymoveit2
[0.505s] running egg_info
[0.545s] writing pymoveit2.egg-info/PKG-INFO
[0.546s] writing dependency_links to pymoveit2.egg-info/dependency_links.txt
[0.546s] writing top-level names to pymoveit2.egg-info/top_level.txt
[0.658s] reading manifest file 'pymoveit2.egg-info/SOURCES.txt'
[0.659s] writing manifest file 'pymoveit2.egg-info/SOURCES.txt'
[0.698s] Built target ament_cmake_python_build_pymoveit2_egg
[0.712s] Invoked command in '/home/bhavin-avina/avu_robot/build/pymoveit2' returned '0': CMAKE_PREFIX_PATH=${CMAKE_PREFIX_PATH}:/opt/ros/jazzy DEBUGINFOD_URLS=https://debuginfod.ubuntu.com /usr/bin/cmake --build /home/bhavin-avina/avu_robot/build/pymoveit2 -- -j4 -l4
[0.713s] Invoking command in '/home/bhavin-avina/avu_robot/build/pymoveit2': CMAKE_PREFIX_PATH=${CMAKE_PREFIX_PATH}:/opt/ros/jazzy DEBUGINFOD_URLS=https://debuginfod.ubuntu.com /usr/bin/cmake --install /home/bhavin-avina/avu_robot/build/pymoveit2
[0.723s] -- Install configuration: ""
[0.723s] -- Up-to-date: /home/bhavin-avina/avu_robot/install/pymoveit2/share/pymoveit2/environment/pythonpath.sh
[0.723s] -- Up-to-date: /home/bhavin-avina/avu_robot/install/pymoveit2/share/pymoveit2/environment/pythonpath.dsv
[0.724s] -- Up-to-date: /home/bhavin-avina/avu_robot/install/pymoveit2/lib/python3.12/site-packages/pymoveit2-4.2.0-py3.12.egg-info
[0.724s] -- Installing: /home/bhavin-avina/avu_robot/install/pymoveit2/lib/python3.12/site-packages/pymoveit2-4.2.0-py3.12.egg-info/dependency_links.txt
[0.724s] -- Installing: /home/bhavin-avina/avu_robot/install/pymoveit2/lib/python3.12/site-packages/pymoveit2-4.2.0-py3.12.egg-info/top_level.txt
[0.724s] -- Installing: /home/bhavin-avina/avu_robot/install/pymoveit2/lib/python3.12/site-packages/pymoveit2-4.2.0-py3.12.egg-info/SOURCES.txt
[0.724s] -- Installing: /home/bhavin-avina/avu_robot/install/pymoveit2/lib/python3.12/site-packages/pymoveit2-4.2.0-py3.12.egg-info/PKG-INFO
[0.724s] -- Up-to-date: /home/bhavin-avina/avu_robot/install/pymoveit2/lib/python3.12/site-packages/pymoveit2
[0.724s] -- Up-to-date: /home/bhavin-avina/avu_robot/install/pymoveit2/lib/python3.12/site-packages/pymoveit2/utils.py
[0.725s] -- Up-to-date: /home/bhavin-avina/avu_robot/install/pymoveit2/lib/python3.12/site-packages/pymoveit2/__init__.py
[0.725s] -- Up-to-date: /home/bhavin-avina/avu_robot/install/pymoveit2/lib/python3.12/site-packages/pymoveit2/moveit2_servo.py
[0.725s] -- Up-to-date: /home/bhavin-avina/avu_robot/install/pymoveit2/lib/python3.12/site-packages/pymoveit2/moveit2_gripper.py
[0.725s] -- Up-to-date: /home/bhavin-avina/avu_robot/install/pymoveit2/lib/python3.12/site-packages/pymoveit2/gripper_command.py
[0.725s] -- Installing: /home/bhavin-avina/avu_robot/install/pymoveit2/lib/python3.12/site-packages/pymoveit2/moveit2.py
[0.725s] -- Up-to-date: /home/bhavin-avina/avu_robot/install/pymoveit2/lib/python3.12/site-packages/pymoveit2/robots
[0.725s] -- Up-to-date: /home/bhavin-avina/avu_robot/install/pymoveit2/lib/python3.12/site-packages/pymoveit2/robots/kinova.py
[0.725s] -- Up-to-date: /home/bhavin-avina/avu_robot/install/pymoveit2/lib/python3.12/site-packages/pymoveit2/robots/lbr.py
[0.725s] -- Up-to-date: /home/bhavin-avina/avu_robot/install/pymoveit2/lib/python3.12/site-packages/pymoveit2/robots/__init__.py
[0.726s] -- Up-to-date: /home/bhavin-avina/avu_robot/install/pymoveit2/lib/python3.12/site-packages/pymoveit2/robots/panda.py
[0.726s] -- Up-to-date: /home/bhavin-avina/avu_robot/install/pymoveit2/lib/python3.12/site-packages/pymoveit2/robots/ur.py
[0.726s] -- Up-to-date: /home/bhavin-avina/avu_robot/install/pymoveit2/lib/python3.12/site-packages/pymoveit2/robots/crane_x7.py
[0.726s] -- Up-to-date: /home/bhavin-avina/avu_robot/install/pymoveit2/lib/python3.12/site-packages/pymoveit2/robots/phantomx_pincher.py
[0.726s] -- Up-to-date: /home/bhavin-avina/avu_robot/install/pymoveit2/lib/python3.12/site-packages/pymoveit2/gripper_interface.py
[0.795s] Listing '/home/bhavin-avina/avu_robot/install/pymoveit2/lib/python3.12/site-packages/pymoveit2'...
[0.795s] Compiling '/home/bhavin-avina/avu_robot/install/pymoveit2/lib/python3.12/site-packages/pymoveit2/moveit2.py'...
[0.796s] Listing '/home/bhavin-avina/avu_robot/install/pymoveit2/lib/python3.12/site-packages/pymoveit2/robots'...
[0.806s] -- Up-to-date: /home/bhavin-avina/avu_robot/install/pymoveit2/lib/pymoveit2/ex_allow_collisions.py
[0.806s] -- Up-to-date: /home/bhavin-avina/avu_robot/install/pymoveit2/lib/pymoveit2/ex_clear_planning_scene.py
[0.806s] -- Up-to-date: /home/bhavin-avina/avu_robot/install/pymoveit2/lib/pymoveit2/ex_collision_mesh.py
[0.806s] -- Up-to-date: /home/bhavin-avina/avu_robot/install/pymoveit2/lib/pymoveit2/ex_collision_primitive.py
[0.807s] -- Up-to-date: /home/bhavin-avina/avu_robot/install/pymoveit2/lib/pymoveit2/ex_fk.py
[0.807s] -- Up-to-date: /home/bhavin-avina/avu_robot/install/pymoveit2/lib/pymoveit2/ex_gripper.py
[0.807s] -- Up-to-date: /home/bhavin-avina/avu_robot/install/pymoveit2/lib/pymoveit2/ex_ik.py
[0.807s] -- Up-to-date: /home/bhavin-avina/avu_robot/install/pymoveit2/lib/pymoveit2/ex_joint_goal.py
[0.807s] -- Up-to-date: /home/bhavin-avina/avu_robot/install/pymoveit2/lib/pymoveit2/ex_orientation_path_constraint.py
[0.807s] -- Up-to-date: /home/bhavin-avina/avu_robot/install/pymoveit2/lib/pymoveit2/ex_pose_goal.py
[0.808s] -- Up-to-date: /home/bhavin-avina/avu_robot/install/pymoveit2/lib/pymoveit2/ex_servo.py
[0.808s] -- Up-to-date: /home/bhavin-avina/avu_robot/install/pymoveit2/lib/pymoveit2/pick_and_place.py
[0.808s] -- Up-to-date: /home/bhavin-avina/avu_robot/install/pymoveit2/lib/pymoveit2/color_detector.py
[0.808s] -- Up-to-date: /home/bhavin-avina/avu_robot/install/pymoveit2/share/ament_index/resource_index/package_run_dependencies/pymoveit2
[0.808s] -- Up-to-date: /home/bhavin-avina/avu_robot/install/pymoveit2/share/ament_index/resource_index/parent_prefix_path/pymoveit2
[0.808s] -- Up-to-date: /home/bhavin-avina/avu_robot/install/pymoveit2/share/pymoveit2/environment/ament_prefix_path.sh
[0.808s] -- Up-to-date: /home/bhavin-avina/avu_robot/install/pymoveit2/share/pymoveit2/environment/ament_prefix_path.dsv
[0.808s] -- Up-to-date: /home/bhavin-avina/avu_robot/install/pymoveit2/share/pymoveit2/environment/path.sh
[0.809s] -- Up-to-date: /home/bhavin-avina/avu_robot/install/pymoveit2/share/pymoveit2/environment/path.dsv
[0.809s] -- Up-to-date: /home/bhavin-avina/avu_robot/install/pymoveit2/share/pymoveit2/local_setup.bash
[0.809s] -- Up-to-date: /home/bhavin-avina/avu_robot/install/pymoveit2/share/pymoveit2/local_setup.sh
[0.809s] -- Up-to-date: /home/bhavin-avina/avu_robot/install/pymoveit2/share/pymoveit2/local_setup.zsh
[0.810s] -- Up-to-date: /home/bhavin-avina/avu_robot/install/pymoveit2/share/pymoveit2/local_setup.dsv
[0.810s] -- Installing: /home/bhavin-avina/avu_robot/install/pymoveit2/share/pymoveit2/package.dsv
[0.811s] -- Up-to-date: /home/bhavin-avina/avu_robot/install/pymoveit2/share/ament_index/resource_index/packages/pymoveit2
[0.812s] -- Up-to-date: /home/bhavin-avina/avu_robot/install/pymoveit2/share/pymoveit2/cmake/pymoveit2Config.cmake
[0.812s] -- Up-to-date: /home/bhavin-avina/avu_robot/install/pymoveit2/share/pymoveit2/cmake/pymoveit2Config-version.cmake
[0.812s] -- Up-to-date: /home/bhavin-avina/avu_robot/install/pymoveit2/share/pymoveit2/package.xml
[0.813s] Invoked command in '/home/bhavin-avina/avu_robot/build/pymoveit2' returned '0': CMAKE_PREFIX_PATH=${CMAKE_PREFIX_PATH}:/opt/ros/jazzy DEBUGINFOD_URLS=https://debuginfod.ubuntu.com /usr/bin/cmake --install /home/bhavin-avina/avu_robot/build/pymoveit2
