[0.035s] Invoking command in '/home/bhavin-avina/avu_robot/build/moveit2': CMAKE_PREFIX_PATH=${CMAKE_PREFIX_PATH}:/opt/ros/jazzy DEBUGINFOD_URLS=https://debuginfod.ubuntu.com /usr/bin/cmake /home/bhavin-avina/avu_robot/src/moveit2 -DCMAKE_INSTALL_PREFIX=/home/bhavin-avina/avu_robot/install/moveit2
[0.179s] -- The C compiler identification is GNU 13.3.0
[0.311s] -- The CXX compiler identification is GNU 13.3.0
[0.333s] -- Detecting C compiler ABI info
[0.443s] -- Detecting C compiler ABI info - done
[0.456s] -- Check for working C compiler: /usr/bin/cc - skipped
[0.457s] -- Detecting C compile features
[0.457s] -- Detecting C compile features - done
[0.472s] -- Detecting CXX compiler ABI info
[0.592s] -- Detecting CXX compiler ABI info - done
[0.610s] -- Check for working CXX compiler: /usr/bin/c++ - skipped
[0.610s] -- Detecting CXX compile features
[0.611s] -- Detecting CXX compile features - done
[0.628s] -- Found ament_cmake: 2.5.4 (/opt/ros/jazzy/share/ament_cmake/cmake)
[0.848s] -- Found Python3: /usr/bin/python3 (found version "3.12.3") found components: Interpreter 
[1.082s] -- Found ament_lint_auto: 0.17.2 (/opt/ros/jazzy/share/ament_lint_auto/cmake)
[1.276s] -- Added test 'lint_cmake' to check CMake code style
[1.280s] -- Added test 'xmllint' to check XML markup files
[1.283s] -- Configuring done (1.2s)
[1.288s] -- Generating done (0.0s)
[1.291s] -- Build files have been written to: /home/bhavin-avina/avu_robot/build/moveit2
[1.298s] Invoked command in '/home/bhavin-avina/avu_robot/build/moveit2' returned '0': CMAKE_PREFIX_PATH=${CMAKE_PREFIX_PATH}:/opt/ros/jazzy DEBUGINFOD_URLS=https://debuginfod.ubuntu.com /usr/bin/cmake /home/bhavin-avina/avu_robot/src/moveit2 -DCMAKE_INSTALL_PREFIX=/home/bhavin-avina/avu_robot/install/moveit2
[1.299s] Invoking command in '/home/bhavin-avina/avu_robot/build/moveit2': CMAKE_PREFIX_PATH=${CMAKE_PREFIX_PATH}:/opt/ros/jazzy DEBUGINFOD_URLS=https://debuginfod.ubuntu.com /usr/bin/cmake --build /home/bhavin-avina/avu_robot/build/moveit2 -- -j4 -l4
[1.356s] Invoked command in '/home/bhavin-avina/avu_robot/build/moveit2' returned '0': CMAKE_PREFIX_PATH=${CMAKE_PREFIX_PATH}:/opt/ros/jazzy DEBUGINFOD_URLS=https://debuginfod.ubuntu.com /usr/bin/cmake --build /home/bhavin-avina/avu_robot/build/moveit2 -- -j4 -l4
[1.358s] Invoking command in '/home/bhavin-avina/avu_robot/build/moveit2': CMAKE_PREFIX_PATH=${CMAKE_PREFIX_PATH}:/opt/ros/jazzy DEBUGINFOD_URLS=https://debuginfod.ubuntu.com /usr/bin/cmake --install /home/bhavin-avina/avu_robot/build/moveit2
[1.367s] -- Install configuration: ""
[1.367s] -- Installing: /home/bhavin-avina/avu_robot/install/moveit2/share/ament_index/resource_index/package_run_dependencies/moveit2
[1.367s] -- Installing: /home/bhavin-avina/avu_robot/install/moveit2/share/ament_index/resource_index/parent_prefix_path/moveit2
[1.367s] -- Installing: /home/bhavin-avina/avu_robot/install/moveit2/share/moveit2/environment/ament_prefix_path.sh
[1.368s] -- Installing: /home/bhavin-avina/avu_robot/install/moveit2/share/moveit2/environment/ament_prefix_path.dsv
[1.368s] -- Installing: /home/bhavin-avina/avu_robot/install/moveit2/share/moveit2/environment/path.sh
[1.368s] -- Installing: /home/bhavin-avina/avu_robot/install/moveit2/share/moveit2/environment/path.dsv
[1.368s] -- Installing: /home/bhavin-avina/avu_robot/install/moveit2/share/moveit2/local_setup.bash
[1.369s] -- Installing: /home/bhavin-avina/avu_robot/install/moveit2/share/moveit2/local_setup.sh
[1.369s] -- Installing: /home/bhavin-avina/avu_robot/install/moveit2/share/moveit2/local_setup.zsh
[1.370s] -- Installing: /home/bhavin-avina/avu_robot/install/moveit2/share/moveit2/local_setup.dsv
[1.370s] -- Installing: /home/bhavin-avina/avu_robot/install/moveit2/share/moveit2/package.dsv
[1.370s] -- Installing: /home/bhavin-avina/avu_robot/install/moveit2/share/ament_index/resource_index/packages/moveit2
[1.370s] -- Installing: /home/bhavin-avina/avu_robot/install/moveit2/share/moveit2/cmake/moveit2Config.cmake
[1.370s] -- Installing: /home/bhavin-avina/avu_robot/install/moveit2/share/moveit2/cmake/moveit2Config-version.cmake
[1.371s] -- Installing: /home/bhavin-avina/avu_robot/install/moveit2/share/moveit2/package.xml
[1.372s] Invoked command in '/home/bhavin-avina/avu_robot/build/moveit2' returned '0': CMAKE_PREFIX_PATH=${CMAKE_PREFIX_PATH}:/opt/ros/jazzy DEBUGINFOD_URLS=https://debuginfod.ubuntu.com /usr/bin/cmake --install /home/bhavin-avina/avu_robot/build/moveit2
