[0.153s] DEBUG:colcon:Command line arguments: ['/usr/bin/colcon', 'build']
[0.153s] DEBUG:colcon:Parsed command line arguments: Namespace(log_base=None, log_level=None, verb_name='build', build_base='build', install_base='install', merge_install=False, symlink_install=False, test_result_base=None, continue_on_error=False, executor='parallel', parallel_workers=4, event_handlers=None, ignore_user_meta=False, metas=['./colcon.meta'], base_paths=['.'], packages_ignore=None, packages_ignore_regex=None, paths=None, packages_up_to=None, packages_up_to_regex=None, packages_above=None, packages_above_and_dependencies=None, packages_above_depth=None, packages_select_by_dep=None, packages_skip_by_dep=None, packages_skip_up_to=None, packages_select_build_failed=False, packages_skip_build_finished=False, packages_select_test_failures=False, packages_skip_test_passed=False, packages_select=None, packages_skip=None, packages_select_regex=None, packages_skip_regex=None, packages_start=None, packages_end=None, allow_overriding=[], cmake_args=None, cmake_target=None, cmake_target_skip_unavailable=False, cmake_clean_cache=False, cmake_clean_first=False, cmake_force_configure=False, ament_cmake_args=None, catkin_cmake_args=None, catkin_skip_building_tests=False, mixin_files=None, mixin=None, verb_parser=<colcon_mixin.mixin.mixin_argument.MixinArgumentDecorator object at 0x7b1b19b683e0>, verb_extension=<colcon_core.verb.build.BuildVerb object at 0x7b1b195add30>, main=<bound method BuildVerb.main of <colcon_core.verb.build.BuildVerb object at 0x7b1b195add30>>, mixin_verb=('build',))
[0.201s] Level 1:colcon.colcon_core.package_discovery:discover_packages(colcon_meta) check parameters
[0.201s] Level 1:colcon.colcon_core.package_discovery:discover_packages(recursive) check parameters
[0.201s] Level 1:colcon.colcon_core.package_discovery:discover_packages(ignore) check parameters
[0.201s] Level 1:colcon.colcon_core.package_discovery:discover_packages(path) check parameters
[0.201s] Level 1:colcon.colcon_core.package_discovery:discover_packages(colcon_meta) discover
[0.201s] Level 1:colcon.colcon_core.package_discovery:discover_packages(recursive) discover
[0.202s] INFO:colcon.colcon_core.package_discovery:Crawling recursively for packages in '/home/bhavin-avina/avu_robot'
[0.202s] Level 1:colcon.colcon_core.package_identification:_identify(.) by extensions ['ignore', 'ignore_ament_install']
[0.202s] Level 1:colcon.colcon_core.package_identification:_identify(.) by extension 'ignore'
[0.202s] Level 1:colcon.colcon_core.package_identification:_identify(.) by extension 'ignore_ament_install'
[0.202s] Level 1:colcon.colcon_core.package_identification:_identify(.) by extensions ['colcon_pkg']
[0.202s] Level 1:colcon.colcon_core.package_identification:_identify(.) by extension 'colcon_pkg'
[0.202s] Level 1:colcon.colcon_core.package_identification:_identify(.) by extensions ['colcon_meta']
[0.202s] Level 1:colcon.colcon_core.package_identification:_identify(.) by extension 'colcon_meta'
[0.202s] Level 1:colcon.colcon_core.package_identification:_identify(.) by extensions ['ros']
[0.202s] Level 1:colcon.colcon_core.package_identification:_identify(.) by extension 'ros'
[0.234s] Level 1:colcon.colcon_core.package_identification:_identify(.) by extensions ['cmake', 'python']
[0.234s] Level 1:colcon.colcon_core.package_identification:_identify(.) by extension 'cmake'
[0.234s] Level 1:colcon.colcon_core.package_identification:_identify(.) by extension 'python'
[0.234s] Level 1:colcon.colcon_core.package_identification:_identify(.) by extensions ['python_setup_py']
[0.234s] Level 1:colcon.colcon_core.package_identification:_identify(.) by extension 'python_setup_py'
[0.234s] Level 1:colcon.colcon_core.package_identification:_identify(build) by extensions ['ignore', 'ignore_ament_install']
[0.235s] Level 1:colcon.colcon_core.package_identification:_identify(build) by extension 'ignore'
[0.235s] Level 1:colcon.colcon_core.package_identification:_identify(build) ignored
[0.235s] Level 1:colcon.colcon_core.package_identification:_identify(episode_data1) by extensions ['ignore', 'ignore_ament_install']
[0.235s] Level 1:colcon.colcon_core.package_identification:_identify(episode_data1) by extension 'ignore'
[0.235s] Level 1:colcon.colcon_core.package_identification:_identify(episode_data1) by extension 'ignore_ament_install'
[0.235s] Level 1:colcon.colcon_core.package_identification:_identify(episode_data1) by extensions ['colcon_pkg']
[0.235s] Level 1:colcon.colcon_core.package_identification:_identify(episode_data1) by extension 'colcon_pkg'
[0.235s] Level 1:colcon.colcon_core.package_identification:_identify(episode_data1) by extensions ['colcon_meta']
[0.235s] Level 1:colcon.colcon_core.package_identification:_identify(episode_data1) by extension 'colcon_meta'
[0.235s] Level 1:colcon.colcon_core.package_identification:_identify(episode_data1) by extensions ['ros']
[0.235s] Level 1:colcon.colcon_core.package_identification:_identify(episode_data1) by extension 'ros'
[0.236s] Level 1:colcon.colcon_core.package_identification:_identify(episode_data1) by extensions ['cmake', 'python']
[0.236s] Level 1:colcon.colcon_core.package_identification:_identify(episode_data1) by extension 'cmake'
[0.236s] Level 1:colcon.colcon_core.package_identification:_identify(episode_data1) by extension 'python'
[0.236s] Level 1:colcon.colcon_core.package_identification:_identify(episode_data1) by extensions ['python_setup_py']
[0.236s] Level 1:colcon.colcon_core.package_identification:_identify(episode_data1) by extension 'python_setup_py'
[0.236s] Level 1:colcon.colcon_core.package_identification:_identify(episode_data1/episode_41) by extensions ['ignore', 'ignore_ament_install']
[0.236s] Level 1:colcon.colcon_core.package_identification:_identify(episode_data1/episode_41) by extension 'ignore'
[0.236s] Level 1:colcon.colcon_core.package_identification:_identify(episode_data1/episode_41) by extension 'ignore_ament_install'
[0.236s] Level 1:colcon.colcon_core.package_identification:_identify(episode_data1/episode_41) by extensions ['colcon_pkg']
[0.236s] Level 1:colcon.colcon_core.package_identification:_identify(episode_data1/episode_41) by extension 'colcon_pkg'
[0.236s] Level 1:colcon.colcon_core.package_identification:_identify(episode_data1/episode_41) by extensions ['colcon_meta']
[0.236s] Level 1:colcon.colcon_core.package_identification:_identify(episode_data1/episode_41) by extension 'colcon_meta'
[0.236s] Level 1:colcon.colcon_core.package_identification:_identify(episode_data1/episode_41) by extensions ['ros']
[0.236s] Level 1:colcon.colcon_core.package_identification:_identify(episode_data1/episode_41) by extension 'ros'
[0.237s] Level 1:colcon.colcon_core.package_identification:_identify(episode_data1/episode_41) by extensions ['cmake', 'python']
[0.237s] Level 1:colcon.colcon_core.package_identification:_identify(episode_data1/episode_41) by extension 'cmake'
[0.237s] Level 1:colcon.colcon_core.package_identification:_identify(episode_data1/episode_41) by extension 'python'
[0.237s] Level 1:colcon.colcon_core.package_identification:_identify(episode_data1/episode_41) by extensions ['python_setup_py']
[0.237s] Level 1:colcon.colcon_core.package_identification:_identify(episode_data1/episode_41) by extension 'python_setup_py'
[0.237s] Level 1:colcon.colcon_core.package_identification:_identify(episode_data1/episode_42) by extensions ['ignore', 'ignore_ament_install']
[0.237s] Level 1:colcon.colcon_core.package_identification:_identify(episode_data1/episode_42) by extension 'ignore'
[0.237s] Level 1:colcon.colcon_core.package_identification:_identify(episode_data1/episode_42) by extension 'ignore_ament_install'
[0.237s] Level 1:colcon.colcon_core.package_identification:_identify(episode_data1/episode_42) by extensions ['colcon_pkg']
[0.237s] Level 1:colcon.colcon_core.package_identification:_identify(episode_data1/episode_42) by extension 'colcon_pkg'
[0.237s] Level 1:colcon.colcon_core.package_identification:_identify(episode_data1/episode_42) by extensions ['colcon_meta']
[0.237s] Level 1:colcon.colcon_core.package_identification:_identify(episode_data1/episode_42) by extension 'colcon_meta'
[0.237s] Level 1:colcon.colcon_core.package_identification:_identify(episode_data1/episode_42) by extensions ['ros']
[0.237s] Level 1:colcon.colcon_core.package_identification:_identify(episode_data1/episode_42) by extension 'ros'
[0.238s] Level 1:colcon.colcon_core.package_identification:_identify(episode_data1/episode_42) by extensions ['cmake', 'python']
[0.238s] Level 1:colcon.colcon_core.package_identification:_identify(episode_data1/episode_42) by extension 'cmake'
[0.238s] Level 1:colcon.colcon_core.package_identification:_identify(episode_data1/episode_42) by extension 'python'
[0.238s] Level 1:colcon.colcon_core.package_identification:_identify(episode_data1/episode_42) by extensions ['python_setup_py']
[0.238s] Level 1:colcon.colcon_core.package_identification:_identify(episode_data1/episode_42) by extension 'python_setup_py'
[0.238s] Level 1:colcon.colcon_core.package_identification:_identify(episode_data1/episode_43) by extensions ['ignore', 'ignore_ament_install']
[0.238s] Level 1:colcon.colcon_core.package_identification:_identify(episode_data1/episode_43) by extension 'ignore'
[0.238s] Level 1:colcon.colcon_core.package_identification:_identify(episode_data1/episode_43) by extension 'ignore_ament_install'
[0.238s] Level 1:colcon.colcon_core.package_identification:_identify(episode_data1/episode_43) by extensions ['colcon_pkg']
[0.238s] Level 1:colcon.colcon_core.package_identification:_identify(episode_data1/episode_43) by extension 'colcon_pkg'
[0.238s] Level 1:colcon.colcon_core.package_identification:_identify(episode_data1/episode_43) by extensions ['colcon_meta']
[0.238s] Level 1:colcon.colcon_core.package_identification:_identify(episode_data1/episode_43) by extension 'colcon_meta'
[0.238s] Level 1:colcon.colcon_core.package_identification:_identify(episode_data1/episode_43) by extensions ['ros']
[0.238s] Level 1:colcon.colcon_core.package_identification:_identify(episode_data1/episode_43) by extension 'ros'
[0.239s] Level 1:colcon.colcon_core.package_identification:_identify(episode_data1/episode_43) by extensions ['cmake', 'python']
[0.239s] Level 1:colcon.colcon_core.package_identification:_identify(episode_data1/episode_43) by extension 'cmake'
[0.239s] Level 1:colcon.colcon_core.package_identification:_identify(episode_data1/episode_43) by extension 'python'
[0.239s] Level 1:colcon.colcon_core.package_identification:_identify(episode_data1/episode_43) by extensions ['python_setup_py']
[0.239s] Level 1:colcon.colcon_core.package_identification:_identify(episode_data1/episode_43) by extension 'python_setup_py'
[0.239s] Level 1:colcon.colcon_core.package_identification:_identify(episode_data1/episode_44) by extensions ['ignore', 'ignore_ament_install']
[0.239s] Level 1:colcon.colcon_core.package_identification:_identify(episode_data1/episode_44) by extension 'ignore'
[0.239s] Level 1:colcon.colcon_core.package_identification:_identify(episode_data1/episode_44) by extension 'ignore_ament_install'
[0.239s] Level 1:colcon.colcon_core.package_identification:_identify(episode_data1/episode_44) by extensions ['colcon_pkg']
[0.239s] Level 1:colcon.colcon_core.package_identification:_identify(episode_data1/episode_44) by extension 'colcon_pkg'
[0.239s] Level 1:colcon.colcon_core.package_identification:_identify(episode_data1/episode_44) by extensions ['colcon_meta']
[0.239s] Level 1:colcon.colcon_core.package_identification:_identify(episode_data1/episode_44) by extension 'colcon_meta'
[0.239s] Level 1:colcon.colcon_core.package_identification:_identify(episode_data1/episode_44) by extensions ['ros']
[0.239s] Level 1:colcon.colcon_core.package_identification:_identify(episode_data1/episode_44) by extension 'ros'
[0.239s] Level 1:colcon.colcon_core.package_identification:_identify(episode_data1/episode_44) by extensions ['cmake', 'python']
[0.240s] Level 1:colcon.colcon_core.package_identification:_identify(episode_data1/episode_44) by extension 'cmake'
[0.240s] Level 1:colcon.colcon_core.package_identification:_identify(episode_data1/episode_44) by extension 'python'
[0.240s] Level 1:colcon.colcon_core.package_identification:_identify(episode_data1/episode_44) by extensions ['python_setup_py']
[0.240s] Level 1:colcon.colcon_core.package_identification:_identify(episode_data1/episode_44) by extension 'python_setup_py'
[0.240s] Level 1:colcon.colcon_core.package_identification:_identify(episode_data1/episode_45) by extensions ['ignore', 'ignore_ament_install']
[0.240s] Level 1:colcon.colcon_core.package_identification:_identify(episode_data1/episode_45) by extension 'ignore'
[0.240s] Level 1:colcon.colcon_core.package_identification:_identify(episode_data1/episode_45) by extension 'ignore_ament_install'
[0.240s] Level 1:colcon.colcon_core.package_identification:_identify(episode_data1/episode_45) by extensions ['colcon_pkg']
[0.240s] Level 1:colcon.colcon_core.package_identification:_identify(episode_data1/episode_45) by extension 'colcon_pkg'
[0.240s] Level 1:colcon.colcon_core.package_identification:_identify(episode_data1/episode_45) by extensions ['colcon_meta']
[0.240s] Level 1:colcon.colcon_core.package_identification:_identify(episode_data1/episode_45) by extension 'colcon_meta'
[0.240s] Level 1:colcon.colcon_core.package_identification:_identify(episode_data1/episode_45) by extensions ['ros']
[0.240s] Level 1:colcon.colcon_core.package_identification:_identify(episode_data1/episode_45) by extension 'ros'
[0.240s] Level 1:colcon.colcon_core.package_identification:_identify(episode_data1/episode_45) by extensions ['cmake', 'python']
[0.240s] Level 1:colcon.colcon_core.package_identification:_identify(episode_data1/episode_45) by extension 'cmake'
[0.241s] Level 1:colcon.colcon_core.package_identification:_identify(episode_data1/episode_45) by extension 'python'
[0.241s] Level 1:colcon.colcon_core.package_identification:_identify(episode_data1/episode_45) by extensions ['python_setup_py']
[0.241s] Level 1:colcon.colcon_core.package_identification:_identify(episode_data1/episode_45) by extension 'python_setup_py'
[0.241s] Level 1:colcon.colcon_core.package_identification:_identify(episode_data1/episode_46) by extensions ['ignore', 'ignore_ament_install']
[0.241s] Level 1:colcon.colcon_core.package_identification:_identify(episode_data1/episode_46) by extension 'ignore'
[0.241s] Level 1:colcon.colcon_core.package_identification:_identify(episode_data1/episode_46) by extension 'ignore_ament_install'
[0.241s] Level 1:colcon.colcon_core.package_identification:_identify(episode_data1/episode_46) by extensions ['colcon_pkg']
[0.241s] Level 1:colcon.colcon_core.package_identification:_identify(episode_data1/episode_46) by extension 'colcon_pkg'
[0.241s] Level 1:colcon.colcon_core.package_identification:_identify(episode_data1/episode_46) by extensions ['colcon_meta']
[0.241s] Level 1:colcon.colcon_core.package_identification:_identify(episode_data1/episode_46) by extension 'colcon_meta'
[0.241s] Level 1:colcon.colcon_core.package_identification:_identify(episode_data1/episode_46) by extensions ['ros']
[0.241s] Level 1:colcon.colcon_core.package_identification:_identify(episode_data1/episode_46) by extension 'ros'
[0.241s] Level 1:colcon.colcon_core.package_identification:_identify(episode_data1/episode_46) by extensions ['cmake', 'python']
[0.241s] Level 1:colcon.colcon_core.package_identification:_identify(episode_data1/episode_46) by extension 'cmake'
[0.242s] Level 1:colcon.colcon_core.package_identification:_identify(episode_data1/episode_46) by extension 'python'
[0.242s] Level 1:colcon.colcon_core.package_identification:_identify(episode_data1/episode_46) by extensions ['python_setup_py']
[0.242s] Level 1:colcon.colcon_core.package_identification:_identify(episode_data1/episode_46) by extension 'python_setup_py'
[0.242s] Level 1:colcon.colcon_core.package_identification:_identify(episode_data1/episode_47) by extensions ['ignore', 'ignore_ament_install']
[0.242s] Level 1:colcon.colcon_core.package_identification:_identify(episode_data1/episode_47) by extension 'ignore'
[0.242s] Level 1:colcon.colcon_core.package_identification:_identify(episode_data1/episode_47) by extension 'ignore_ament_install'
[0.242s] Level 1:colcon.colcon_core.package_identification:_identify(episode_data1/episode_47) by extensions ['colcon_pkg']
[0.242s] Level 1:colcon.colcon_core.package_identification:_identify(episode_data1/episode_47) by extension 'colcon_pkg'
[0.242s] Level 1:colcon.colcon_core.package_identification:_identify(episode_data1/episode_47) by extensions ['colcon_meta']
[0.242s] Level 1:colcon.colcon_core.package_identification:_identify(episode_data1/episode_47) by extension 'colcon_meta'
[0.242s] Level 1:colcon.colcon_core.package_identification:_identify(episode_data1/episode_47) by extensions ['ros']
[0.242s] Level 1:colcon.colcon_core.package_identification:_identify(episode_data1/episode_47) by extension 'ros'
[0.242s] Level 1:colcon.colcon_core.package_identification:_identify(episode_data1/episode_47) by extensions ['cmake', 'python']
[0.242s] Level 1:colcon.colcon_core.package_identification:_identify(episode_data1/episode_47) by extension 'cmake'
[0.243s] Level 1:colcon.colcon_core.package_identification:_identify(episode_data1/episode_47) by extension 'python'
[0.243s] Level 1:colcon.colcon_core.package_identification:_identify(episode_data1/episode_47) by extensions ['python_setup_py']
[0.243s] Level 1:colcon.colcon_core.package_identification:_identify(episode_data1/episode_47) by extension 'python_setup_py'
[0.243s] Level 1:colcon.colcon_core.package_identification:_identify(episode_data1/episode_48) by extensions ['ignore', 'ignore_ament_install']
[0.243s] Level 1:colcon.colcon_core.package_identification:_identify(episode_data1/episode_48) by extension 'ignore'
[0.243s] Level 1:colcon.colcon_core.package_identification:_identify(episode_data1/episode_48) by extension 'ignore_ament_install'
[0.243s] Level 1:colcon.colcon_core.package_identification:_identify(episode_data1/episode_48) by extensions ['colcon_pkg']
[0.243s] Level 1:colcon.colcon_core.package_identification:_identify(episode_data1/episode_48) by extension 'colcon_pkg'
[0.243s] Level 1:colcon.colcon_core.package_identification:_identify(episode_data1/episode_48) by extensions ['colcon_meta']
[0.243s] Level 1:colcon.colcon_core.package_identification:_identify(episode_data1/episode_48) by extension 'colcon_meta'
[0.243s] Level 1:colcon.colcon_core.package_identification:_identify(episode_data1/episode_48) by extensions ['ros']
[0.243s] Level 1:colcon.colcon_core.package_identification:_identify(episode_data1/episode_48) by extension 'ros'
[0.243s] Level 1:colcon.colcon_core.package_identification:_identify(episode_data1/episode_48) by extensions ['cmake', 'python']
[0.243s] Level 1:colcon.colcon_core.package_identification:_identify(episode_data1/episode_48) by extension 'cmake'
[0.243s] Level 1:colcon.colcon_core.package_identification:_identify(episode_data1/episode_48) by extension 'python'
[0.244s] Level 1:colcon.colcon_core.package_identification:_identify(episode_data1/episode_48) by extensions ['python_setup_py']
[0.244s] Level 1:colcon.colcon_core.package_identification:_identify(episode_data1/episode_48) by extension 'python_setup_py'
[0.244s] Level 1:colcon.colcon_core.package_identification:_identify(episode_data1/episode_49) by extensions ['ignore', 'ignore_ament_install']
[0.244s] Level 1:colcon.colcon_core.package_identification:_identify(episode_data1/episode_49) by extension 'ignore'
[0.244s] Level 1:colcon.colcon_core.package_identification:_identify(episode_data1/episode_49) by extension 'ignore_ament_install'
[0.244s] Level 1:colcon.colcon_core.package_identification:_identify(episode_data1/episode_49) by extensions ['colcon_pkg']
[0.244s] Level 1:colcon.colcon_core.package_identification:_identify(episode_data1/episode_49) by extension 'colcon_pkg'
[0.244s] Level 1:colcon.colcon_core.package_identification:_identify(episode_data1/episode_49) by extensions ['colcon_meta']
[0.244s] Level 1:colcon.colcon_core.package_identification:_identify(episode_data1/episode_49) by extension 'colcon_meta'
[0.244s] Level 1:colcon.colcon_core.package_identification:_identify(episode_data1/episode_49) by extensions ['ros']
[0.244s] Level 1:colcon.colcon_core.package_identification:_identify(episode_data1/episode_49) by extension 'ros'
[0.244s] Level 1:colcon.colcon_core.package_identification:_identify(episode_data1/episode_49) by extensions ['cmake', 'python']
[0.244s] Level 1:colcon.colcon_core.package_identification:_identify(episode_data1/episode_49) by extension 'cmake'
[0.244s] Level 1:colcon.colcon_core.package_identification:_identify(episode_data1/episode_49) by extension 'python'
[0.245s] Level 1:colcon.colcon_core.package_identification:_identify(episode_data1/episode_49) by extensions ['python_setup_py']
[0.245s] Level 1:colcon.colcon_core.package_identification:_identify(episode_data1/episode_49) by extension 'python_setup_py'
[0.245s] Level 1:colcon.colcon_core.package_identification:_identify(episode_data1/episode_50) by extensions ['ignore', 'ignore_ament_install']
[0.245s] Level 1:colcon.colcon_core.package_identification:_identify(episode_data1/episode_50) by extension 'ignore'
[0.245s] Level 1:colcon.colcon_core.package_identification:_identify(episode_data1/episode_50) by extension 'ignore_ament_install'
[0.245s] Level 1:colcon.colcon_core.package_identification:_identify(episode_data1/episode_50) by extensions ['colcon_pkg']
[0.245s] Level 1:colcon.colcon_core.package_identification:_identify(episode_data1/episode_50) by extension 'colcon_pkg'
[0.245s] Level 1:colcon.colcon_core.package_identification:_identify(episode_data1/episode_50) by extensions ['colcon_meta']
[0.245s] Level 1:colcon.colcon_core.package_identification:_identify(episode_data1/episode_50) by extension 'colcon_meta'
[0.245s] Level 1:colcon.colcon_core.package_identification:_identify(episode_data1/episode_50) by extensions ['ros']
[0.245s] Level 1:colcon.colcon_core.package_identification:_identify(episode_data1/episode_50) by extension 'ros'
[0.245s] Level 1:colcon.colcon_core.package_identification:_identify(episode_data1/episode_50) by extensions ['cmake', 'python']
[0.245s] Level 1:colcon.colcon_core.package_identification:_identify(episode_data1/episode_50) by extension 'cmake'
[0.245s] Level 1:colcon.colcon_core.package_identification:_identify(episode_data1/episode_50) by extension 'python'
[0.246s] Level 1:colcon.colcon_core.package_identification:_identify(episode_data1/episode_50) by extensions ['python_setup_py']
[0.246s] Level 1:colcon.colcon_core.package_identification:_identify(episode_data1/episode_50) by extension 'python_setup_py'
[0.246s] Level 1:colcon.colcon_core.package_identification:_identify(episode_data1/episode_51) by extensions ['ignore', 'ignore_ament_install']
[0.246s] Level 1:colcon.colcon_core.package_identification:_identify(episode_data1/episode_51) by extension 'ignore'
[0.246s] Level 1:colcon.colcon_core.package_identification:_identify(episode_data1/episode_51) by extension 'ignore_ament_install'
[0.246s] Level 1:colcon.colcon_core.package_identification:_identify(episode_data1/episode_51) by extensions ['colcon_pkg']
[0.246s] Level 1:colcon.colcon_core.package_identification:_identify(episode_data1/episode_51) by extension 'colcon_pkg'
[0.246s] Level 1:colcon.colcon_core.package_identification:_identify(episode_data1/episode_51) by extensions ['colcon_meta']
[0.246s] Level 1:colcon.colcon_core.package_identification:_identify(episode_data1/episode_51) by extension 'colcon_meta'
[0.246s] Level 1:colcon.colcon_core.package_identification:_identify(episode_data1/episode_51) by extensions ['ros']
[0.246s] Level 1:colcon.colcon_core.package_identification:_identify(episode_data1/episode_51) by extension 'ros'
[0.246s] Level 1:colcon.colcon_core.package_identification:_identify(episode_data1/episode_51) by extensions ['cmake', 'python']
[0.246s] Level 1:colcon.colcon_core.package_identification:_identify(episode_data1/episode_51) by extension 'cmake'
[0.246s] Level 1:colcon.colcon_core.package_identification:_identify(episode_data1/episode_51) by extension 'python'
[0.247s] Level 1:colcon.colcon_core.package_identification:_identify(episode_data1/episode_51) by extensions ['python_setup_py']
[0.247s] Level 1:colcon.colcon_core.package_identification:_identify(episode_data1/episode_51) by extension 'python_setup_py'
[0.247s] Level 1:colcon.colcon_core.package_identification:_identify(episode_data1/episode_52) by extensions ['ignore', 'ignore_ament_install']
[0.247s] Level 1:colcon.colcon_core.package_identification:_identify(episode_data1/episode_52) by extension 'ignore'
[0.247s] Level 1:colcon.colcon_core.package_identification:_identify(episode_data1/episode_52) by extension 'ignore_ament_install'
[0.247s] Level 1:colcon.colcon_core.package_identification:_identify(episode_data1/episode_52) by extensions ['colcon_pkg']
[0.247s] Level 1:colcon.colcon_core.package_identification:_identify(episode_data1/episode_52) by extension 'colcon_pkg'
[0.247s] Level 1:colcon.colcon_core.package_identification:_identify(episode_data1/episode_52) by extensions ['colcon_meta']
[0.247s] Level 1:colcon.colcon_core.package_identification:_identify(episode_data1/episode_52) by extension 'colcon_meta'
[0.247s] Level 1:colcon.colcon_core.package_identification:_identify(episode_data1/episode_52) by extensions ['ros']
[0.247s] Level 1:colcon.colcon_core.package_identification:_identify(episode_data1/episode_52) by extension 'ros'
[0.247s] Level 1:colcon.colcon_core.package_identification:_identify(episode_data1/episode_52) by extensions ['cmake', 'python']
[0.247s] Level 1:colcon.colcon_core.package_identification:_identify(episode_data1/episode_52) by extension 'cmake'
[0.247s] Level 1:colcon.colcon_core.package_identification:_identify(episode_data1/episode_52) by extension 'python'
[0.248s] Level 1:colcon.colcon_core.package_identification:_identify(episode_data1/episode_52) by extensions ['python_setup_py']
[0.248s] Level 1:colcon.colcon_core.package_identification:_identify(episode_data1/episode_52) by extension 'python_setup_py'
[0.248s] Level 1:colcon.colcon_core.package_identification:_identify(episode_data1/episode_53) by extensions ['ignore', 'ignore_ament_install']
[0.248s] Level 1:colcon.colcon_core.package_identification:_identify(episode_data1/episode_53) by extension 'ignore'
[0.248s] Level 1:colcon.colcon_core.package_identification:_identify(episode_data1/episode_53) by extension 'ignore_ament_install'
[0.248s] Level 1:colcon.colcon_core.package_identification:_identify(episode_data1/episode_53) by extensions ['colcon_pkg']
[0.248s] Level 1:colcon.colcon_core.package_identification:_identify(episode_data1/episode_53) by extension 'colcon_pkg'
[0.248s] Level 1:colcon.colcon_core.package_identification:_identify(episode_data1/episode_53) by extensions ['colcon_meta']
[0.248s] Level 1:colcon.colcon_core.package_identification:_identify(episode_data1/episode_53) by extension 'colcon_meta'
[0.248s] Level 1:colcon.colcon_core.package_identification:_identify(episode_data1/episode_53) by extensions ['ros']
[0.248s] Level 1:colcon.colcon_core.package_identification:_identify(episode_data1/episode_53) by extension 'ros'
[0.248s] Level 1:colcon.colcon_core.package_identification:_identify(episode_data1/episode_53) by extensions ['cmake', 'python']
[0.248s] Level 1:colcon.colcon_core.package_identification:_identify(episode_data1/episode_53) by extension 'cmake'
[0.248s] Level 1:colcon.colcon_core.package_identification:_identify(episode_data1/episode_53) by extension 'python'
[0.249s] Level 1:colcon.colcon_core.package_identification:_identify(episode_data1/episode_53) by extensions ['python_setup_py']
[0.249s] Level 1:colcon.colcon_core.package_identification:_identify(episode_data1/episode_53) by extension 'python_setup_py'
[0.249s] Level 1:colcon.colcon_core.package_identification:_identify(episode_data1/episode_54) by extensions ['ignore', 'ignore_ament_install']
[0.249s] Level 1:colcon.colcon_core.package_identification:_identify(episode_data1/episode_54) by extension 'ignore'
[0.249s] Level 1:colcon.colcon_core.package_identification:_identify(episode_data1/episode_54) by extension 'ignore_ament_install'
[0.249s] Level 1:colcon.colcon_core.package_identification:_identify(episode_data1/episode_54) by extensions ['colcon_pkg']
[0.249s] Level 1:colcon.colcon_core.package_identification:_identify(episode_data1/episode_54) by extension 'colcon_pkg'
[0.249s] Level 1:colcon.colcon_core.package_identification:_identify(episode_data1/episode_54) by extensions ['colcon_meta']
[0.249s] Level 1:colcon.colcon_core.package_identification:_identify(episode_data1/episode_54) by extension 'colcon_meta'
[0.249s] Level 1:colcon.colcon_core.package_identification:_identify(episode_data1/episode_54) by extensions ['ros']
[0.249s] Level 1:colcon.colcon_core.package_identification:_identify(episode_data1/episode_54) by extension 'ros'
[0.249s] Level 1:colcon.colcon_core.package_identification:_identify(episode_data1/episode_54) by extensions ['cmake', 'python']
[0.249s] Level 1:colcon.colcon_core.package_identification:_identify(episode_data1/episode_54) by extension 'cmake'
[0.249s] Level 1:colcon.colcon_core.package_identification:_identify(episode_data1/episode_54) by extension 'python'
[0.249s] Level 1:colcon.colcon_core.package_identification:_identify(episode_data1/episode_54) by extensions ['python_setup_py']
[0.250s] Level 1:colcon.colcon_core.package_identification:_identify(episode_data1/episode_54) by extension 'python_setup_py'
[0.250s] Level 1:colcon.colcon_core.package_identification:_identify(episode_data1/episode_55) by extensions ['ignore', 'ignore_ament_install']
[0.250s] Level 1:colcon.colcon_core.package_identification:_identify(episode_data1/episode_55) by extension 'ignore'
[0.250s] Level 1:colcon.colcon_core.package_identification:_identify(episode_data1/episode_55) by extension 'ignore_ament_install'
[0.250s] Level 1:colcon.colcon_core.package_identification:_identify(episode_data1/episode_55) by extensions ['colcon_pkg']
[0.250s] Level 1:colcon.colcon_core.package_identification:_identify(episode_data1/episode_55) by extension 'colcon_pkg'
[0.250s] Level 1:colcon.colcon_core.package_identification:_identify(episode_data1/episode_55) by extensions ['colcon_meta']
[0.250s] Level 1:colcon.colcon_core.package_identification:_identify(episode_data1/episode_55) by extension 'colcon_meta'
[0.250s] Level 1:colcon.colcon_core.package_identification:_identify(episode_data1/episode_55) by extensions ['ros']
[0.250s] Level 1:colcon.colcon_core.package_identification:_identify(episode_data1/episode_55) by extension 'ros'
[0.250s] Level 1:colcon.colcon_core.package_identification:_identify(episode_data1/episode_55) by extensions ['cmake', 'python']
[0.250s] Level 1:colcon.colcon_core.package_identification:_identify(episode_data1/episode_55) by extension 'cmake'
[0.250s] Level 1:colcon.colcon_core.package_identification:_identify(episode_data1/episode_55) by extension 'python'
[0.250s] Level 1:colcon.colcon_core.package_identification:_identify(episode_data1/episode_55) by extensions ['python_setup_py']
[0.250s] Level 1:colcon.colcon_core.package_identification:_identify(episode_data1/episode_55) by extension 'python_setup_py'
[0.251s] Level 1:colcon.colcon_core.package_identification:_identify(episode_data1/episode_56) by extensions ['ignore', 'ignore_ament_install']
[0.251s] Level 1:colcon.colcon_core.package_identification:_identify(episode_data1/episode_56) by extension 'ignore'
[0.251s] Level 1:colcon.colcon_core.package_identification:_identify(episode_data1/episode_56) by extension 'ignore_ament_install'
[0.251s] Level 1:colcon.colcon_core.package_identification:_identify(episode_data1/episode_56) by extensions ['colcon_pkg']
[0.251s] Level 1:colcon.colcon_core.package_identification:_identify(episode_data1/episode_56) by extension 'colcon_pkg'
[0.251s] Level 1:colcon.colcon_core.package_identification:_identify(episode_data1/episode_56) by extensions ['colcon_meta']
[0.251s] Level 1:colcon.colcon_core.package_identification:_identify(episode_data1/episode_56) by extension 'colcon_meta'
[0.251s] Level 1:colcon.colcon_core.package_identification:_identify(episode_data1/episode_56) by extensions ['ros']
[0.251s] Level 1:colcon.colcon_core.package_identification:_identify(episode_data1/episode_56) by extension 'ros'
[0.251s] Level 1:colcon.colcon_core.package_identification:_identify(episode_data1/episode_56) by extensions ['cmake', 'python']
[0.251s] Level 1:colcon.colcon_core.package_identification:_identify(episode_data1/episode_56) by extension 'cmake'
[0.252s] Level 1:colcon.colcon_core.package_identification:_identify(episode_data1/episode_56) by extension 'python'
[0.252s] Level 1:colcon.colcon_core.package_identification:_identify(episode_data1/episode_56) by extensions ['python_setup_py']
[0.252s] Level 1:colcon.colcon_core.package_identification:_identify(episode_data1/episode_56) by extension 'python_setup_py'
[0.252s] Level 1:colcon.colcon_core.package_identification:_identify(episode_data1/episode_57) by extensions ['ignore', 'ignore_ament_install']
[0.252s] Level 1:colcon.colcon_core.package_identification:_identify(episode_data1/episode_57) by extension 'ignore'
[0.252s] Level 1:colcon.colcon_core.package_identification:_identify(episode_data1/episode_57) by extension 'ignore_ament_install'
[0.252s] Level 1:colcon.colcon_core.package_identification:_identify(episode_data1/episode_57) by extensions ['colcon_pkg']
[0.252s] Level 1:colcon.colcon_core.package_identification:_identify(episode_data1/episode_57) by extension 'colcon_pkg'
[0.252s] Level 1:colcon.colcon_core.package_identification:_identify(episode_data1/episode_57) by extensions ['colcon_meta']
[0.252s] Level 1:colcon.colcon_core.package_identification:_identify(episode_data1/episode_57) by extension 'colcon_meta'
[0.252s] Level 1:colcon.colcon_core.package_identification:_identify(episode_data1/episode_57) by extensions ['ros']
[0.252s] Level 1:colcon.colcon_core.package_identification:_identify(episode_data1/episode_57) by extension 'ros'
[0.252s] Level 1:colcon.colcon_core.package_identification:_identify(episode_data1/episode_57) by extensions ['cmake', 'python']
[0.252s] Level 1:colcon.colcon_core.package_identification:_identify(episode_data1/episode_57) by extension 'cmake'
[0.253s] Level 1:colcon.colcon_core.package_identification:_identify(episode_data1/episode_57) by extension 'python'
[0.253s] Level 1:colcon.colcon_core.package_identification:_identify(episode_data1/episode_57) by extensions ['python_setup_py']
[0.253s] Level 1:colcon.colcon_core.package_identification:_identify(episode_data1/episode_57) by extension 'python_setup_py'
[0.253s] Level 1:colcon.colcon_core.package_identification:_identify(episode_data1/episode_58) by extensions ['ignore', 'ignore_ament_install']
[0.253s] Level 1:colcon.colcon_core.package_identification:_identify(episode_data1/episode_58) by extension 'ignore'
[0.253s] Level 1:colcon.colcon_core.package_identification:_identify(episode_data1/episode_58) by extension 'ignore_ament_install'
[0.253s] Level 1:colcon.colcon_core.package_identification:_identify(episode_data1/episode_58) by extensions ['colcon_pkg']
[0.253s] Level 1:colcon.colcon_core.package_identification:_identify(episode_data1/episode_58) by extension 'colcon_pkg'
[0.253s] Level 1:colcon.colcon_core.package_identification:_identify(episode_data1/episode_58) by extensions ['colcon_meta']
[0.253s] Level 1:colcon.colcon_core.package_identification:_identify(episode_data1/episode_58) by extension 'colcon_meta'
[0.253s] Level 1:colcon.colcon_core.package_identification:_identify(episode_data1/episode_58) by extensions ['ros']
[0.253s] Level 1:colcon.colcon_core.package_identification:_identify(episode_data1/episode_58) by extension 'ros'
[0.253s] Level 1:colcon.colcon_core.package_identification:_identify(episode_data1/episode_58) by extensions ['cmake', 'python']
[0.253s] Level 1:colcon.colcon_core.package_identification:_identify(episode_data1/episode_58) by extension 'cmake'
[0.253s] Level 1:colcon.colcon_core.package_identification:_identify(episode_data1/episode_58) by extension 'python'
[0.254s] Level 1:colcon.colcon_core.package_identification:_identify(episode_data1/episode_58) by extensions ['python_setup_py']
[0.254s] Level 1:colcon.colcon_core.package_identification:_identify(episode_data1/episode_58) by extension 'python_setup_py'
[0.254s] Level 1:colcon.colcon_core.package_identification:_identify(episode_data1/episode_59) by extensions ['ignore', 'ignore_ament_install']
[0.254s] Level 1:colcon.colcon_core.package_identification:_identify(episode_data1/episode_59) by extension 'ignore'
[0.254s] Level 1:colcon.colcon_core.package_identification:_identify(episode_data1/episode_59) by extension 'ignore_ament_install'
[0.254s] Level 1:colcon.colcon_core.package_identification:_identify(episode_data1/episode_59) by extensions ['colcon_pkg']
[0.254s] Level 1:colcon.colcon_core.package_identification:_identify(episode_data1/episode_59) by extension 'colcon_pkg'
[0.254s] Level 1:colcon.colcon_core.package_identification:_identify(episode_data1/episode_59) by extensions ['colcon_meta']
[0.254s] Level 1:colcon.colcon_core.package_identification:_identify(episode_data1/episode_59) by extension 'colcon_meta'
[0.254s] Level 1:colcon.colcon_core.package_identification:_identify(episode_data1/episode_59) by extensions ['ros']
[0.254s] Level 1:colcon.colcon_core.package_identification:_identify(episode_data1/episode_59) by extension 'ros'
[0.254s] Level 1:colcon.colcon_core.package_identification:_identify(episode_data1/episode_59) by extensions ['cmake', 'python']
[0.254s] Level 1:colcon.colcon_core.package_identification:_identify(episode_data1/episode_59) by extension 'cmake'
[0.254s] Level 1:colcon.colcon_core.package_identification:_identify(episode_data1/episode_59) by extension 'python'
[0.255s] Level 1:colcon.colcon_core.package_identification:_identify(episode_data1/episode_59) by extensions ['python_setup_py']
[0.255s] Level 1:colcon.colcon_core.package_identification:_identify(episode_data1/episode_59) by extension 'python_setup_py'
[0.255s] Level 1:colcon.colcon_core.package_identification:_identify(episode_data1/episode_60) by extensions ['ignore', 'ignore_ament_install']
[0.255s] Level 1:colcon.colcon_core.package_identification:_identify(episode_data1/episode_60) by extension 'ignore'
[0.255s] Level 1:colcon.colcon_core.package_identification:_identify(episode_data1/episode_60) by extension 'ignore_ament_install'
[0.255s] Level 1:colcon.colcon_core.package_identification:_identify(episode_data1/episode_60) by extensions ['colcon_pkg']
[0.255s] Level 1:colcon.colcon_core.package_identification:_identify(episode_data1/episode_60) by extension 'colcon_pkg'
[0.255s] Level 1:colcon.colcon_core.package_identification:_identify(episode_data1/episode_60) by extensions ['colcon_meta']
[0.255s] Level 1:colcon.colcon_core.package_identification:_identify(episode_data1/episode_60) by extension 'colcon_meta'
[0.255s] Level 1:colcon.colcon_core.package_identification:_identify(episode_data1/episode_60) by extensions ['ros']
[0.255s] Level 1:colcon.colcon_core.package_identification:_identify(episode_data1/episode_60) by extension 'ros'
[0.255s] Level 1:colcon.colcon_core.package_identification:_identify(episode_data1/episode_60) by extensions ['cmake', 'python']
[0.255s] Level 1:colcon.colcon_core.package_identification:_identify(episode_data1/episode_60) by extension 'cmake'
[0.255s] Level 1:colcon.colcon_core.package_identification:_identify(episode_data1/episode_60) by extension 'python'
[0.255s] Level 1:colcon.colcon_core.package_identification:_identify(episode_data1/episode_60) by extensions ['python_setup_py']
[0.256s] Level 1:colcon.colcon_core.package_identification:_identify(episode_data1/episode_60) by extension 'python_setup_py'
[0.256s] Level 1:colcon.colcon_core.package_identification:_identify(install) by extensions ['ignore', 'ignore_ament_install']
[0.256s] Level 1:colcon.colcon_core.package_identification:_identify(install) by extension 'ignore'
[0.256s] Level 1:colcon.colcon_core.package_identification:_identify(install) ignored
[0.256s] Level 1:colcon.colcon_core.package_identification:_identify(log) by extensions ['ignore', 'ignore_ament_install']
[0.256s] Level 1:colcon.colcon_core.package_identification:_identify(log) by extension 'ignore'
[0.256s] Level 1:colcon.colcon_core.package_identification:_identify(log) ignored
[0.256s] Level 1:colcon.colcon_core.package_identification:_identify(src) by extensions ['ignore', 'ignore_ament_install']
[0.257s] Level 1:colcon.colcon_core.package_identification:_identify(src) by extension 'ignore'
[0.257s] Level 1:colcon.colcon_core.package_identification:_identify(src) by extension 'ignore_ament_install'
[0.257s] Level 1:colcon.colcon_core.package_identification:_identify(src) by extensions ['colcon_pkg']
[0.257s] Level 1:colcon.colcon_core.package_identification:_identify(src) by extension 'colcon_pkg'
[0.257s] Level 1:colcon.colcon_core.package_identification:_identify(src) by extensions ['colcon_meta']
[0.257s] Level 1:colcon.colcon_core.package_identification:_identify(src) by extension 'colcon_meta'
[0.257s] Level 1:colcon.colcon_core.package_identification:_identify(src) by extensions ['ros']
[0.257s] Level 1:colcon.colcon_core.package_identification:_identify(src) by extension 'ros'
[0.257s] Level 1:colcon.colcon_core.package_identification:_identify(src) by extensions ['cmake', 'python']
[0.257s] Level 1:colcon.colcon_core.package_identification:_identify(src) by extension 'cmake'
[0.257s] Level 1:colcon.colcon_core.package_identification:_identify(src) by extension 'python'
[0.257s] Level 1:colcon.colcon_core.package_identification:_identify(src) by extensions ['python_setup_py']
[0.257s] Level 1:colcon.colcon_core.package_identification:_identify(src) by extension 'python_setup_py'
[0.257s] Level 1:colcon.colcon_core.package_identification:_identify(src/avu_controller) by extensions ['ignore', 'ignore_ament_install']
[0.257s] Level 1:colcon.colcon_core.package_identification:_identify(src/avu_controller) by extension 'ignore'
[0.258s] Level 1:colcon.colcon_core.package_identification:_identify(src/avu_controller) by extension 'ignore_ament_install'
[0.258s] Level 1:colcon.colcon_core.package_identification:_identify(src/avu_controller) by extensions ['colcon_pkg']
[0.258s] Level 1:colcon.colcon_core.package_identification:_identify(src/avu_controller) by extension 'colcon_pkg'
[0.258s] Level 1:colcon.colcon_core.package_identification:_identify(src/avu_controller) by extensions ['colcon_meta']
[0.258s] Level 1:colcon.colcon_core.package_identification:_identify(src/avu_controller) by extension 'colcon_meta'
[0.258s] Level 1:colcon.colcon_core.package_identification:_identify(src/avu_controller) by extensions ['ros']
[0.258s] Level 1:colcon.colcon_core.package_identification:_identify(src/avu_controller) by extension 'ros'
[0.261s] DEBUG:colcon.colcon_core.package_identification:Package 'src/avu_controller' with type 'ros.ament_cmake' and name 'avu_controller'
[0.261s] Level 1:colcon.colcon_core.package_identification:_identify(src/avu_description) by extensions ['ignore', 'ignore_ament_install']
[0.261s] Level 1:colcon.colcon_core.package_identification:_identify(src/avu_description) by extension 'ignore'
[0.261s] Level 1:colcon.colcon_core.package_identification:_identify(src/avu_description) by extension 'ignore_ament_install'
[0.261s] Level 1:colcon.colcon_core.package_identification:_identify(src/avu_description) by extensions ['colcon_pkg']
[0.261s] Level 1:colcon.colcon_core.package_identification:_identify(src/avu_description) by extension 'colcon_pkg'
[0.261s] Level 1:colcon.colcon_core.package_identification:_identify(src/avu_description) by extensions ['colcon_meta']
[0.261s] Level 1:colcon.colcon_core.package_identification:_identify(src/avu_description) by extension 'colcon_meta'
[0.261s] Level 1:colcon.colcon_core.package_identification:_identify(src/avu_description) by extensions ['ros']
[0.261s] Level 1:colcon.colcon_core.package_identification:_identify(src/avu_description) by extension 'ros'
[0.262s] DEBUG:colcon.colcon_core.package_identification:Package 'src/avu_description' with type 'ros.ament_cmake' and name 'avu_description'
[0.262s] Level 1:colcon.colcon_core.package_identification:_identify(src/avu_moveit) by extensions ['ignore', 'ignore_ament_install']
[0.262s] Level 1:colcon.colcon_core.package_identification:_identify(src/avu_moveit) by extension 'ignore'
[0.262s] Level 1:colcon.colcon_core.package_identification:_identify(src/avu_moveit) by extension 'ignore_ament_install'
[0.262s] Level 1:colcon.colcon_core.package_identification:_identify(src/avu_moveit) by extensions ['colcon_pkg']
[0.262s] Level 1:colcon.colcon_core.package_identification:_identify(src/avu_moveit) by extension 'colcon_pkg'
[0.263s] Level 1:colcon.colcon_core.package_identification:_identify(src/avu_moveit) by extensions ['colcon_meta']
[0.263s] Level 1:colcon.colcon_core.package_identification:_identify(src/avu_moveit) by extension 'colcon_meta'
[0.263s] Level 1:colcon.colcon_core.package_identification:_identify(src/avu_moveit) by extensions ['ros']
[0.263s] Level 1:colcon.colcon_core.package_identification:_identify(src/avu_moveit) by extension 'ros'
[0.264s] DEBUG:colcon.colcon_core.package_identification:Package 'src/avu_moveit' with type 'ros.ament_cmake' and name 'avu_moveit'
[0.264s] Level 1:colcon.colcon_core.package_identification:_identify(src/pymoveit2) by extensions ['ignore', 'ignore_ament_install']
[0.264s] Level 1:colcon.colcon_core.package_identification:_identify(src/pymoveit2) by extension 'ignore'
[0.264s] Level 1:colcon.colcon_core.package_identification:_identify(src/pymoveit2) by extension 'ignore_ament_install'
[0.264s] Level 1:colcon.colcon_core.package_identification:_identify(src/pymoveit2) by extensions ['colcon_pkg']
[0.264s] Level 1:colcon.colcon_core.package_identification:_identify(src/pymoveit2) by extension 'colcon_pkg'
[0.264s] Level 1:colcon.colcon_core.package_identification:_identify(src/pymoveit2) by extensions ['colcon_meta']
[0.265s] Level 1:colcon.colcon_core.package_identification:_identify(src/pymoveit2) by extension 'colcon_meta'
[0.265s] Level 1:colcon.colcon_core.package_identification:_identify(src/pymoveit2) by extensions ['ros']
[0.265s] Level 1:colcon.colcon_core.package_identification:_identify(src/pymoveit2) by extension 'ros'
[0.265s] DEBUG:colcon.colcon_core.package_identification:Package 'src/pymoveit2' with type 'ros.ament_cmake' and name 'pymoveit2'
[0.265s] Level 1:colcon.colcon_core.package_discovery:discover_packages(recursive) using defaults
[0.265s] Level 1:colcon.colcon_core.package_discovery:discover_packages(ignore) discover
[0.265s] Level 1:colcon.colcon_core.package_discovery:discover_packages(ignore) using defaults
[0.265s] Level 1:colcon.colcon_core.package_discovery:discover_packages(path) discover
[0.265s] Level 1:colcon.colcon_core.package_discovery:discover_packages(path) using defaults
[0.287s] Level 1:colcon.colcon_core.package_discovery:discover_packages(prefix_path) check parameters
[0.287s] Level 1:colcon.colcon_core.package_discovery:discover_packages(prefix_path) discover
[0.291s] DEBUG:colcon.colcon_installed_package_information.package_discovery:Found 5 installed packages in /home/bhavin-avina/avu_robot/install
[0.294s] DEBUG:colcon.colcon_installed_package_information.package_discovery:Found 485 installed packages in /opt/ros/jazzy
[0.297s] Level 1:colcon.colcon_core.package_discovery:discover_packages(prefix_path) using defaults
[0.389s] Level 5:colcon.colcon_core.verb:set package 'avu_description' build argument 'cmake_args' from command line to 'None'
[0.389s] Level 5:colcon.colcon_core.verb:set package 'avu_description' build argument 'cmake_target' from command line to 'None'
[0.389s] Level 5:colcon.colcon_core.verb:set package 'avu_description' build argument 'cmake_target_skip_unavailable' from command line to 'False'
[0.389s] Level 5:colcon.colcon_core.verb:set package 'avu_description' build argument 'cmake_clean_cache' from command line to 'False'
[0.389s] Level 5:colcon.colcon_core.verb:set package 'avu_description' build argument 'cmake_clean_first' from command line to 'False'
[0.389s] Level 5:colcon.colcon_core.verb:set package 'avu_description' build argument 'cmake_force_configure' from command line to 'False'
[0.389s] Level 5:colcon.colcon_core.verb:set package 'avu_description' build argument 'ament_cmake_args' from command line to 'None'
[0.389s] Level 5:colcon.colcon_core.verb:set package 'avu_description' build argument 'catkin_cmake_args' from command line to 'None'
[0.389s] Level 5:colcon.colcon_core.verb:set package 'avu_description' build argument 'catkin_skip_building_tests' from command line to 'False'
[0.389s] DEBUG:colcon.colcon_core.verb:Building package 'avu_description' with the following arguments: {'ament_cmake_args': None, 'build_base': '/home/bhavin-avina/avu_robot/build/avu_description', 'catkin_cmake_args': None, 'catkin_skip_building_tests': False, 'cmake_args': None, 'cmake_clean_cache': False, 'cmake_clean_first': False, 'cmake_force_configure': False, 'cmake_target': None, 'cmake_target_skip_unavailable': False, 'install_base': '/home/bhavin-avina/avu_robot/install/avu_description', 'merge_install': False, 'path': '/home/bhavin-avina/avu_robot/src/avu_description', 'symlink_install': False, 'test_result_base': None}
[0.389s] Level 5:colcon.colcon_core.verb:set package 'pymoveit2' build argument 'cmake_args' from command line to 'None'
[0.390s] Level 5:colcon.colcon_core.verb:set package 'pymoveit2' build argument 'cmake_target' from command line to 'None'
[0.390s] Level 5:colcon.colcon_core.verb:set package 'pymoveit2' build argument 'cmake_target_skip_unavailable' from command line to 'False'
[0.390s] Level 5:colcon.colcon_core.verb:set package 'pymoveit2' build argument 'cmake_clean_cache' from command line to 'False'
[0.390s] Level 5:colcon.colcon_core.verb:set package 'pymoveit2' build argument 'cmake_clean_first' from command line to 'False'
[0.390s] Level 5:colcon.colcon_core.verb:set package 'pymoveit2' build argument 'cmake_force_configure' from command line to 'False'
[0.390s] Level 5:colcon.colcon_core.verb:set package 'pymoveit2' build argument 'ament_cmake_args' from command line to 'None'
[0.390s] Level 5:colcon.colcon_core.verb:set package 'pymoveit2' build argument 'catkin_cmake_args' from command line to 'None'
[0.390s] Level 5:colcon.colcon_core.verb:set package 'pymoveit2' build argument 'catkin_skip_building_tests' from command line to 'False'
[0.390s] DEBUG:colcon.colcon_core.verb:Building package 'pymoveit2' with the following arguments: {'ament_cmake_args': None, 'build_base': '/home/bhavin-avina/avu_robot/build/pymoveit2', 'catkin_cmake_args': None, 'catkin_skip_building_tests': False, 'cmake_args': None, 'cmake_clean_cache': False, 'cmake_clean_first': False, 'cmake_force_configure': False, 'cmake_target': None, 'cmake_target_skip_unavailable': False, 'install_base': '/home/bhavin-avina/avu_robot/install/pymoveit2', 'merge_install': False, 'path': '/home/bhavin-avina/avu_robot/src/pymoveit2', 'symlink_install': False, 'test_result_base': None}
[0.390s] Level 5:colcon.colcon_core.verb:set package 'avu_controller' build argument 'cmake_args' from command line to 'None'
[0.390s] Level 5:colcon.colcon_core.verb:set package 'avu_controller' build argument 'cmake_target' from command line to 'None'
[0.390s] Level 5:colcon.colcon_core.verb:set package 'avu_controller' build argument 'cmake_target_skip_unavailable' from command line to 'False'
[0.390s] Level 5:colcon.colcon_core.verb:set package 'avu_controller' build argument 'cmake_clean_cache' from command line to 'False'
[0.390s] Level 5:colcon.colcon_core.verb:set package 'avu_controller' build argument 'cmake_clean_first' from command line to 'False'
[0.390s] Level 5:colcon.colcon_core.verb:set package 'avu_controller' build argument 'cmake_force_configure' from command line to 'False'
[0.390s] Level 5:colcon.colcon_core.verb:set package 'avu_controller' build argument 'ament_cmake_args' from command line to 'None'
[0.391s] Level 5:colcon.colcon_core.verb:set package 'avu_controller' build argument 'catkin_cmake_args' from command line to 'None'
[0.391s] Level 5:colcon.colcon_core.verb:set package 'avu_controller' build argument 'catkin_skip_building_tests' from command line to 'False'
[0.391s] DEBUG:colcon.colcon_core.verb:Building package 'avu_controller' with the following arguments: {'ament_cmake_args': None, 'build_base': '/home/bhavin-avina/avu_robot/build/avu_controller', 'catkin_cmake_args': None, 'catkin_skip_building_tests': False, 'cmake_args': None, 'cmake_clean_cache': False, 'cmake_clean_first': False, 'cmake_force_configure': False, 'cmake_target': None, 'cmake_target_skip_unavailable': False, 'install_base': '/home/bhavin-avina/avu_robot/install/avu_controller', 'merge_install': False, 'path': '/home/bhavin-avina/avu_robot/src/avu_controller', 'symlink_install': False, 'test_result_base': None}
[0.391s] Level 5:colcon.colcon_core.verb:set package 'avu_moveit' build argument 'cmake_args' from command line to 'None'
[0.391s] Level 5:colcon.colcon_core.verb:set package 'avu_moveit' build argument 'cmake_target' from command line to 'None'
[0.391s] Level 5:colcon.colcon_core.verb:set package 'avu_moveit' build argument 'cmake_target_skip_unavailable' from command line to 'False'
[0.391s] Level 5:colcon.colcon_core.verb:set package 'avu_moveit' build argument 'cmake_clean_cache' from command line to 'False'
[0.391s] Level 5:colcon.colcon_core.verb:set package 'avu_moveit' build argument 'cmake_clean_first' from command line to 'False'
[0.391s] Level 5:colcon.colcon_core.verb:set package 'avu_moveit' build argument 'cmake_force_configure' from command line to 'False'
[0.391s] Level 5:colcon.colcon_core.verb:set package 'avu_moveit' build argument 'ament_cmake_args' from command line to 'None'
[0.391s] Level 5:colcon.colcon_core.verb:set package 'avu_moveit' build argument 'catkin_cmake_args' from command line to 'None'
[0.391s] Level 5:colcon.colcon_core.verb:set package 'avu_moveit' build argument 'catkin_skip_building_tests' from command line to 'False'
[0.391s] DEBUG:colcon.colcon_core.verb:Building package 'avu_moveit' with the following arguments: {'ament_cmake_args': None, 'build_base': '/home/bhavin-avina/avu_robot/build/avu_moveit', 'catkin_cmake_args': None, 'catkin_skip_building_tests': False, 'cmake_args': None, 'cmake_clean_cache': False, 'cmake_clean_first': False, 'cmake_force_configure': False, 'cmake_target': None, 'cmake_target_skip_unavailable': False, 'install_base': '/home/bhavin-avina/avu_robot/install/avu_moveit', 'merge_install': False, 'path': '/home/bhavin-avina/avu_robot/src/avu_moveit', 'symlink_install': False, 'test_result_base': None}
[0.391s] INFO:colcon.colcon_core.executor:Executing jobs using 'parallel' executor
[0.393s] DEBUG:colcon.colcon_parallel_executor.executor.parallel:run_until_complete
[0.393s] INFO:colcon.colcon_ros.task.ament_cmake.build:Building ROS package in '/home/bhavin-avina/avu_robot/src/avu_description' with build type 'ament_cmake'
[0.393s] INFO:colcon.colcon_cmake.task.cmake.build:Building CMake package in '/home/bhavin-avina/avu_robot/src/avu_description'
[0.400s] INFO:colcon.colcon_core.plugin_system:Skipping extension 'colcon_core.shell.bat': Not used on non-Windows systems
[0.400s] INFO:colcon.colcon_core.shell:Skip shell extension 'powershell' for command environment: Not usable outside of PowerShell
[0.400s] DEBUG:colcon.colcon_core.shell:Skip shell extension 'dsv' for command environment
[0.407s] INFO:colcon.colcon_ros.task.ament_cmake.build:Building ROS package in '/home/bhavin-avina/avu_robot/src/pymoveit2' with build type 'ament_cmake'
[0.407s] INFO:colcon.colcon_cmake.task.cmake.build:Building CMake package in '/home/bhavin-avina/avu_robot/src/pymoveit2'
[0.407s] INFO:colcon.colcon_core.shell:Skip shell extension 'powershell' for command environment: Not usable outside of PowerShell
[0.407s] DEBUG:colcon.colcon_core.shell:Skip shell extension 'dsv' for command environment
[0.418s] DEBUG:colcon.colcon_core.event_handler.log_command:Invoking command in '/home/bhavin-avina/avu_robot/build/avu_description': CMAKE_PREFIX_PATH=${CMAKE_PREFIX_PATH}:/opt/ros/jazzy DEBUGINFOD_URLS=https://debuginfod.ubuntu.com /usr/bin/cmake --build /home/bhavin-avina/avu_robot/build/avu_description -- -j4 -l4
[0.445s] DEBUG:colcon.colcon_core.event_handler.log_command:Invoking command in '/home/bhavin-avina/avu_robot/build/pymoveit2': CMAKE_PREFIX_PATH=${CMAKE_PREFIX_PATH}:/opt/ros/jazzy DEBUGINFOD_URLS=https://debuginfod.ubuntu.com /usr/bin/cmake --build /home/bhavin-avina/avu_robot/build/pymoveit2 -- -j4 -l4
[0.483s] DEBUG:colcon.colcon_core.event_handler.log_command:Invoked command in '/home/bhavin-avina/avu_robot/build/avu_description' returned '0': CMAKE_PREFIX_PATH=${CMAKE_PREFIX_PATH}:/opt/ros/jazzy DEBUGINFOD_URLS=https://debuginfod.ubuntu.com /usr/bin/cmake --build /home/bhavin-avina/avu_robot/build/avu_description -- -j4 -l4
[0.496s] DEBUG:colcon.colcon_core.event_handler.log_command:Invoking command in '/home/bhavin-avina/avu_robot/build/avu_description': CMAKE_PREFIX_PATH=${CMAKE_PREFIX_PATH}:/opt/ros/jazzy DEBUGINFOD_URLS=https://debuginfod.ubuntu.com /usr/bin/cmake --install /home/bhavin-avina/avu_robot/build/avu_description
[0.513s] Level 1:colcon.colcon_core.environment:create_environment_scripts_only(avu_description)
[0.517s] DEBUG:colcon.colcon_core.event_handler.log_command:Invoked command in '/home/bhavin-avina/avu_robot/build/avu_description' returned '0': CMAKE_PREFIX_PATH=${CMAKE_PREFIX_PATH}:/opt/ros/jazzy DEBUGINFOD_URLS=https://debuginfod.ubuntu.com /usr/bin/cmake --install /home/bhavin-avina/avu_robot/build/avu_description
[0.520s] Level 1:colcon.colcon_core.environment:checking '/home/bhavin-avina/avu_robot/install/avu_description' for CMake module files
[0.521s] Level 1:colcon.colcon_core.environment:checking '/home/bhavin-avina/avu_robot/install/avu_description' for CMake config files
[0.521s] Level 1:colcon.colcon_core.shell:create_environment_hook('avu_description', 'cmake_prefix_path')
[0.522s] INFO:colcon.colcon_core.shell:Creating environment hook '/home/bhavin-avina/avu_robot/install/avu_description/share/avu_description/hook/cmake_prefix_path.ps1'
[0.523s] INFO:colcon.colcon_core.shell:Creating environment descriptor '/home/bhavin-avina/avu_robot/install/avu_description/share/avu_description/hook/cmake_prefix_path.dsv'
[0.523s] INFO:colcon.colcon_core.shell:Creating environment hook '/home/bhavin-avina/avu_robot/install/avu_description/share/avu_description/hook/cmake_prefix_path.sh'
[0.524s] Level 1:colcon.colcon_core.environment:checking '/home/bhavin-avina/avu_robot/install/avu_description/bin'
[0.525s] Level 1:colcon.colcon_core.environment:checking '/home/bhavin-avina/avu_robot/install/avu_description/lib/pkgconfig/avu_description.pc'
[0.525s] Level 1:colcon.colcon_core.environment:checking '/home/bhavin-avina/avu_robot/install/avu_description/lib/python3.12/site-packages'
[0.525s] Level 1:colcon.colcon_core.environment:checking '/home/bhavin-avina/avu_robot/install/avu_description/bin'
[0.526s] INFO:colcon.colcon_core.shell:Creating package script '/home/bhavin-avina/avu_robot/install/avu_description/share/avu_description/package.ps1'
[0.527s] INFO:colcon.colcon_core.shell:Creating package descriptor '/home/bhavin-avina/avu_robot/install/avu_description/share/avu_description/package.dsv'
[0.528s] INFO:colcon.colcon_core.shell:Creating package script '/home/bhavin-avina/avu_robot/install/avu_description/share/avu_description/package.sh'
[0.529s] INFO:colcon.colcon_core.shell:Creating package script '/home/bhavin-avina/avu_robot/install/avu_description/share/avu_description/package.bash'
[0.530s] INFO:colcon.colcon_core.shell:Creating package script '/home/bhavin-avina/avu_robot/install/avu_description/share/avu_description/package.zsh'
[0.530s] Level 1:colcon.colcon_core.environment:create_file_with_runtime_dependencies(/home/bhavin-avina/avu_robot/install/avu_description/share/colcon-core/packages/avu_description)
[0.531s] Level 1:colcon.colcon_core.environment:create_environment_scripts_only(avu_description)
[0.531s] Level 1:colcon.colcon_core.environment:checking '/home/bhavin-avina/avu_robot/install/avu_description' for CMake module files
[0.532s] Level 1:colcon.colcon_core.environment:checking '/home/bhavin-avina/avu_robot/install/avu_description' for CMake config files
[0.533s] Level 1:colcon.colcon_core.shell:create_environment_hook('avu_description', 'cmake_prefix_path')
[0.533s] INFO:colcon.colcon_core.shell:Creating environment hook '/home/bhavin-avina/avu_robot/install/avu_description/share/avu_description/hook/cmake_prefix_path.ps1'
[0.533s] INFO:colcon.colcon_core.shell:Creating environment descriptor '/home/bhavin-avina/avu_robot/install/avu_description/share/avu_description/hook/cmake_prefix_path.dsv'
[0.534s] INFO:colcon.colcon_core.shell:Creating environment hook '/home/bhavin-avina/avu_robot/install/avu_description/share/avu_description/hook/cmake_prefix_path.sh'
[0.534s] Level 1:colcon.colcon_core.environment:checking '/home/bhavin-avina/avu_robot/install/avu_description/bin'
[0.535s] Level 1:colcon.colcon_core.environment:checking '/home/bhavin-avina/avu_robot/install/avu_description/lib/pkgconfig/avu_description.pc'
[0.535s] Level 1:colcon.colcon_core.environment:checking '/home/bhavin-avina/avu_robot/install/avu_description/lib/python3.12/site-packages'
[0.535s] Level 1:colcon.colcon_core.environment:checking '/home/bhavin-avina/avu_robot/install/avu_description/bin'
[0.535s] INFO:colcon.colcon_core.shell:Creating package script '/home/bhavin-avina/avu_robot/install/avu_description/share/avu_description/package.ps1'
[0.536s] INFO:colcon.colcon_core.shell:Creating package descriptor '/home/bhavin-avina/avu_robot/install/avu_description/share/avu_description/package.dsv'
[0.537s] INFO:colcon.colcon_core.shell:Creating package script '/home/bhavin-avina/avu_robot/install/avu_description/share/avu_description/package.sh'
[0.537s] INFO:colcon.colcon_core.shell:Creating package script '/home/bhavin-avina/avu_robot/install/avu_description/share/avu_description/package.bash'
[0.538s] INFO:colcon.colcon_core.shell:Creating package script '/home/bhavin-avina/avu_robot/install/avu_description/share/avu_description/package.zsh'
[0.538s] Level 1:colcon.colcon_core.environment:create_file_with_runtime_dependencies(/home/bhavin-avina/avu_robot/install/avu_description/share/colcon-core/packages/avu_description)
[0.538s] INFO:colcon.colcon_ros.task.ament_cmake.build:Building ROS package in '/home/bhavin-avina/avu_robot/src/avu_controller' with build type 'ament_cmake'
[0.538s] INFO:colcon.colcon_cmake.task.cmake.build:Building CMake package in '/home/bhavin-avina/avu_robot/src/avu_controller'
[0.539s] INFO:colcon.colcon_core.shell:Skip shell extension 'powershell' for command environment: Not usable outside of PowerShell
[0.539s] DEBUG:colcon.colcon_core.shell:Skip shell extension 'dsv' for command environment
[0.547s] INFO:colcon.colcon_ros.task.ament_cmake.build:Building ROS package in '/home/bhavin-avina/avu_robot/src/avu_moveit' with build type 'ament_cmake'
[0.548s] INFO:colcon.colcon_cmake.task.cmake.build:Building CMake package in '/home/bhavin-avina/avu_robot/src/avu_moveit'
[0.549s] INFO:colcon.colcon_core.shell:Skip shell extension 'powershell' for command environment: Not usable outside of PowerShell
[0.549s] DEBUG:colcon.colcon_core.shell:Skip shell extension 'dsv' for command environment
[0.563s] DEBUG:colcon.colcon_core.event_handler.log_command:Invoking command in '/home/bhavin-avina/avu_robot/build/avu_controller': CMAKE_PREFIX_PATH=/home/bhavin-avina/avu_robot/install/avu_description:/home/bhavin-avina/avu_robot/install/pymoveit2:/home/bhavin-avina/avu_robot/install/moveit2:/home/bhavin-avina/avu_robot/install/avu_moveit:/home/bhavin-avina/avu_robot/install/avu_controller:/opt/ros/jazzy/opt/gz_sim_vendor:/opt/ros/jazzy/opt/gz_sensors_vendor:/opt/ros/jazzy/opt/gz_physics_vendor:/opt/ros/jazzy/opt/sdformat_vendor:/opt/ros/jazzy/opt/gz_gui_vendor:/opt/ros/jazzy/opt/gz_transport_vendor:/opt/ros/jazzy/opt/gz_rendering_vendor:/opt/ros/jazzy/opt/gz_plugin_vendor:/opt/ros/jazzy/opt/gz_fuel_tools_vendor:/opt/ros/jazzy/opt/gz_msgs_vendor:/opt/ros/jazzy/opt/gz_common_vendor:/opt/ros/jazzy/opt/gz_math_vendor:/opt/ros/jazzy/opt/gz_utils_vendor:/opt/ros/jazzy/opt/gz_tools_vendor:/opt/ros/jazzy/opt/gz_ogre_next_vendor:/opt/ros/jazzy/opt/gz_dartsim_vendor:/opt/ros/jazzy/opt/gz_cmake_vendor:/opt/ros/jazzy DEBUGINFOD_URLS=https://debuginfod.ubuntu.com /usr/bin/cmake --build /home/bhavin-avina/avu_robot/build/avu_controller -- -j4 -l4
[0.567s] DEBUG:colcon.colcon_core.event_handler.log_command:Invoking command in '/home/bhavin-avina/avu_robot/build/avu_moveit': CMAKE_PREFIX_PATH=/home/bhavin-avina/avu_robot/install/avu_description:/home/bhavin-avina/avu_robot/install/pymoveit2:/home/bhavin-avina/avu_robot/install/moveit2:/home/bhavin-avina/avu_robot/install/avu_moveit:/home/bhavin-avina/avu_robot/install/avu_controller:/opt/ros/jazzy/opt/gz_sim_vendor:/opt/ros/jazzy/opt/gz_sensors_vendor:/opt/ros/jazzy/opt/gz_physics_vendor:/opt/ros/jazzy/opt/sdformat_vendor:/opt/ros/jazzy/opt/gz_gui_vendor:/opt/ros/jazzy/opt/gz_transport_vendor:/opt/ros/jazzy/opt/gz_rendering_vendor:/opt/ros/jazzy/opt/gz_plugin_vendor:/opt/ros/jazzy/opt/gz_fuel_tools_vendor:/opt/ros/jazzy/opt/gz_msgs_vendor:/opt/ros/jazzy/opt/gz_common_vendor:/opt/ros/jazzy/opt/gz_math_vendor:/opt/ros/jazzy/opt/gz_utils_vendor:/opt/ros/jazzy/opt/gz_tools_vendor:/opt/ros/jazzy/opt/gz_ogre_next_vendor:/opt/ros/jazzy/opt/gz_dartsim_vendor:/opt/ros/jazzy/opt/gz_cmake_vendor:/opt/ros/jazzy DEBUGINFOD_URLS=https://debuginfod.ubuntu.com /usr/bin/cmake --build /home/bhavin-avina/avu_robot/build/avu_moveit -- -j4 -l4
[0.622s] DEBUG:colcon.colcon_core.event_handler.log_command:Invoked command in '/home/bhavin-avina/avu_robot/build/avu_controller' returned '0': CMAKE_PREFIX_PATH=/home/bhavin-avina/avu_robot/install/avu_description:/home/bhavin-avina/avu_robot/install/pymoveit2:/home/bhavin-avina/avu_robot/install/moveit2:/home/bhavin-avina/avu_robot/install/avu_moveit:/home/bhavin-avina/avu_robot/install/avu_controller:/opt/ros/jazzy/opt/gz_sim_vendor:/opt/ros/jazzy/opt/gz_sensors_vendor:/opt/ros/jazzy/opt/gz_physics_vendor:/opt/ros/jazzy/opt/sdformat_vendor:/opt/ros/jazzy/opt/gz_gui_vendor:/opt/ros/jazzy/opt/gz_transport_vendor:/opt/ros/jazzy/opt/gz_rendering_vendor:/opt/ros/jazzy/opt/gz_plugin_vendor:/opt/ros/jazzy/opt/gz_fuel_tools_vendor:/opt/ros/jazzy/opt/gz_msgs_vendor:/opt/ros/jazzy/opt/gz_common_vendor:/opt/ros/jazzy/opt/gz_math_vendor:/opt/ros/jazzy/opt/gz_utils_vendor:/opt/ros/jazzy/opt/gz_tools_vendor:/opt/ros/jazzy/opt/gz_ogre_next_vendor:/opt/ros/jazzy/opt/gz_dartsim_vendor:/opt/ros/jazzy/opt/gz_cmake_vendor:/opt/ros/jazzy DEBUGINFOD_URLS=https://debuginfod.ubuntu.com /usr/bin/cmake --build /home/bhavin-avina/avu_robot/build/avu_controller -- -j4 -l4
[0.623s] DEBUG:colcon.colcon_core.event_handler.log_command:Invoking command in '/home/bhavin-avina/avu_robot/build/avu_controller': CMAKE_PREFIX_PATH=/home/bhavin-avina/avu_robot/install/avu_description:/home/bhavin-avina/avu_robot/install/pymoveit2:/home/bhavin-avina/avu_robot/install/moveit2:/home/bhavin-avina/avu_robot/install/avu_moveit:/home/bhavin-avina/avu_robot/install/avu_controller:/opt/ros/jazzy/opt/gz_sim_vendor:/opt/ros/jazzy/opt/gz_sensors_vendor:/opt/ros/jazzy/opt/gz_physics_vendor:/opt/ros/jazzy/opt/sdformat_vendor:/opt/ros/jazzy/opt/gz_gui_vendor:/opt/ros/jazzy/opt/gz_transport_vendor:/opt/ros/jazzy/opt/gz_rendering_vendor:/opt/ros/jazzy/opt/gz_plugin_vendor:/opt/ros/jazzy/opt/gz_fuel_tools_vendor:/opt/ros/jazzy/opt/gz_msgs_vendor:/opt/ros/jazzy/opt/gz_common_vendor:/opt/ros/jazzy/opt/gz_math_vendor:/opt/ros/jazzy/opt/gz_utils_vendor:/opt/ros/jazzy/opt/gz_tools_vendor:/opt/ros/jazzy/opt/gz_ogre_next_vendor:/opt/ros/jazzy/opt/gz_dartsim_vendor:/opt/ros/jazzy/opt/gz_cmake_vendor:/opt/ros/jazzy DEBUGINFOD_URLS=https://debuginfod.ubuntu.com /usr/bin/cmake --install /home/bhavin-avina/avu_robot/build/avu_controller
[0.654s] Level 1:colcon.colcon_core.environment:create_environment_scripts_only(avu_controller)
[0.654s] Level 1:colcon.colcon_core.environment:checking '/home/bhavin-avina/avu_robot/install/avu_controller' for CMake module files
[0.655s] DEBUG:colcon.colcon_core.event_handler.log_command:Invoked command in '/home/bhavin-avina/avu_robot/build/avu_controller' returned '0': CMAKE_PREFIX_PATH=/home/bhavin-avina/avu_robot/install/avu_description:/home/bhavin-avina/avu_robot/install/pymoveit2:/home/bhavin-avina/avu_robot/install/moveit2:/home/bhavin-avina/avu_robot/install/avu_moveit:/home/bhavin-avina/avu_robot/install/avu_controller:/opt/ros/jazzy/opt/gz_sim_vendor:/opt/ros/jazzy/opt/gz_sensors_vendor:/opt/ros/jazzy/opt/gz_physics_vendor:/opt/ros/jazzy/opt/sdformat_vendor:/opt/ros/jazzy/opt/gz_gui_vendor:/opt/ros/jazzy/opt/gz_transport_vendor:/opt/ros/jazzy/opt/gz_rendering_vendor:/opt/ros/jazzy/opt/gz_plugin_vendor:/opt/ros/jazzy/opt/gz_fuel_tools_vendor:/opt/ros/jazzy/opt/gz_msgs_vendor:/opt/ros/jazzy/opt/gz_common_vendor:/opt/ros/jazzy/opt/gz_math_vendor:/opt/ros/jazzy/opt/gz_utils_vendor:/opt/ros/jazzy/opt/gz_tools_vendor:/opt/ros/jazzy/opt/gz_ogre_next_vendor:/opt/ros/jazzy/opt/gz_dartsim_vendor:/opt/ros/jazzy/opt/gz_cmake_vendor:/opt/ros/jazzy DEBUGINFOD_URLS=https://debuginfod.ubuntu.com /usr/bin/cmake --install /home/bhavin-avina/avu_robot/build/avu_controller
[0.656s] Level 1:colcon.colcon_core.environment:checking '/home/bhavin-avina/avu_robot/install/avu_controller' for CMake config files
[0.656s] Level 1:colcon.colcon_core.shell:create_environment_hook('avu_controller', 'cmake_prefix_path')
[0.656s] INFO:colcon.colcon_core.shell:Creating environment hook '/home/bhavin-avina/avu_robot/install/avu_controller/share/avu_controller/hook/cmake_prefix_path.ps1'
[0.657s] INFO:colcon.colcon_core.shell:Creating environment descriptor '/home/bhavin-avina/avu_robot/install/avu_controller/share/avu_controller/hook/cmake_prefix_path.dsv'
[0.658s] INFO:colcon.colcon_core.shell:Creating environment hook '/home/bhavin-avina/avu_robot/install/avu_controller/share/avu_controller/hook/cmake_prefix_path.sh'
[0.658s] Level 1:colcon.colcon_core.environment:checking '/home/bhavin-avina/avu_robot/install/avu_controller/bin'
[0.658s] Level 1:colcon.colcon_core.environment:checking '/home/bhavin-avina/avu_robot/install/avu_controller/lib/pkgconfig/avu_controller.pc'
[0.659s] Level 1:colcon.colcon_core.environment:checking '/home/bhavin-avina/avu_robot/install/avu_controller/lib/python3.12/site-packages'
[0.659s] Level 1:colcon.colcon_core.environment:checking '/home/bhavin-avina/avu_robot/install/avu_controller/bin'
[0.659s] INFO:colcon.colcon_core.shell:Creating package script '/home/bhavin-avina/avu_robot/install/avu_controller/share/avu_controller/package.ps1'
[0.660s] INFO:colcon.colcon_core.shell:Creating package descriptor '/home/bhavin-avina/avu_robot/install/avu_controller/share/avu_controller/package.dsv'
[0.660s] INFO:colcon.colcon_core.shell:Creating package script '/home/bhavin-avina/avu_robot/install/avu_controller/share/avu_controller/package.sh'
[0.660s] INFO:colcon.colcon_core.shell:Creating package script '/home/bhavin-avina/avu_robot/install/avu_controller/share/avu_controller/package.bash'
[0.661s] INFO:colcon.colcon_core.shell:Creating package script '/home/bhavin-avina/avu_robot/install/avu_controller/share/avu_controller/package.zsh'
[0.661s] Level 1:colcon.colcon_core.environment:create_file_with_runtime_dependencies(/home/bhavin-avina/avu_robot/install/avu_controller/share/colcon-core/packages/avu_controller)
[0.662s] Level 1:colcon.colcon_core.environment:create_environment_scripts_only(avu_controller)
[0.662s] Level 1:colcon.colcon_core.environment:checking '/home/bhavin-avina/avu_robot/install/avu_controller' for CMake module files
[0.663s] Level 1:colcon.colcon_core.environment:checking '/home/bhavin-avina/avu_robot/install/avu_controller' for CMake config files
[0.663s] Level 1:colcon.colcon_core.shell:create_environment_hook('avu_controller', 'cmake_prefix_path')
[0.663s] INFO:colcon.colcon_core.shell:Creating environment hook '/home/bhavin-avina/avu_robot/install/avu_controller/share/avu_controller/hook/cmake_prefix_path.ps1'
[0.664s] INFO:colcon.colcon_core.shell:Creating environment descriptor '/home/bhavin-avina/avu_robot/install/avu_controller/share/avu_controller/hook/cmake_prefix_path.dsv'
[0.664s] INFO:colcon.colcon_core.shell:Creating environment hook '/home/bhavin-avina/avu_robot/install/avu_controller/share/avu_controller/hook/cmake_prefix_path.sh'
[0.665s] Level 1:colcon.colcon_core.environment:checking '/home/bhavin-avina/avu_robot/install/avu_controller/bin'
[0.665s] Level 1:colcon.colcon_core.environment:checking '/home/bhavin-avina/avu_robot/install/avu_controller/lib/pkgconfig/avu_controller.pc'
[0.665s] Level 1:colcon.colcon_core.environment:checking '/home/bhavin-avina/avu_robot/install/avu_controller/lib/python3.12/site-packages'
[0.666s] Level 1:colcon.colcon_core.environment:checking '/home/bhavin-avina/avu_robot/install/avu_controller/bin'
[0.666s] INFO:colcon.colcon_core.shell:Creating package script '/home/bhavin-avina/avu_robot/install/avu_controller/share/avu_controller/package.ps1'
[0.666s] INFO:colcon.colcon_core.shell:Creating package descriptor '/home/bhavin-avina/avu_robot/install/avu_controller/share/avu_controller/package.dsv'
[0.667s] INFO:colcon.colcon_core.shell:Creating package script '/home/bhavin-avina/avu_robot/install/avu_controller/share/avu_controller/package.sh'
[0.668s] INFO:colcon.colcon_core.shell:Creating package script '/home/bhavin-avina/avu_robot/install/avu_controller/share/avu_controller/package.bash'
[0.668s] INFO:colcon.colcon_core.shell:Creating package script '/home/bhavin-avina/avu_robot/install/avu_controller/share/avu_controller/package.zsh'
[0.670s] Level 1:colcon.colcon_core.environment:create_file_with_runtime_dependencies(/home/bhavin-avina/avu_robot/install/avu_controller/share/colcon-core/packages/avu_controller)
[0.674s] DEBUG:colcon.colcon_core.event_handler.log_command:Invoked command in '/home/bhavin-avina/avu_robot/build/avu_moveit' returned '0': CMAKE_PREFIX_PATH=/home/bhavin-avina/avu_robot/install/avu_description:/home/bhavin-avina/avu_robot/install/pymoveit2:/home/bhavin-avina/avu_robot/install/moveit2:/home/bhavin-avina/avu_robot/install/avu_moveit:/home/bhavin-avina/avu_robot/install/avu_controller:/opt/ros/jazzy/opt/gz_sim_vendor:/opt/ros/jazzy/opt/gz_sensors_vendor:/opt/ros/jazzy/opt/gz_physics_vendor:/opt/ros/jazzy/opt/sdformat_vendor:/opt/ros/jazzy/opt/gz_gui_vendor:/opt/ros/jazzy/opt/gz_transport_vendor:/opt/ros/jazzy/opt/gz_rendering_vendor:/opt/ros/jazzy/opt/gz_plugin_vendor:/opt/ros/jazzy/opt/gz_fuel_tools_vendor:/opt/ros/jazzy/opt/gz_msgs_vendor:/opt/ros/jazzy/opt/gz_common_vendor:/opt/ros/jazzy/opt/gz_math_vendor:/opt/ros/jazzy/opt/gz_utils_vendor:/opt/ros/jazzy/opt/gz_tools_vendor:/opt/ros/jazzy/opt/gz_ogre_next_vendor:/opt/ros/jazzy/opt/gz_dartsim_vendor:/opt/ros/jazzy/opt/gz_cmake_vendor:/opt/ros/jazzy DEBUGINFOD_URLS=https://debuginfod.ubuntu.com /usr/bin/cmake --build /home/bhavin-avina/avu_robot/build/avu_moveit -- -j4 -l4
[0.678s] DEBUG:colcon.colcon_core.event_handler.log_command:Invoking command in '/home/bhavin-avina/avu_robot/build/avu_moveit': CMAKE_PREFIX_PATH=/home/bhavin-avina/avu_robot/install/avu_description:/home/bhavin-avina/avu_robot/install/pymoveit2:/home/bhavin-avina/avu_robot/install/moveit2:/home/bhavin-avina/avu_robot/install/avu_moveit:/home/bhavin-avina/avu_robot/install/avu_controller:/opt/ros/jazzy/opt/gz_sim_vendor:/opt/ros/jazzy/opt/gz_sensors_vendor:/opt/ros/jazzy/opt/gz_physics_vendor:/opt/ros/jazzy/opt/sdformat_vendor:/opt/ros/jazzy/opt/gz_gui_vendor:/opt/ros/jazzy/opt/gz_transport_vendor:/opt/ros/jazzy/opt/gz_rendering_vendor:/opt/ros/jazzy/opt/gz_plugin_vendor:/opt/ros/jazzy/opt/gz_fuel_tools_vendor:/opt/ros/jazzy/opt/gz_msgs_vendor:/opt/ros/jazzy/opt/gz_common_vendor:/opt/ros/jazzy/opt/gz_math_vendor:/opt/ros/jazzy/opt/gz_utils_vendor:/opt/ros/jazzy/opt/gz_tools_vendor:/opt/ros/jazzy/opt/gz_ogre_next_vendor:/opt/ros/jazzy/opt/gz_dartsim_vendor:/opt/ros/jazzy/opt/gz_cmake_vendor:/opt/ros/jazzy DEBUGINFOD_URLS=https://debuginfod.ubuntu.com /usr/bin/cmake --install /home/bhavin-avina/avu_robot/build/avu_moveit
[0.693s] Level 1:colcon.colcon_core.environment:create_environment_scripts_only(avu_moveit)
[0.693s] Level 1:colcon.colcon_core.environment:checking '/home/bhavin-avina/avu_robot/install/avu_moveit' for CMake module files
[0.694s] Level 1:colcon.colcon_core.environment:checking '/home/bhavin-avina/avu_robot/install/avu_moveit' for CMake config files
[0.694s] Level 1:colcon.colcon_core.shell:create_environment_hook('avu_moveit', 'cmake_prefix_path')
[0.694s] INFO:colcon.colcon_core.shell:Creating environment hook '/home/bhavin-avina/avu_robot/install/avu_moveit/share/avu_moveit/hook/cmake_prefix_path.ps1'
[0.695s] INFO:colcon.colcon_core.shell:Creating environment descriptor '/home/bhavin-avina/avu_robot/install/avu_moveit/share/avu_moveit/hook/cmake_prefix_path.dsv'
[0.696s] INFO:colcon.colcon_core.shell:Creating environment hook '/home/bhavin-avina/avu_robot/install/avu_moveit/share/avu_moveit/hook/cmake_prefix_path.sh'
[0.697s] Level 1:colcon.colcon_core.environment:checking '/home/bhavin-avina/avu_robot/install/avu_moveit/bin'
[0.697s] Level 1:colcon.colcon_core.environment:checking '/home/bhavin-avina/avu_robot/install/avu_moveit/lib/pkgconfig/avu_moveit.pc'
[0.698s] Level 1:colcon.colcon_core.environment:checking '/home/bhavin-avina/avu_robot/install/avu_moveit/lib/python3.12/site-packages'
[0.698s] Level 1:colcon.colcon_core.environment:checking '/home/bhavin-avina/avu_robot/install/avu_moveit/bin'
[0.698s] INFO:colcon.colcon_core.shell:Creating package script '/home/bhavin-avina/avu_robot/install/avu_moveit/share/avu_moveit/package.ps1'
[0.699s] INFO:colcon.colcon_core.shell:Creating package descriptor '/home/bhavin-avina/avu_robot/install/avu_moveit/share/avu_moveit/package.dsv'
[0.699s] DEBUG:colcon.colcon_core.event_handler.log_command:Invoked command in '/home/bhavin-avina/avu_robot/build/avu_moveit' returned '0': CMAKE_PREFIX_PATH=/home/bhavin-avina/avu_robot/install/avu_description:/home/bhavin-avina/avu_robot/install/pymoveit2:/home/bhavin-avina/avu_robot/install/moveit2:/home/bhavin-avina/avu_robot/install/avu_moveit:/home/bhavin-avina/avu_robot/install/avu_controller:/opt/ros/jazzy/opt/gz_sim_vendor:/opt/ros/jazzy/opt/gz_sensors_vendor:/opt/ros/jazzy/opt/gz_physics_vendor:/opt/ros/jazzy/opt/sdformat_vendor:/opt/ros/jazzy/opt/gz_gui_vendor:/opt/ros/jazzy/opt/gz_transport_vendor:/opt/ros/jazzy/opt/gz_rendering_vendor:/opt/ros/jazzy/opt/gz_plugin_vendor:/opt/ros/jazzy/opt/gz_fuel_tools_vendor:/opt/ros/jazzy/opt/gz_msgs_vendor:/opt/ros/jazzy/opt/gz_common_vendor:/opt/ros/jazzy/opt/gz_math_vendor:/opt/ros/jazzy/opt/gz_utils_vendor:/opt/ros/jazzy/opt/gz_tools_vendor:/opt/ros/jazzy/opt/gz_ogre_next_vendor:/opt/ros/jazzy/opt/gz_dartsim_vendor:/opt/ros/jazzy/opt/gz_cmake_vendor:/opt/ros/jazzy DEBUGINFOD_URLS=https://debuginfod.ubuntu.com /usr/bin/cmake --install /home/bhavin-avina/avu_robot/build/avu_moveit
[0.700s] INFO:colcon.colcon_core.shell:Creating package script '/home/bhavin-avina/avu_robot/install/avu_moveit/share/avu_moveit/package.sh'
[0.700s] INFO:colcon.colcon_core.shell:Creating package script '/home/bhavin-avina/avu_robot/install/avu_moveit/share/avu_moveit/package.bash'
[0.701s] INFO:colcon.colcon_core.shell:Creating package script '/home/bhavin-avina/avu_robot/install/avu_moveit/share/avu_moveit/package.zsh'
[0.701s] Level 1:colcon.colcon_core.environment:create_file_with_runtime_dependencies(/home/bhavin-avina/avu_robot/install/avu_moveit/share/colcon-core/packages/avu_moveit)
[0.702s] Level 1:colcon.colcon_core.environment:create_environment_scripts_only(avu_moveit)
[0.702s] Level 1:colcon.colcon_core.environment:checking '/home/bhavin-avina/avu_robot/install/avu_moveit' for CMake module files
[0.703s] Level 1:colcon.colcon_core.environment:checking '/home/bhavin-avina/avu_robot/install/avu_moveit' for CMake config files
[0.703s] Level 1:colcon.colcon_core.shell:create_environment_hook('avu_moveit', 'cmake_prefix_path')
[0.703s] INFO:colcon.colcon_core.shell:Creating environment hook '/home/bhavin-avina/avu_robot/install/avu_moveit/share/avu_moveit/hook/cmake_prefix_path.ps1'
[0.704s] INFO:colcon.colcon_core.shell:Creating environment descriptor '/home/bhavin-avina/avu_robot/install/avu_moveit/share/avu_moveit/hook/cmake_prefix_path.dsv'
[0.704s] INFO:colcon.colcon_core.shell:Creating environment hook '/home/bhavin-avina/avu_robot/install/avu_moveit/share/avu_moveit/hook/cmake_prefix_path.sh'
[0.705s] Level 1:colcon.colcon_core.environment:checking '/home/bhavin-avina/avu_robot/install/avu_moveit/bin'
[0.705s] Level 1:colcon.colcon_core.environment:checking '/home/bhavin-avina/avu_robot/install/avu_moveit/lib/pkgconfig/avu_moveit.pc'
[0.705s] Level 1:colcon.colcon_core.environment:checking '/home/bhavin-avina/avu_robot/install/avu_moveit/lib/python3.12/site-packages'
[0.705s] Level 1:colcon.colcon_core.environment:checking '/home/bhavin-avina/avu_robot/install/avu_moveit/bin'
[0.706s] INFO:colcon.colcon_core.shell:Creating package script '/home/bhavin-avina/avu_robot/install/avu_moveit/share/avu_moveit/package.ps1'
[0.706s] INFO:colcon.colcon_core.shell:Creating package descriptor '/home/bhavin-avina/avu_robot/install/avu_moveit/share/avu_moveit/package.dsv'
[0.707s] INFO:colcon.colcon_core.shell:Creating package script '/home/bhavin-avina/avu_robot/install/avu_moveit/share/avu_moveit/package.sh'
[0.707s] INFO:colcon.colcon_core.shell:Creating package script '/home/bhavin-avina/avu_robot/install/avu_moveit/share/avu_moveit/package.bash'
[0.708s] INFO:colcon.colcon_core.shell:Creating package script '/home/bhavin-avina/avu_robot/install/avu_moveit/share/avu_moveit/package.zsh'
[0.708s] Level 1:colcon.colcon_core.environment:create_file_with_runtime_dependencies(/home/bhavin-avina/avu_robot/install/avu_moveit/share/colcon-core/packages/avu_moveit)
[1.072s] DEBUG:colcon.colcon_core.event_handler.log_command:Invoked command in '/home/bhavin-avina/avu_robot/build/pymoveit2' returned '0': CMAKE_PREFIX_PATH=${CMAKE_PREFIX_PATH}:/opt/ros/jazzy DEBUGINFOD_URLS=https://debuginfod.ubuntu.com /usr/bin/cmake --build /home/bhavin-avina/avu_robot/build/pymoveit2 -- -j4 -l4
[1.074s] DEBUG:colcon.colcon_core.event_handler.log_command:Invoking command in '/home/bhavin-avina/avu_robot/build/pymoveit2': CMAKE_PREFIX_PATH=${CMAKE_PREFIX_PATH}:/opt/ros/jazzy DEBUGINFOD_URLS=https://debuginfod.ubuntu.com /usr/bin/cmake --install /home/bhavin-avina/avu_robot/build/pymoveit2
[1.147s] Level 1:colcon.colcon_core.environment:create_environment_scripts_only(pymoveit2)
[1.147s] Level 1:colcon.colcon_core.environment:checking '/home/bhavin-avina/avu_robot/install/pymoveit2' for CMake module files
[1.148s] DEBUG:colcon.colcon_core.event_handler.log_command:Invoked command in '/home/bhavin-avina/avu_robot/build/pymoveit2' returned '0': CMAKE_PREFIX_PATH=${CMAKE_PREFIX_PATH}:/opt/ros/jazzy DEBUGINFOD_URLS=https://debuginfod.ubuntu.com /usr/bin/cmake --install /home/bhavin-avina/avu_robot/build/pymoveit2
[1.150s] Level 1:colcon.colcon_core.environment:checking '/home/bhavin-avina/avu_robot/install/pymoveit2' for CMake config files
[1.151s] Level 1:colcon.colcon_core.shell:create_environment_hook('pymoveit2', 'cmake_prefix_path')
[1.151s] INFO:colcon.colcon_core.shell:Creating environment hook '/home/bhavin-avina/avu_robot/install/pymoveit2/share/pymoveit2/hook/cmake_prefix_path.ps1'
[1.152s] INFO:colcon.colcon_core.shell:Creating environment descriptor '/home/bhavin-avina/avu_robot/install/pymoveit2/share/pymoveit2/hook/cmake_prefix_path.dsv'
[1.153s] INFO:colcon.colcon_core.shell:Creating environment hook '/home/bhavin-avina/avu_robot/install/pymoveit2/share/pymoveit2/hook/cmake_prefix_path.sh'
[1.154s] Level 1:colcon.colcon_core.environment:checking '/home/bhavin-avina/avu_robot/install/pymoveit2/lib'
[1.154s] Level 1:colcon.colcon_core.environment:checking '/home/bhavin-avina/avu_robot/install/pymoveit2/bin'
[1.154s] Level 1:colcon.colcon_core.environment:checking '/home/bhavin-avina/avu_robot/install/pymoveit2/lib/pkgconfig/pymoveit2.pc'
[1.155s] Level 1:colcon.colcon_core.environment:checking '/home/bhavin-avina/avu_robot/install/pymoveit2/lib/python3.12/site-packages'
[1.155s] Level 1:colcon.colcon_core.shell:create_environment_hook('pymoveit2', 'pythonpath')
[1.155s] INFO:colcon.colcon_core.shell:Creating environment hook '/home/bhavin-avina/avu_robot/install/pymoveit2/share/pymoveit2/hook/pythonpath.ps1'
[1.156s] INFO:colcon.colcon_core.shell:Creating environment descriptor '/home/bhavin-avina/avu_robot/install/pymoveit2/share/pymoveit2/hook/pythonpath.dsv'
[1.157s] INFO:colcon.colcon_core.shell:Creating environment hook '/home/bhavin-avina/avu_robot/install/pymoveit2/share/pymoveit2/hook/pythonpath.sh'
[1.158s] Level 1:colcon.colcon_core.environment:checking '/home/bhavin-avina/avu_robot/install/pymoveit2/bin'
[1.158s] INFO:colcon.colcon_core.shell:Creating package script '/home/bhavin-avina/avu_robot/install/pymoveit2/share/pymoveit2/package.ps1'
[1.159s] INFO:colcon.colcon_core.shell:Creating package descriptor '/home/bhavin-avina/avu_robot/install/pymoveit2/share/pymoveit2/package.dsv'
[1.160s] INFO:colcon.colcon_core.shell:Creating package script '/home/bhavin-avina/avu_robot/install/pymoveit2/share/pymoveit2/package.sh'
[1.161s] INFO:colcon.colcon_core.shell:Creating package script '/home/bhavin-avina/avu_robot/install/pymoveit2/share/pymoveit2/package.bash'
[1.162s] INFO:colcon.colcon_core.shell:Creating package script '/home/bhavin-avina/avu_robot/install/pymoveit2/share/pymoveit2/package.zsh'
[1.163s] Level 1:colcon.colcon_core.environment:create_file_with_runtime_dependencies(/home/bhavin-avina/avu_robot/install/pymoveit2/share/colcon-core/packages/pymoveit2)
[1.164s] Level 1:colcon.colcon_core.environment:create_environment_scripts_only(pymoveit2)
[1.165s] Level 1:colcon.colcon_core.environment:checking '/home/bhavin-avina/avu_robot/install/pymoveit2' for CMake module files
[1.166s] Level 1:colcon.colcon_core.environment:checking '/home/bhavin-avina/avu_robot/install/pymoveit2' for CMake config files
[1.168s] Level 1:colcon.colcon_core.shell:create_environment_hook('pymoveit2', 'cmake_prefix_path')
[1.168s] INFO:colcon.colcon_core.shell:Creating environment hook '/home/bhavin-avina/avu_robot/install/pymoveit2/share/pymoveit2/hook/cmake_prefix_path.ps1'
[1.169s] INFO:colcon.colcon_core.shell:Creating environment descriptor '/home/bhavin-avina/avu_robot/install/pymoveit2/share/pymoveit2/hook/cmake_prefix_path.dsv'
[1.170s] INFO:colcon.colcon_core.shell:Creating environment hook '/home/bhavin-avina/avu_robot/install/pymoveit2/share/pymoveit2/hook/cmake_prefix_path.sh'
[1.171s] Level 1:colcon.colcon_core.environment:checking '/home/bhavin-avina/avu_robot/install/pymoveit2/lib'
[1.171s] Level 1:colcon.colcon_core.environment:checking '/home/bhavin-avina/avu_robot/install/pymoveit2/bin'
[1.171s] Level 1:colcon.colcon_core.environment:checking '/home/bhavin-avina/avu_robot/install/pymoveit2/lib/pkgconfig/pymoveit2.pc'
[1.172s] Level 1:colcon.colcon_core.environment:checking '/home/bhavin-avina/avu_robot/install/pymoveit2/lib/python3.12/site-packages'
[1.172s] Level 1:colcon.colcon_core.shell:create_environment_hook('pymoveit2', 'pythonpath')
[1.172s] INFO:colcon.colcon_core.shell:Creating environment hook '/home/bhavin-avina/avu_robot/install/pymoveit2/share/pymoveit2/hook/pythonpath.ps1'
[1.173s] INFO:colcon.colcon_core.shell:Creating environment descriptor '/home/bhavin-avina/avu_robot/install/pymoveit2/share/pymoveit2/hook/pythonpath.dsv'
[1.173s] INFO:colcon.colcon_core.shell:Creating environment hook '/home/bhavin-avina/avu_robot/install/pymoveit2/share/pymoveit2/hook/pythonpath.sh'
[1.174s] Level 1:colcon.colcon_core.environment:checking '/home/bhavin-avina/avu_robot/install/pymoveit2/bin'
[1.174s] INFO:colcon.colcon_core.shell:Creating package script '/home/bhavin-avina/avu_robot/install/pymoveit2/share/pymoveit2/package.ps1'
[1.175s] INFO:colcon.colcon_core.shell:Creating package descriptor '/home/bhavin-avina/avu_robot/install/pymoveit2/share/pymoveit2/package.dsv'
[1.176s] INFO:colcon.colcon_core.shell:Creating package script '/home/bhavin-avina/avu_robot/install/pymoveit2/share/pymoveit2/package.sh'
[1.177s] INFO:colcon.colcon_core.shell:Creating package script '/home/bhavin-avina/avu_robot/install/pymoveit2/share/pymoveit2/package.bash'
[1.177s] INFO:colcon.colcon_core.shell:Creating package script '/home/bhavin-avina/avu_robot/install/pymoveit2/share/pymoveit2/package.zsh'
[1.178s] Level 1:colcon.colcon_core.environment:create_file_with_runtime_dependencies(/home/bhavin-avina/avu_robot/install/pymoveit2/share/colcon-core/packages/pymoveit2)
[1.178s] DEBUG:colcon.colcon_parallel_executor.executor.parallel:closing loop
[1.179s] DEBUG:colcon.colcon_parallel_executor.executor.parallel:loop closed
[1.180s] DEBUG:colcon.colcon_parallel_executor.executor.parallel:run_until_complete finished with '0'
[1.180s] DEBUG:colcon.colcon_core.event_reactor:joining thread
[1.193s] INFO:colcon.colcon_core.plugin_system:Skipping extension 'colcon_notification.desktop_notification.terminal_notifier': Not used on non-Darwin systems
[1.193s] INFO:colcon.colcon_core.plugin_system:Skipping extension 'colcon_notification.desktop_notification.win32': Not used on non-Windows systems
[1.193s] INFO:colcon.colcon_notification.desktop_notification:Sending desktop notification using 'notify2'
[1.239s] DEBUG:colcon.colcon_core.event_reactor:joined thread
[1.239s] INFO:colcon.colcon_core.shell:Creating prefix script '/home/bhavin-avina/avu_robot/install/local_setup.ps1'
[1.241s] INFO:colcon.colcon_core.shell:Creating prefix util module '/home/bhavin-avina/avu_robot/install/_local_setup_util_ps1.py'
[1.243s] INFO:colcon.colcon_core.shell:Creating prefix chain script '/home/bhavin-avina/avu_robot/install/setup.ps1'
[1.245s] INFO:colcon.colcon_core.shell:Creating prefix script '/home/bhavin-avina/avu_robot/install/local_setup.sh'
[1.245s] INFO:colcon.colcon_core.shell:Creating prefix util module '/home/bhavin-avina/avu_robot/install/_local_setup_util_sh.py'
[1.246s] INFO:colcon.colcon_core.shell:Creating prefix chain script '/home/bhavin-avina/avu_robot/install/setup.sh'
[1.248s] INFO:colcon.colcon_core.shell:Creating prefix script '/home/bhavin-avina/avu_robot/install/local_setup.bash'
[1.249s] INFO:colcon.colcon_core.shell:Creating prefix chain script '/home/bhavin-avina/avu_robot/install/setup.bash'
[1.251s] INFO:colcon.colcon_core.shell:Creating prefix script '/home/bhavin-avina/avu_robot/install/local_setup.zsh'
[1.253s] INFO:colcon.colcon_core.shell:Creating prefix chain script '/home/bhavin-avina/avu_robot/install/setup.zsh'
