[0.018s] Invoking command in '/home/bhavin-avina/avu_robot/build/avu_description': CMAKE_PREFIX_PATH=${CMAKE_PREFIX_PATH}:/opt/ros/jazzy DEBUGINFOD_URLS=https://debuginfod.ubuntu.com /usr/bin/cmake --build /home/bhavin-avina/avu_robot/build/avu_description -- -j4 -l4
[0.049s] -- Found ament_cmake: 2.5.4 (/opt/ros/jazzy/share/ament_cmake/cmake)
[0.315s] -- Found ament_lint_auto: 0.17.2 (/opt/ros/jazzy/share/ament_lint_auto/cmake)
[0.441s] -- Added test 'flake8' to check Python code syntax and style conventions
[0.441s] -- Configured 'flake8' exclude dirs and/or files: 
[0.442s] -- Added test 'lint_cmake' to check CMake code style
[0.443s] -- Added test 'pep257' to check Python code against some of the docstring style conventions in PEP 257
[0.445s] -- Added test 'xmllint' to check XML markup files
[0.446s] -- Configuring done (0.4s)
[0.450s] -- Generating done (0.0s)
[0.452s] -- Build files have been written to: /home/bhavin-avina/avu_robot/build/avu_description
[0.482s] Invoked command in '/home/bhavin-avina/avu_robot/build/avu_description' returned '0': CMAKE_PREFIX_PATH=${CMAKE_PREFIX_PATH}:/opt/ros/jazzy DEBUGINFOD_URLS=https://debuginfod.ubuntu.com /usr/bin/cmake --build /home/bhavin-avina/avu_robot/build/avu_description -- -j4 -l4
[0.495s] Invoking command in '/home/bhavin-avina/avu_robot/build/avu_description': CMAKE_PREFIX_PATH=${CMAKE_PREFIX_PATH}:/opt/ros/jazzy DEBUGINFOD_URLS=https://debuginfod.ubuntu.com /usr/bin/cmake --install /home/bhavin-avina/avu_robot/build/avu_description
[0.516s] -- Install configuration: ""
[0.516s] -- Installing: /home/bhavin-avina/avu_robot/install/avu_description/share/avu_description/launch
[0.516s] -- Installing: /home/bhavin-avina/avu_robot/install/avu_description/share/avu_description/launch/display.launch.py
[0.516s] -- Installing: /home/bhavin-avina/avu_robot/install/avu_description/share/avu_description/meshes
[0.516s] -- Installing: /home/bhavin-avina/avu_robot/install/avu_description/share/avu_description/meshes/base_link.dae
[0.524s] -- Installing: /home/bhavin-avina/avu_robot/install/avu_description/share/avu_description/urdf
[0.524s] -- Installing: /home/bhavin-avina/avu_robot/install/avu_description/share/avu_description/urdf/avu.urdf.xacro
[0.524s] -- Installing: /home/bhavin-avina/avu_robot/install/avu_description/share/ament_index/resource_index/package_run_dependencies/avu_description
[0.524s] -- Up-to-date: /home/bhavin-avina/avu_robot/install/avu_description/share/ament_index/resource_index/parent_prefix_path/avu_description
[0.525s] -- Up-to-date: /home/bhavin-avina/avu_robot/install/avu_description/share/avu_description/environment/ament_prefix_path.sh
[0.525s] -- Up-to-date: /home/bhavin-avina/avu_robot/install/avu_description/share/avu_description/environment/ament_prefix_path.dsv
[0.525s] -- Up-to-date: /home/bhavin-avina/avu_robot/install/avu_description/share/avu_description/environment/path.sh
[0.525s] -- Up-to-date: /home/bhavin-avina/avu_robot/install/avu_description/share/avu_description/environment/path.dsv
[0.525s] -- Up-to-date: /home/bhavin-avina/avu_robot/install/avu_description/share/avu_description/local_setup.bash
[0.525s] -- Up-to-date: /home/bhavin-avina/avu_robot/install/avu_description/share/avu_description/local_setup.sh
[0.525s] -- Up-to-date: /home/bhavin-avina/avu_robot/install/avu_description/share/avu_description/local_setup.zsh
[0.525s] -- Up-to-date: /home/bhavin-avina/avu_robot/install/avu_description/share/avu_description/local_setup.dsv
[0.526s] -- Up-to-date: /home/bhavin-avina/avu_robot/install/avu_description/share/avu_description/package.dsv
[0.526s] -- Up-to-date: /home/bhavin-avina/avu_robot/install/avu_description/share/ament_index/resource_index/packages/avu_description
[0.526s] -- Up-to-date: /home/bhavin-avina/avu_robot/install/avu_description/share/avu_description/cmake/avu_descriptionConfig.cmake
[0.526s] -- Up-to-date: /home/bhavin-avina/avu_robot/install/avu_description/share/avu_description/cmake/avu_descriptionConfig-version.cmake
[0.526s] -- Installing: /home/bhavin-avina/avu_robot/install/avu_description/share/avu_description/package.xml
[0.528s] Invoked command in '/home/bhavin-avina/avu_robot/build/avu_description' returned '0': CMAKE_PREFIX_PATH=${CMAKE_PREFIX_PATH}:/opt/ros/jazzy DEBUGINFOD_URLS=https://debuginfod.ubuntu.com /usr/bin/cmake --install /home/bhavin-avina/avu_robot/build/avu_description
