[0.034s] Invoking command in '/home/bhavin-avina/avu_robot/build/pymoveit2': CMAKE_PREFIX_PATH=${CMAKE_PREFIX_PATH}:/opt/ros/jazzy DEBUGINFOD_URLS=https://debuginfod.ubuntu.com /usr/bin/cmake --build /home/bhavin-avina/avu_robot/build/pymoveit2 -- -j4 -l4
[0.108s] Built target ament_cmake_python_copy_pymoveit2
[0.450s] running egg_info
[0.488s] writing pymoveit2.egg-info/PKG-INFO
[0.488s] writing dependency_links to pymoveit2.egg-info/dependency_links.txt
[0.488s] writing top-level names to pymoveit2.egg-info/top_level.txt
[0.600s] reading manifest file 'pymoveit2.egg-info/SOURCES.txt'
[0.601s] writing manifest file 'pymoveit2.egg-info/SOURCES.txt'
[0.637s] Built target ament_cmake_python_build_pymoveit2_egg
[0.654s] Invoked command in '/home/bhavin-avina/avu_robot/build/pymoveit2' returned '0': CMAKE_PREFIX_PATH=${CMAKE_PREFIX_PATH}:/opt/ros/jazzy DEBUGINFOD_URLS=https://debuginfod.ubuntu.com /usr/bin/cmake --build /home/bhavin-avina/avu_robot/build/pymoveit2 -- -j4 -l4
[0.656s] Invoking command in '/home/bhavin-avina/avu_robot/build/pymoveit2': CMAKE_PREFIX_PATH=${CMAKE_PREFIX_PATH}:/opt/ros/jazzy DEBUGINFOD_URLS=https://debuginfod.ubuntu.com /usr/bin/cmake --install /home/bhavin-avina/avu_robot/build/pymoveit2
[0.668s] -- Install configuration: ""
[0.669s] -- Up-to-date: /home/bhavin-avina/avu_robot/install/pymoveit2/share/pymoveit2/environment/pythonpath.sh
[0.669s] -- Up-to-date: /home/bhavin-avina/avu_robot/install/pymoveit2/share/pymoveit2/environment/pythonpath.dsv
[0.669s] -- Up-to-date: /home/bhavin-avina/avu_robot/install/pymoveit2/lib/python3.12/site-packages/pymoveit2-4.2.0-py3.12.egg-info
[0.670s] -- Installing: /home/bhavin-avina/avu_robot/install/pymoveit2/lib/python3.12/site-packages/pymoveit2-4.2.0-py3.12.egg-info/dependency_links.txt
[0.670s] -- Installing: /home/bhavin-avina/avu_robot/install/pymoveit2/lib/python3.12/site-packages/pymoveit2-4.2.0-py3.12.egg-info/top_level.txt
[0.670s] -- Installing: /home/bhavin-avina/avu_robot/install/pymoveit2/lib/python3.12/site-packages/pymoveit2-4.2.0-py3.12.egg-info/SOURCES.txt
[0.670s] -- Installing: /home/bhavin-avina/avu_robot/install/pymoveit2/lib/python3.12/site-packages/pymoveit2-4.2.0-py3.12.egg-info/PKG-INFO
[0.670s] -- Up-to-date: /home/bhavin-avina/avu_robot/install/pymoveit2/lib/python3.12/site-packages/pymoveit2
[0.670s] -- Up-to-date: /home/bhavin-avina/avu_robot/install/pymoveit2/lib/python3.12/site-packages/pymoveit2/utils.py
[0.671s] -- Up-to-date: /home/bhavin-avina/avu_robot/install/pymoveit2/lib/python3.12/site-packages/pymoveit2/__init__.py
[0.671s] -- Up-to-date: /home/bhavin-avina/avu_robot/install/pymoveit2/lib/python3.12/site-packages/pymoveit2/moveit2_servo.py
[0.671s] -- Up-to-date: /home/bhavin-avina/avu_robot/install/pymoveit2/lib/python3.12/site-packages/pymoveit2/moveit2_gripper.py
[0.671s] -- Up-to-date: /home/bhavin-avina/avu_robot/install/pymoveit2/lib/python3.12/site-packages/pymoveit2/gripper_command.py
[0.671s] -- Up-to-date: /home/bhavin-avina/avu_robot/install/pymoveit2/lib/python3.12/site-packages/pymoveit2/moveit2.py
[0.671s] -- Up-to-date: /home/bhavin-avina/avu_robot/install/pymoveit2/lib/python3.12/site-packages/pymoveit2/robots
[0.671s] -- Up-to-date: /home/bhavin-avina/avu_robot/install/pymoveit2/lib/python3.12/site-packages/pymoveit2/robots/kinova.py
[0.671s] -- Up-to-date: /home/bhavin-avina/avu_robot/install/pymoveit2/lib/python3.12/site-packages/pymoveit2/robots/lbr.py
[0.672s] -- Up-to-date: /home/bhavin-avina/avu_robot/install/pymoveit2/lib/python3.12/site-packages/pymoveit2/robots/__init__.py
[0.672s] -- Up-to-date: /home/bhavin-avina/avu_robot/install/pymoveit2/lib/python3.12/site-packages/pymoveit2/robots/panda.py
[0.672s] -- Up-to-date: /home/bhavin-avina/avu_robot/install/pymoveit2/lib/python3.12/site-packages/pymoveit2/robots/ur.py
[0.672s] -- Up-to-date: /home/bhavin-avina/avu_robot/install/pymoveit2/lib/python3.12/site-packages/pymoveit2/robots/crane_x7.py
[0.672s] -- Up-to-date: /home/bhavin-avina/avu_robot/install/pymoveit2/lib/python3.12/site-packages/pymoveit2/robots/phantomx_pincher.py
[0.672s] -- Up-to-date: /home/bhavin-avina/avu_robot/install/pymoveit2/lib/python3.12/site-packages/pymoveit2/gripper_interface.py
[0.718s] Listing '/home/bhavin-avina/avu_robot/install/pymoveit2/lib/python3.12/site-packages/pymoveit2'...
[0.719s] Listing '/home/bhavin-avina/avu_robot/install/pymoveit2/lib/python3.12/site-packages/pymoveit2/robots'...
[0.725s] -- Up-to-date: /home/bhavin-avina/avu_robot/install/pymoveit2/lib/pymoveit2/ex_allow_collisions.py
[0.725s] -- Up-to-date: /home/bhavin-avina/avu_robot/install/pymoveit2/lib/pymoveit2/ex_clear_planning_scene.py
[0.726s] -- Up-to-date: /home/bhavin-avina/avu_robot/install/pymoveit2/lib/pymoveit2/ex_collision_mesh.py
[0.726s] -- Up-to-date: /home/bhavin-avina/avu_robot/install/pymoveit2/lib/pymoveit2/ex_collision_primitive.py
[0.726s] -- Up-to-date: /home/bhavin-avina/avu_robot/install/pymoveit2/lib/pymoveit2/ex_fk.py
[0.726s] -- Up-to-date: /home/bhavin-avina/avu_robot/install/pymoveit2/lib/pymoveit2/ex_gripper.py
[0.726s] -- Up-to-date: /home/bhavin-avina/avu_robot/install/pymoveit2/lib/pymoveit2/ex_ik.py
[0.726s] -- Up-to-date: /home/bhavin-avina/avu_robot/install/pymoveit2/lib/pymoveit2/ex_joint_goal.py
[0.726s] -- Up-to-date: /home/bhavin-avina/avu_robot/install/pymoveit2/lib/pymoveit2/ex_orientation_path_constraint.py
[0.726s] -- Up-to-date: /home/bhavin-avina/avu_robot/install/pymoveit2/lib/pymoveit2/ex_pose_goal.py
[0.727s] -- Up-to-date: /home/bhavin-avina/avu_robot/install/pymoveit2/lib/pymoveit2/ex_servo.py
[0.727s] -- Up-to-date: /home/bhavin-avina/avu_robot/install/pymoveit2/share/ament_index/resource_index/package_run_dependencies/pymoveit2
[0.727s] -- Up-to-date: /home/bhavin-avina/avu_robot/install/pymoveit2/share/ament_index/resource_index/parent_prefix_path/pymoveit2
[0.727s] -- Up-to-date: /home/bhavin-avina/avu_robot/install/pymoveit2/share/pymoveit2/environment/ament_prefix_path.sh
[0.727s] -- Up-to-date: /home/bhavin-avina/avu_robot/install/pymoveit2/share/pymoveit2/environment/ament_prefix_path.dsv
[0.727s] -- Up-to-date: /home/bhavin-avina/avu_robot/install/pymoveit2/share/pymoveit2/environment/path.sh
[0.727s] -- Up-to-date: /home/bhavin-avina/avu_robot/install/pymoveit2/share/pymoveit2/environment/path.dsv
[0.727s] -- Up-to-date: /home/bhavin-avina/avu_robot/install/pymoveit2/share/pymoveit2/local_setup.bash
[0.728s] -- Up-to-date: /home/bhavin-avina/avu_robot/install/pymoveit2/share/pymoveit2/local_setup.sh
[0.728s] -- Up-to-date: /home/bhavin-avina/avu_robot/install/pymoveit2/share/pymoveit2/local_setup.zsh
[0.728s] -- Up-to-date: /home/bhavin-avina/avu_robot/install/pymoveit2/share/pymoveit2/local_setup.dsv
[0.728s] -- Installing: /home/bhavin-avina/avu_robot/install/pymoveit2/share/pymoveit2/package.dsv
[0.729s] -- Up-to-date: /home/bhavin-avina/avu_robot/install/pymoveit2/share/ament_index/resource_index/packages/pymoveit2
[0.730s] -- Up-to-date: /home/bhavin-avina/avu_robot/install/pymoveit2/share/pymoveit2/cmake/pymoveit2Config.cmake
[0.730s] -- Up-to-date: /home/bhavin-avina/avu_robot/install/pymoveit2/share/pymoveit2/cmake/pymoveit2Config-version.cmake
[0.730s] -- Up-to-date: /home/bhavin-avina/avu_robot/install/pymoveit2/share/pymoveit2/package.xml
[0.730s] Invoked command in '/home/bhavin-avina/avu_robot/build/pymoveit2' returned '0': CMAKE_PREFIX_PATH=${CMAKE_PREFIX_PATH}:/opt/ros/jazzy DEBUGINFOD_URLS=https://debuginfod.ubuntu.com /usr/bin/cmake --install /home/bhavin-avina/avu_robot/build/pymoveit2
