-- Install configuration: ""
-- Up-to-date: /home/bhavin-avina/avu_robot/install/avu_description/share/avu_description/launch
-- Up-to-date: /home/bhavin-avina/avu_robot/install/avu_description/share/avu_description/launch/gazebo.launch.py
-- Up-to-date: /home/bhavin-avina/avu_robot/install/avu_description/share/avu_description/launch/display.launch.py
-- Up-to-date: /home/bhavin-avina/avu_robot/install/avu_description/share/avu_description/meshes
-- Up-to-date: /home/bhavin-avina/avu_robot/install/avu_description/share/avu_description/meshes/link4.dae
-- Up-to-date: /home/bhavin-avina/avu_robot/install/avu_description/share/avu_description/meshes/link3.dae
-- Up-to-date: /home/bhavin-avina/avu_robot/install/avu_description/share/avu_description/meshes/link3.png
-- Up-to-date: /home/bhavin-avina/avu_robot/install/avu_description/share/avu_description/meshes/link7.dae
-- Up-to-date: /home/bhavin-avina/avu_robot/install/avu_description/share/avu_description/meshes/gripper_right1.dae
-- Up-to-date: /home/bhavin-avina/avu_robot/install/avu_description/share/avu_description/meshes/link1.png
-- Up-to-date: /home/bhavin-avina/avu_robot/install/avu_description/share/avu_description/meshes/link6.png
-- Up-to-date: /home/bhavin-avina/avu_robot/install/avu_description/share/avu_description/meshes/gripper_left3.dae
-- Up-to-date: /home/bhavin-avina/avu_robot/install/avu_description/share/avu_description/meshes/link2.dae
-- Up-to-date: /home/bhavin-avina/avu_robot/install/avu_description/share/avu_description/meshes/gripper_right3.dae
-- Up-to-date: /home/bhavin-avina/avu_robot/install/avu_description/share/avu_description/meshes/d435.stl
-- Up-to-date: /home/bhavin-avina/avu_robot/install/avu_description/share/avu_description/meshes/gripper_base.dae
-- Up-to-date: /home/bhavin-avina/avu_robot/install/avu_description/share/avu_description/meshes/link4.png
-- Up-to-date: /home/bhavin-avina/avu_robot/install/avu_description/share/avu_description/meshes/gripper_right2.dae
-- Up-to-date: /home/bhavin-avina/avu_robot/install/avu_description/share/avu_description/meshes/link1.dae
-- Up-to-date: /home/bhavin-avina/avu_robot/install/avu_description/share/avu_description/meshes/link5.dae
-- Up-to-date: /home/bhavin-avina/avu_robot/install/avu_description/share/avu_description/meshes/gripper_left1.dae
-- Up-to-date: /home/bhavin-avina/avu_robot/install/avu_description/share/avu_description/meshes/link6.dae
-- Up-to-date: /home/bhavin-avina/avu_robot/install/avu_description/share/avu_description/meshes/link5.png
-- Up-to-date: /home/bhavin-avina/avu_robot/install/avu_description/share/avu_description/meshes/link7.png
-- Up-to-date: /home/bhavin-avina/avu_robot/install/avu_description/share/avu_description/meshes/link2.png
-- Up-to-date: /home/bhavin-avina/avu_robot/install/avu_description/share/avu_description/meshes/base_link.dae
-- Up-to-date: /home/bhavin-avina/avu_robot/install/avu_description/share/avu_description/meshes/gripper_left2.dae
-- Up-to-date: /home/bhavin-avina/avu_robot/install/avu_description/share/avu_description/urdf
-- Up-to-date: /home/bhavin-avina/avu_robot/install/avu_description/share/avu_description/urdf/avu_gazebo.xacro
-- Installing: /home/bhavin-avina/avu_robot/install/avu_description/share/avu_description/urdf/avu.urdf.xacro
-- Up-to-date: /home/bhavin-avina/avu_robot/install/avu_description/share/avu_description/urdf/avu_ros_control.xacro
-- Up-to-date: /home/bhavin-avina/avu_robot/install/avu_description/share/ament_index/resource_index/package_run_dependencies/avu_description
-- Up-to-date: /home/bhavin-avina/avu_robot/install/avu_description/share/ament_index/resource_index/parent_prefix_path/avu_description
-- Up-to-date: /home/bhavin-avina/avu_robot/install/avu_description/share/avu_description/environment/ament_prefix_path.sh
-- Up-to-date: /home/bhavin-avina/avu_robot/install/avu_description/share/avu_description/environment/ament_prefix_path.dsv
-- Up-to-date: /home/bhavin-avina/avu_robot/install/avu_description/share/avu_description/environment/path.sh
-- Up-to-date: /home/bhavin-avina/avu_robot/install/avu_description/share/avu_description/environment/path.dsv
-- Up-to-date: /home/bhavin-avina/avu_robot/install/avu_description/share/avu_description/local_setup.bash
-- Up-to-date: /home/bhavin-avina/avu_robot/install/avu_description/share/avu_description/local_setup.sh
-- Up-to-date: /home/bhavin-avina/avu_robot/install/avu_description/share/avu_description/local_setup.zsh
-- Up-to-date: /home/bhavin-avina/avu_robot/install/avu_description/share/avu_description/local_setup.dsv
-- Installing: /home/bhavin-avina/avu_robot/install/avu_description/share/avu_description/package.dsv
-- Up-to-date: /home/bhavin-avina/avu_robot/install/avu_description/share/ament_index/resource_index/packages/avu_description
-- Up-to-date: /home/bhavin-avina/avu_robot/install/avu_description/share/avu_description/cmake/avu_descriptionConfig.cmake
-- Up-to-date: /home/bhavin-avina/avu_robot/install/avu_description/share/avu_description/cmake/avu_descriptionConfig-version.cmake
-- Up-to-date: /home/bhavin-avina/avu_robot/install/avu_description/share/avu_description/package.xml
