-- Install configuration: ""
-- Up-to-date: /home/bhavin-avina/avu_robot/install/avu_moveit/share/avu_moveit/launch
-- Installing: /home/bhavin-avina/avu_robot/install/avu_moveit/share/avu_moveit/launch/moveit.launch.py
-- Up-to-date: /home/bhavin-avina/avu_robot/install/avu_moveit/share/avu_moveit/config
-- Up-to-date: /home/bhavin-avina/avu_robot/install/avu_moveit/share/avu_moveit/config/servo_config.yaml
-- Up-to-date: /home/bhavin-avina/avu_robot/install/avu_moveit/share/avu_moveit/config/pilz_cartesian_limits.yaml
-- Up-to-date: /home/bhavin-avina/avu_robot/install/avu_moveit/share/avu_moveit/config/moveit_controllers.yaml
-- Up-to-date: /home/bhavin-avina/avu_robot/install/avu_moveit/share/avu_moveit/config/joint_limits.yaml
-- Up-to-date: /home/bhavin-avina/avu_robot/install/avu_moveit/share/avu_moveit/config/avu.srdf
-- Up-to-date: /home/bhavin-avina/avu_robot/install/avu_moveit/share/avu_moveit/config/kinematics.yaml
-- Up-to-date: /home/bhavin-avina/avu_robot/install/avu_moveit/share/avu_moveit/config/initial_positions.yaml
-- Up-to-date: /home/bhavin-avina/avu_robot/install/avu_moveit/share/ament_index/resource_index/package_run_dependencies/avu_moveit
-- Up-to-date: /home/bhavin-avina/avu_robot/install/avu_moveit/share/ament_index/resource_index/parent_prefix_path/avu_moveit
-- Up-to-date: /home/bhavin-avina/avu_robot/install/avu_moveit/share/avu_moveit/environment/ament_prefix_path.sh
-- Up-to-date: /home/bhavin-avina/avu_robot/install/avu_moveit/share/avu_moveit/environment/ament_prefix_path.dsv
-- Up-to-date: /home/bhavin-avina/avu_robot/install/avu_moveit/share/avu_moveit/environment/path.sh
-- Up-to-date: /home/bhavin-avina/avu_robot/install/avu_moveit/share/avu_moveit/environment/path.dsv
-- Up-to-date: /home/bhavin-avina/avu_robot/install/avu_moveit/share/avu_moveit/local_setup.bash
-- Up-to-date: /home/bhavin-avina/avu_robot/install/avu_moveit/share/avu_moveit/local_setup.sh
-- Up-to-date: /home/bhavin-avina/avu_robot/install/avu_moveit/share/avu_moveit/local_setup.zsh
-- Up-to-date: /home/bhavin-avina/avu_robot/install/avu_moveit/share/avu_moveit/local_setup.dsv
-- Installing: /home/bhavin-avina/avu_robot/install/avu_moveit/share/avu_moveit/package.dsv
-- Up-to-date: /home/bhavin-avina/avu_robot/install/avu_moveit/share/ament_index/resource_index/packages/avu_moveit
-- Up-to-date: /home/bhavin-avina/avu_robot/install/avu_moveit/share/avu_moveit/cmake/avu_moveitConfig.cmake
-- Up-to-date: /home/bhavin-avina/avu_robot/install/avu_moveit/share/avu_moveit/cmake/avu_moveitConfig-version.cmake
-- Up-to-date: /home/bhavin-avina/avu_robot/install/avu_moveit/share/avu_moveit/package.xml
