[0.175s] DEBUG:colcon:Command line arguments: ['/usr/bin/colcon', 'build']
[0.176s] DEBUG:colcon:Parsed command line arguments: Namespace(log_base=None, log_level=None, verb_name='build', build_base='build', install_base='install', merge_install=False, symlink_install=False, test_result_base=None, continue_on_error=False, executor='parallel', parallel_workers=4, event_handlers=None, ignore_user_meta=False, metas=['./colcon.meta'], base_paths=['.'], packages_ignore=None, packages_ignore_regex=None, paths=None, packages_up_to=None, packages_up_to_regex=None, packages_above=None, packages_above_and_dependencies=None, packages_above_depth=None, packages_select_by_dep=None, packages_skip_by_dep=None, packages_skip_up_to=None, packages_select_build_failed=False, packages_skip_build_finished=False, packages_select_test_failures=False, packages_skip_test_passed=False, packages_select=None, packages_skip=None, packages_select_regex=None, packages_skip_regex=None, packages_start=None, packages_end=None, allow_overriding=[], cmake_args=None, cmake_target=None, cmake_target_skip_unavailable=False, cmake_clean_cache=False, cmake_clean_first=False, cmake_force_configure=False, ament_cmake_args=None, catkin_cmake_args=None, catkin_skip_building_tests=False, mixin_files=None, mixin=None, verb_parser=<colcon_mixin.mixin.mixin_argument.MixinArgumentDecorator object at 0x7a031bea7560>, verb_extension=<colcon_core.verb.build.BuildVerb object at 0x7a031bea6e70>, main=<bound method BuildVerb.main of <colcon_core.verb.build.BuildVerb object at 0x7a031bea6e70>>, mixin_verb=('build',))
[0.235s] Level 1:colcon.colcon_core.package_discovery:discover_packages(colcon_meta) check parameters
[0.235s] Level 1:colcon.colcon_core.package_discovery:discover_packages(recursive) check parameters
[0.235s] Level 1:colcon.colcon_core.package_discovery:discover_packages(ignore) check parameters
[0.235s] Level 1:colcon.colcon_core.package_discovery:discover_packages(path) check parameters
[0.235s] Level 1:colcon.colcon_core.package_discovery:discover_packages(colcon_meta) discover
[0.235s] Level 1:colcon.colcon_core.package_discovery:discover_packages(recursive) discover
[0.235s] INFO:colcon.colcon_core.package_discovery:Crawling recursively for packages in '/home/bhavin-avina/avu_robot'
[0.235s] Level 1:colcon.colcon_core.package_identification:_identify(.) by extensions ['ignore', 'ignore_ament_install']
[0.235s] Level 1:colcon.colcon_core.package_identification:_identify(.) by extension 'ignore'
[0.235s] Level 1:colcon.colcon_core.package_identification:_identify(.) by extension 'ignore_ament_install'
[0.236s] Level 1:colcon.colcon_core.package_identification:_identify(.) by extensions ['colcon_pkg']
[0.236s] Level 1:colcon.colcon_core.package_identification:_identify(.) by extension 'colcon_pkg'
[0.236s] Level 1:colcon.colcon_core.package_identification:_identify(.) by extensions ['colcon_meta']
[0.236s] Level 1:colcon.colcon_core.package_identification:_identify(.) by extension 'colcon_meta'
[0.236s] Level 1:colcon.colcon_core.package_identification:_identify(.) by extensions ['ros']
[0.236s] Level 1:colcon.colcon_core.package_identification:_identify(.) by extension 'ros'
[0.274s] Level 1:colcon.colcon_core.package_identification:_identify(.) by extensions ['cmake', 'python']
[0.274s] Level 1:colcon.colcon_core.package_identification:_identify(.) by extension 'cmake'
[0.274s] Level 1:colcon.colcon_core.package_identification:_identify(.) by extension 'python'
[0.275s] Level 1:colcon.colcon_core.package_identification:_identify(.) by extensions ['python_setup_py']
[0.275s] Level 1:colcon.colcon_core.package_identification:_identify(.) by extension 'python_setup_py'
[0.275s] Level 1:colcon.colcon_core.package_identification:_identify(build) by extensions ['ignore', 'ignore_ament_install']
[0.275s] Level 1:colcon.colcon_core.package_identification:_identify(build) by extension 'ignore'
[0.275s] Level 1:colcon.colcon_core.package_identification:_identify(build) ignored
[0.275s] Level 1:colcon.colcon_core.package_identification:_identify(install) by extensions ['ignore', 'ignore_ament_install']
[0.275s] Level 1:colcon.colcon_core.package_identification:_identify(install) by extension 'ignore'
[0.275s] Level 1:colcon.colcon_core.package_identification:_identify(install) ignored
[0.276s] Level 1:colcon.colcon_core.package_identification:_identify(log) by extensions ['ignore', 'ignore_ament_install']
[0.276s] Level 1:colcon.colcon_core.package_identification:_identify(log) by extension 'ignore'
[0.276s] Level 1:colcon.colcon_core.package_identification:_identify(log) ignored
[0.276s] Level 1:colcon.colcon_core.package_identification:_identify(src) by extensions ['ignore', 'ignore_ament_install']
[0.276s] Level 1:colcon.colcon_core.package_identification:_identify(src) by extension 'ignore'
[0.276s] Level 1:colcon.colcon_core.package_identification:_identify(src) by extension 'ignore_ament_install'
[0.276s] Level 1:colcon.colcon_core.package_identification:_identify(src) by extensions ['colcon_pkg']
[0.276s] Level 1:colcon.colcon_core.package_identification:_identify(src) by extension 'colcon_pkg'
[0.276s] Level 1:colcon.colcon_core.package_identification:_identify(src) by extensions ['colcon_meta']
[0.276s] Level 1:colcon.colcon_core.package_identification:_identify(src) by extension 'colcon_meta'
[0.277s] Level 1:colcon.colcon_core.package_identification:_identify(src) by extensions ['ros']
[0.277s] Level 1:colcon.colcon_core.package_identification:_identify(src) by extension 'ros'
[0.277s] Level 1:colcon.colcon_core.package_identification:_identify(src) by extensions ['cmake', 'python']
[0.277s] Level 1:colcon.colcon_core.package_identification:_identify(src) by extension 'cmake'
[0.277s] Level 1:colcon.colcon_core.package_identification:_identify(src) by extension 'python'
[0.277s] Level 1:colcon.colcon_core.package_identification:_identify(src) by extensions ['python_setup_py']
[0.277s] Level 1:colcon.colcon_core.package_identification:_identify(src) by extension 'python_setup_py'
[0.277s] Level 1:colcon.colcon_core.package_identification:_identify(src/avu_controller) by extensions ['ignore', 'ignore_ament_install']
[0.277s] Level 1:colcon.colcon_core.package_identification:_identify(src/avu_controller) by extension 'ignore'
[0.277s] Level 1:colcon.colcon_core.package_identification:_identify(src/avu_controller) by extension 'ignore_ament_install'
[0.277s] Level 1:colcon.colcon_core.package_identification:_identify(src/avu_controller) by extensions ['colcon_pkg']
[0.277s] Level 1:colcon.colcon_core.package_identification:_identify(src/avu_controller) by extension 'colcon_pkg'
[0.278s] Level 1:colcon.colcon_core.package_identification:_identify(src/avu_controller) by extensions ['colcon_meta']
[0.278s] Level 1:colcon.colcon_core.package_identification:_identify(src/avu_controller) by extension 'colcon_meta'
[0.278s] Level 1:colcon.colcon_core.package_identification:_identify(src/avu_controller) by extensions ['ros']
[0.278s] Level 1:colcon.colcon_core.package_identification:_identify(src/avu_controller) by extension 'ros'
[0.281s] DEBUG:colcon.colcon_core.package_identification:Package 'src/avu_controller' with type 'ros.ament_cmake' and name 'avu_controller'
[0.281s] Level 1:colcon.colcon_core.package_identification:_identify(src/avu_description) by extensions ['ignore', 'ignore_ament_install']
[0.281s] Level 1:colcon.colcon_core.package_identification:_identify(src/avu_description) by extension 'ignore'
[0.281s] Level 1:colcon.colcon_core.package_identification:_identify(src/avu_description) by extension 'ignore_ament_install'
[0.281s] Level 1:colcon.colcon_core.package_identification:_identify(src/avu_description) by extensions ['colcon_pkg']
[0.281s] Level 1:colcon.colcon_core.package_identification:_identify(src/avu_description) by extension 'colcon_pkg'
[0.281s] Level 1:colcon.colcon_core.package_identification:_identify(src/avu_description) by extensions ['colcon_meta']
[0.281s] Level 1:colcon.colcon_core.package_identification:_identify(src/avu_description) by extension 'colcon_meta'
[0.282s] Level 1:colcon.colcon_core.package_identification:_identify(src/avu_description) by extensions ['ros']
[0.282s] Level 1:colcon.colcon_core.package_identification:_identify(src/avu_description) by extension 'ros'
[0.282s] DEBUG:colcon.colcon_core.package_identification:Package 'src/avu_description' with type 'ros.ament_cmake' and name 'avu_description'
[0.282s] Level 1:colcon.colcon_core.package_identification:_identify(src/avu_moveit) by extensions ['ignore', 'ignore_ament_install']
[0.283s] Level 1:colcon.colcon_core.package_identification:_identify(src/avu_moveit) by extension 'ignore'
[0.283s] Level 1:colcon.colcon_core.package_identification:_identify(src/avu_moveit) by extension 'ignore_ament_install'
[0.283s] Level 1:colcon.colcon_core.package_identification:_identify(src/avu_moveit) by extensions ['colcon_pkg']
[0.283s] Level 1:colcon.colcon_core.package_identification:_identify(src/avu_moveit) by extension 'colcon_pkg'
[0.283s] Level 1:colcon.colcon_core.package_identification:_identify(src/avu_moveit) by extensions ['colcon_meta']
[0.283s] Level 1:colcon.colcon_core.package_identification:_identify(src/avu_moveit) by extension 'colcon_meta'
[0.283s] Level 1:colcon.colcon_core.package_identification:_identify(src/avu_moveit) by extensions ['ros']
[0.283s] Level 1:colcon.colcon_core.package_identification:_identify(src/avu_moveit) by extension 'ros'
[0.284s] DEBUG:colcon.colcon_core.package_identification:Package 'src/avu_moveit' with type 'ros.ament_cmake' and name 'avu_moveit'
[0.284s] Level 1:colcon.colcon_core.package_identification:_identify(src/pymoveit2) by extensions ['ignore', 'ignore_ament_install']
[0.285s] Level 1:colcon.colcon_core.package_identification:_identify(src/pymoveit2) by extension 'ignore'
[0.285s] Level 1:colcon.colcon_core.package_identification:_identify(src/pymoveit2) by extension 'ignore_ament_install'
[0.285s] Level 1:colcon.colcon_core.package_identification:_identify(src/pymoveit2) by extensions ['colcon_pkg']
[0.285s] Level 1:colcon.colcon_core.package_identification:_identify(src/pymoveit2) by extension 'colcon_pkg'
[0.285s] Level 1:colcon.colcon_core.package_identification:_identify(src/pymoveit2) by extensions ['colcon_meta']
[0.285s] Level 1:colcon.colcon_core.package_identification:_identify(src/pymoveit2) by extension 'colcon_meta'
[0.285s] Level 1:colcon.colcon_core.package_identification:_identify(src/pymoveit2) by extensions ['ros']
[0.285s] Level 1:colcon.colcon_core.package_identification:_identify(src/pymoveit2) by extension 'ros'
[0.286s] DEBUG:colcon.colcon_core.package_identification:Package 'src/pymoveit2' with type 'ros.ament_cmake' and name 'pymoveit2'
[0.286s] Level 1:colcon.colcon_core.package_discovery:discover_packages(recursive) using defaults
[0.286s] Level 1:colcon.colcon_core.package_discovery:discover_packages(ignore) discover
[0.286s] Level 1:colcon.colcon_core.package_discovery:discover_packages(ignore) using defaults
[0.286s] Level 1:colcon.colcon_core.package_discovery:discover_packages(path) discover
[0.286s] Level 1:colcon.colcon_core.package_discovery:discover_packages(path) using defaults
[0.309s] Level 1:colcon.colcon_core.package_discovery:discover_packages(prefix_path) check parameters
[0.309s] Level 1:colcon.colcon_core.package_discovery:discover_packages(prefix_path) discover
[0.314s] DEBUG:colcon.colcon_installed_package_information.package_discovery:Found 5 installed packages in /home/bhavin-avina/avu_robot/install
[0.315s] DEBUG:colcon.colcon_installed_package_information.package_discovery:Found 6 installed packages in /home/bhavin-avina/mobile_robot/install
[0.315s] DEBUG:colcon.colcon_installed_package_information.package_discovery:Found 5 installed packages in /home/bhavin-avina/automation_ws/install
[0.319s] DEBUG:colcon.colcon_installed_package_information.package_discovery:Found 485 installed packages in /opt/ros/jazzy
[0.322s] Level 1:colcon.colcon_core.package_discovery:discover_packages(prefix_path) using defaults
[0.459s] Level 5:colcon.colcon_core.verb:set package 'avu_description' build argument 'cmake_args' from command line to 'None'
[0.459s] Level 5:colcon.colcon_core.verb:set package 'avu_description' build argument 'cmake_target' from command line to 'None'
[0.459s] Level 5:colcon.colcon_core.verb:set package 'avu_description' build argument 'cmake_target_skip_unavailable' from command line to 'False'
[0.460s] Level 5:colcon.colcon_core.verb:set package 'avu_description' build argument 'cmake_clean_cache' from command line to 'False'
[0.460s] Level 5:colcon.colcon_core.verb:set package 'avu_description' build argument 'cmake_clean_first' from command line to 'False'
[0.460s] Level 5:colcon.colcon_core.verb:set package 'avu_description' build argument 'cmake_force_configure' from command line to 'False'
[0.460s] Level 5:colcon.colcon_core.verb:set package 'avu_description' build argument 'ament_cmake_args' from command line to 'None'
[0.460s] Level 5:colcon.colcon_core.verb:set package 'avu_description' build argument 'catkin_cmake_args' from command line to 'None'
[0.460s] Level 5:colcon.colcon_core.verb:set package 'avu_description' build argument 'catkin_skip_building_tests' from command line to 'False'
[0.460s] DEBUG:colcon.colcon_core.verb:Building package 'avu_description' with the following arguments: {'ament_cmake_args': None, 'build_base': '/home/bhavin-avina/avu_robot/build/avu_description', 'catkin_cmake_args': None, 'catkin_skip_building_tests': False, 'cmake_args': None, 'cmake_clean_cache': False, 'cmake_clean_first': False, 'cmake_force_configure': False, 'cmake_target': None, 'cmake_target_skip_unavailable': False, 'install_base': '/home/bhavin-avina/avu_robot/install/avu_description', 'merge_install': False, 'path': '/home/bhavin-avina/avu_robot/src/avu_description', 'symlink_install': False, 'test_result_base': None}
[0.460s] Level 5:colcon.colcon_core.verb:set package 'pymoveit2' build argument 'cmake_args' from command line to 'None'
[0.460s] Level 5:colcon.colcon_core.verb:set package 'pymoveit2' build argument 'cmake_target' from command line to 'None'
[0.460s] Level 5:colcon.colcon_core.verb:set package 'pymoveit2' build argument 'cmake_target_skip_unavailable' from command line to 'False'
[0.460s] Level 5:colcon.colcon_core.verb:set package 'pymoveit2' build argument 'cmake_clean_cache' from command line to 'False'
[0.460s] Level 5:colcon.colcon_core.verb:set package 'pymoveit2' build argument 'cmake_clean_first' from command line to 'False'
[0.460s] Level 5:colcon.colcon_core.verb:set package 'pymoveit2' build argument 'cmake_force_configure' from command line to 'False'
[0.460s] Level 5:colcon.colcon_core.verb:set package 'pymoveit2' build argument 'ament_cmake_args' from command line to 'None'
[0.461s] Level 5:colcon.colcon_core.verb:set package 'pymoveit2' build argument 'catkin_cmake_args' from command line to 'None'
[0.461s] Level 5:colcon.colcon_core.verb:set package 'pymoveit2' build argument 'catkin_skip_building_tests' from command line to 'False'
[0.461s] DEBUG:colcon.colcon_core.verb:Building package 'pymoveit2' with the following arguments: {'ament_cmake_args': None, 'build_base': '/home/bhavin-avina/avu_robot/build/pymoveit2', 'catkin_cmake_args': None, 'catkin_skip_building_tests': False, 'cmake_args': None, 'cmake_clean_cache': False, 'cmake_clean_first': False, 'cmake_force_configure': False, 'cmake_target': None, 'cmake_target_skip_unavailable': False, 'install_base': '/home/bhavin-avina/avu_robot/install/pymoveit2', 'merge_install': False, 'path': '/home/bhavin-avina/avu_robot/src/pymoveit2', 'symlink_install': False, 'test_result_base': None}
[0.461s] Level 5:colcon.colcon_core.verb:set package 'avu_controller' build argument 'cmake_args' from command line to 'None'
[0.461s] Level 5:colcon.colcon_core.verb:set package 'avu_controller' build argument 'cmake_target' from command line to 'None'
[0.461s] Level 5:colcon.colcon_core.verb:set package 'avu_controller' build argument 'cmake_target_skip_unavailable' from command line to 'False'
[0.461s] Level 5:colcon.colcon_core.verb:set package 'avu_controller' build argument 'cmake_clean_cache' from command line to 'False'
[0.461s] Level 5:colcon.colcon_core.verb:set package 'avu_controller' build argument 'cmake_clean_first' from command line to 'False'
[0.461s] Level 5:colcon.colcon_core.verb:set package 'avu_controller' build argument 'cmake_force_configure' from command line to 'False'
[0.462s] Level 5:colcon.colcon_core.verb:set package 'avu_controller' build argument 'ament_cmake_args' from command line to 'None'
[0.462s] Level 5:colcon.colcon_core.verb:set package 'avu_controller' build argument 'catkin_cmake_args' from command line to 'None'
[0.462s] Level 5:colcon.colcon_core.verb:set package 'avu_controller' build argument 'catkin_skip_building_tests' from command line to 'False'
[0.462s] DEBUG:colcon.colcon_core.verb:Building package 'avu_controller' with the following arguments: {'ament_cmake_args': None, 'build_base': '/home/bhavin-avina/avu_robot/build/avu_controller', 'catkin_cmake_args': None, 'catkin_skip_building_tests': False, 'cmake_args': None, 'cmake_clean_cache': False, 'cmake_clean_first': False, 'cmake_force_configure': False, 'cmake_target': None, 'cmake_target_skip_unavailable': False, 'install_base': '/home/bhavin-avina/avu_robot/install/avu_controller', 'merge_install': False, 'path': '/home/bhavin-avina/avu_robot/src/avu_controller', 'symlink_install': False, 'test_result_base': None}
[0.462s] Level 5:colcon.colcon_core.verb:set package 'avu_moveit' build argument 'cmake_args' from command line to 'None'
[0.462s] Level 5:colcon.colcon_core.verb:set package 'avu_moveit' build argument 'cmake_target' from command line to 'None'
[0.462s] Level 5:colcon.colcon_core.verb:set package 'avu_moveit' build argument 'cmake_target_skip_unavailable' from command line to 'False'
[0.462s] Level 5:colcon.colcon_core.verb:set package 'avu_moveit' build argument 'cmake_clean_cache' from command line to 'False'
[0.462s] Level 5:colcon.colcon_core.verb:set package 'avu_moveit' build argument 'cmake_clean_first' from command line to 'False'
[0.462s] Level 5:colcon.colcon_core.verb:set package 'avu_moveit' build argument 'cmake_force_configure' from command line to 'False'
[0.463s] Level 5:colcon.colcon_core.verb:set package 'avu_moveit' build argument 'ament_cmake_args' from command line to 'None'
[0.463s] Level 5:colcon.colcon_core.verb:set package 'avu_moveit' build argument 'catkin_cmake_args' from command line to 'None'
[0.463s] Level 5:colcon.colcon_core.verb:set package 'avu_moveit' build argument 'catkin_skip_building_tests' from command line to 'False'
[0.463s] DEBUG:colcon.colcon_core.verb:Building package 'avu_moveit' with the following arguments: {'ament_cmake_args': None, 'build_base': '/home/bhavin-avina/avu_robot/build/avu_moveit', 'catkin_cmake_args': None, 'catkin_skip_building_tests': False, 'cmake_args': None, 'cmake_clean_cache': False, 'cmake_clean_first': False, 'cmake_force_configure': False, 'cmake_target': None, 'cmake_target_skip_unavailable': False, 'install_base': '/home/bhavin-avina/avu_robot/install/avu_moveit', 'merge_install': False, 'path': '/home/bhavin-avina/avu_robot/src/avu_moveit', 'symlink_install': False, 'test_result_base': None}
[0.463s] INFO:colcon.colcon_core.executor:Executing jobs using 'parallel' executor
[0.465s] DEBUG:colcon.colcon_parallel_executor.executor.parallel:run_until_complete
[0.465s] INFO:colcon.colcon_ros.task.ament_cmake.build:Building ROS package in '/home/bhavin-avina/avu_robot/src/avu_description' with build type 'ament_cmake'
[0.465s] INFO:colcon.colcon_cmake.task.cmake.build:Building CMake package in '/home/bhavin-avina/avu_robot/src/avu_description'
[0.472s] INFO:colcon.colcon_core.plugin_system:Skipping extension 'colcon_core.shell.bat': Not used on non-Windows systems
[0.473s] INFO:colcon.colcon_core.shell:Skip shell extension 'powershell' for command environment: Not usable outside of PowerShell
[0.473s] DEBUG:colcon.colcon_core.shell:Skip shell extension 'dsv' for command environment
[0.483s] INFO:colcon.colcon_ros.task.ament_cmake.build:Building ROS package in '/home/bhavin-avina/avu_robot/src/pymoveit2' with build type 'ament_cmake'
[0.483s] INFO:colcon.colcon_cmake.task.cmake.build:Building CMake package in '/home/bhavin-avina/avu_robot/src/pymoveit2'
[0.483s] INFO:colcon.colcon_core.shell:Skip shell extension 'powershell' for command environment: Not usable outside of PowerShell
[0.484s] DEBUG:colcon.colcon_core.shell:Skip shell extension 'dsv' for command environment
[0.500s] DEBUG:colcon.colcon_core.event_handler.log_command:Invoking command in '/home/bhavin-avina/avu_robot/build/avu_description': CMAKE_PREFIX_PATH=${CMAKE_PREFIX_PATH}:/opt/ros/jazzy DEBUGINFOD_URLS=https://debuginfod.ubuntu.com /usr/bin/cmake --build /home/bhavin-avina/avu_robot/build/avu_description -- -j4 -l4
[0.506s] DEBUG:colcon.colcon_core.event_handler.log_command:Invoking command in '/home/bhavin-avina/avu_robot/build/pymoveit2': CMAKE_PREFIX_PATH=${CMAKE_PREFIX_PATH}:/opt/ros/jazzy DEBUGINFOD_URLS=https://debuginfod.ubuntu.com /usr/bin/cmake --build /home/bhavin-avina/avu_robot/build/pymoveit2 -- -j4 -l4
[0.562s] DEBUG:colcon.colcon_core.event_handler.log_command:Invoked command in '/home/bhavin-avina/avu_robot/build/avu_description' returned '0': CMAKE_PREFIX_PATH=${CMAKE_PREFIX_PATH}:/opt/ros/jazzy DEBUGINFOD_URLS=https://debuginfod.ubuntu.com /usr/bin/cmake --build /home/bhavin-avina/avu_robot/build/avu_description -- -j4 -l4
[0.577s] DEBUG:colcon.colcon_core.event_handler.log_command:Invoking command in '/home/bhavin-avina/avu_robot/build/avu_description': CMAKE_PREFIX_PATH=${CMAKE_PREFIX_PATH}:/opt/ros/jazzy DEBUGINFOD_URLS=https://debuginfod.ubuntu.com /usr/bin/cmake --install /home/bhavin-avina/avu_robot/build/avu_description
[0.596s] Level 1:colcon.colcon_core.environment:create_environment_scripts_only(avu_description)
[0.598s] DEBUG:colcon.colcon_core.event_handler.log_command:Invoked command in '/home/bhavin-avina/avu_robot/build/avu_description' returned '0': CMAKE_PREFIX_PATH=${CMAKE_PREFIX_PATH}:/opt/ros/jazzy DEBUGINFOD_URLS=https://debuginfod.ubuntu.com /usr/bin/cmake --install /home/bhavin-avina/avu_robot/build/avu_description
[0.602s] Level 1:colcon.colcon_core.environment:checking '/home/bhavin-avina/avu_robot/install/avu_description' for CMake module files
[0.603s] Level 1:colcon.colcon_core.environment:checking '/home/bhavin-avina/avu_robot/install/avu_description' for CMake config files
[0.604s] Level 1:colcon.colcon_core.shell:create_environment_hook('avu_description', 'cmake_prefix_path')
[0.604s] INFO:colcon.colcon_core.shell:Creating environment hook '/home/bhavin-avina/avu_robot/install/avu_description/share/avu_description/hook/cmake_prefix_path.ps1'
[0.605s] INFO:colcon.colcon_core.shell:Creating environment descriptor '/home/bhavin-avina/avu_robot/install/avu_description/share/avu_description/hook/cmake_prefix_path.dsv'
[0.606s] INFO:colcon.colcon_core.shell:Creating environment hook '/home/bhavin-avina/avu_robot/install/avu_description/share/avu_description/hook/cmake_prefix_path.sh'
[0.607s] Level 1:colcon.colcon_core.environment:checking '/home/bhavin-avina/avu_robot/install/avu_description/bin'
[0.607s] Level 1:colcon.colcon_core.environment:checking '/home/bhavin-avina/avu_robot/install/avu_description/lib/pkgconfig/avu_description.pc'
[0.607s] Level 1:colcon.colcon_core.environment:checking '/home/bhavin-avina/avu_robot/install/avu_description/lib/python3.12/site-packages'
[0.607s] Level 1:colcon.colcon_core.environment:checking '/home/bhavin-avina/avu_robot/install/avu_description/bin'
[0.608s] INFO:colcon.colcon_core.shell:Creating package script '/home/bhavin-avina/avu_robot/install/avu_description/share/avu_description/package.ps1'
[0.609s] INFO:colcon.colcon_core.shell:Creating package descriptor '/home/bhavin-avina/avu_robot/install/avu_description/share/avu_description/package.dsv'
[0.609s] INFO:colcon.colcon_core.shell:Creating package script '/home/bhavin-avina/avu_robot/install/avu_description/share/avu_description/package.sh'
[0.610s] INFO:colcon.colcon_core.shell:Creating package script '/home/bhavin-avina/avu_robot/install/avu_description/share/avu_description/package.bash'
[0.611s] INFO:colcon.colcon_core.shell:Creating package script '/home/bhavin-avina/avu_robot/install/avu_description/share/avu_description/package.zsh'
[0.612s] Level 1:colcon.colcon_core.environment:create_file_with_runtime_dependencies(/home/bhavin-avina/avu_robot/install/avu_description/share/colcon-core/packages/avu_description)
[0.613s] Level 1:colcon.colcon_core.environment:create_environment_scripts_only(avu_description)
[0.613s] Level 1:colcon.colcon_core.environment:checking '/home/bhavin-avina/avu_robot/install/avu_description' for CMake module files
[0.614s] Level 1:colcon.colcon_core.environment:checking '/home/bhavin-avina/avu_robot/install/avu_description' for CMake config files
[0.615s] Level 1:colcon.colcon_core.shell:create_environment_hook('avu_description', 'cmake_prefix_path')
[0.615s] INFO:colcon.colcon_core.shell:Creating environment hook '/home/bhavin-avina/avu_robot/install/avu_description/share/avu_description/hook/cmake_prefix_path.ps1'
[0.616s] INFO:colcon.colcon_core.shell:Creating environment descriptor '/home/bhavin-avina/avu_robot/install/avu_description/share/avu_description/hook/cmake_prefix_path.dsv'
[0.616s] INFO:colcon.colcon_core.shell:Creating environment hook '/home/bhavin-avina/avu_robot/install/avu_description/share/avu_description/hook/cmake_prefix_path.sh'
[0.617s] Level 1:colcon.colcon_core.environment:checking '/home/bhavin-avina/avu_robot/install/avu_description/bin'
[0.617s] Level 1:colcon.colcon_core.environment:checking '/home/bhavin-avina/avu_robot/install/avu_description/lib/pkgconfig/avu_description.pc'
[0.617s] Level 1:colcon.colcon_core.environment:checking '/home/bhavin-avina/avu_robot/install/avu_description/lib/python3.12/site-packages'
[0.617s] Level 1:colcon.colcon_core.environment:checking '/home/bhavin-avina/avu_robot/install/avu_description/bin'
[0.618s] INFO:colcon.colcon_core.shell:Creating package script '/home/bhavin-avina/avu_robot/install/avu_description/share/avu_description/package.ps1'
[0.618s] INFO:colcon.colcon_core.shell:Creating package descriptor '/home/bhavin-avina/avu_robot/install/avu_description/share/avu_description/package.dsv'
[0.619s] INFO:colcon.colcon_core.shell:Creating package script '/home/bhavin-avina/avu_robot/install/avu_description/share/avu_description/package.sh'
[0.619s] INFO:colcon.colcon_core.shell:Creating package script '/home/bhavin-avina/avu_robot/install/avu_description/share/avu_description/package.bash'
[0.620s] INFO:colcon.colcon_core.shell:Creating package script '/home/bhavin-avina/avu_robot/install/avu_description/share/avu_description/package.zsh'
[0.620s] Level 1:colcon.colcon_core.environment:create_file_with_runtime_dependencies(/home/bhavin-avina/avu_robot/install/avu_description/share/colcon-core/packages/avu_description)
[0.621s] INFO:colcon.colcon_ros.task.ament_cmake.build:Building ROS package in '/home/bhavin-avina/avu_robot/src/avu_controller' with build type 'ament_cmake'
[0.621s] INFO:colcon.colcon_cmake.task.cmake.build:Building CMake package in '/home/bhavin-avina/avu_robot/src/avu_controller'
[0.621s] INFO:colcon.colcon_core.shell:Skip shell extension 'powershell' for command environment: Not usable outside of PowerShell
[0.621s] DEBUG:colcon.colcon_core.shell:Skip shell extension 'dsv' for command environment
[0.629s] INFO:colcon.colcon_ros.task.ament_cmake.build:Building ROS package in '/home/bhavin-avina/avu_robot/src/avu_moveit' with build type 'ament_cmake'
[0.630s] INFO:colcon.colcon_cmake.task.cmake.build:Building CMake package in '/home/bhavin-avina/avu_robot/src/avu_moveit'
[0.630s] INFO:colcon.colcon_core.shell:Skip shell extension 'powershell' for command environment: Not usable outside of PowerShell
[0.630s] DEBUG:colcon.colcon_core.shell:Skip shell extension 'dsv' for command environment
[0.646s] DEBUG:colcon.colcon_core.event_handler.log_command:Invoking command in '/home/bhavin-avina/avu_robot/build/avu_controller': CMAKE_PREFIX_PATH=/home/bhavin-avina/avu_robot/install/avu_description:/home/bhavin-avina/avu_robot/install/pymoveit2:/home/bhavin-avina/avu_robot/install/moveit2:/home/bhavin-avina/avu_robot/install/avu_moveit:/home/bhavin-avina/avu_robot/install/avu_controller:/home/bhavin-avina/mobile_robot/install/human_simulator:/home/bhavin-avina/mobile_robot/install/amr_slam:/home/bhavin-avina/mobile_robot/install/amr_perception:/home/bhavin-avina/mobile_robot/install/amr_drl_navigation:/home/bhavin-avina/mobile_robot/install/amr_description:/home/bhavin-avina/mobile_robot/install/amr_controller:/home/bhavin-avina/automation_ws/install/conveyor_belt:/home/bhavin-avina/automation_ws/install/conveyorbelt_msgs:/home/bhavin-avina/automation_ws/install/conveyorbelt_gazebo:/opt/ros/jazzy/opt/gz_sim_vendor:/opt/ros/jazzy/opt/gz_sensors_vendor:/opt/ros/jazzy/opt/gz_physics_vendor:/opt/ros/jazzy/opt/sdformat_vendor:/opt/ros/jazzy/opt/gz_gui_vendor:/opt/ros/jazzy/opt/gz_transport_vendor:/opt/ros/jazzy/opt/gz_rendering_vendor:/opt/ros/jazzy/opt/gz_plugin_vendor:/opt/ros/jazzy/opt/gz_fuel_tools_vendor:/opt/ros/jazzy/opt/gz_msgs_vendor:/opt/ros/jazzy/opt/gz_common_vendor:/opt/ros/jazzy/opt/gz_math_vendor:/opt/ros/jazzy/opt/gz_utils_vendor:/opt/ros/jazzy/opt/gz_tools_vendor:/opt/ros/jazzy/opt/gz_ogre_next_vendor:/opt/ros/jazzy/opt/gz_dartsim_vendor:/opt/ros/jazzy/opt/gz_cmake_vendor:/opt/ros/jazzy DEBUGINFOD_URLS=https://debuginfod.ubuntu.com /usr/bin/cmake --build /home/bhavin-avina/avu_robot/build/avu_controller -- -j4 -l4
[0.651s] DEBUG:colcon.colcon_core.event_handler.log_command:Invoking command in '/home/bhavin-avina/avu_robot/build/avu_moveit': CMAKE_PREFIX_PATH=/home/bhavin-avina/avu_robot/install/avu_description:/home/bhavin-avina/avu_robot/install/pymoveit2:/home/bhavin-avina/avu_robot/install/moveit2:/home/bhavin-avina/avu_robot/install/avu_moveit:/home/bhavin-avina/avu_robot/install/avu_controller:/home/bhavin-avina/mobile_robot/install/human_simulator:/home/bhavin-avina/mobile_robot/install/amr_slam:/home/bhavin-avina/mobile_robot/install/amr_perception:/home/bhavin-avina/mobile_robot/install/amr_drl_navigation:/home/bhavin-avina/mobile_robot/install/amr_description:/home/bhavin-avina/mobile_robot/install/amr_controller:/home/bhavin-avina/automation_ws/install/conveyor_belt:/home/bhavin-avina/automation_ws/install/conveyorbelt_msgs:/home/bhavin-avina/automation_ws/install/conveyorbelt_gazebo:/opt/ros/jazzy/opt/gz_sim_vendor:/opt/ros/jazzy/opt/gz_sensors_vendor:/opt/ros/jazzy/opt/gz_physics_vendor:/opt/ros/jazzy/opt/sdformat_vendor:/opt/ros/jazzy/opt/gz_gui_vendor:/opt/ros/jazzy/opt/gz_transport_vendor:/opt/ros/jazzy/opt/gz_rendering_vendor:/opt/ros/jazzy/opt/gz_plugin_vendor:/opt/ros/jazzy/opt/gz_fuel_tools_vendor:/opt/ros/jazzy/opt/gz_msgs_vendor:/opt/ros/jazzy/opt/gz_common_vendor:/opt/ros/jazzy/opt/gz_math_vendor:/opt/ros/jazzy/opt/gz_utils_vendor:/opt/ros/jazzy/opt/gz_tools_vendor:/opt/ros/jazzy/opt/gz_ogre_next_vendor:/opt/ros/jazzy/opt/gz_dartsim_vendor:/opt/ros/jazzy/opt/gz_cmake_vendor:/opt/ros/jazzy DEBUGINFOD_URLS=https://debuginfod.ubuntu.com /usr/bin/cmake --build /home/bhavin-avina/avu_robot/build/avu_moveit -- -j4 -l4
[0.746s] DEBUG:colcon.colcon_core.event_handler.log_command:Invoked command in '/home/bhavin-avina/avu_robot/build/avu_controller' returned '0': CMAKE_PREFIX_PATH=/home/bhavin-avina/avu_robot/install/avu_description:/home/bhavin-avina/avu_robot/install/pymoveit2:/home/bhavin-avina/avu_robot/install/moveit2:/home/bhavin-avina/avu_robot/install/avu_moveit:/home/bhavin-avina/avu_robot/install/avu_controller:/home/bhavin-avina/mobile_robot/install/human_simulator:/home/bhavin-avina/mobile_robot/install/amr_slam:/home/bhavin-avina/mobile_robot/install/amr_perception:/home/bhavin-avina/mobile_robot/install/amr_drl_navigation:/home/bhavin-avina/mobile_robot/install/amr_description:/home/bhavin-avina/mobile_robot/install/amr_controller:/home/bhavin-avina/automation_ws/install/conveyor_belt:/home/bhavin-avina/automation_ws/install/conveyorbelt_msgs:/home/bhavin-avina/automation_ws/install/conveyorbelt_gazebo:/opt/ros/jazzy/opt/gz_sim_vendor:/opt/ros/jazzy/opt/gz_sensors_vendor:/opt/ros/jazzy/opt/gz_physics_vendor:/opt/ros/jazzy/opt/sdformat_vendor:/opt/ros/jazzy/opt/gz_gui_vendor:/opt/ros/jazzy/opt/gz_transport_vendor:/opt/ros/jazzy/opt/gz_rendering_vendor:/opt/ros/jazzy/opt/gz_plugin_vendor:/opt/ros/jazzy/opt/gz_fuel_tools_vendor:/opt/ros/jazzy/opt/gz_msgs_vendor:/opt/ros/jazzy/opt/gz_common_vendor:/opt/ros/jazzy/opt/gz_math_vendor:/opt/ros/jazzy/opt/gz_utils_vendor:/opt/ros/jazzy/opt/gz_tools_vendor:/opt/ros/jazzy/opt/gz_ogre_next_vendor:/opt/ros/jazzy/opt/gz_dartsim_vendor:/opt/ros/jazzy/opt/gz_cmake_vendor:/opt/ros/jazzy DEBUGINFOD_URLS=https://debuginfod.ubuntu.com /usr/bin/cmake --build /home/bhavin-avina/avu_robot/build/avu_controller -- -j4 -l4
[0.749s] DEBUG:colcon.colcon_core.event_handler.log_command:Invoking command in '/home/bhavin-avina/avu_robot/build/avu_controller': CMAKE_PREFIX_PATH=/home/bhavin-avina/avu_robot/install/avu_description:/home/bhavin-avina/avu_robot/install/pymoveit2:/home/bhavin-avina/avu_robot/install/moveit2:/home/bhavin-avina/avu_robot/install/avu_moveit:/home/bhavin-avina/avu_robot/install/avu_controller:/home/bhavin-avina/mobile_robot/install/human_simulator:/home/bhavin-avina/mobile_robot/install/amr_slam:/home/bhavin-avina/mobile_robot/install/amr_perception:/home/bhavin-avina/mobile_robot/install/amr_drl_navigation:/home/bhavin-avina/mobile_robot/install/amr_description:/home/bhavin-avina/mobile_robot/install/amr_controller:/home/bhavin-avina/automation_ws/install/conveyor_belt:/home/bhavin-avina/automation_ws/install/conveyorbelt_msgs:/home/bhavin-avina/automation_ws/install/conveyorbelt_gazebo:/opt/ros/jazzy/opt/gz_sim_vendor:/opt/ros/jazzy/opt/gz_sensors_vendor:/opt/ros/jazzy/opt/gz_physics_vendor:/opt/ros/jazzy/opt/sdformat_vendor:/opt/ros/jazzy/opt/gz_gui_vendor:/opt/ros/jazzy/opt/gz_transport_vendor:/opt/ros/jazzy/opt/gz_rendering_vendor:/opt/ros/jazzy/opt/gz_plugin_vendor:/opt/ros/jazzy/opt/gz_fuel_tools_vendor:/opt/ros/jazzy/opt/gz_msgs_vendor:/opt/ros/jazzy/opt/gz_common_vendor:/opt/ros/jazzy/opt/gz_math_vendor:/opt/ros/jazzy/opt/gz_utils_vendor:/opt/ros/jazzy/opt/gz_tools_vendor:/opt/ros/jazzy/opt/gz_ogre_next_vendor:/opt/ros/jazzy/opt/gz_dartsim_vendor:/opt/ros/jazzy/opt/gz_cmake_vendor:/opt/ros/jazzy DEBUGINFOD_URLS=https://debuginfod.ubuntu.com /usr/bin/cmake --install /home/bhavin-avina/avu_robot/build/avu_controller
[0.782s] Level 1:colcon.colcon_core.environment:create_environment_scripts_only(avu_controller)
[0.783s] Level 1:colcon.colcon_core.environment:checking '/home/bhavin-avina/avu_robot/install/avu_controller' for CMake module files
[0.783s] DEBUG:colcon.colcon_core.event_handler.log_command:Invoked command in '/home/bhavin-avina/avu_robot/build/avu_controller' returned '0': CMAKE_PREFIX_PATH=/home/bhavin-avina/avu_robot/install/avu_description:/home/bhavin-avina/avu_robot/install/pymoveit2:/home/bhavin-avina/avu_robot/install/moveit2:/home/bhavin-avina/avu_robot/install/avu_moveit:/home/bhavin-avina/avu_robot/install/avu_controller:/home/bhavin-avina/mobile_robot/install/human_simulator:/home/bhavin-avina/mobile_robot/install/amr_slam:/home/bhavin-avina/mobile_robot/install/amr_perception:/home/bhavin-avina/mobile_robot/install/amr_drl_navigation:/home/bhavin-avina/mobile_robot/install/amr_description:/home/bhavin-avina/mobile_robot/install/amr_controller:/home/bhavin-avina/automation_ws/install/conveyor_belt:/home/bhavin-avina/automation_ws/install/conveyorbelt_msgs:/home/bhavin-avina/automation_ws/install/conveyorbelt_gazebo:/opt/ros/jazzy/opt/gz_sim_vendor:/opt/ros/jazzy/opt/gz_sensors_vendor:/opt/ros/jazzy/opt/gz_physics_vendor:/opt/ros/jazzy/opt/sdformat_vendor:/opt/ros/jazzy/opt/gz_gui_vendor:/opt/ros/jazzy/opt/gz_transport_vendor:/opt/ros/jazzy/opt/gz_rendering_vendor:/opt/ros/jazzy/opt/gz_plugin_vendor:/opt/ros/jazzy/opt/gz_fuel_tools_vendor:/opt/ros/jazzy/opt/gz_msgs_vendor:/opt/ros/jazzy/opt/gz_common_vendor:/opt/ros/jazzy/opt/gz_math_vendor:/opt/ros/jazzy/opt/gz_utils_vendor:/opt/ros/jazzy/opt/gz_tools_vendor:/opt/ros/jazzy/opt/gz_ogre_next_vendor:/opt/ros/jazzy/opt/gz_dartsim_vendor:/opt/ros/jazzy/opt/gz_cmake_vendor:/opt/ros/jazzy DEBUGINFOD_URLS=https://debuginfod.ubuntu.com /usr/bin/cmake --install /home/bhavin-avina/avu_robot/build/avu_controller
[0.784s] Level 1:colcon.colcon_core.environment:checking '/home/bhavin-avina/avu_robot/install/avu_controller' for CMake config files
[0.784s] Level 1:colcon.colcon_core.shell:create_environment_hook('avu_controller', 'cmake_prefix_path')
[0.785s] INFO:colcon.colcon_core.shell:Creating environment hook '/home/bhavin-avina/avu_robot/install/avu_controller/share/avu_controller/hook/cmake_prefix_path.ps1'
[0.786s] INFO:colcon.colcon_core.shell:Creating environment descriptor '/home/bhavin-avina/avu_robot/install/avu_controller/share/avu_controller/hook/cmake_prefix_path.dsv'
[0.786s] INFO:colcon.colcon_core.shell:Creating environment hook '/home/bhavin-avina/avu_robot/install/avu_controller/share/avu_controller/hook/cmake_prefix_path.sh'
[0.787s] Level 1:colcon.colcon_core.environment:checking '/home/bhavin-avina/avu_robot/install/avu_controller/bin'
[0.787s] Level 1:colcon.colcon_core.environment:checking '/home/bhavin-avina/avu_robot/install/avu_controller/lib/pkgconfig/avu_controller.pc'
[0.787s] Level 1:colcon.colcon_core.environment:checking '/home/bhavin-avina/avu_robot/install/avu_controller/lib/python3.12/site-packages'
[0.787s] Level 1:colcon.colcon_core.environment:checking '/home/bhavin-avina/avu_robot/install/avu_controller/bin'
[0.788s] INFO:colcon.colcon_core.shell:Creating package script '/home/bhavin-avina/avu_robot/install/avu_controller/share/avu_controller/package.ps1'
[0.789s] INFO:colcon.colcon_core.shell:Creating package descriptor '/home/bhavin-avina/avu_robot/install/avu_controller/share/avu_controller/package.dsv'
[0.790s] INFO:colcon.colcon_core.shell:Creating package script '/home/bhavin-avina/avu_robot/install/avu_controller/share/avu_controller/package.sh'
[0.790s] INFO:colcon.colcon_core.shell:Creating package script '/home/bhavin-avina/avu_robot/install/avu_controller/share/avu_controller/package.bash'
[0.791s] INFO:colcon.colcon_core.shell:Creating package script '/home/bhavin-avina/avu_robot/install/avu_controller/share/avu_controller/package.zsh'
[0.791s] Level 1:colcon.colcon_core.environment:create_file_with_runtime_dependencies(/home/bhavin-avina/avu_robot/install/avu_controller/share/colcon-core/packages/avu_controller)
[0.792s] Level 1:colcon.colcon_core.environment:create_environment_scripts_only(avu_controller)
[0.792s] Level 1:colcon.colcon_core.environment:checking '/home/bhavin-avina/avu_robot/install/avu_controller' for CMake module files
[0.793s] Level 1:colcon.colcon_core.environment:checking '/home/bhavin-avina/avu_robot/install/avu_controller' for CMake config files
[0.793s] Level 1:colcon.colcon_core.shell:create_environment_hook('avu_controller', 'cmake_prefix_path')
[0.794s] INFO:colcon.colcon_core.shell:Creating environment hook '/home/bhavin-avina/avu_robot/install/avu_controller/share/avu_controller/hook/cmake_prefix_path.ps1'
[0.794s] INFO:colcon.colcon_core.shell:Creating environment descriptor '/home/bhavin-avina/avu_robot/install/avu_controller/share/avu_controller/hook/cmake_prefix_path.dsv'
[0.795s] INFO:colcon.colcon_core.shell:Creating environment hook '/home/bhavin-avina/avu_robot/install/avu_controller/share/avu_controller/hook/cmake_prefix_path.sh'
[0.795s] Level 1:colcon.colcon_core.environment:checking '/home/bhavin-avina/avu_robot/install/avu_controller/bin'
[0.795s] Level 1:colcon.colcon_core.environment:checking '/home/bhavin-avina/avu_robot/install/avu_controller/lib/pkgconfig/avu_controller.pc'
[0.796s] Level 1:colcon.colcon_core.environment:checking '/home/bhavin-avina/avu_robot/install/avu_controller/lib/python3.12/site-packages'
[0.796s] Level 1:colcon.colcon_core.environment:checking '/home/bhavin-avina/avu_robot/install/avu_controller/bin'
[0.796s] INFO:colcon.colcon_core.shell:Creating package script '/home/bhavin-avina/avu_robot/install/avu_controller/share/avu_controller/package.ps1'
[0.797s] INFO:colcon.colcon_core.shell:Creating package descriptor '/home/bhavin-avina/avu_robot/install/avu_controller/share/avu_controller/package.dsv'
[0.798s] INFO:colcon.colcon_core.shell:Creating package script '/home/bhavin-avina/avu_robot/install/avu_controller/share/avu_controller/package.sh'
[0.798s] INFO:colcon.colcon_core.shell:Creating package script '/home/bhavin-avina/avu_robot/install/avu_controller/share/avu_controller/package.bash'
[0.799s] INFO:colcon.colcon_core.shell:Creating package script '/home/bhavin-avina/avu_robot/install/avu_controller/share/avu_controller/package.zsh'
[0.799s] Level 1:colcon.colcon_core.environment:create_file_with_runtime_dependencies(/home/bhavin-avina/avu_robot/install/avu_controller/share/colcon-core/packages/avu_controller)
[0.825s] DEBUG:colcon.colcon_core.event_handler.log_command:Invoked command in '/home/bhavin-avina/avu_robot/build/avu_moveit' returned '0': CMAKE_PREFIX_PATH=/home/bhavin-avina/avu_robot/install/avu_description:/home/bhavin-avina/avu_robot/install/pymoveit2:/home/bhavin-avina/avu_robot/install/moveit2:/home/bhavin-avina/avu_robot/install/avu_moveit:/home/bhavin-avina/avu_robot/install/avu_controller:/home/bhavin-avina/mobile_robot/install/human_simulator:/home/bhavin-avina/mobile_robot/install/amr_slam:/home/bhavin-avina/mobile_robot/install/amr_perception:/home/bhavin-avina/mobile_robot/install/amr_drl_navigation:/home/bhavin-avina/mobile_robot/install/amr_description:/home/bhavin-avina/mobile_robot/install/amr_controller:/home/bhavin-avina/automation_ws/install/conveyor_belt:/home/bhavin-avina/automation_ws/install/conveyorbelt_msgs:/home/bhavin-avina/automation_ws/install/conveyorbelt_gazebo:/opt/ros/jazzy/opt/gz_sim_vendor:/opt/ros/jazzy/opt/gz_sensors_vendor:/opt/ros/jazzy/opt/gz_physics_vendor:/opt/ros/jazzy/opt/sdformat_vendor:/opt/ros/jazzy/opt/gz_gui_vendor:/opt/ros/jazzy/opt/gz_transport_vendor:/opt/ros/jazzy/opt/gz_rendering_vendor:/opt/ros/jazzy/opt/gz_plugin_vendor:/opt/ros/jazzy/opt/gz_fuel_tools_vendor:/opt/ros/jazzy/opt/gz_msgs_vendor:/opt/ros/jazzy/opt/gz_common_vendor:/opt/ros/jazzy/opt/gz_math_vendor:/opt/ros/jazzy/opt/gz_utils_vendor:/opt/ros/jazzy/opt/gz_tools_vendor:/opt/ros/jazzy/opt/gz_ogre_next_vendor:/opt/ros/jazzy/opt/gz_dartsim_vendor:/opt/ros/jazzy/opt/gz_cmake_vendor:/opt/ros/jazzy DEBUGINFOD_URLS=https://debuginfod.ubuntu.com /usr/bin/cmake --build /home/bhavin-avina/avu_robot/build/avu_moveit -- -j4 -l4
[0.825s] DEBUG:colcon.colcon_core.event_handler.log_command:Invoking command in '/home/bhavin-avina/avu_robot/build/avu_moveit': CMAKE_PREFIX_PATH=/home/bhavin-avina/avu_robot/install/avu_description:/home/bhavin-avina/avu_robot/install/pymoveit2:/home/bhavin-avina/avu_robot/install/moveit2:/home/bhavin-avina/avu_robot/install/avu_moveit:/home/bhavin-avina/avu_robot/install/avu_controller:/home/bhavin-avina/mobile_robot/install/human_simulator:/home/bhavin-avina/mobile_robot/install/amr_slam:/home/bhavin-avina/mobile_robot/install/amr_perception:/home/bhavin-avina/mobile_robot/install/amr_drl_navigation:/home/bhavin-avina/mobile_robot/install/amr_description:/home/bhavin-avina/mobile_robot/install/amr_controller:/home/bhavin-avina/automation_ws/install/conveyor_belt:/home/bhavin-avina/automation_ws/install/conveyorbelt_msgs:/home/bhavin-avina/automation_ws/install/conveyorbelt_gazebo:/opt/ros/jazzy/opt/gz_sim_vendor:/opt/ros/jazzy/opt/gz_sensors_vendor:/opt/ros/jazzy/opt/gz_physics_vendor:/opt/ros/jazzy/opt/sdformat_vendor:/opt/ros/jazzy/opt/gz_gui_vendor:/opt/ros/jazzy/opt/gz_transport_vendor:/opt/ros/jazzy/opt/gz_rendering_vendor:/opt/ros/jazzy/opt/gz_plugin_vendor:/opt/ros/jazzy/opt/gz_fuel_tools_vendor:/opt/ros/jazzy/opt/gz_msgs_vendor:/opt/ros/jazzy/opt/gz_common_vendor:/opt/ros/jazzy/opt/gz_math_vendor:/opt/ros/jazzy/opt/gz_utils_vendor:/opt/ros/jazzy/opt/gz_tools_vendor:/opt/ros/jazzy/opt/gz_ogre_next_vendor:/opt/ros/jazzy/opt/gz_dartsim_vendor:/opt/ros/jazzy/opt/gz_cmake_vendor:/opt/ros/jazzy DEBUGINFOD_URLS=https://debuginfod.ubuntu.com /usr/bin/cmake --install /home/bhavin-avina/avu_robot/build/avu_moveit
[0.839s] Level 1:colcon.colcon_core.environment:create_environment_scripts_only(avu_moveit)
[0.839s] Level 1:colcon.colcon_core.environment:checking '/home/bhavin-avina/avu_robot/install/avu_moveit' for CMake module files
[0.840s] Level 1:colcon.colcon_core.environment:checking '/home/bhavin-avina/avu_robot/install/avu_moveit' for CMake config files
[0.841s] Level 1:colcon.colcon_core.shell:create_environment_hook('avu_moveit', 'cmake_prefix_path')
[0.842s] INFO:colcon.colcon_core.shell:Creating environment hook '/home/bhavin-avina/avu_robot/install/avu_moveit/share/avu_moveit/hook/cmake_prefix_path.ps1'
[0.842s] INFO:colcon.colcon_core.shell:Creating environment descriptor '/home/bhavin-avina/avu_robot/install/avu_moveit/share/avu_moveit/hook/cmake_prefix_path.dsv'
[0.843s] DEBUG:colcon.colcon_core.event_handler.log_command:Invoked command in '/home/bhavin-avina/avu_robot/build/avu_moveit' returned '0': CMAKE_PREFIX_PATH=/home/bhavin-avina/avu_robot/install/avu_description:/home/bhavin-avina/avu_robot/install/pymoveit2:/home/bhavin-avina/avu_robot/install/moveit2:/home/bhavin-avina/avu_robot/install/avu_moveit:/home/bhavin-avina/avu_robot/install/avu_controller:/home/bhavin-avina/mobile_robot/install/human_simulator:/home/bhavin-avina/mobile_robot/install/amr_slam:/home/bhavin-avina/mobile_robot/install/amr_perception:/home/bhavin-avina/mobile_robot/install/amr_drl_navigation:/home/bhavin-avina/mobile_robot/install/amr_description:/home/bhavin-avina/mobile_robot/install/amr_controller:/home/bhavin-avina/automation_ws/install/conveyor_belt:/home/bhavin-avina/automation_ws/install/conveyorbelt_msgs:/home/bhavin-avina/automation_ws/install/conveyorbelt_gazebo:/opt/ros/jazzy/opt/gz_sim_vendor:/opt/ros/jazzy/opt/gz_sensors_vendor:/opt/ros/jazzy/opt/gz_physics_vendor:/opt/ros/jazzy/opt/sdformat_vendor:/opt/ros/jazzy/opt/gz_gui_vendor:/opt/ros/jazzy/opt/gz_transport_vendor:/opt/ros/jazzy/opt/gz_rendering_vendor:/opt/ros/jazzy/opt/gz_plugin_vendor:/opt/ros/jazzy/opt/gz_fuel_tools_vendor:/opt/ros/jazzy/opt/gz_msgs_vendor:/opt/ros/jazzy/opt/gz_common_vendor:/opt/ros/jazzy/opt/gz_math_vendor:/opt/ros/jazzy/opt/gz_utils_vendor:/opt/ros/jazzy/opt/gz_tools_vendor:/opt/ros/jazzy/opt/gz_ogre_next_vendor:/opt/ros/jazzy/opt/gz_dartsim_vendor:/opt/ros/jazzy/opt/gz_cmake_vendor:/opt/ros/jazzy DEBUGINFOD_URLS=https://debuginfod.ubuntu.com /usr/bin/cmake --install /home/bhavin-avina/avu_robot/build/avu_moveit
[0.845s] INFO:colcon.colcon_core.shell:Creating environment hook '/home/bhavin-avina/avu_robot/install/avu_moveit/share/avu_moveit/hook/cmake_prefix_path.sh'
[0.847s] Level 1:colcon.colcon_core.environment:checking '/home/bhavin-avina/avu_robot/install/avu_moveit/bin'
[0.847s] Level 1:colcon.colcon_core.environment:checking '/home/bhavin-avina/avu_robot/install/avu_moveit/lib/pkgconfig/avu_moveit.pc'
[0.847s] Level 1:colcon.colcon_core.environment:checking '/home/bhavin-avina/avu_robot/install/avu_moveit/lib/python3.12/site-packages'
[0.847s] Level 1:colcon.colcon_core.environment:checking '/home/bhavin-avina/avu_robot/install/avu_moveit/bin'
[0.851s] INFO:colcon.colcon_core.shell:Creating package script '/home/bhavin-avina/avu_robot/install/avu_moveit/share/avu_moveit/package.ps1'
[0.853s] INFO:colcon.colcon_core.shell:Creating package descriptor '/home/bhavin-avina/avu_robot/install/avu_moveit/share/avu_moveit/package.dsv'
[0.854s] INFO:colcon.colcon_core.shell:Creating package script '/home/bhavin-avina/avu_robot/install/avu_moveit/share/avu_moveit/package.sh'
[0.855s] INFO:colcon.colcon_core.shell:Creating package script '/home/bhavin-avina/avu_robot/install/avu_moveit/share/avu_moveit/package.bash'
[0.855s] INFO:colcon.colcon_core.shell:Creating package script '/home/bhavin-avina/avu_robot/install/avu_moveit/share/avu_moveit/package.zsh'
[0.856s] Level 1:colcon.colcon_core.environment:create_file_with_runtime_dependencies(/home/bhavin-avina/avu_robot/install/avu_moveit/share/colcon-core/packages/avu_moveit)
[0.857s] Level 1:colcon.colcon_core.environment:create_environment_scripts_only(avu_moveit)
[0.858s] Level 1:colcon.colcon_core.environment:checking '/home/bhavin-avina/avu_robot/install/avu_moveit' for CMake module files
[0.859s] Level 1:colcon.colcon_core.environment:checking '/home/bhavin-avina/avu_robot/install/avu_moveit' for CMake config files
[0.859s] Level 1:colcon.colcon_core.shell:create_environment_hook('avu_moveit', 'cmake_prefix_path')
[0.860s] INFO:colcon.colcon_core.shell:Creating environment hook '/home/bhavin-avina/avu_robot/install/avu_moveit/share/avu_moveit/hook/cmake_prefix_path.ps1'
[0.861s] INFO:colcon.colcon_core.shell:Creating environment descriptor '/home/bhavin-avina/avu_robot/install/avu_moveit/share/avu_moveit/hook/cmake_prefix_path.dsv'
[0.862s] INFO:colcon.colcon_core.shell:Creating environment hook '/home/bhavin-avina/avu_robot/install/avu_moveit/share/avu_moveit/hook/cmake_prefix_path.sh'
[0.863s] Level 1:colcon.colcon_core.environment:checking '/home/bhavin-avina/avu_robot/install/avu_moveit/bin'
[0.863s] Level 1:colcon.colcon_core.environment:checking '/home/bhavin-avina/avu_robot/install/avu_moveit/lib/pkgconfig/avu_moveit.pc'
[0.863s] Level 1:colcon.colcon_core.environment:checking '/home/bhavin-avina/avu_robot/install/avu_moveit/lib/python3.12/site-packages'
[0.864s] Level 1:colcon.colcon_core.environment:checking '/home/bhavin-avina/avu_robot/install/avu_moveit/bin'
[0.864s] INFO:colcon.colcon_core.shell:Creating package script '/home/bhavin-avina/avu_robot/install/avu_moveit/share/avu_moveit/package.ps1'
[0.865s] INFO:colcon.colcon_core.shell:Creating package descriptor '/home/bhavin-avina/avu_robot/install/avu_moveit/share/avu_moveit/package.dsv'
[0.866s] INFO:colcon.colcon_core.shell:Creating package script '/home/bhavin-avina/avu_robot/install/avu_moveit/share/avu_moveit/package.sh'
[0.867s] INFO:colcon.colcon_core.shell:Creating package script '/home/bhavin-avina/avu_robot/install/avu_moveit/share/avu_moveit/package.bash'
[0.868s] INFO:colcon.colcon_core.shell:Creating package script '/home/bhavin-avina/avu_robot/install/avu_moveit/share/avu_moveit/package.zsh'
[0.871s] Level 1:colcon.colcon_core.environment:create_file_with_runtime_dependencies(/home/bhavin-avina/avu_robot/install/avu_moveit/share/colcon-core/packages/avu_moveit)
[1.283s] DEBUG:colcon.colcon_core.event_handler.log_command:Invoked command in '/home/bhavin-avina/avu_robot/build/pymoveit2' returned '0': CMAKE_PREFIX_PATH=${CMAKE_PREFIX_PATH}:/opt/ros/jazzy DEBUGINFOD_URLS=https://debuginfod.ubuntu.com /usr/bin/cmake --build /home/bhavin-avina/avu_robot/build/pymoveit2 -- -j4 -l4
[1.289s] DEBUG:colcon.colcon_core.event_handler.log_command:Invoking command in '/home/bhavin-avina/avu_robot/build/pymoveit2': CMAKE_PREFIX_PATH=${CMAKE_PREFIX_PATH}:/opt/ros/jazzy DEBUGINFOD_URLS=https://debuginfod.ubuntu.com /usr/bin/cmake --install /home/bhavin-avina/avu_robot/build/pymoveit2
[1.369s] Level 1:colcon.colcon_core.environment:create_environment_scripts_only(pymoveit2)
[1.371s] Level 1:colcon.colcon_core.environment:checking '/home/bhavin-avina/avu_robot/install/pymoveit2' for CMake module files
[1.374s] DEBUG:colcon.colcon_core.event_handler.log_command:Invoked command in '/home/bhavin-avina/avu_robot/build/pymoveit2' returned '0': CMAKE_PREFIX_PATH=${CMAKE_PREFIX_PATH}:/opt/ros/jazzy DEBUGINFOD_URLS=https://debuginfod.ubuntu.com /usr/bin/cmake --install /home/bhavin-avina/avu_robot/build/pymoveit2
[1.374s] Level 1:colcon.colcon_core.environment:checking '/home/bhavin-avina/avu_robot/install/pymoveit2' for CMake config files
[1.375s] Level 1:colcon.colcon_core.shell:create_environment_hook('pymoveit2', 'cmake_prefix_path')
[1.375s] INFO:colcon.colcon_core.shell:Creating environment hook '/home/bhavin-avina/avu_robot/install/pymoveit2/share/pymoveit2/hook/cmake_prefix_path.ps1'
[1.376s] INFO:colcon.colcon_core.shell:Creating environment descriptor '/home/bhavin-avina/avu_robot/install/pymoveit2/share/pymoveit2/hook/cmake_prefix_path.dsv'
[1.376s] INFO:colcon.colcon_core.shell:Creating environment hook '/home/bhavin-avina/avu_robot/install/pymoveit2/share/pymoveit2/hook/cmake_prefix_path.sh'
[1.377s] Level 1:colcon.colcon_core.environment:checking '/home/bhavin-avina/avu_robot/install/pymoveit2/lib'
[1.377s] Level 1:colcon.colcon_core.environment:checking '/home/bhavin-avina/avu_robot/install/pymoveit2/bin'
[1.377s] Level 1:colcon.colcon_core.environment:checking '/home/bhavin-avina/avu_robot/install/pymoveit2/lib/pkgconfig/pymoveit2.pc'
[1.378s] Level 1:colcon.colcon_core.environment:checking '/home/bhavin-avina/avu_robot/install/pymoveit2/lib/python3.12/site-packages'
[1.378s] Level 1:colcon.colcon_core.shell:create_environment_hook('pymoveit2', 'pythonpath')
[1.378s] INFO:colcon.colcon_core.shell:Creating environment hook '/home/bhavin-avina/avu_robot/install/pymoveit2/share/pymoveit2/hook/pythonpath.ps1'
[1.379s] INFO:colcon.colcon_core.shell:Creating environment descriptor '/home/bhavin-avina/avu_robot/install/pymoveit2/share/pymoveit2/hook/pythonpath.dsv'
[1.379s] INFO:colcon.colcon_core.shell:Creating environment hook '/home/bhavin-avina/avu_robot/install/pymoveit2/share/pymoveit2/hook/pythonpath.sh'
[1.380s] Level 1:colcon.colcon_core.environment:checking '/home/bhavin-avina/avu_robot/install/pymoveit2/bin'
[1.381s] INFO:colcon.colcon_core.shell:Creating package script '/home/bhavin-avina/avu_robot/install/pymoveit2/share/pymoveit2/package.ps1'
[1.381s] INFO:colcon.colcon_core.shell:Creating package descriptor '/home/bhavin-avina/avu_robot/install/pymoveit2/share/pymoveit2/package.dsv'
[1.382s] INFO:colcon.colcon_core.shell:Creating package script '/home/bhavin-avina/avu_robot/install/pymoveit2/share/pymoveit2/package.sh'
[1.383s] INFO:colcon.colcon_core.shell:Creating package script '/home/bhavin-avina/avu_robot/install/pymoveit2/share/pymoveit2/package.bash'
[1.383s] INFO:colcon.colcon_core.shell:Creating package script '/home/bhavin-avina/avu_robot/install/pymoveit2/share/pymoveit2/package.zsh'
[1.383s] Level 1:colcon.colcon_core.environment:create_file_with_runtime_dependencies(/home/bhavin-avina/avu_robot/install/pymoveit2/share/colcon-core/packages/pymoveit2)
[1.384s] Level 1:colcon.colcon_core.environment:create_environment_scripts_only(pymoveit2)
[1.384s] Level 1:colcon.colcon_core.environment:checking '/home/bhavin-avina/avu_robot/install/pymoveit2' for CMake module files
[1.385s] Level 1:colcon.colcon_core.environment:checking '/home/bhavin-avina/avu_robot/install/pymoveit2' for CMake config files
[1.386s] Level 1:colcon.colcon_core.shell:create_environment_hook('pymoveit2', 'cmake_prefix_path')
[1.386s] INFO:colcon.colcon_core.shell:Creating environment hook '/home/bhavin-avina/avu_robot/install/pymoveit2/share/pymoveit2/hook/cmake_prefix_path.ps1'
[1.387s] INFO:colcon.colcon_core.shell:Creating environment descriptor '/home/bhavin-avina/avu_robot/install/pymoveit2/share/pymoveit2/hook/cmake_prefix_path.dsv'
[1.388s] INFO:colcon.colcon_core.shell:Creating environment hook '/home/bhavin-avina/avu_robot/install/pymoveit2/share/pymoveit2/hook/cmake_prefix_path.sh'
[1.389s] Level 1:colcon.colcon_core.environment:checking '/home/bhavin-avina/avu_robot/install/pymoveit2/lib'
[1.389s] Level 1:colcon.colcon_core.environment:checking '/home/bhavin-avina/avu_robot/install/pymoveit2/bin'
[1.389s] Level 1:colcon.colcon_core.environment:checking '/home/bhavin-avina/avu_robot/install/pymoveit2/lib/pkgconfig/pymoveit2.pc'
[1.389s] Level 1:colcon.colcon_core.environment:checking '/home/bhavin-avina/avu_robot/install/pymoveit2/lib/python3.12/site-packages'
[1.389s] Level 1:colcon.colcon_core.shell:create_environment_hook('pymoveit2', 'pythonpath')
[1.390s] INFO:colcon.colcon_core.shell:Creating environment hook '/home/bhavin-avina/avu_robot/install/pymoveit2/share/pymoveit2/hook/pythonpath.ps1'
[1.390s] INFO:colcon.colcon_core.shell:Creating environment descriptor '/home/bhavin-avina/avu_robot/install/pymoveit2/share/pymoveit2/hook/pythonpath.dsv'
[1.391s] INFO:colcon.colcon_core.shell:Creating environment hook '/home/bhavin-avina/avu_robot/install/pymoveit2/share/pymoveit2/hook/pythonpath.sh'
[1.393s] Level 1:colcon.colcon_core.environment:checking '/home/bhavin-avina/avu_robot/install/pymoveit2/bin'
[1.393s] INFO:colcon.colcon_core.shell:Creating package script '/home/bhavin-avina/avu_robot/install/pymoveit2/share/pymoveit2/package.ps1'
[1.394s] INFO:colcon.colcon_core.shell:Creating package descriptor '/home/bhavin-avina/avu_robot/install/pymoveit2/share/pymoveit2/package.dsv'
[1.394s] INFO:colcon.colcon_core.shell:Creating package script '/home/bhavin-avina/avu_robot/install/pymoveit2/share/pymoveit2/package.sh'
[1.395s] INFO:colcon.colcon_core.shell:Creating package script '/home/bhavin-avina/avu_robot/install/pymoveit2/share/pymoveit2/package.bash'
[1.396s] INFO:colcon.colcon_core.shell:Creating package script '/home/bhavin-avina/avu_robot/install/pymoveit2/share/pymoveit2/package.zsh'
[1.396s] Level 1:colcon.colcon_core.environment:create_file_with_runtime_dependencies(/home/bhavin-avina/avu_robot/install/pymoveit2/share/colcon-core/packages/pymoveit2)
[1.397s] DEBUG:colcon.colcon_parallel_executor.executor.parallel:closing loop
[1.397s] DEBUG:colcon.colcon_parallel_executor.executor.parallel:loop closed
[1.397s] DEBUG:colcon.colcon_parallel_executor.executor.parallel:run_until_complete finished with '0'
[1.397s] DEBUG:colcon.colcon_core.event_reactor:joining thread
[1.408s] INFO:colcon.colcon_core.plugin_system:Skipping extension 'colcon_notification.desktop_notification.terminal_notifier': Not used on non-Darwin systems
[1.408s] INFO:colcon.colcon_core.plugin_system:Skipping extension 'colcon_notification.desktop_notification.win32': Not used on non-Windows systems
[1.408s] INFO:colcon.colcon_notification.desktop_notification:Sending desktop notification using 'notify2'
[1.468s] DEBUG:colcon.colcon_core.event_reactor:joined thread
[1.468s] INFO:colcon.colcon_core.shell:Creating prefix script '/home/bhavin-avina/avu_robot/install/local_setup.ps1'
[1.470s] INFO:colcon.colcon_core.shell:Creating prefix util module '/home/bhavin-avina/avu_robot/install/_local_setup_util_ps1.py'
[1.472s] INFO:colcon.colcon_core.shell:Creating prefix chain script '/home/bhavin-avina/avu_robot/install/setup.ps1'
[1.474s] INFO:colcon.colcon_core.shell:Creating prefix script '/home/bhavin-avina/avu_robot/install/local_setup.sh'
[1.475s] INFO:colcon.colcon_core.shell:Creating prefix util module '/home/bhavin-avina/avu_robot/install/_local_setup_util_sh.py'
[1.476s] INFO:colcon.colcon_core.shell:Creating prefix chain script '/home/bhavin-avina/avu_robot/install/setup.sh'
[1.479s] INFO:colcon.colcon_core.shell:Creating prefix script '/home/bhavin-avina/avu_robot/install/local_setup.bash'
[1.480s] INFO:colcon.colcon_core.shell:Creating prefix chain script '/home/bhavin-avina/avu_robot/install/setup.bash'
[1.482s] INFO:colcon.colcon_core.shell:Creating prefix script '/home/bhavin-avina/avu_robot/install/local_setup.zsh'
[1.483s] INFO:colcon.colcon_core.shell:Creating prefix chain script '/home/bhavin-avina/avu_robot/install/setup.zsh'
