[0.034s] Invoking command in '/home/bhavin-avina/avu_robot/build/avu_moveit': CMAKE_PREFIX_PATH=/home/bhavin-avina/avu_robot/install/avu_description:/home/bhavin-avina/avu_robot/install/pymoveit2:/home/bhavin-avina/avu_robot/install/moveit2:/home/bhavin-avina/avu_robot/install/avu_moveit:/home/bhavin-avina/avu_robot/install/avu_controller:/opt/ros/jazzy/opt/gz_sim_vendor:/opt/ros/jazzy/opt/gz_sensors_vendor:/opt/ros/jazzy/opt/gz_physics_vendor:/opt/ros/jazzy/opt/sdformat_vendor:/opt/ros/jazzy/opt/gz_gui_vendor:/opt/ros/jazzy/opt/gz_transport_vendor:/opt/ros/jazzy/opt/gz_rendering_vendor:/opt/ros/jazzy/opt/gz_plugin_vendor:/opt/ros/jazzy/opt/gz_fuel_tools_vendor:/opt/ros/jazzy/opt/gz_msgs_vendor:/opt/ros/jazzy/opt/gz_common_vendor:/opt/ros/jazzy/opt/gz_math_vendor:/opt/ros/jazzy/opt/gz_utils_vendor:/opt/ros/jazzy/opt/gz_tools_vendor:/opt/ros/jazzy/opt/gz_ogre_next_vendor:/opt/ros/jazzy/opt/gz_dartsim_vendor:/opt/ros/jazzy/opt/gz_cmake_vendor:/opt/ros/jazzy DEBUGINFOD_URLS=https://debuginfod.ubuntu.com /usr/bin/cmake --build /home/bhavin-avina/avu_robot/build/avu_moveit -- -j4 -l4
[0.158s] Invoked command in '/home/bhavin-avina/avu_robot/build/avu_moveit' returned '0': CMAKE_PREFIX_PATH=/home/bhavin-avina/avu_robot/install/avu_description:/home/bhavin-avina/avu_robot/install/pymoveit2:/home/bhavin-avina/avu_robot/install/moveit2:/home/bhavin-avina/avu_robot/install/avu_moveit:/home/bhavin-avina/avu_robot/install/avu_controller:/opt/ros/jazzy/opt/gz_sim_vendor:/opt/ros/jazzy/opt/gz_sensors_vendor:/opt/ros/jazzy/opt/gz_physics_vendor:/opt/ros/jazzy/opt/sdformat_vendor:/opt/ros/jazzy/opt/gz_gui_vendor:/opt/ros/jazzy/opt/gz_transport_vendor:/opt/ros/jazzy/opt/gz_rendering_vendor:/opt/ros/jazzy/opt/gz_plugin_vendor:/opt/ros/jazzy/opt/gz_fuel_tools_vendor:/opt/ros/jazzy/opt/gz_msgs_vendor:/opt/ros/jazzy/opt/gz_common_vendor:/opt/ros/jazzy/opt/gz_math_vendor:/opt/ros/jazzy/opt/gz_utils_vendor:/opt/ros/jazzy/opt/gz_tools_vendor:/opt/ros/jazzy/opt/gz_ogre_next_vendor:/opt/ros/jazzy/opt/gz_dartsim_vendor:/opt/ros/jazzy/opt/gz_cmake_vendor:/opt/ros/jazzy DEBUGINFOD_URLS=https://debuginfod.ubuntu.com /usr/bin/cmake --build /home/bhavin-avina/avu_robot/build/avu_moveit -- -j4 -l4
[0.158s] Invoking command in '/home/bhavin-avina/avu_robot/build/avu_moveit': CMAKE_PREFIX_PATH=/home/bhavin-avina/avu_robot/install/avu_description:/home/bhavin-avina/avu_robot/install/pymoveit2:/home/bhavin-avina/avu_robot/install/moveit2:/home/bhavin-avina/avu_robot/install/avu_moveit:/home/bhavin-avina/avu_robot/install/avu_controller:/opt/ros/jazzy/opt/gz_sim_vendor:/opt/ros/jazzy/opt/gz_sensors_vendor:/opt/ros/jazzy/opt/gz_physics_vendor:/opt/ros/jazzy/opt/sdformat_vendor:/opt/ros/jazzy/opt/gz_gui_vendor:/opt/ros/jazzy/opt/gz_transport_vendor:/opt/ros/jazzy/opt/gz_rendering_vendor:/opt/ros/jazzy/opt/gz_plugin_vendor:/opt/ros/jazzy/opt/gz_fuel_tools_vendor:/opt/ros/jazzy/opt/gz_msgs_vendor:/opt/ros/jazzy/opt/gz_common_vendor:/opt/ros/jazzy/opt/gz_math_vendor:/opt/ros/jazzy/opt/gz_utils_vendor:/opt/ros/jazzy/opt/gz_tools_vendor:/opt/ros/jazzy/opt/gz_ogre_next_vendor:/opt/ros/jazzy/opt/gz_dartsim_vendor:/opt/ros/jazzy/opt/gz_cmake_vendor:/opt/ros/jazzy DEBUGINFOD_URLS=https://debuginfod.ubuntu.com /usr/bin/cmake --install /home/bhavin-avina/avu_robot/build/avu_moveit
[0.176s] -- Install configuration: ""
[0.177s] -- Up-to-date: /home/bhavin-avina/avu_robot/install/avu_moveit/share/avu_moveit/launch
[0.178s] -- Up-to-date: /home/bhavin-avina/avu_robot/install/avu_moveit/share/avu_moveit/config
[0.179s] -- Up-to-date: /home/bhavin-avina/avu_robot/install/avu_moveit/share/avu_moveit/config/pilz_cartesian_limits.yaml
[0.179s] -- Up-to-date: /home/bhavin-avina/avu_robot/install/avu_moveit/share/avu_moveit/config/moveit_controllers.yaml
[0.182s] -- Up-to-date: /home/bhavin-avina/avu_robot/install/avu_moveit/share/avu_moveit/config/joint_limits.yaml
[0.182s] -- Up-to-date: /home/bhavin-avina/avu_robot/install/avu_moveit/share/avu_moveit/config/avu.srdf
[0.182s] -- Up-to-date: /home/bhavin-avina/avu_robot/install/avu_moveit/share/avu_moveit/config/kinematics.yaml
[0.183s] -- Up-to-date: /home/bhavin-avina/avu_robot/install/avu_moveit/share/avu_moveit/config/initial_positions.yaml
[0.185s] -- Up-to-date: /home/bhavin-avina/avu_robot/install/avu_moveit/share/ament_index/resource_index/package_run_dependencies/avu_moveit
[0.185s] -- Up-to-date: /home/bhavin-avina/avu_robot/install/avu_moveit/share/ament_index/resource_index/parent_prefix_path/avu_moveit
[0.185s] -- Up-to-date: /home/bhavin-avina/avu_robot/install/avu_moveit/share/avu_moveit/environment/ament_prefix_path.sh
[0.186s] -- Up-to-date: /home/bhavin-avina/avu_robot/install/avu_moveit/share/avu_moveit/environment/ament_prefix_path.dsv
[0.186s] -- Up-to-date: /home/bhavin-avina/avu_robot/install/avu_moveit/share/avu_moveit/environment/path.sh
[0.186s] -- Up-to-date: /home/bhavin-avina/avu_robot/install/avu_moveit/share/avu_moveit/environment/path.dsv
[0.188s] -- Up-to-date: /home/bhavin-avina/avu_robot/install/avu_moveit/share/avu_moveit/local_setup.bash
[0.189s] -- Up-to-date: /home/bhavin-avina/avu_robot/install/avu_moveit/share/avu_moveit/local_setup.sh
[0.189s] -- Up-to-date: /home/bhavin-avina/avu_robot/install/avu_moveit/share/avu_moveit/local_setup.zsh
[0.190s] -- Up-to-date: /home/bhavin-avina/avu_robot/install/avu_moveit/share/avu_moveit/local_setup.dsv
[0.190s] -- Installing: /home/bhavin-avina/avu_robot/install/avu_moveit/share/avu_moveit/package.dsv
[0.190s] -- Up-to-date: /home/bhavin-avina/avu_robot/install/avu_moveit/share/ament_index/resource_index/packages/avu_moveit
[0.191s] -- Up-to-date: /home/bhavin-avina/avu_robot/install/avu_moveit/share/avu_moveit/cmake/avu_moveitConfig.cmake
[0.191s] -- Up-to-date: /home/bhavin-avina/avu_robot/install/avu_moveit/share/avu_moveit/cmake/avu_moveitConfig-version.cmake
[0.193s] -- Up-to-date: /home/bhavin-avina/avu_robot/install/avu_moveit/share/avu_moveit/package.xml
[0.199s] Invoked command in '/home/bhavin-avina/avu_robot/build/avu_moveit' returned '0': CMAKE_PREFIX_PATH=/home/bhavin-avina/avu_robot/install/avu_description:/home/bhavin-avina/avu_robot/install/pymoveit2:/home/bhavin-avina/avu_robot/install/moveit2:/home/bhavin-avina/avu_robot/install/avu_moveit:/home/bhavin-avina/avu_robot/install/avu_controller:/opt/ros/jazzy/opt/gz_sim_vendor:/opt/ros/jazzy/opt/gz_sensors_vendor:/opt/ros/jazzy/opt/gz_physics_vendor:/opt/ros/jazzy/opt/sdformat_vendor:/opt/ros/jazzy/opt/gz_gui_vendor:/opt/ros/jazzy/opt/gz_transport_vendor:/opt/ros/jazzy/opt/gz_rendering_vendor:/opt/ros/jazzy/opt/gz_plugin_vendor:/opt/ros/jazzy/opt/gz_fuel_tools_vendor:/opt/ros/jazzy/opt/gz_msgs_vendor:/opt/ros/jazzy/opt/gz_common_vendor:/opt/ros/jazzy/opt/gz_math_vendor:/opt/ros/jazzy/opt/gz_utils_vendor:/opt/ros/jazzy/opt/gz_tools_vendor:/opt/ros/jazzy/opt/gz_ogre_next_vendor:/opt/ros/jazzy/opt/gz_dartsim_vendor:/opt/ros/jazzy/opt/gz_cmake_vendor:/opt/ros/jazzy DEBUGINFOD_URLS=https://debuginfod.ubuntu.com /usr/bin/cmake --install /home/bhavin-avina/avu_robot/build/avu_moveit
